#
# There is insufficient memory for the Java Runtime Environment to continue.
# Native memory allocation (mmap) failed to map 13631488 bytes for G1 virtual space
# Possible reasons:
#   The system is out of physical RAM or swap space
#   The process is running with CompressedOops enabled, and the Java Heap may be blocking the growth of the native heap
# Possible solutions:
#   Reduce memory load on the system
#   Increase physical memory or swap space
#   Check if swap backing store is full
#   Decrease Java heap size (-Xmx/-Xms)
#   Decrease number of Java threads
#   Decrease Java thread stack sizes (-Xss)
#   Set larger code cache with -XX:ReservedCodeCacheSize=
#   JVM is running with Unscaled Compressed Oops mode in which the Java heap is
#     placed in the first 4GB address space. The Java Heap base address is the
#     maximum limit for the native heap growth. Please use -XX:HeapBaseMinAddress
#     to set the Java Heap base and to place the Java Heap above 4GB virtual address.
# This output file may be truncated or incomplete.
#
#  Out of Memory Error (os_windows.cpp:3769), pid=40508, tid=38808
#
# JRE version: OpenJDK Runtime Environment (17.0.6) (build 17.0.6+0-b2043.56-9586694)
# Java VM: OpenJDK 64-Bit Server VM (17.0.6+0-b2043.56-9586694, mixed mode, tiered, compressed oops, compressed class ptrs, g1 gc, windows-amd64)
# No core dump will be written. Minidumps are not enabled by default on client versions of Windows
#

---------------  S U M M A R Y ------------

Command Line: --add-opens=java.base/java.util=ALL-UNNAMED --add-opens=java.base/java.lang=ALL-UNNAMED --add-opens=java.base/java.lang.invoke=ALL-UNNAMED --add-opens=java.prefs/java.util.prefs=ALL-UNNAMED --add-opens=java.base/java.nio.charset=ALL-UNNAMED --add-opens=java.base/java.net=ALL-UNNAMED --add-opens=java.base/java.util.concurrent.atomic=ALL-UNNAMED -Xmx2048m -Dfile.encoding=UTF-8 -Duser.country=US -Duser.language=en -Duser.variant org.gradle.launcher.daemon.bootstrap.GradleDaemon 8.0

Host: Intel(R) Core(TM) i5-8250U CPU @ 1.60GHz, 8 cores, 7G,  Windows 11 , 64 bit Build 22621 (10.0.22621.2428)
Time: Mon Oct 30 14:43:42 2023 Venezuela Standard Time elapsed time: 15.396722 seconds (0d 0h 0m 15s)

---------------  T H R E A D  ---------------

Current thread (0x000001d11ddca570):  VMThread "VM Thread" [stack: 0x000000861d900000,0x000000861da00000] [id=38808]

Stack: [0x000000861d900000,0x000000861da00000]
Native frames: (J=compiled Java code, j=interpreted, Vv=VM code, C=native code)
V  [jvm.dll+0x683b4a]
V  [jvm.dll+0x842654]
V  [jvm.dll+0x843dfe]
V  [jvm.dll+0x844463]
V  [jvm.dll+0x249b75]
V  [jvm.dll+0x680a19]
V  [jvm.dll+0x674f0a]
V  [jvm.dll+0x309acb]
V  [jvm.dll+0x310f86]
V  [jvm.dll+0x3608ee]
V  [jvm.dll+0x360b1f]
V  [jvm.dll+0x2dfbf8]
V  [jvm.dll+0x2e2ce6]
V  [jvm.dll+0x2ed478]
V  [jvm.dll+0x322150]
V  [jvm.dll+0x84893b]
V  [jvm.dll+0x849674]
V  [jvm.dll+0x849b8d]
V  [jvm.dll+0x849f64]
V  [jvm.dll+0x84a030]
V  [jvm.dll+0x7f25fa]
V  [jvm.dll+0x682985]
C  [ucrtbase.dll+0x29363]
C  [KERNEL32.DLL+0x1257d]
C  [ntdll.dll+0x5aa78]

VM_Operation (0x000000861d5ff5d0): G1Concurrent, mode: safepoint, requested by thread 0x000001d103fe5dd0


---------------  P R O C E S S  ---------------

Threads class SMR info:
_java_thread_list=0x000001d1239acb20, length=43, elements={
0x000001d103f79d10, 0x000001d11dded260, 0x000001d11ddee870, 0x000001d11e828690,
0x000001d11e829500, 0x000001d11e82c8d0, 0x000001d11e82d280, 0x000001d11e832bf0,
0x000001d11e833690, 0x000001d11e834820, 0x000001d11e9bd0b0, 0x000001d11e9bd580,
0x000001d11f6953f0, 0x000001d120cfd670, 0x000001d11fed4050, 0x000001d120212030,
0x000001d1202973a0, 0x000001d120296530, 0x000001d1202986e0, 0x000001d120299550,
0x000001d120296060, 0x000001d120296a00, 0x000001d120298210, 0x000001d120297870,
0x000001d120297d40, 0x000001d120299a20, 0x000001d120299080, 0x000001d120298bb0,
0x000001d120296ed0, 0x000001d12139a7b0, 0x000001d12139f980, 0x000001d12139ce30,
0x000001d12139c960, 0x000001d121399e10, 0x000001d12139dca0, 0x000001d1213a0320,
0x000001d12139b620, 0x000001d12139b150, 0x000001d12139a2e0, 0x000001d12139fe50,
0x000001d12139ac80, 0x000001d1230a2430, 0x000001d12139efe0
}

Java Threads: ( => current thread )
  0x000001d103f79d10 JavaThread "main" [_thread_blocked, id=39840, stack(0x000000861d300000,0x000000861d400000)]
  0x000001d11dded260 JavaThread "Reference Handler" daemon [_thread_blocked, id=8328, stack(0x000000861da00000,0x000000861db00000)]
  0x000001d11ddee870 JavaThread "Finalizer" daemon [_thread_blocked, id=17836, stack(0x000000861db00000,0x000000861dc00000)]
  0x000001d11e828690 JavaThread "Signal Dispatcher" daemon [_thread_blocked, id=13100, stack(0x000000861dc00000,0x000000861dd00000)]
  0x000001d11e829500 JavaThread "Attach Listener" daemon [_thread_blocked, id=21164, stack(0x000000861dd00000,0x000000861de00000)]
  0x000001d11e82c8d0 JavaThread "Service Thread" daemon [_thread_blocked, id=53124, stack(0x000000861de00000,0x000000861df00000)]
  0x000001d11e82d280 JavaThread "Monitor Deflation Thread" daemon [_thread_blocked, id=20572, stack(0x000000861df00000,0x000000861e000000)]
  0x000001d11e832bf0 JavaThread "C2 CompilerThread0" daemon [_thread_blocked, id=15584, stack(0x000000861e000000,0x000000861e100000)]
  0x000001d11e833690 JavaThread "C1 CompilerThread0" daemon [_thread_blocked, id=34704, stack(0x000000861e100000,0x000000861e200000)]
  0x000001d11e834820 JavaThread "Sweeper thread" daemon [_thread_blocked, id=39276, stack(0x000000861e200000,0x000000861e300000)]
  0x000001d11e9bd0b0 JavaThread "Common-Cleaner" daemon [_thread_blocked, id=9520, stack(0x000000861e300000,0x000000861e400000)]
  0x000001d11e9bd580 JavaThread "Notification Thread" daemon [_thread_blocked, id=51900, stack(0x000000861e400000,0x000000861e500000)]
  0x000001d11f6953f0 JavaThread "Daemon health stats" [_thread_blocked, id=11284, stack(0x000000861ea00000,0x000000861eb00000)]
  0x000001d120cfd670 JavaThread "Incoming local TCP Connector on port 64887" [_thread_in_native, id=46496, stack(0x000000861eb00000,0x000000861ec00000)]
  0x000001d11fed4050 JavaThread "Daemon periodic checks" [_thread_blocked, id=31904, stack(0x000000861ec00000,0x000000861ed00000)]
  0x000001d120212030 JavaThread "Daemon" [_thread_blocked, id=37148, stack(0x000000861ed00000,0x000000861ee00000)]
  0x000001d1202973a0 JavaThread "Handler for socket connection from /127.0.0.1:64887 to /127.0.0.1:64890" [_thread_in_native, id=40072, stack(0x000000861ee00000,0x000000861ef00000)]
  0x000001d120296530 JavaThread "Cancel handler" [_thread_blocked, id=20564, stack(0x000000861ef00000,0x000000861f000000)]
  0x000001d1202986e0 JavaThread "Daemon worker" [_thread_blocked, id=14684, stack(0x000000861f000000,0x000000861f100000)]
  0x000001d120299550 JavaThread "Asynchronous log dispatcher for DefaultDaemonConnection: socket connection from /127.0.0.1:64887 to /127.0.0.1:64890" [_thread_blocked, id=35532, stack(0x000000861f100000,0x000000861f200000)]
  0x000001d120296060 JavaThread "Stdin handler" [_thread_blocked, id=7500, stack(0x000000861f200000,0x000000861f300000)]
  0x000001d120296a00 JavaThread "Daemon client event forwarder" [_thread_blocked, id=17140, stack(0x000000861f300000,0x000000861f400000)]
  0x000001d120298210 JavaThread "Cache worker for journal cache (C:\Users\admin\.gradle\caches\journal-1)" [_thread_blocked, id=27284, stack(0x000000861f800000,0x000000861f900000)]
  0x000001d120297870 JavaThread "File lock request listener" [_thread_in_native, id=28960, stack(0x000000861f900000,0x000000861fa00000)]
  0x000001d120297d40 JavaThread "Cache worker for file hash cache (C:\Users\admin\.gradle\caches\8.0\fileHashes)" [_thread_blocked, id=26252, stack(0x000000861fa00000,0x000000861fb00000)]
  0x000001d120299a20 JavaThread "File watcher server" daemon [_thread_in_native, id=47084, stack(0x000000861fb00000,0x000000861fc00000)]
  0x000001d120299080 JavaThread "File watcher consumer" daemon [_thread_blocked, id=25456, stack(0x000000861fc00000,0x000000861fd00000)]
  0x000001d120298bb0 JavaThread "jar transforms" [_thread_blocked, id=37728, stack(0x000000861fd00000,0x000000861fe00000)]
  0x000001d120296ed0 JavaThread "jar transforms Thread 2" [_thread_blocked, id=30656, stack(0x000000861fe00000,0x000000861ff00000)]
  0x000001d12139a7b0 JavaThread "jar transforms Thread 3" [_thread_blocked, id=45432, stack(0x000000861ff00000,0x0000008620000000)]
  0x000001d12139f980 JavaThread "jar transforms Thread 4" [_thread_blocked, id=13008, stack(0x0000008620000000,0x0000008620100000)]
  0x000001d12139ce30 JavaThread "jar transforms Thread 5" [_thread_blocked, id=24488, stack(0x0000008620100000,0x0000008620200000)]
  0x000001d12139c960 JavaThread "jar transforms Thread 6" [_thread_blocked, id=45876, stack(0x0000008620200000,0x0000008620300000)]
  0x000001d121399e10 JavaThread "jar transforms Thread 7" [_thread_blocked, id=7312, stack(0x0000008620300000,0x0000008620400000)]
  0x000001d12139dca0 JavaThread "jar transforms Thread 8" [_thread_blocked, id=16100, stack(0x0000008620400000,0x0000008620500000)]
  0x000001d1213a0320 JavaThread "Cache worker for checksums cache (C:\Users\admin\AndroidStudioProjects\AppREMAN\.gradle\8.0\checksums)" [_thread_blocked, id=42492, stack(0x0000008620500000,0x0000008620600000)]
  0x000001d12139b620 JavaThread "Cache worker for cache directory md-rule (C:\Users\admin\.gradle\caches\8.0\md-rule)" [_thread_blocked, id=20896, stack(0x0000008620600000,0x0000008620700000)]
  0x000001d12139b150 JavaThread "Cache worker for file content cache (C:\Users\admin\.gradle\caches\8.0\fileContent)" [_thread_blocked, id=8356, stack(0x0000008620700000,0x0000008620800000)]
  0x000001d12139a2e0 JavaThread "Cache worker for file hash cache (C:\Users\admin\AndroidStudioProjects\AppREMAN\.gradle\8.0\fileHashes)" [_thread_blocked, id=10560, stack(0x0000008620800000,0x0000008620900000)]
  0x000001d12139fe50 JavaThread "Cache worker for cache directory md-supplier (C:\Users\admin\.gradle\caches\8.0\md-supplier)" [_thread_blocked, id=50956, stack(0x0000008620900000,0x0000008620a00000)]
  0x000001d12139ac80 JavaThread "Cache worker for execution history cache (C:\Users\admin\.gradle\caches\8.0\executionHistory)" [_thread_blocked, id=14476, stack(0x0000008620a00000,0x0000008620b00000)]
  0x000001d1230a2430 JavaThread "C2 CompilerThread1" daemon [_thread_blocked, id=19428, stack(0x0000008620b00000,0x0000008620c00000)]
  0x000001d12139efe0 JavaThread "Cache worker for dependencies-accessors (C:\Users\admin\AndroidStudioProjects\AppREMAN\.gradle\8.0\dependencies-accessors)" [_thread_blocked, id=39112, stack(0x0000008620c00000,0x0000008620d00000)]

Other Threads:
=>0x000001d11ddca570 VMThread "VM Thread" [stack: 0x000000861d900000,0x000000861da00000] [id=38808]
  0x000001d11e9bda50 WatcherThread [stack: 0x000000861e500000,0x000000861e600000] [id=31552]
  0x000001d103fd4e90 GCTaskThread "GC Thread#0" [stack: 0x000000861d400000,0x000000861d500000] [id=26824]
  0x000001d11f57d780 GCTaskThread "GC Thread#1" [stack: 0x000000861e600000,0x000000861e700000] [id=38100]
  0x000001d11f57da30 GCTaskThread "GC Thread#2" [stack: 0x000000861e700000,0x000000861e800000] [id=22060]
  0x000001d11f271e00 GCTaskThread "GC Thread#3" [stack: 0x000000861e800000,0x000000861e900000] [id=22652]
  0x000001d11f7b37b0 GCTaskThread "GC Thread#4" [stack: 0x000000861e900000,0x000000861ea00000] [id=12404]
  0x000001d11f7b24e0 GCTaskThread "GC Thread#5" [stack: 0x000000861f400000,0x000000861f500000] [id=33128]
  0x000001d11f7b2cf0 GCTaskThread "GC Thread#6" [stack: 0x000000861f500000,0x000000861f600000] [id=46936]
  0x000001d11f7b2790 GCTaskThread "GC Thread#7" [stack: 0x000000861f600000,0x000000861f700000] [id=24596]
  0x000001d103fe5dd0 ConcurrentGCThread "G1 Main Marker" [stack: 0x000000861d500000,0x000000861d600000] [id=30632]
  0x000001d103fe6f80 ConcurrentGCThread "G1 Conc#0" [stack: 0x000000861d600000,0x000000861d700000] [id=39056]
  0x000001d11f7b3a60 ConcurrentGCThread "G1 Conc#1" [stack: 0x000000861f700000,0x000000861f800000] [id=2608]
  0x000001d11dc224c0 ConcurrentGCThread "G1 Refine#0" [stack: 0x000000861d700000,0x000000861d800000] [id=42156]
  0x000001d11dc22ee0 ConcurrentGCThread "G1 Service" [stack: 0x000000861d800000,0x000000861d900000] [id=41788]

Threads with active compile tasks:
C2 CompilerThread0    15477 4656   !   4       java.net.URLClassLoader::findClass (47 bytes)
C2 CompilerThread1    15477 4694       4       java.lang.invoke.MethodType::makeImpl (109 bytes)

VM state: at safepoint (normal execution)

VM Mutex/Monitor currently owned by a thread:  ([mutex/lock_event])
[0x000001d103f76140] Threads_lock - owner thread: 0x000001d11ddca570
[0x000001d103f74be0] Heap_lock - owner thread: 0x000001d103fe5dd0

Heap address: 0x0000000080000000, size: 2048 MB, Compressed Oops mode: 32-bit

CDS archive(s) not mapped
Compressed class space mapped at: 0x0000000100000000-0x0000000140000000, reserved size: 1073741824
Narrow klass base: 0x0000000000000000, Narrow klass shift: 3, Narrow klass range: 0x140000000

GC Precious Log:
 CPUs: 8 total, 8 available
 Memory: 8050M
 Large Page Support: Disabled
 NUMA Support: Disabled
 Compressed Oops: Enabled (32-bit)
 Heap Region Size: 1M
 Heap Min Capacity: 8M
 Heap Initial Capacity: 126M
 Heap Max Capacity: 2G
 Pre-touch: Disabled
 Parallel Workers: 8
 Concurrent Workers: 2
 Concurrent Refinement Workers: 8
 Periodic GC: Disabled

Heap:
 garbage-first heap   total 116736K, used 88333K [0x0000000080000000, 0x0000000100000000)
  region size 1024K, 3 young (3072K), 2 survivors (2048K)
 Metaspace       used 50773K, committed 51264K, reserved 1097728K
  class space    used 6705K, committed 6912K, reserved 1048576K

Heap Regions: E=young(eden), S=young(survivor), O=old, HS=humongous(starts), HC=humongous(continues), CS=collection set, F=free, OA=open archive, CA=closed archive, TAMS=top-at-mark-start (previous, next)
|   0|0x0000000080000000, 0x0000000080100000, 0x0000000080100000|100%|HS|  |TAMS 0x0000000080100000, 0x0000000080000000| Complete 
|   1|0x0000000080100000, 0x0000000080200000, 0x0000000080200000|100%|HC|  |TAMS 0x0000000080200000, 0x0000000080100000| Complete 
|   2|0x0000000080200000, 0x0000000080300000, 0x0000000080300000|100%|HC|  |TAMS 0x0000000080300000, 0x0000000080200000| Complete 
|   3|0x0000000080300000, 0x0000000080400000, 0x0000000080400000|100%|HC|  |TAMS 0x0000000080400000, 0x0000000080300000| Complete 
|   4|0x0000000080400000, 0x0000000080500000, 0x0000000080500000|100%| O|  |TAMS 0x0000000080500000, 0x0000000080400000| Untracked 
|   5|0x0000000080500000, 0x0000000080600000, 0x0000000080600000|100%| O|  |TAMS 0x0000000080600000, 0x0000000080500000| Updating 
|   6|0x0000000080600000, 0x0000000080700000, 0x0000000080700000|100%| O|  |TAMS 0x0000000080700000, 0x0000000080600000| Untracked 
|   7|0x0000000080700000, 0x0000000080800000, 0x0000000080800000|100%| O|  |TAMS 0x0000000080800000, 0x0000000080700000| Updating 
|   8|0x0000000080800000, 0x0000000080900000, 0x0000000080900000|100%| O|  |TAMS 0x0000000080900000, 0x0000000080800000| Untracked 
|   9|0x0000000080900000, 0x0000000080a00000, 0x0000000080a00000|100%| O|  |TAMS 0x0000000080a00000, 0x0000000080900000| Untracked 
|  10|0x0000000080a00000, 0x0000000080b00000, 0x0000000080b00000|100%| O|  |TAMS 0x0000000080b00000, 0x0000000080a00000| Untracked 
|  11|0x0000000080b00000, 0x0000000080c00000, 0x0000000080c00000|100%| O|  |TAMS 0x0000000080c00000, 0x0000000080b00000| Untracked 
|  12|0x0000000080c00000, 0x0000000080d00000, 0x0000000080d00000|100%| O|  |TAMS 0x0000000080d00000, 0x0000000080c00000| Untracked 
|  13|0x0000000080d00000, 0x0000000080e00000, 0x0000000080e00000|100%| O|  |TAMS 0x0000000080e00000, 0x0000000080d00000| Updating 
|  14|0x0000000080e00000, 0x0000000080f00000, 0x0000000080f00000|100%| O|  |TAMS 0x0000000080f00000, 0x0000000080e00000| Untracked 
|  15|0x0000000080f00000, 0x0000000081000000, 0x0000000081000000|100%| O|  |TAMS 0x0000000081000000, 0x0000000080f00000| Untracked 
|  16|0x0000000081000000, 0x0000000081100000, 0x0000000081100000|100%| O|  |TAMS 0x0000000081100000, 0x0000000081000000| Untracked 
|  17|0x0000000081100000, 0x0000000081200000, 0x0000000081200000|100%| O|  |TAMS 0x0000000081200000, 0x0000000081100000| Untracked 
|  18|0x0000000081200000, 0x0000000081300000, 0x0000000081300000|100%| O|  |TAMS 0x0000000081300000, 0x0000000081200000| Untracked 
|  19|0x0000000081300000, 0x0000000081400000, 0x0000000081400000|100%| O|  |TAMS 0x0000000081400000, 0x0000000081300000| Updating 
|  20|0x0000000081400000, 0x0000000081500000, 0x0000000081500000|100%|HS|  |TAMS 0x0000000081500000, 0x0000000081400000| Complete 
|  21|0x0000000081500000, 0x0000000081600000, 0x0000000081600000|100%|HC|  |TAMS 0x0000000081600000, 0x0000000081500000| Complete 
|  22|0x0000000081600000, 0x0000000081700000, 0x0000000081700000|100%|HS|  |TAMS 0x0000000081700000, 0x0000000081600000| Complete 
|  23|0x0000000081700000, 0x0000000081800000, 0x0000000081800000|100%|HC|  |TAMS 0x0000000081800000, 0x0000000081700000| Complete 
|  24|0x0000000081800000, 0x0000000081900000, 0x0000000081900000|100%|HC|  |TAMS 0x0000000081900000, 0x0000000081800000| Complete 
|  25|0x0000000081900000, 0x0000000081a00000, 0x0000000081a00000|100%|HS|  |TAMS 0x0000000081a00000, 0x0000000081900000| Complete 
|  26|0x0000000081a00000, 0x0000000081b00000, 0x0000000081b00000|100%| O|  |TAMS 0x0000000081b00000, 0x0000000081a00000| Updating 
|  27|0x0000000081b00000, 0x0000000081c00000, 0x0000000081c00000|100%| O|  |TAMS 0x0000000081c00000, 0x0000000081b00000| Untracked 
|  28|0x0000000081c00000, 0x0000000081d00000, 0x0000000081d00000|100%|HS|  |TAMS 0x0000000081d00000, 0x0000000081c00000| Complete 
|  29|0x0000000081d00000, 0x0000000081e00000, 0x0000000081e00000|100%|HC|  |TAMS 0x0000000081e00000, 0x0000000081d00000| Complete 
|  30|0x0000000081e00000, 0x0000000081f00000, 0x0000000081f00000|100%|HC|  |TAMS 0x0000000081f00000, 0x0000000081e00000| Complete 
|  31|0x0000000081f00000, 0x0000000082000000, 0x0000000082000000|100%|HS|  |TAMS 0x0000000082000000, 0x0000000081f00000| Complete 
|  32|0x0000000082000000, 0x0000000082100000, 0x0000000082100000|100%|HC|  |TAMS 0x0000000082100000, 0x0000000082000000| Complete 
|  33|0x0000000082100000, 0x0000000082200000, 0x0000000082200000|100%| O|  |TAMS 0x0000000082200000, 0x0000000082100000| Updating 
|  34|0x0000000082200000, 0x0000000082300000, 0x0000000082300000|100%| O|  |TAMS 0x0000000082300000, 0x0000000082200000| Updating 
|  35|0x0000000082300000, 0x0000000082400000, 0x0000000082400000|100%|HS|  |TAMS 0x0000000082400000, 0x0000000082300000| Complete 
|  36|0x0000000082400000, 0x0000000082500000, 0x0000000082500000|100%|HC|  |TAMS 0x0000000082500000, 0x0000000082400000| Complete 
|  37|0x0000000082500000, 0x0000000082600000, 0x0000000082600000|100%|HC|  |TAMS 0x0000000082600000, 0x0000000082500000| Complete 
|  38|0x0000000082600000, 0x0000000082700000, 0x0000000082700000|100%|HC|  |TAMS 0x0000000082700000, 0x0000000082600000| Complete 
|  39|0x0000000082700000, 0x0000000082800000, 0x0000000082800000|100%|HC|  |TAMS 0x0000000082800000, 0x0000000082700000| Complete 
|  40|0x0000000082800000, 0x0000000082900000, 0x0000000082900000|100%|HC|  |TAMS 0x0000000082900000, 0x0000000082800000| Complete 
|  41|0x0000000082900000, 0x0000000082a00000, 0x0000000082a00000|100%| O|  |TAMS 0x0000000082a00000, 0x0000000082900000| Untracked 
|  42|0x0000000082a00000, 0x0000000082b00000, 0x0000000082b00000|100%| O|  |TAMS 0x0000000082b00000, 0x0000000082a00000| Untracked 
|  43|0x0000000082b00000, 0x0000000082c00000, 0x0000000082c00000|100%| O|  |TAMS 0x0000000082c00000, 0x0000000082b00000| Updating 
|  44|0x0000000082c00000, 0x0000000082d00000, 0x0000000082d00000|100%| O|  |TAMS 0x0000000082d00000, 0x0000000082c00000| Updating 
|  45|0x0000000082d00000, 0x0000000082e00000, 0x0000000082e00000|100%| O|  |TAMS 0x0000000082e00000, 0x0000000082d00000| Untracked 
|  46|0x0000000082e00000, 0x0000000082f00000, 0x0000000082f00000|100%|HS|  |TAMS 0x0000000082e00000, 0x0000000082e00000| Complete 
|  47|0x0000000082f00000, 0x0000000083000000, 0x0000000083000000|100%| O|  |TAMS 0x0000000083000000, 0x0000000082f00000| Updating 
|  48|0x0000000083000000, 0x0000000083100000, 0x0000000083100000|100%| O|  |TAMS 0x0000000083100000, 0x0000000083000000| Untracked 
|  49|0x0000000083100000, 0x0000000083200000, 0x0000000083200000|100%| O|  |TAMS 0x0000000083200000, 0x0000000083100000| Updating 
|  50|0x0000000083200000, 0x0000000083300000, 0x0000000083300000|100%| O|  |TAMS 0x0000000083300000, 0x0000000083200000| Untracked 
|  51|0x0000000083300000, 0x0000000083400000, 0x0000000083400000|100%|HS|  |TAMS 0x0000000083400000, 0x0000000083300000| Complete 
|  52|0x0000000083400000, 0x0000000083500000, 0x0000000083500000|100%|HC|  |TAMS 0x0000000083500000, 0x0000000083400000| Complete 
|  53|0x0000000083500000, 0x0000000083600000, 0x0000000083600000|100%| O|  |TAMS 0x0000000083600000, 0x0000000083500000| Untracked 
|  54|0x0000000083600000, 0x0000000083700000, 0x0000000083700000|100%|HS|  |TAMS 0x0000000083700000, 0x0000000083600000| Complete 
|  55|0x0000000083700000, 0x0000000083800000, 0x0000000083800000|100%|HC|  |TAMS 0x0000000083800000, 0x0000000083700000| Complete 
|  56|0x0000000083800000, 0x0000000083900000, 0x0000000083900000|100%|HC|  |TAMS 0x0000000083900000, 0x0000000083800000| Complete 
|  57|0x0000000083900000, 0x0000000083a00000, 0x0000000083a00000|100%|HC|  |TAMS 0x0000000083a00000, 0x0000000083900000| Complete 
|  58|0x0000000083a00000, 0x0000000083b00000, 0x0000000083b00000|100%|HC|  |TAMS 0x0000000083b00000, 0x0000000083a00000| Complete 
|  59|0x0000000083b00000, 0x0000000083c00000, 0x0000000083c00000|100%|HC|  |TAMS 0x0000000083c00000, 0x0000000083b00000| Complete 
|  60|0x0000000083c00000, 0x0000000083d00000, 0x0000000083d00000|100%|HC|  |TAMS 0x0000000083d00000, 0x0000000083c00000| Complete 
|  61|0x0000000083d00000, 0x0000000083e00000, 0x0000000083e00000|100%|HC|  |TAMS 0x0000000083e00000, 0x0000000083d00000| Complete 
|  62|0x0000000083e00000, 0x0000000083f00000, 0x0000000083f00000|100%|HC|  |TAMS 0x0000000083f00000, 0x0000000083e00000| Complete 
|  63|0x0000000083f00000, 0x0000000084000000, 0x0000000084000000|100%|HC|  |TAMS 0x0000000084000000, 0x0000000083f00000| Complete 
|  64|0x0000000084000000, 0x0000000084100000, 0x0000000084100000|100%|HC|  |TAMS 0x0000000084100000, 0x0000000084000000| Complete 
|  65|0x0000000084100000, 0x0000000084200000, 0x0000000084200000|100%|HS|  |TAMS 0x0000000084200000, 0x0000000084100000| Complete 
|  66|0x0000000084200000, 0x0000000084300000, 0x0000000084300000|100%|HC|  |TAMS 0x0000000084300000, 0x0000000084200000| Complete 
|  67|0x0000000084300000, 0x0000000084400000, 0x0000000084400000|100%|HC|  |TAMS 0x0000000084400000, 0x0000000084300000| Complete 
|  68|0x0000000084400000, 0x0000000084500000, 0x0000000084500000|100%|HS|  |TAMS 0x0000000084500000, 0x0000000084400000| Complete 
|  69|0x0000000084500000, 0x0000000084600000, 0x0000000084600000|100%|HC|  |TAMS 0x0000000084600000, 0x0000000084500000| Complete 
|  70|0x0000000084600000, 0x0000000084700000, 0x0000000084700000|100%|HS|  |TAMS 0x0000000084700000, 0x0000000084600000| Complete 
|  71|0x0000000084700000, 0x0000000084800000, 0x0000000084800000|100%|HC|  |TAMS 0x0000000084800000, 0x0000000084700000| Complete 
|  72|0x0000000084800000, 0x0000000084900000, 0x0000000084900000|100%|HC|  |TAMS 0x0000000084900000, 0x0000000084800000| Complete 
|  73|0x0000000084900000, 0x0000000084a00000, 0x0000000084a00000|100%| O|  |TAMS 0x0000000084a00000, 0x0000000084900000| Untracked 
|  74|0x0000000084a00000, 0x0000000084a00000, 0x0000000084b00000|  0%| F|  |TAMS 0x0000000084a00000, 0x0000000084a00000| Untracked 
|  75|0x0000000084b00000, 0x0000000084c00000, 0x0000000084c00000|100%| O|  |TAMS 0x0000000084c00000, 0x0000000084b00000| Untracked 
|  76|0x0000000084c00000, 0x0000000084d00000, 0x0000000084d00000|100%| O|  |TAMS 0x0000000084d00000, 0x0000000084c00000| Untracked 
|  77|0x0000000084d00000, 0x0000000084d00000, 0x0000000084e00000|  0%| F|  |TAMS 0x0000000084d00000, 0x0000000084d00000| Untracked 
|  78|0x0000000084e00000, 0x0000000084e00000, 0x0000000084f00000|  0%| F|  |TAMS 0x0000000084e00000, 0x0000000084e00000| Untracked 
|  79|0x0000000084f00000, 0x0000000084f00000, 0x0000000085000000|  0%| F|  |TAMS 0x0000000084f00000, 0x0000000084f00000| Untracked 
|  80|0x0000000085000000, 0x0000000085000000, 0x0000000085100000|  0%| F|  |TAMS 0x0000000085000000, 0x0000000085000000| Untracked 
|  81|0x0000000085100000, 0x0000000085200000, 0x0000000085200000|100%| O|  |TAMS 0x0000000085200000, 0x0000000085100000| Untracked 
|  82|0x0000000085200000, 0x00000000852d9e00, 0x0000000085300000| 85%| O|  |TAMS 0x00000000852d9e00, 0x0000000085200000| Updating 
|  83|0x0000000085300000, 0x0000000085400000, 0x0000000085400000|100%|HS|  |TAMS 0x0000000085300000, 0x0000000085300000| Complete 
|  84|0x0000000085400000, 0x0000000085500000, 0x0000000085500000|100%|HC|  |TAMS 0x0000000085400000, 0x0000000085400000| Complete 
|  85|0x0000000085500000, 0x0000000085600000, 0x0000000085600000|100%|HC|  |TAMS 0x0000000085500000, 0x0000000085500000| Complete 
|  86|0x0000000085600000, 0x0000000085700000, 0x0000000085700000|100%|HC|  |TAMS 0x0000000085600000, 0x0000000085600000| Complete 
|  87|0x0000000085700000, 0x0000000085800000, 0x0000000085800000|100%|HC|  |TAMS 0x0000000085700000, 0x0000000085700000| Complete 
|  88|0x0000000085800000, 0x0000000085900000, 0x0000000085900000|100%|HC|  |TAMS 0x0000000085800000, 0x0000000085800000| Complete 
|  89|0x0000000085900000, 0x0000000085900000, 0x0000000085a00000|  0%| F|  |TAMS 0x0000000085900000, 0x0000000085900000| Untracked 
|  90|0x0000000085a00000, 0x0000000085a00000, 0x0000000085b00000|  0%| F|  |TAMS 0x0000000085a00000, 0x0000000085a00000| Untracked 
|  91|0x0000000085b00000, 0x0000000085b00000, 0x0000000085c00000|  0%| F|  |TAMS 0x0000000085b00000, 0x0000000085b00000| Untracked 
|  92|0x0000000085c00000, 0x0000000085c00000, 0x0000000085d00000|  0%| F|  |TAMS 0x0000000085c00000, 0x0000000085c00000| Untracked 
|  93|0x0000000085d00000, 0x0000000085d00000, 0x0000000085e00000|  0%| F|  |TAMS 0x0000000085d00000, 0x0000000085d00000| Untracked 
|  94|0x0000000085e00000, 0x0000000085e00000, 0x0000000085f00000|  0%| F|  |TAMS 0x0000000085e00000, 0x0000000085e00000| Untracked 
|  95|0x0000000085f00000, 0x0000000085f69620, 0x0000000086000000| 41%| S|CS|TAMS 0x0000000085f00000, 0x0000000085f00000| Complete 
|  96|0x0000000086000000, 0x0000000086100000, 0x0000000086100000|100%| S|CS|TAMS 0x0000000086000000, 0x0000000086000000| Complete 
|  97|0x0000000086100000, 0x0000000086100000, 0x0000000086200000|  0%| F|  |TAMS 0x0000000086100000, 0x0000000086100000| Untracked 
|  98|0x0000000086200000, 0x0000000086200000, 0x0000000086300000|  0%| F|  |TAMS 0x0000000086200000, 0x0000000086200000| Untracked 
|  99|0x0000000086300000, 0x0000000086300000, 0x0000000086400000|  0%| F|  |TAMS 0x0000000086300000, 0x0000000086300000| Untracked 
| 100|0x0000000086400000, 0x0000000086400000, 0x0000000086500000|  0%| F|  |TAMS 0x0000000086400000, 0x0000000086400000| Untracked 
| 101|0x0000000086500000, 0x0000000086500000, 0x0000000086600000|  0%| F|  |TAMS 0x0000000086500000, 0x0000000086500000| Untracked 
| 102|0x0000000086600000, 0x0000000086600000, 0x0000000086700000|  0%| F|  |TAMS 0x0000000086600000, 0x0000000086600000| Untracked 
| 103|0x0000000086700000, 0x0000000086700000, 0x0000000086800000|  0%| F|  |TAMS 0x0000000086700000, 0x0000000086700000| Untracked 
| 104|0x0000000086800000, 0x0000000086800000, 0x0000000086900000|  0%| F|  |TAMS 0x0000000086800000, 0x0000000086800000| Untracked 
| 105|0x0000000086900000, 0x0000000086900000, 0x0000000086a00000|  0%| F|  |TAMS 0x0000000086900000, 0x0000000086900000| Untracked 
| 106|0x0000000086a00000, 0x0000000086a00000, 0x0000000086b00000|  0%| F|  |TAMS 0x0000000086a00000, 0x0000000086a00000| Untracked 
| 107|0x0000000086b00000, 0x0000000086b00000, 0x0000000086c00000|  0%| F|  |TAMS 0x0000000086b00000, 0x0000000086b00000| Untracked 
| 108|0x0000000086c00000, 0x0000000086c00000, 0x0000000086d00000|  0%| F|  |TAMS 0x0000000086c00000, 0x0000000086c00000| Untracked 
| 109|0x0000000086d00000, 0x0000000086d00000, 0x0000000086e00000|  0%| F|  |TAMS 0x0000000086d00000, 0x0000000086d00000| Untracked 
| 110|0x0000000086e00000, 0x0000000086e00000, 0x0000000086f00000|  0%| F|  |TAMS 0x0000000086e00000, 0x0000000086e00000| Untracked 
| 111|0x0000000086f00000, 0x0000000086f00000, 0x0000000087000000|  0%| F|  |TAMS 0x0000000086f00000, 0x0000000086f00000| Untracked 
| 125|0x0000000087d00000, 0x0000000087d63c38, 0x0000000087e00000| 38%| E|  |TAMS 0x0000000087d00000, 0x0000000087d00000| Complete 
|2047|0x00000000fff00000, 0x0000000100000000, 0x0000000100000000|100%| O|  |TAMS 0x0000000100000000, 0x00000000fff00000| Updating 

Card table byte_map: [0x000001d116b70000,0x000001d116f70000] _byte_map_base: 0x000001d116770000

Marking Bits (Prev, Next): (CMBitMap*) 0x000001d103fd54e0, (CMBitMap*) 0x000001d103fd54a0
 Prev Bits: [0x000001d119370000, 0x000001d11b370000)
 Next Bits: [0x000001d117370000, 0x000001d119370000)

Polling page: 0x000001d103740000

Metaspace:

Usage:
  Non-class:     43.04 MB used.
      Class:      6.55 MB used.
       Both:     49.58 MB used.

Virtual space:
  Non-class space:       48.00 MB reserved,      43.31 MB ( 90%) committed,  6 nodes.
      Class space:        1.00 GB reserved,       6.75 MB ( <1%) committed,  1 nodes.
             Both:        1.05 GB reserved,      50.06 MB (  5%) committed. 

Chunk freelists:
   Non-Class:  736.00 KB
       Class:  1.10 MB
        Both:  1.82 MB

MaxMetaspaceSize: unlimited
CompressedClassSpaceSize: 1.00 GB
Initial GC threshold: 21.00 MB
Current GC threshold: 76.56 MB
CDS: off
MetaspaceReclaimPolicy: balanced
 - commit_granule_bytes: 65536.
 - commit_granule_words: 8192.
 - virtual_space_node_default_size: 1048576.
 - enlarge_chunks_in_place: 1.
 - new_chunks_are_fully_committed: 0.
 - uncommit_free_chunks: 1.
 - use_allocation_guard: 0.
 - handle_deallocations: 1.


Internal statistics:

num_allocs_failed_limit: 3.
num_arena_births: 486.
num_arena_deaths: 0.
num_vsnodes_births: 7.
num_vsnodes_deaths: 0.
num_space_committed: 801.
num_space_uncommitted: 0.
num_chunks_returned_to_freelist: 3.
num_chunks_taken_from_freelist: 2094.
num_chunk_merges: 3.
num_chunk_splits: 1366.
num_chunks_enlarged: 923.
num_purges: 0.
num_inconsistent_stats: 0.

CodeHeap 'non-profiled nmethods': size=120000Kb used=2567Kb max_used=2567Kb free=117432Kb
 bounds [0x000001d10ef10000, 0x000001d10f1a0000, 0x000001d116440000]
CodeHeap 'profiled nmethods': size=120000Kb used=9934Kb max_used=9934Kb free=110065Kb
 bounds [0x000001d107440000, 0x000001d107e00000, 0x000001d10e970000]
CodeHeap 'non-nmethods': size=5760Kb used=2304Kb max_used=2403Kb free=3455Kb
 bounds [0x000001d10e970000, 0x000001d10ebe0000, 0x000001d10ef10000]
 total_blobs=5479 nmethods=4661 adapters=729
 compilation: enabled
              stopped_count=0, restarted_count=0
 full_count=0

Compilation events (20 events):
Event: 15.275 Thread 0x000001d1230a2430 nmethod 4664 0x000001d10f190110 code [0x000001d10f190280, 0x000001d10f190318]
Event: 15.275 Thread 0x000001d1230a2430 4660       4       org.gradle.internal.reflect.MethodSet$MethodKey::hashCode (29 bytes)
Event: 15.279 Thread 0x000001d11e833690 4691       3       org.gradle.internal.event.ListenerBroadcast::dispatch (9 bytes)
Event: 15.279 Thread 0x000001d11e833690 nmethod 4691 0x000001d107df0810 code [0x000001d107df09c0, 0x000001d107df0d48]
Event: 15.279 Thread 0x000001d11e833690 4692       3       org.gradle.internal.event.ListenerBroadcast::dispatch (9 bytes)
Event: 15.279 Thread 0x000001d11e833690 nmethod 4692 0x000001d107df0e90 code [0x000001d107df1040, 0x000001d107df1208]
Event: 15.284 Thread 0x000001d11e833690 4693       3       java.util.Properties::load0 (249 bytes)
Event: 15.285 Thread 0x000001d11e833690 nmethod 4693 0x000001d107df1310 code [0x000001d107df1540, 0x000001d107df1f68]
Event: 15.286 Thread 0x000001d1230a2430 nmethod 4660 0x000001d10f190810 code [0x000001d10f1909a0, 0x000001d10f190db8]
Event: 15.286 Thread 0x000001d1230a2430 4659       4       java.lang.invoke.MethodType::equals (56 bytes)
Event: 15.294 Thread 0x000001d1230a2430 nmethod 4659 0x000001d10f190f90 code [0x000001d10f191120, 0x000001d10f1913d8]
Event: 15.294 Thread 0x000001d1230a2430 4694       4       java.lang.invoke.MethodType::makeImpl (109 bytes)
Event: 15.307 Thread 0x000001d11e833690 4697       3       com.esotericsoftware.kryo.io.Output::require (209 bytes)
Event: 15.308 Thread 0x000001d11e833690 nmethod 4697 0x000001d107df2290 code [0x000001d107df2560, 0x000001d107df2f98]
Event: 15.312 Thread 0x000001d11e833690 4698       3       org.gradle.internal.operations.CurrentBuildOperationRef::get (11 bytes)
Event: 15.313 Thread 0x000001d11e833690 nmethod 4698 0x000001d107df3390 code [0x000001d107df3540, 0x000001d107df3808]
Event: 15.313 Thread 0x000001d11e833690 4699       1       org.gradle.internal.operations.BuildOperationDescriptor::getParentId (5 bytes)
Event: 15.313 Thread 0x000001d11e833690 nmethod 4699 0x000001d10f191690 code [0x000001d10f191820, 0x000001d10f1918f8]
Event: 15.317 Thread 0x000001d11e833690 4700       1       java.lang.reflect.AccessibleObject::isAccessible (5 bytes)
Event: 15.318 Thread 0x000001d11e833690 nmethod 4700 0x000001d10f191990 code [0x000001d10f191b20, 0x000001d10f191bf8]

GC Heap History (20 events):
Event: 11.053 GC heap before
{Heap before GC invocations=10 (full 0):
 garbage-first heap   total 78848K, used 57160K [0x0000000080000000, 0x0000000100000000)
  region size 1024K, 16 young (16384K), 2 survivors (2048K)
 Metaspace       used 36164K, committed 36544K, reserved 1081344K
  class space    used 5046K, committed 5184K, reserved 1048576K
}
Event: 11.057 GC heap after
{Heap after GC invocations=11 (full 0):
 garbage-first heap   total 78848K, used 44898K [0x0000000080000000, 0x0000000100000000)
  region size 1024K, 2 young (2048K), 2 survivors (2048K)
 Metaspace       used 36164K, committed 36544K, reserved 1081344K
  class space    used 5046K, committed 5184K, reserved 1048576K
}
Event: 11.872 GC heap before
{Heap before GC invocations=11 (full 0):
 garbage-first heap   total 78848K, used 61282K [0x0000000080000000, 0x0000000100000000)
  region size 1024K, 19 young (19456K), 2 survivors (2048K)
 Metaspace       used 41430K, committed 41856K, reserved 1089536K
  class space    used 5545K, committed 5760K, reserved 1048576K
}
Event: 11.877 GC heap after
{Heap after GC invocations=12 (full 0):
 garbage-first heap   total 78848K, used 48376K [0x0000000080000000, 0x0000000100000000)
  region size 1024K, 3 young (3072K), 3 survivors (3072K)
 Metaspace       used 41430K, committed 41856K, reserved 1089536K
  class space    used 5545K, committed 5760K, reserved 1048576K
}
Event: 12.047 GC heap before
{Heap before GC invocations=13 (full 0):
 garbage-first heap   total 83968K, used 62712K [0x0000000080000000, 0x0000000100000000)
  region size 1024K, 17 young (17408K), 3 survivors (3072K)
 Metaspace       used 41665K, committed 42112K, reserved 1089536K
  class space    used 5566K, committed 5760K, reserved 1048576K
}
Event: 12.052 GC heap after
{Heap after GC invocations=14 (full 0):
 garbage-first heap   total 83968K, used 50510K [0x0000000080000000, 0x0000000100000000)
  region size 1024K, 2 young (2048K), 2 survivors (2048K)
 Metaspace       used 41665K, committed 42112K, reserved 1089536K
  class space    used 5566K, committed 5760K, reserved 1048576K
}
Event: 12.258 GC heap before
{Heap before GC invocations=14 (full 0):
 garbage-first heap   total 83968K, used 58702K [0x0000000080000000, 0x0000000100000000)
  region size 1024K, 12 young (12288K), 2 survivors (2048K)
 Metaspace       used 42124K, committed 42560K, reserved 1089536K
  class space    used 5612K, committed 5824K, reserved 1048576K
}
Event: 12.262 GC heap after
{Heap after GC invocations=15 (full 0):
 garbage-first heap   total 83968K, used 51458K [0x0000000080000000, 0x0000000100000000)
  region size 1024K, 2 young (2048K), 2 survivors (2048K)
 Metaspace       used 42124K, committed 42560K, reserved 1089536K
  class space    used 5612K, committed 5824K, reserved 1048576K
}
Event: 12.946 GC heap before
{Heap before GC invocations=16 (full 0):
 garbage-first heap   total 96256K, used 68866K [0x0000000080000000, 0x0000000100000000)
  region size 1024K, 16 young (16384K), 2 survivors (2048K)
 Metaspace       used 44757K, committed 45184K, reserved 1089536K
  class space    used 5902K, committed 6080K, reserved 1048576K
}
Event: 12.951 GC heap after
{Heap after GC invocations=17 (full 0):
 garbage-first heap   total 96256K, used 52283K [0x0000000080000000, 0x0000000100000000)
  region size 1024K, 2 young (2048K), 2 survivors (2048K)
 Metaspace       used 44757K, committed 45184K, reserved 1089536K
  class space    used 5902K, committed 6080K, reserved 1048576K
}
Event: 13.019 GC heap before
{Heap before GC invocations=17 (full 0):
 garbage-first heap   total 96256K, used 54331K [0x0000000080000000, 0x0000000100000000)
  region size 1024K, 4 young (4096K), 2 survivors (2048K)
 Metaspace       used 45000K, committed 45440K, reserved 1089536K
  class space    used 5939K, committed 6144K, reserved 1048576K
}
Event: 13.023 GC heap after
{Heap after GC invocations=18 (full 0):
 garbage-first heap   total 96256K, used 52400K [0x0000000080000000, 0x0000000100000000)
  region size 1024K, 1 young (1024K), 1 survivors (1024K)
 Metaspace       used 45000K, committed 45440K, reserved 1089536K
  class space    used 5939K, committed 6144K, reserved 1048576K
}
Event: 13.565 GC heap before
{Heap before GC invocations=18 (full 0):
 garbage-first heap   total 96256K, used 67760K [0x0000000080000000, 0x0000000100000000)
  region size 1024K, 17 young (17408K), 1 survivors (1024K)
 Metaspace       used 46582K, committed 47040K, reserved 1089536K
  class space    used 6180K, committed 6400K, reserved 1048576K
}
Event: 13.569 GC heap after
{Heap after GC invocations=19 (full 0):
 garbage-first heap   total 115712K, used 54060K [0x0000000080000000, 0x0000000100000000)
  region size 1024K, 2 young (2048K), 2 survivors (2048K)
 Metaspace       used 46582K, committed 47040K, reserved 1089536K
  class space    used 6180K, committed 6400K, reserved 1048576K
}
Event: 14.658 GC heap before
{Heap before GC invocations=20 (full 0):
 garbage-first heap   total 115712K, used 107308K [0x0000000080000000, 0x0000000100000000)
  region size 1024K, 34 young (34816K), 2 survivors (2048K)
 Metaspace       used 49145K, committed 49536K, reserved 1097728K
  class space    used 6418K, committed 6592K, reserved 1048576K
}
Event: 14.669 GC heap after
{Heap after GC invocations=21 (full 0):
 garbage-first heap   total 116736K, used 80074K [0x0000000080000000, 0x0000000100000000)
  region size 1024K, 5 young (5120K), 5 survivors (5120K)
 Metaspace       used 49145K, committed 49536K, reserved 1097728K
  class space    used 6418K, committed 6592K, reserved 1048576K
}
Event: 14.712 GC heap before
{Heap before GC invocations=21 (full 0):
 garbage-first heap   total 116736K, used 81098K [0x0000000080000000, 0x0000000100000000)
  region size 1024K, 6 young (6144K), 5 survivors (5120K)
 Metaspace       used 49250K, committed 49728K, reserved 1097728K
  class space    used 6446K, committed 6656K, reserved 1048576K
}
Event: 14.719 GC heap after
{Heap after GC invocations=22 (full 0):
 garbage-first heap   total 116736K, used 80199K [0x0000000080000000, 0x0000000100000000)
  region size 1024K, 1 young (1024K), 1 survivors (1024K)
 Metaspace       used 49250K, committed 49728K, reserved 1097728K
  class space    used 6446K, committed 6656K, reserved 1048576K
}
Event: 15.320 GC heap before
{Heap before GC invocations=22 (full 0):
 garbage-first heap   total 116736K, used 93511K [0x0000000080000000, 0x0000000100000000)
  region size 1024K, 16 young (16384K), 1 survivors (1024K)
 Metaspace       used 50773K, committed 51264K, reserved 1097728K
  class space    used 6705K, committed 6912K, reserved 1048576K
}
Event: 15.324 GC heap after
{Heap after GC invocations=23 (full 0):
 garbage-first heap   total 116736K, used 81165K [0x0000000080000000, 0x0000000100000000)
  region size 1024K, 2 young (2048K), 2 survivors (2048K)
 Metaspace       used 50773K, committed 51264K, reserved 1097728K
  class space    used 6705K, committed 6912K, reserved 1048576K
}

Dll operation events (2 events):
Event: 0.035 Loaded shared library C:\Program Files\Android\Android Studio\jbr\bin\java.dll
Event: 1.274 Loaded shared library C:\Program Files\Android\Android Studio\jbr\bin\verify.dll

Deoptimization events (20 events):
Event: 13.875 Thread 0x000001d1202986e0 DEOPT PACKING pc=0x000001d10f137130 sp=0x000000861f0f8700
Event: 13.875 Thread 0x000001d1202986e0 DEOPT UNPACKING pc=0x000001d10e9c69a3 sp=0x000000861f0f8688 mode 2
Event: 13.877 Thread 0x000001d1202986e0 DEOPT PACKING pc=0x000001d10789bad4 sp=0x000000861f0f63e0
Event: 13.877 Thread 0x000001d1202986e0 DEOPT UNPACKING pc=0x000001d10e9c7143 sp=0x000000861f0f5938 mode 0
Event: 14.334 Thread 0x000001d1202986e0 Uncommon trap: trap_request=0xffffff45 fr.pc=0x000001d10f003070 relative=0x0000000000006f90
Event: 14.334 Thread 0x000001d1202986e0 Uncommon trap: reason=unstable_if action=reinterpret pc=0x000001d10f003070 method=jdk.internal.org.objectweb.asm.SymbolTable.addType(Ljava/lang/String;)I @ 33 c2
Event: 14.334 Thread 0x000001d1202986e0 DEOPT PACKING pc=0x000001d10f003070 sp=0x000000861f0f7710
Event: 14.334 Thread 0x000001d1202986e0 DEOPT UNPACKING pc=0x000001d10e9c69a3 sp=0x000000861f0f7638 mode 2
Event: 14.985 Thread 0x000001d1202986e0 Uncommon trap: trap_request=0xffffffc6 fr.pc=0x000001d10f0fa76c relative=0x0000000000003e0c
Event: 14.985 Thread 0x000001d1202986e0 Uncommon trap: reason=bimorphic_or_optimized_type_check action=maybe_recompile pc=0x000001d10f0fa76c method=java.util.AbstractCollection.addAll(Ljava/util/Collection;)Z @ 29 c2
Event: 14.985 Thread 0x000001d1202986e0 DEOPT PACKING pc=0x000001d10f0fa76c sp=0x000000861f0fb910
Event: 14.985 Thread 0x000001d1202986e0 DEOPT UNPACKING pc=0x000001d10e9c69a3 sp=0x000000861f0fb900 mode 2
Event: 15.102 Thread 0x000001d1202986e0 Uncommon trap: trap_request=0xffffffde fr.pc=0x000001d10f0df274 relative=0x0000000000003294
Event: 15.102 Thread 0x000001d1202986e0 Uncommon trap: reason=class_check action=maybe_recompile pc=0x000001d10f0df274 method=java.util.regex.Pattern$CharProperty.study(Ljava/util/regex/Pattern$TreeInfo;)Z @ 25 c2
Event: 15.102 Thread 0x000001d1202986e0 DEOPT PACKING pc=0x000001d10f0df274 sp=0x000000861f0f9770
Event: 15.102 Thread 0x000001d1202986e0 DEOPT UNPACKING pc=0x000001d10e9c69a3 sp=0x000000861f0f9668 mode 2
Event: 15.317 Thread 0x000001d1202986e0 Uncommon trap: trap_request=0xffffffc6 fr.pc=0x000001d10f0fa76c relative=0x0000000000003e0c
Event: 15.317 Thread 0x000001d1202986e0 Uncommon trap: reason=bimorphic_or_optimized_type_check action=maybe_recompile pc=0x000001d10f0fa76c method=java.util.AbstractCollection.addAll(Ljava/util/Collection;)Z @ 29 c2
Event: 15.317 Thread 0x000001d1202986e0 DEOPT PACKING pc=0x000001d10f0fa76c sp=0x000000861f0f8270
Event: 15.317 Thread 0x000001d1202986e0 DEOPT UNPACKING pc=0x000001d10e9c69a3 sp=0x000000861f0f8260 mode 2

Classes unloaded (0 events):
No events

Classes redefined (0 events):
No events

Internal exceptions (20 events):
Event: 14.836 Thread 0x000001d1202986e0 Exception <a 'java/lang/ClassNotFoundException'{0x0000000086dda0f8}: org/gradle/internal/management/DefaultDependencyResolutionManagementCustomizer> (0x0000000086dda0f8) 
thrown [s\src\hotspot\share\classfile\systemDictionary.cpp, line 256]
Event: 14.839 Thread 0x000001d1202986e0 Exception <a 'java/lang/ClassNotFoundException'{0x0000000086c021e0}: org/gradle/internal/management/DefaultDependencyResolutionManagement_DecoratedCustomizer> (0x0000000086c021e0) 
thrown [s\src\hotspot\share\classfile\systemDictionary.cpp, line 256]
Event: 14.849 Thread 0x000001d1202986e0 Exception <a 'java/lang/ClassNotFoundException'{0x0000000086c4bd30}: org/gradle/api/initialization/resolve/RepositoriesModeBeanInfo> (0x0000000086c4bd30) 
thrown [s\src\hotspot\share\classfile\systemDictionary.cpp, line 256]
Event: 14.850 Thread 0x000001d1202986e0 Exception <a 'java/lang/ClassNotFoundException'{0x0000000086c51618}: java/lang/EnumBeanInfo> (0x0000000086c51618) 
thrown [s\src\hotspot\share\classfile\systemDictionary.cpp, line 256]
Event: 14.851 Thread 0x000001d1202986e0 Exception <a 'java/lang/ClassNotFoundException'{0x0000000086c57188}: java/lang/EnumCustomizer> (0x0000000086c57188) 
thrown [s\src\hotspot\share\classfile\systemDictionary.cpp, line 256]
Event: 14.855 Thread 0x000001d1202986e0 Exception <a 'java/lang/ClassNotFoundException'{0x0000000086c715b0}: org/gradle/api/initialization/resolve/RepositoriesModeCustomizer> (0x0000000086c715b0) 
thrown [s\src\hotspot\share\classfile\systemDictionary.cpp, line 256]
Event: 14.864 Thread 0x000001d1202986e0 Exception <a 'java/lang/ClassNotFoundException'{0x0000000086cd87e8}: org/gradle/api/internal/provider/DefaultPropertyBeanInfo> (0x0000000086cd87e8) 
thrown [s\src\hotspot\share\classfile\systemDictionary.cpp, line 256]
Event: 14.866 Thread 0x000001d1202986e0 Exception <a 'java/lang/ClassNotFoundException'{0x0000000086cea748}: org/gradle/api/internal/provider/AbstractPropertyBeanInfo> (0x0000000086cea748) 
thrown [s\src\hotspot\share\classfile\systemDictionary.cpp, line 256]
Event: 14.867 Thread 0x000001d1202986e0 Exception <a 'java/lang/ClassNotFoundException'{0x0000000086cfc9c8}: org/gradle/api/internal/provider/AbstractMinimalProviderBeanInfo> (0x0000000086cfc9c8) 
thrown [s\src\hotspot\share\classfile\systemDictionary.cpp, line 256]
Event: 14.869 Thread 0x000001d1202986e0 Exception <a 'java/lang/ClassNotFoundException'{0x0000000086b0ef30}: org/gradle/api/internal/provider/AbstractMinimalProviderCustomizer> (0x0000000086b0ef30) 
thrown [s\src\hotspot\share\classfile\systemDictionary.cpp, line 256]
Event: 14.874 Thread 0x000001d1202986e0 Exception <a 'java/lang/ClassNotFoundException'{0x0000000086b3a338}: org/gradle/api/internal/provider/AbstractPropertyCustomizer> (0x0000000086b3a338) 
thrown [s\src\hotspot\share\classfile\systemDictionary.cpp, line 256]
Event: 14.877 Thread 0x000001d1202986e0 Exception <a 'java/lang/ClassNotFoundException'{0x0000000086b59000}: org/gradle/api/internal/provider/DefaultPropertyCustomizer> (0x0000000086b59000) 
thrown [s\src\hotspot\share\classfile\systemDictionary.cpp, line 256]
Event: 14.887 Thread 0x000001d1202986e0 Exception <a 'java/lang/ClassNotFoundException'{0x0000000086ba63d8}: org/gradle/initialization/DefaultProjectDescriptorBeanInfo> (0x0000000086ba63d8) 
thrown [s\src\hotspot\share\classfile\systemDictionary.cpp, line 256]
Event: 14.888 Thread 0x000001d1202986e0 Exception <a 'java/lang/ClassNotFoundException'{0x0000000086bb6888}: org/gradle/initialization/DefaultProjectDescriptorCustomizer> (0x0000000086bb6888) 
thrown [s\src\hotspot\share\classfile\systemDictionary.cpp, line 256]
Event: 15.065 Thread 0x000001d1202986e0 Exception <a 'java/lang/ClassNotFoundException'{0x00000000868b98e8}: org/jetbrains/plugins/gradle/model/web/WebConfigurationBeanInfo> (0x00000000868b98e8) 
thrown [s\src\hotspot\share\classfile\systemDictionary.cpp, line 256]
Event: 15.066 Thread 0x000001d1202986e0 Exception <a 'java/lang/ClassNotFoundException'{0x00000000868c1c70}: org/jetbrains/plugins/gradle/model/web/WebConfigurationCustomizer> (0x00000000868c1c70) 
thrown [s\src\hotspot\share\classfile\systemDictionary.cpp, line 256]
Event: 15.069 Thread 0x000001d1202986e0 Exception <a 'java/lang/ClassNotFoundException'{0x00000000868e0200}: org/jetbrains/plugins/gradle/model/scala/ScalaModelBeanInfo> (0x00000000868e0200) 
thrown [s\src\hotspot\share\classfile\systemDictionary.cpp, line 256]
Event: 15.070 Thread 0x000001d1202986e0 Exception <a 'java/lang/ClassNotFoundException'{0x00000000868e8508}: org/jetbrains/plugins/gradle/model/scala/ScalaModelCustomizer> (0x00000000868e8508) 
thrown [s\src\hotspot\share\classfile\systemDictionary.cpp, line 256]
Event: 15.078 Thread 0x000001d1202986e0 Exception <a 'java/lang/ClassNotFoundException'{0x0000000086719e48}: org/jetbrains/plugins/gradle/model/DependencyAccessorsModelBeanInfo> (0x0000000086719e48) 
thrown [s\src\hotspot\share\classfile\systemDictionary.cpp, line 256]
Event: 15.079 Thread 0x000001d1202986e0 Exception <a 'java/lang/ClassNotFoundException'{0x00000000867221f8}: org/jetbrains/plugins/gradle/model/DependencyAccessorsModelCustomizer> (0x00000000867221f8) 
thrown [s\src\hotspot\share\classfile\systemDictionary.cpp, line 256]

VM Operations (20 events):
Event: 12.865 Executing VM operation: HandshakeAllThreads done
Event: 12.946 Executing VM operation: G1CollectForAllocation
Event: 12.951 Executing VM operation: G1CollectForAllocation done
Event: 13.019 Executing VM operation: G1CollectForAllocation
Event: 13.024 Executing VM operation: G1CollectForAllocation done
Event: 13.565 Executing VM operation: G1TryInitiateConcMark
Event: 13.569 Executing VM operation: G1TryInitiateConcMark done
Event: 13.621 Executing VM operation: G1Concurrent
Event: 13.626 Executing VM operation: G1Concurrent done
Event: 13.652 Executing VM operation: G1Concurrent
Event: 13.652 Executing VM operation: G1Concurrent done
Event: 14.658 Executing VM operation: G1CollectForAllocation
Event: 14.669 Executing VM operation: G1CollectForAllocation done
Event: 14.712 Executing VM operation: G1CollectForAllocation
Event: 14.719 Executing VM operation: G1CollectForAllocation done
Event: 15.222 Executing VM operation: HandshakeAllThreads
Event: 15.222 Executing VM operation: HandshakeAllThreads done
Event: 15.320 Executing VM operation: G1TryInitiateConcMark
Event: 15.324 Executing VM operation: G1TryInitiateConcMark done
Event: 15.387 Executing VM operation: G1Concurrent

Events (20 events):
Event: 14.849 loading class java/lang/EnumBeanInfo done
Event: 14.850 loading class java/lang/EnumBeanInfo
Event: 14.850 loading class java/lang/EnumBeanInfo done
Event: 14.850 loading class java/lang/EnumCustomizer
Event: 14.850 loading class java/lang/EnumCustomizer done
Event: 14.851 loading class java/lang/EnumCustomizer
Event: 14.851 loading class java/lang/EnumCustomizer done
Event: 14.895 loading class jdk/internal/math/FDBigInteger
Event: 14.896 loading class jdk/internal/math/FDBigInteger done
Event: 14.917 loading class java/util/zip/GZIPOutputStream
Event: 14.917 loading class java/util/zip/GZIPOutputStream done
Event: 14.917 loading class java/util/zip/GZIPInputStream
Event: 14.918 loading class java/util/zip/GZIPInputStream done
Event: 14.927 loading class java/lang/ThreadLocal$SuppliedThreadLocal
Event: 14.928 loading class java/lang/ThreadLocal$SuppliedThreadLocal done
Event: 15.094 Thread 0x000001d12139efe0 Thread added: 0x000001d12139efe0
Event: 15.180 loading class java/nio/file/AtomicMoveNotSupportedException
Event: 15.181 loading class java/nio/file/AtomicMoveNotSupportedException done
Event: 15.221 loading class java/io/FileWriter
Event: 15.221 loading class java/io/FileWriter done


Dynamic libraries:
0x00007ff7834c0000 - 0x00007ff7834ca000 	C:\Program Files\Android\Android Studio\jbr\bin\java.exe
0x00007ffb75230000 - 0x00007ffb75447000 	C:\WINDOWS\SYSTEM32\ntdll.dll
0x00007ffb73ee0000 - 0x00007ffb73fa4000 	C:\WINDOWS\System32\KERNEL32.DLL
0x00007ffb72810000 - 0x00007ffb72bb6000 	C:\WINDOWS\System32\KERNELBASE.dll
0x00007ffb72bc0000 - 0x00007ffb72cd1000 	C:\WINDOWS\System32\ucrtbase.dll
0x00007ffb668a0000 - 0x00007ffb668b7000 	C:\Program Files\Android\Android Studio\jbr\bin\jli.dll
0x00007ffb73040000 - 0x00007ffb731ed000 	C:\WINDOWS\System32\USER32.dll
0x00007ffb725b0000 - 0x00007ffb725d6000 	C:\WINDOWS\System32\win32u.dll
0x00007ffb629a0000 - 0x00007ffb62c33000 	C:\WINDOWS\WinSxS\amd64_microsoft.windows.common-controls_6595b64144ccf1df_6.0.22621.2361_none_2712ced57382f843\COMCTL32.dll
0x00007ffb741f0000 - 0x00007ffb74219000 	C:\WINDOWS\System32\GDI32.dll
0x00007ffb72680000 - 0x00007ffb72798000 	C:\WINDOWS\System32\gdi32full.dll
0x00007ffb725e0000 - 0x00007ffb7267a000 	C:\WINDOWS\System32\msvcp_win.dll
0x00007ffb74560000 - 0x00007ffb74607000 	C:\WINDOWS\System32\msvcrt.dll
0x00007ffb60ff0000 - 0x00007ffb6100b000 	C:\Program Files\Android\Android Studio\jbr\bin\VCRUNTIME140.dll
0x00007ffb73ea0000 - 0x00007ffb73ed1000 	C:\WINDOWS\System32\IMM32.DLL
0x00007ffb69560000 - 0x00007ffb6956c000 	C:\Program Files\Android\Android Studio\jbr\bin\vcruntime140_1.dll
0x00007ffb474e0000 - 0x00007ffb4756d000 	C:\Program Files\Android\Android Studio\jbr\bin\msvcp140.dll
0x00007ffafcbb0000 - 0x00007ffafd81d000 	C:\Program Files\Android\Android Studio\jbr\bin\server\jvm.dll
0x00007ffb72f90000 - 0x00007ffb73040000 	C:\WINDOWS\System32\ADVAPI32.dll
0x00007ffb73df0000 - 0x00007ffb73e96000 	C:\WINDOWS\System32\sechost.dll
0x00007ffb73a60000 - 0x00007ffb73b77000 	C:\WINDOWS\System32\RPCRT4.dll
0x00007ffb6ae80000 - 0x00007ffb6aeb4000 	C:\WINDOWS\SYSTEM32\WINMM.dll
0x00007ffb69590000 - 0x00007ffb69599000 	C:\WINDOWS\SYSTEM32\WSOCK32.dll
0x00007ffb66ef0000 - 0x00007ffb66efa000 	C:\WINDOWS\SYSTEM32\VERSION.dll
0x00007ffb73b80000 - 0x00007ffb73bf1000 	C:\WINDOWS\System32\ws2_32.DLL
0x00007ffb71550000 - 0x00007ffb71568000 	C:\WINDOWS\SYSTEM32\kernel.appcore.dll
0x00007ffb6bb70000 - 0x00007ffb6bb7a000 	C:\Program Files\Android\Android Studio\jbr\bin\jimage.dll
0x00007ffb6c3b0000 - 0x00007ffb6c5de000 	C:\WINDOWS\SYSTEM32\DBGHELP.DLL
0x00007ffb74820000 - 0x00007ffb74baa000 	C:\WINDOWS\System32\combase.dll
0x00007ffb73d00000 - 0x00007ffb73dd7000 	C:\WINDOWS\System32\OLEAUT32.dll
0x00007ffb67230000 - 0x00007ffb67262000 	C:\WINDOWS\SYSTEM32\dbgcore.DLL
0x00007ffb72f10000 - 0x00007ffb72f8a000 	C:\WINDOWS\System32\bcryptPrimitives.dll
0x00007ffb4d460000 - 0x00007ffb4d485000 	C:\Program Files\Android\Android Studio\jbr\bin\java.dll
0x00007ffb4d440000 - 0x00007ffb4d458000 	C:\Program Files\Android\Android Studio\jbr\bin\zip.dll
0x00007ffb731f0000 - 0x00007ffb73a48000 	C:\WINDOWS\System32\SHELL32.dll
0x00007ffb704c0000 - 0x00007ffb70db2000 	C:\WINDOWS\SYSTEM32\windows.storage.dll
0x00007ffb70380000 - 0x00007ffb704be000 	C:\WINDOWS\SYSTEM32\wintypes.dll
0x00007ffb74450000 - 0x00007ffb74543000 	C:\WINDOWS\System32\SHCORE.dll
0x00007ffb74190000 - 0x00007ffb741ee000 	C:\WINDOWS\System32\shlwapi.dll
0x00007ffb724e0000 - 0x00007ffb72506000 	C:\WINDOWS\SYSTEM32\profapi.dll
0x00007ffb4d050000 - 0x00007ffb4d069000 	C:\Program Files\Android\Android Studio\jbr\bin\net.dll
0x00007ffb697c0000 - 0x00007ffb698f7000 	C:\WINDOWS\SYSTEM32\WINHTTP.dll
0x00007ffb71a20000 - 0x00007ffb71a89000 	C:\WINDOWS\system32\mswsock.dll
0x00007ffb4a5b0000 - 0x00007ffb4a5c6000 	C:\Program Files\Android\Android Studio\jbr\bin\nio.dll
0x00007ffb4d430000 - 0x00007ffb4d440000 	C:\Program Files\Android\Android Studio\jbr\bin\verify.dll
0x00007ffb5cde0000 - 0x00007ffb5ce07000 	C:\Users\admin\.gradle\native\68d5fa5c4cc2d200863cafc0d521ce42e7d3e7ee720ec0a83991735586a16f82\windows-amd64\native-platform.dll
0x00007ffb368b0000 - 0x00007ffb369f4000 	C:\Users\admin\.gradle\native\e376f236ea51e6404a007f0833ffe2c6e607c4080706a723a18a27aeea778392\windows-amd64\native-platform-file-events.dll
0x00007ffb603e0000 - 0x00007ffb603e9000 	C:\Program Files\Android\Android Studio\jbr\bin\management.dll
0x00007ffb5fb30000 - 0x00007ffb5fb3b000 	C:\Program Files\Android\Android Studio\jbr\bin\management_ext.dll
0x00007ffb74550000 - 0x00007ffb74558000 	C:\WINDOWS\System32\PSAPI.DLL
0x00007ffb71d40000 - 0x00007ffb71d5b000 	C:\WINDOWS\SYSTEM32\CRYPTSP.dll
0x00007ffb71510000 - 0x00007ffb71545000 	C:\WINDOWS\system32\rsaenh.dll
0x00007ffb71ac0000 - 0x00007ffb71aec000 	C:\WINDOWS\SYSTEM32\USERENV.dll
0x00007ffb71e80000 - 0x00007ffb71ea8000 	C:\WINDOWS\SYSTEM32\bcrypt.dll
0x00007ffb71c20000 - 0x00007ffb71c2c000 	C:\WINDOWS\SYSTEM32\CRYPTBASE.dll
0x00007ffb71060000 - 0x00007ffb7108d000 	C:\WINDOWS\SYSTEM32\IPHLPAPI.DLL
0x00007ffb73a50000 - 0x00007ffb73a59000 	C:\WINDOWS\System32\NSI.dll
0x00007ffb6a200000 - 0x00007ffb6a219000 	C:\WINDOWS\SYSTEM32\dhcpcsvc6.DLL
0x00007ffb69cf0000 - 0x00007ffb69d0f000 	C:\WINDOWS\SYSTEM32\dhcpcsvc.DLL
0x00007ffb71090000 - 0x00007ffb71189000 	C:\WINDOWS\SYSTEM32\DNSAPI.dll
0x00007ffb4ca20000 - 0x00007ffb4ca28000 	C:\WINDOWS\system32\wshunix.dll

dbghelp: loaded successfully - version: 4.0.5 - missing functions: none
symbol engine: initialized successfully - sym options: 0x614 - pdb path: .;C:\Program Files\Android\Android Studio\jbr\bin;C:\WINDOWS\SYSTEM32;C:\WINDOWS\WinSxS\amd64_microsoft.windows.common-controls_6595b64144ccf1df_6.0.22621.2361_none_2712ced57382f843;C:\Program Files\Android\Android Studio\jbr\bin\server;C:\Users\admin\.gradle\native\68d5fa5c4cc2d200863cafc0d521ce42e7d3e7ee720ec0a83991735586a16f82\windows-amd64;C:\Users\admin\.gradle\native\e376f236ea51e6404a007f0833ffe2c6e607c4080706a723a18a27aeea778392\windows-amd64

VM Arguments:
jvm_args: --add-opens=java.base/java.util=ALL-UNNAMED --add-opens=java.base/java.lang=ALL-UNNAMED --add-opens=java.base/java.lang.invoke=ALL-UNNAMED --add-opens=java.prefs/java.util.prefs=ALL-UNNAMED --add-opens=java.base/java.nio.charset=ALL-UNNAMED --add-opens=java.base/java.net=ALL-UNNAMED --add-opens=java.base/java.util.concurrent.atomic=ALL-UNNAMED -Xmx2048m -Dfile.encoding=UTF-8 -Duser.country=US -Duser.language=en -Duser.variant 
java_command: org.gradle.launcher.daemon.bootstrap.GradleDaemon 8.0
java_class_path (initial): C:\Users\admin\.gradle\wrapper\dists\gradle-8.0-bin\ca5e32bp14vu59qr306oxotwh\gradle-8.0\lib\gradle-launcher-8.0.jar
Launcher Type: SUN_STANDARD

[Global flags]
     intx CICompilerCount                          = 4                                         {product} {ergonomic}
     uint ConcGCThreads                            = 2                                         {product} {ergonomic}
     uint G1ConcRefinementThreads                  = 8                                         {product} {ergonomic}
   size_t G1HeapRegionSize                         = 1048576                                   {product} {ergonomic}
    uintx GCDrainStackTargetSize                   = 64                                        {product} {ergonomic}
   size_t InitialHeapSize                          = 132120576                                 {product} {ergonomic}
   size_t MarkStackSize                            = 4194304                                   {product} {ergonomic}
   size_t MaxHeapSize                              = 2147483648                                {product} {command line}
   size_t MaxNewSize                               = 1287651328                                {product} {ergonomic}
   size_t MinHeapDeltaBytes                        = 1048576                                   {product} {ergonomic}
   size_t MinHeapSize                              = 8388608                                   {product} {ergonomic}
    uintx NonNMethodCodeHeapSize                   = 5839372                                {pd product} {ergonomic}
    uintx NonProfiledCodeHeapSize                  = 122909434                              {pd product} {ergonomic}
    uintx ProfiledCodeHeapSize                     = 122909434                              {pd product} {ergonomic}
    uintx ReservedCodeCacheSize                    = 251658240                              {pd product} {ergonomic}
     bool SegmentedCodeCache                       = true                                      {product} {ergonomic}
   size_t SoftMaxHeapSize                          = 2147483648                             {manageable} {ergonomic}
     bool UseCompressedClassPointers               = true                           {product lp64_product} {ergonomic}
     bool UseCompressedOops                        = true                           {product lp64_product} {ergonomic}
     bool UseG1GC                                  = true                                      {product} {ergonomic}
     bool UseLargePagesIndividualAllocation        = false                                  {pd product} {ergonomic}

Logging:
Log output configuration:
 #0: stdout all=warning uptime,level,tags
 #1: stderr all=off uptime,level,tags

Environment Variables:
PATH=C:\Program Files (x86)\VMware\VMware Player\bin\;C:\Program Files (x86)\Common Files\Oracle\Java\javapath;C:\Python311\Scripts\;C:\Python311\;C:\WINDOWS\system32;C:\WINDOWS;C:\WINDOWS\System32\Wbem;C:\WINDOWS\System32\WindowsPowerShell\v1.0\;C:\Program Files\Intel\WiFi\bin\;C:\Program Files\Common Files\Intel\WirelessCommon\;C:\WINDOWS\System32\OpenSSH\;C:\Program Files\nodejs\;C:\ProgramData\chocolatey\bin;C:\Program Files\Git\cmd;C:\Program Files\Amazon\AWSCLIV2\;C:\Program Files\PuTTY\;C:\Users\admin\AppData\Local\Microsoft\WindowsApps;C:\Users\admin\AppData\Local\Programs\Microsoft VS Code\bin;C:\Users\admin\AppData\Roaming\npm;C:\adb;C:\WINDOWS\system32;C:\WINDOWS;C:\WINDOWS\System32\Wbem;C:\WINDOWS\System32\WindowsPowerShell\v1.0\;C:\WINDOWS\System32\OpenSSH\;C:\Program Files\Docker\Docker\resources\bin;C:\Program Files\dotnet\;C:\Program Files\Intel\WiFi\bin\;C:\Program Files\Common Files\Intel\WirelessCommon\;C:\Users\admin\AppData\Local\Microsoft\WindowsApps;C:\Users\admin\AppData\Local\Programs\Microsoft VS Code\bin;C:\Users\admin\AppData\Roaming\npm;C:\Users\admin\.virtualenvs\appusers-_0EEPwMV\Scripts\;C:\Program Files (x86)\Nmap;C:\Users\admin\Documents\git\conectorSAP\nwrfcsdk\lib;
USERNAME=admin
OS=Windows_NT
PROCESSOR_IDENTIFIER=Intel64 Family 6 Model 142 Stepping 10, GenuineIntel
TMP=C:\Users\admin\AppData\Local\Temp
TEMP=C:\Users\admin\AppData\Local\Temp



---------------  S Y S T E M  ---------------

OS:
 Windows 11 , 64 bit Build 22621 (10.0.22621.2428)
OS uptime: 19 days 13:11 hours
Hyper-V role detected

CPU: total 8 (initial active 8) (4 cores per cpu, 2 threads per core) family 6 model 142 stepping 10 microcode 0xec, cx8, cmov, fxsr, ht, mmx, 3dnowpref, sse, sse2, sse3, ssse3, sse4.1, sse4.2, popcnt, lzcnt, tsc, tscinvbit, avx, avx2, aes, erms, clmul, bmi1, bmi2, adx, fma, vzeroupper, clflush, clflushopt, hv

Memory: 4k page, system-wide physical 8050M (236M free)
TotalPageFile size 32626M (AvailPageFile size 14M)
current process WorkingSet (physical memory assigned to process): 273M, peak: 273M
current process commit charge ("private bytes"): 309M, peak: 322M

vm_info: OpenJDK 64-Bit Server VM (17.0.6+0-b2043.56-9586694) for windows-amd64 JRE (17.0.6+0-b2043.56-9586694), built on Feb  9 2023 20:06:20 by "androidbuild" with MS VC++ 16.10 / 16.11 (VS2019)

END.
