#
# There is insufficient memory for the Java Runtime Environment to continue.
# Native memory allocation (mmap) failed to map 56623104 bytes for G1 virtual space
# Possible reasons:
#   The system is out of physical RAM or swap space
#   The process is running with CompressedOops enabled, and the Java Heap may be blocking the growth of the native heap
# Possible solutions:
#   Reduce memory load on the system
#   Increase physical memory or swap space
#   Check if swap backing store is full
#   Decrease Java heap size (-Xmx/-Xms)
#   Decrease number of Java threads
#   Decrease Java thread stack sizes (-Xss)
#   Set larger code cache with -XX:ReservedCodeCacheSize=
#   JVM is running with Unscaled Compressed Oops mode in which the Java heap is
#     placed in the first 4GB address space. The Java Heap base address is the
#     maximum limit for the native heap growth. Please use -XX:HeapBaseMinAddress
#     to set the Java Heap base and to place the Java Heap above 4GB virtual address.
# This output file may be truncated or incomplete.
#
#  Out of Memory Error (os_windows.cpp:3769), pid=15276, tid=48616
#
# JRE version: OpenJDK Runtime Environment (17.0.6) (build 17.0.6+0-b2043.56-9586694)
# Java VM: OpenJDK 64-Bit Server VM (17.0.6+0-b2043.56-9586694, mixed mode, tiered, compressed oops, compressed class ptrs, g1 gc, windows-amd64)
# No core dump will be written. Minidumps are not enabled by default on client versions of Windows
#

---------------  S U M M A R Y ------------

Command Line: --add-opens=java.base/java.util=ALL-UNNAMED --add-opens=java.base/java.lang=ALL-UNNAMED --add-opens=java.base/java.lang.invoke=ALL-UNNAMED --add-opens=java.prefs/java.util.prefs=ALL-UNNAMED --add-opens=java.base/java.nio.charset=ALL-UNNAMED --add-opens=java.base/java.net=ALL-UNNAMED --add-opens=java.base/java.util.concurrent.atomic=ALL-UNNAMED -Xmx2048m -Dfile.encoding=UTF-8 -Duser.country=US -Duser.language=en -Duser.variant org.gradle.launcher.daemon.bootstrap.GradleDaemon 8.0

Host: Intel(R) Core(TM) i5-8250U CPU @ 1.60GHz, 8 cores, 7G,  Windows 11 , 64 bit Build 22621 (10.0.22621.2428)
Time: Mon Oct 30 14:34:55 2023 Venezuela Standard Time elapsed time: 21.753569 seconds (0d 0h 0m 21s)

---------------  T H R E A D  ---------------

Current thread (0x000001619e0ca170):  VMThread "VM Thread" [stack: 0x0000001da4200000,0x0000001da4300000] [id=48616]

Stack: [0x0000001da4200000,0x0000001da4300000]
Native frames: (J=compiled Java code, j=interpreted, Vv=VM code, C=native code)
V  [jvm.dll+0x683b4a]
V  [jvm.dll+0x842654]
V  [jvm.dll+0x843dfe]
V  [jvm.dll+0x844463]
V  [jvm.dll+0x249b75]
V  [jvm.dll+0x680a19]
V  [jvm.dll+0x674f0a]
V  [jvm.dll+0x309acb]
V  [jvm.dll+0x310f86]
V  [jvm.dll+0x3608ee]
V  [jvm.dll+0x360b1f]
V  [jvm.dll+0x2dfbf8]
V  [jvm.dll+0x2ddec4]
V  [jvm.dll+0x2dd4cc]
V  [jvm.dll+0x321f3b]
V  [jvm.dll+0x84893b]
V  [jvm.dll+0x849674]
V  [jvm.dll+0x849b8d]
V  [jvm.dll+0x849f64]
V  [jvm.dll+0x84a030]
V  [jvm.dll+0x7f25fa]
V  [jvm.dll+0x682985]
C  [ucrtbase.dll+0x29363]
C  [KERNEL32.DLL+0x1257d]
C  [ntdll.dll+0x5aa78]

VM_Operation (0x0000001da59f5a10): G1CollectForAllocation, mode: safepoint, requested by thread 0x000001619fa945e0


---------------  P R O C E S S  ---------------

Threads class SMR info:
_java_thread_list=0x00000161a3277a00, length=125, elements={
0x000001618426a920, 0x000001619ec13260, 0x000001619ec14780, 0x000001619e0e0e40,
0x000001619e0e1900, 0x000001619ec36bc0, 0x000001619ec37c20, 0x000001619ec3bd10,
0x000001619ec3d600, 0x000001619ec58e60, 0x000001619edbf9c0, 0x000001619edbfe90,
0x00000161a117f010, 0x000001619fa95580, 0x00000161a0329140, 0x00000161a11b3050,
0x000001619fa915c0, 0x000001619fa94ab0, 0x000001619fa945e0, 0x000001619fa94f80,
0x000001619fa91a90, 0x000001619fa91f60, 0x000001619fa94110, 0x000001619fa92430,
0x000001619fa92900, 0x000001619fa932a0, 0x000001619fa93c40, 0x000001619fa92dd0,
0x000001619fa93770, 0x00000161a15448b0, 0x00000161a1541890, 0x00000161a153f6e0,
0x00000161a153d060, 0x00000161a1540550, 0x00000161a153e3a0, 0x00000161a1542700,
0x00000161a153d530, 0x00000161a1542bd0, 0x00000161a1543570, 0x00000161a15430a0,
0x00000161a153e870, 0x00000161a153da00, 0x00000161a1543f10, 0x00000161a153ed40,
0x00000161a153f210, 0x00000161a153fbb0, 0x00000161a1540080, 0x00000161a1540a20,
0x00000161a15413c0, 0x00000161a1e99220, 0x00000161a1e9e3f0, 0x00000161a1e983b0,
0x00000161a1e98880, 0x00000161a1e9d580, 0x00000161a1e9b3d0, 0x00000161a1e99bc0,
0x00000161a1e9aa30, 0x00000161a1e9da50, 0x00000161a1e98d50, 0x00000161a1e9a090,
0x00000161a1e9df20, 0x00000161a1e996f0, 0x00000161a1e9e8c0, 0x00000161a1e9d0b0,
0x00000161a1e9a560, 0x00000161a1e97070, 0x00000161a1e9b8a0, 0x00000161a1e97ee0,
0x00000161a1e9af00, 0x00000161a1e9c710, 0x00000161a1e9bd70, 0x00000161a1e97540,
0x00000161a1e9c240, 0x00000161a1e9cbe0, 0x00000161a1e97a10, 0x00000161a2f25bb0,
0x00000161a2f27d60, 0x00000161a2f24d40, 0x00000161a2f29f10, 0x00000161a2f26a20,
0x00000161a2f2a3e0, 0x00000161a2f23530, 0x00000161a2f2a8b0, 0x00000161a2f27890,
0x00000161a2f26550, 0x00000161a2f29a40, 0x00000161a2f23a00, 0x00000161a2f28bd0,
0x00000161a2f29570, 0x00000161a2f26ef0, 0x00000161a2f273c0, 0x00000161a2f23060,
0x00000161a2f28230, 0x00000161a2f28700, 0x00000161a2f290a0, 0x00000161a2f23ed0,
0x00000161a2f25210, 0x00000161a2f26080, 0x00000161a2f243a0, 0x00000161a2f24870,
0x00000161a2f256e0, 0x00000161a2d3e9d0, 0x00000161a2d41520, 0x00000161a2d406b0,
0x00000161a2d40b80, 0x00000161a2d3f370, 0x00000161a2d419f0, 0x00000161a2d3e030,
0x00000161a2d3e500, 0x00000161a2d3f840, 0x00000161a2d3eea0, 0x00000161a2d3fd10,
0x00000161a2d401e0, 0x00000161a2d41050, 0x000001619f92fb00, 0x000001619f92f630,
0x000001619f92b7a0, 0x000001619f92ae00, 0x000001619f92ffd0, 0x000001619f92f160,
0x000001619f92bc70, 0x000001619f92e7c0, 0x000001619f92c140, 0x000001619f931310,
0x000001619f9317e0
}

Java Threads: ( => current thread )
  0x000001618426a920 JavaThread "main" [_thread_blocked, id=5456, stack(0x0000001da3c00000,0x0000001da3d00000)]
  0x000001619ec13260 JavaThread "Reference Handler" daemon [_thread_blocked, id=30416, stack(0x0000001da4300000,0x0000001da4400000)]
  0x000001619ec14780 JavaThread "Finalizer" daemon [_thread_blocked, id=39516, stack(0x0000001da4400000,0x0000001da4500000)]
  0x000001619e0e0e40 JavaThread "Signal Dispatcher" daemon [_thread_blocked, id=53952, stack(0x0000001da4500000,0x0000001da4600000)]
  0x000001619e0e1900 JavaThread "Attach Listener" daemon [_thread_blocked, id=23652, stack(0x0000001da4600000,0x0000001da4700000)]
  0x000001619ec36bc0 JavaThread "Service Thread" daemon [_thread_blocked, id=13704, stack(0x0000001da4700000,0x0000001da4800000)]
  0x000001619ec37c20 JavaThread "Monitor Deflation Thread" daemon [_thread_blocked, id=22016, stack(0x0000001da4800000,0x0000001da4900000)]
  0x000001619ec3bd10 JavaThread "C2 CompilerThread0" daemon [_thread_in_native, id=5276, stack(0x0000001da4900000,0x0000001da4a00000)]
  0x000001619ec3d600 JavaThread "C1 CompilerThread0" daemon [_thread_blocked, id=18796, stack(0x0000001da4a00000,0x0000001da4b00000)]
  0x000001619ec58e60 JavaThread "Sweeper thread" daemon [_thread_blocked, id=53892, stack(0x0000001da4b00000,0x0000001da4c00000)]
  0x000001619edbf9c0 JavaThread "Common-Cleaner" daemon [_thread_blocked, id=36068, stack(0x0000001da4c00000,0x0000001da4d00000)]
  0x000001619edbfe90 JavaThread "Notification Thread" daemon [_thread_blocked, id=16408, stack(0x0000001da4d00000,0x0000001da4e00000)]
  0x00000161a117f010 JavaThread "Daemon health stats" [_thread_blocked, id=40144, stack(0x0000001da5300000,0x0000001da5400000)]
  0x000001619fa95580 JavaThread "Incoming local TCP Connector on port 64008" [_thread_in_native, id=44044, stack(0x0000001da5400000,0x0000001da5500000)]
  0x00000161a0329140 JavaThread "Daemon periodic checks" [_thread_blocked, id=13032, stack(0x0000001da5500000,0x0000001da5600000)]
  0x00000161a11b3050 JavaThread "Daemon" [_thread_blocked, id=656, stack(0x0000001da5600000,0x0000001da5700000)]
  0x000001619fa915c0 JavaThread "Handler for socket connection from /127.0.0.1:64008 to /127.0.0.1:64009" [_thread_in_native, id=36784, stack(0x0000001da5700000,0x0000001da5800000)]
  0x000001619fa94ab0 JavaThread "Cancel handler" [_thread_blocked, id=40624, stack(0x0000001da5800000,0x0000001da5900000)]
  0x000001619fa945e0 JavaThread "Daemon worker" [_thread_blocked, id=52100, stack(0x0000001da5900000,0x0000001da5a00000)]
  0x000001619fa94f80 JavaThread "Asynchronous log dispatcher for DefaultDaemonConnection: socket connection from /127.0.0.1:64008 to /127.0.0.1:64009" [_thread_blocked, id=45956, stack(0x0000001da5a00000,0x0000001da5b00000)]
  0x000001619fa91a90 JavaThread "Stdin handler" [_thread_blocked, id=28220, stack(0x0000001da5b00000,0x0000001da5c00000)]
  0x000001619fa91f60 JavaThread "Daemon client event forwarder" [_thread_blocked, id=22424, stack(0x0000001da5c00000,0x0000001da5d00000)]
  0x000001619fa94110 JavaThread "Cache worker for journal cache (C:\Users\admin\.gradle\caches\journal-1)" [_thread_blocked, id=42996, stack(0x0000001da6100000,0x0000001da6200000)]
  0x000001619fa92430 JavaThread "File lock request listener" [_thread_in_native, id=12520, stack(0x0000001da6200000,0x0000001da6300000)]
  0x000001619fa92900 JavaThread "Cache worker for file hash cache (C:\Users\admin\.gradle\caches\8.0\fileHashes)" [_thread_blocked, id=50660, stack(0x0000001da6300000,0x0000001da6400000)]
  0x000001619fa932a0 JavaThread "File watcher server" daemon [_thread_in_native, id=41328, stack(0x0000001da6400000,0x0000001da6500000)]
  0x000001619fa93c40 JavaThread "File watcher consumer" daemon [_thread_blocked, id=24992, stack(0x0000001da6500000,0x0000001da6600000)]
  0x000001619fa92dd0 JavaThread "Cache worker for checksums cache (C:\Users\admin\AndroidStudioProjects\AppREMAN\.gradle\8.0\checksums)" [_thread_blocked, id=39708, stack(0x0000001da6600000,0x0000001da6700000)]
  0x000001619fa93770 JavaThread "Cache worker for cache directory md-rule (C:\Users\admin\.gradle\caches\8.0\md-rule)" [_thread_blocked, id=24864, stack(0x0000001da6700000,0x0000001da6800000)]
  0x00000161a15448b0 JavaThread "Cache worker for file content cache (C:\Users\admin\.gradle\caches\8.0\fileContent)" [_thread_blocked, id=4132, stack(0x0000001da6800000,0x0000001da6900000)]
  0x00000161a1541890 JavaThread "Cache worker for file hash cache (C:\Users\admin\AndroidStudioProjects\AppREMAN\.gradle\8.0\fileHashes)" [_thread_blocked, id=24712, stack(0x0000001da6900000,0x0000001da6a00000)]
  0x00000161a153f6e0 JavaThread "Cache worker for cache directory md-supplier (C:\Users\admin\.gradle\caches\8.0\md-supplier)" [_thread_blocked, id=38468, stack(0x0000001da6a00000,0x0000001da6b00000)]
  0x00000161a153d060 JavaThread "Cache worker for execution history cache (C:\Users\admin\.gradle\caches\8.0\executionHistory)" [_thread_blocked, id=35620, stack(0x0000001da6b00000,0x0000001da6c00000)]
  0x00000161a1540550 JavaThread "jar transforms" [_thread_blocked, id=29660, stack(0x0000001da6c00000,0x0000001da6d00000)]
  0x00000161a153e3a0 JavaThread "jar transforms Thread 2" [_thread_blocked, id=37520, stack(0x0000001da6d00000,0x0000001da6e00000)]
  0x00000161a1542700 JavaThread "jar transforms Thread 3" [_thread_blocked, id=27388, stack(0x0000001da6f00000,0x0000001da7000000)]
  0x00000161a153d530 JavaThread "jar transforms Thread 4" [_thread_blocked, id=46712, stack(0x0000001da7000000,0x0000001da7100000)]
  0x00000161a1542bd0 JavaThread "Cache worker for dependencies-accessors (C:\Users\admin\AndroidStudioProjects\AppREMAN\.gradle\8.0\dependencies-accessors)" [_thread_blocked, id=53920, stack(0x0000001da7100000,0x0000001da7200000)]
  0x00000161a1543570 JavaThread "jar transforms Thread 5" [_thread_blocked, id=23776, stack(0x0000001da7200000,0x0000001da7300000)]
  0x00000161a15430a0 JavaThread "Cache worker for Build Output Cleanup Cache (C:\Users\admin\AndroidStudioProjects\AppREMAN\.gradle\buildOutputCleanup)" [_thread_blocked, id=5912, stack(0x0000001da7300000,0x0000001da7400000)]
  0x00000161a153e870 JavaThread "Unconstrained build operations" [_thread_blocked, id=52084, stack(0x0000001da7500000,0x0000001da7600000)]
  0x00000161a153da00 JavaThread "Unconstrained build operations Thread 2" [_thread_blocked, id=33580, stack(0x0000001da7600000,0x0000001da7700000)]
  0x00000161a1543f10 JavaThread "Unconstrained build operations Thread 3" [_thread_blocked, id=22836, stack(0x0000001da7700000,0x0000001da7800000)]
  0x00000161a153ed40 JavaThread "Unconstrained build operations Thread 4" [_thread_blocked, id=43352, stack(0x0000001da7800000,0x0000001da7900000)]
  0x00000161a153f210 JavaThread "Unconstrained build operations Thread 5" [_thread_blocked, id=11976, stack(0x0000001da7900000,0x0000001da7a00000)]
  0x00000161a153fbb0 JavaThread "Unconstrained build operations Thread 6" [_thread_blocked, id=308, stack(0x0000001da7a00000,0x0000001da7b00000)]
  0x00000161a1540080 JavaThread "Unconstrained build operations Thread 7" [_thread_blocked, id=20668, stack(0x0000001da7b00000,0x0000001da7c00000)]
  0x00000161a1540a20 JavaThread "Unconstrained build operations Thread 8" [_thread_blocked, id=5244, stack(0x0000001da7c00000,0x0000001da7d00000)]
  0x00000161a15413c0 JavaThread "Unconstrained build operations Thread 9" [_thread_blocked, id=20700, stack(0x0000001da7d00000,0x0000001da7e00000)]
  0x00000161a1e99220 JavaThread "Unconstrained build operations Thread 10" [_thread_blocked, id=25616, stack(0x0000001da7e00000,0x0000001da7f00000)]
  0x00000161a1e9e3f0 JavaThread "Unconstrained build operations Thread 11" [_thread_blocked, id=36532, stack(0x0000001da7f00000,0x0000001da8000000)]
  0x00000161a1e983b0 JavaThread "Unconstrained build operations Thread 12" [_thread_blocked, id=44204, stack(0x0000001da8000000,0x0000001da8100000)]
  0x00000161a1e98880 JavaThread "Unconstrained build operations Thread 13" [_thread_blocked, id=40464, stack(0x0000001da8100000,0x0000001da8200000)]
  0x00000161a1e9d580 JavaThread "Unconstrained build operations Thread 14" [_thread_blocked, id=52200, stack(0x0000001da8200000,0x0000001da8300000)]
  0x00000161a1e9b3d0 JavaThread "Unconstrained build operations Thread 15" [_thread_blocked, id=1560, stack(0x0000001da8300000,0x0000001da8400000)]
  0x00000161a1e99bc0 JavaThread "Unconstrained build operations Thread 16" [_thread_blocked, id=28660, stack(0x0000001da8400000,0x0000001da8500000)]
  0x00000161a1e9aa30 JavaThread "Unconstrained build operations Thread 17" [_thread_blocked, id=27736, stack(0x0000001da8500000,0x0000001da8600000)]
  0x00000161a1e9da50 JavaThread "Unconstrained build operations Thread 18" [_thread_blocked, id=22972, stack(0x0000001da8600000,0x0000001da8700000)]
  0x00000161a1e98d50 JavaThread "Unconstrained build operations Thread 19" [_thread_blocked, id=41956, stack(0x0000001da8700000,0x0000001da8800000)]
  0x00000161a1e9a090 JavaThread "Unconstrained build operations Thread 20" [_thread_blocked, id=53336, stack(0x0000001da8800000,0x0000001da8900000)]
  0x00000161a1e9df20 JavaThread "Unconstrained build operations Thread 21" [_thread_blocked, id=26884, stack(0x0000001da8900000,0x0000001da8a00000)]
  0x00000161a1e996f0 JavaThread "Unconstrained build operations Thread 22" [_thread_blocked, id=32384, stack(0x0000001da8a00000,0x0000001da8b00000)]
  0x00000161a1e9e8c0 JavaThread "Unconstrained build operations Thread 23" [_thread_blocked, id=48340, stack(0x0000001da8b00000,0x0000001da8c00000)]
  0x00000161a1e9d0b0 JavaThread "Unconstrained build operations Thread 24" [_thread_blocked, id=40240, stack(0x0000001da8c00000,0x0000001da8d00000)]
  0x00000161a1e9a560 JavaThread "Unconstrained build operations Thread 25" [_thread_blocked, id=20048, stack(0x0000001da8d00000,0x0000001da8e00000)]
  0x00000161a1e97070 JavaThread "Unconstrained build operations Thread 26" [_thread_blocked, id=37028, stack(0x0000001da8e00000,0x0000001da8f00000)]
  0x00000161a1e9b8a0 JavaThread "Unconstrained build operations Thread 27" [_thread_blocked, id=34256, stack(0x0000001da8f00000,0x0000001da9000000)]
  0x00000161a1e97ee0 JavaThread "Unconstrained build operations Thread 28" [_thread_blocked, id=18724, stack(0x0000001da9000000,0x0000001da9100000)]
  0x00000161a1e9af00 JavaThread "Unconstrained build operations Thread 29" [_thread_blocked, id=12868, stack(0x0000001da9100000,0x0000001da9200000)]
  0x00000161a1e9c710 JavaThread "Unconstrained build operations Thread 30" [_thread_blocked, id=2720, stack(0x0000001da9200000,0x0000001da9300000)]
  0x00000161a1e9bd70 JavaThread "Unconstrained build operations Thread 31" [_thread_blocked, id=44416, stack(0x0000001da9300000,0x0000001da9400000)]
  0x00000161a1e97540 JavaThread "Unconstrained build operations Thread 32" [_thread_blocked, id=31852, stack(0x0000001da9400000,0x0000001da9500000)]
  0x00000161a1e9c240 JavaThread "Unconstrained build operations Thread 33" [_thread_blocked, id=46556, stack(0x0000001da9500000,0x0000001da9600000)]
  0x00000161a1e9cbe0 JavaThread "Unconstrained build operations Thread 34" [_thread_blocked, id=19480, stack(0x0000001da9600000,0x0000001da9700000)]
  0x00000161a1e97a10 JavaThread "Unconstrained build operations Thread 35" [_thread_blocked, id=51240, stack(0x0000001da9700000,0x0000001da9800000)]
  0x00000161a2f25bb0 JavaThread "Unconstrained build operations Thread 36" [_thread_blocked, id=45024, stack(0x0000001da9800000,0x0000001da9900000)]
  0x00000161a2f27d60 JavaThread "Unconstrained build operations Thread 37" [_thread_blocked, id=33744, stack(0x0000001da9900000,0x0000001da9a00000)]
  0x00000161a2f24d40 JavaThread "Unconstrained build operations Thread 38" [_thread_blocked, id=36404, stack(0x0000001da9a00000,0x0000001da9b00000)]
  0x00000161a2f29f10 JavaThread "Unconstrained build operations Thread 39" [_thread_blocked, id=30176, stack(0x0000001da9b00000,0x0000001da9c00000)]
  0x00000161a2f26a20 JavaThread "Unconstrained build operations Thread 40" [_thread_blocked, id=54232, stack(0x0000001da9c00000,0x0000001da9d00000)]
  0x00000161a2f2a3e0 JavaThread "Unconstrained build operations Thread 41" [_thread_blocked, id=9756, stack(0x0000001da9d00000,0x0000001da9e00000)]
  0x00000161a2f23530 JavaThread "Unconstrained build operations Thread 42" [_thread_blocked, id=9508, stack(0x0000001da9e00000,0x0000001da9f00000)]
  0x00000161a2f2a8b0 JavaThread "Unconstrained build operations Thread 43" [_thread_blocked, id=28044, stack(0x0000001da9f00000,0x0000001daa000000)]
  0x00000161a2f27890 JavaThread "Unconstrained build operations Thread 44" [_thread_blocked, id=50708, stack(0x0000001daa000000,0x0000001daa100000)]
  0x00000161a2f26550 JavaThread "Unconstrained build operations Thread 45" [_thread_blocked, id=38432, stack(0x0000001daa100000,0x0000001daa200000)]
  0x00000161a2f29a40 JavaThread "Unconstrained build operations Thread 46" [_thread_blocked, id=26740, stack(0x0000001daa200000,0x0000001daa300000)]
  0x00000161a2f23a00 JavaThread "Unconstrained build operations Thread 47" [_thread_blocked, id=5076, stack(0x0000001daa300000,0x0000001daa400000)]
  0x00000161a2f28bd0 JavaThread "Unconstrained build operations Thread 48" [_thread_blocked, id=44424, stack(0x0000001daa400000,0x0000001daa500000)]
  0x00000161a2f29570 JavaThread "Unconstrained build operations Thread 49" [_thread_blocked, id=31072, stack(0x0000001daa500000,0x0000001daa600000)]
  0x00000161a2f26ef0 JavaThread "Unconstrained build operations Thread 50" [_thread_blocked, id=47972, stack(0x0000001daa600000,0x0000001daa700000)]
  0x00000161a2f273c0 JavaThread "Unconstrained build operations Thread 51" [_thread_blocked, id=22728, stack(0x0000001daa700000,0x0000001daa800000)]
  0x00000161a2f23060 JavaThread "Unconstrained build operations Thread 52" [_thread_blocked, id=12264, stack(0x0000001daa800000,0x0000001daa900000)]
  0x00000161a2f28230 JavaThread "Unconstrained build operations Thread 53" [_thread_blocked, id=8308, stack(0x0000001daa900000,0x0000001daaa00000)]
  0x00000161a2f28700 JavaThread "Unconstrained build operations Thread 54" [_thread_blocked, id=16928, stack(0x0000001daaa00000,0x0000001daab00000)]
  0x00000161a2f290a0 JavaThread "Unconstrained build operations Thread 55" [_thread_blocked, id=14256, stack(0x0000001daab00000,0x0000001daac00000)]
  0x00000161a2f23ed0 JavaThread "Unconstrained build operations Thread 56" [_thread_blocked, id=53828, stack(0x0000001daac00000,0x0000001daad00000)]
  0x00000161a2f25210 JavaThread "Unconstrained build operations Thread 57" [_thread_blocked, id=49808, stack(0x0000001daad00000,0x0000001daae00000)]
  0x00000161a2f26080 JavaThread "Unconstrained build operations Thread 58" [_thread_blocked, id=10808, stack(0x0000001daae00000,0x0000001daaf00000)]
  0x00000161a2f243a0 JavaThread "Unconstrained build operations Thread 59" [_thread_blocked, id=33944, stack(0x0000001daaf00000,0x0000001dab000000)]
  0x00000161a2f24870 JavaThread "Unconstrained build operations Thread 60" [_thread_blocked, id=39096, stack(0x0000001dab000000,0x0000001dab100000)]
  0x00000161a2f256e0 JavaThread "Unconstrained build operations Thread 61" [_thread_blocked, id=17672, stack(0x0000001dab100000,0x0000001dab200000)]
  0x00000161a2d3e9d0 JavaThread "Unconstrained build operations Thread 62" [_thread_blocked, id=3216, stack(0x0000001dab200000,0x0000001dab300000)]
  0x00000161a2d41520 JavaThread "Unconstrained build operations Thread 63" [_thread_blocked, id=22572, stack(0x0000001dab300000,0x0000001dab400000)]
  0x00000161a2d406b0 JavaThread "Unconstrained build operations Thread 64" [_thread_blocked, id=22896, stack(0x0000001dab400000,0x0000001dab500000)]
  0x00000161a2d40b80 JavaThread "Unconstrained build operations Thread 65" [_thread_blocked, id=24792, stack(0x0000001dab500000,0x0000001dab600000)]
  0x00000161a2d3f370 JavaThread "Unconstrained build operations Thread 66" [_thread_blocked, id=15548, stack(0x0000001dab600000,0x0000001dab700000)]
  0x00000161a2d419f0 JavaThread "Unconstrained build operations Thread 67" [_thread_blocked, id=36796, stack(0x0000001dab700000,0x0000001dab800000)]
  0x00000161a2d3e030 JavaThread "Unconstrained build operations Thread 68" [_thread_blocked, id=33740, stack(0x0000001dab800000,0x0000001dab900000)]
  0x00000161a2d3e500 JavaThread "Unconstrained build operations Thread 69" [_thread_blocked, id=40000, stack(0x0000001dab900000,0x0000001daba00000)]
  0x00000161a2d3f840 JavaThread "Unconstrained build operations Thread 70" [_thread_blocked, id=11228, stack(0x0000001daba00000,0x0000001dabb00000)]
  0x00000161a2d3eea0 JavaThread "Unconstrained build operations Thread 71" [_thread_blocked, id=31428, stack(0x0000001dabb00000,0x0000001dabc00000)]
  0x00000161a2d3fd10 JavaThread "Unconstrained build operations Thread 72" [_thread_blocked, id=41584, stack(0x0000001dabc00000,0x0000001dabd00000)]
  0x00000161a2d401e0 JavaThread "Unconstrained build operations Thread 73" [_thread_blocked, id=13648, stack(0x0000001dabd00000,0x0000001dabe00000)]
  0x00000161a2d41050 JavaThread "Unconstrained build operations Thread 74" [_thread_blocked, id=34024, stack(0x0000001dabe00000,0x0000001dabf00000)]
  0x000001619f92fb00 JavaThread "Unconstrained build operations Thread 75" [_thread_blocked, id=50072, stack(0x0000001dabf00000,0x0000001dac000000)]
  0x000001619f92f630 JavaThread "Unconstrained build operations Thread 76" [_thread_blocked, id=20224, stack(0x0000001dac000000,0x0000001dac100000)]
  0x000001619f92b7a0 JavaThread "Unconstrained build operations Thread 77" [_thread_blocked, id=52352, stack(0x0000001dac100000,0x0000001dac200000)]
  0x000001619f92ae00 JavaThread "Unconstrained build operations Thread 78" [_thread_blocked, id=34412, stack(0x0000001dac200000,0x0000001dac300000)]
  0x000001619f92ffd0 JavaThread "Unconstrained build operations Thread 79" [_thread_blocked, id=22044, stack(0x0000001dac300000,0x0000001dac400000)]
  0x000001619f92f160 JavaThread "Unconstrained build operations Thread 80" [_thread_blocked, id=39608, stack(0x0000001dac400000,0x0000001dac500000)]
  0x000001619f92bc70 JavaThread "jar transforms Thread 6" [_thread_blocked, id=40204, stack(0x0000001dac500000,0x0000001dac600000)]
  0x000001619f92e7c0 JavaThread "jar transforms Thread 7" [_thread_blocked, id=11600, stack(0x0000001dac600000,0x0000001dac700000)]
  0x000001619f92c140 JavaThread "jar transforms Thread 8" [_thread_blocked, id=50520, stack(0x0000001dac700000,0x0000001dac800000)]
  0x000001619f931310 JavaThread "build event listener" [_thread_blocked, id=49076, stack(0x0000001dac800000,0x0000001dac900000)]
  0x000001619f9317e0 JavaThread "Memory manager" [_thread_blocked, id=44300, stack(0x0000001dac900000,0x0000001daca00000)]

Other Threads:
=>0x000001619e0ca170 VMThread "VM Thread" [stack: 0x0000001da4200000,0x0000001da4300000] [id=48616]
  0x000001619edc0360 WatcherThread [stack: 0x0000001da4e00000,0x0000001da4f00000] [id=45856]
  0x00000161842c59b0 GCTaskThread "GC Thread#0" [stack: 0x0000001da3d00000,0x0000001da3e00000] [id=26880]
  0x000001619fc10260 GCTaskThread "GC Thread#1" [stack: 0x0000001da5000000,0x0000001da5100000] [id=20452]
  0x000001619fc10510 GCTaskThread "GC Thread#2" [stack: 0x0000001da5100000,0x0000001da5200000] [id=16204]
  0x000001619f947460 GCTaskThread "GC Thread#3" [stack: 0x0000001da5200000,0x0000001da5300000] [id=20348]
  0x000001619f9f4c70 GCTaskThread "GC Thread#4" [stack: 0x0000001da4f00000,0x0000001da5000000] [id=15748]
  0x000001619ef1c030 GCTaskThread "GC Thread#5" [stack: 0x0000001da5d00000,0x0000001da5e00000] [id=26840]
  0x000001619ef1c2e0 GCTaskThread "GC Thread#6" [stack: 0x0000001da5e00000,0x0000001da5f00000] [id=8076]
  0x000001619ef1c590 GCTaskThread "GC Thread#7" [stack: 0x0000001da5f00000,0x0000001da6000000] [id=46416]
  0x00000161842d6800 ConcurrentGCThread "G1 Main Marker" [stack: 0x0000001da3e00000,0x0000001da3f00000] [id=10620]
  0x00000161842d7120 ConcurrentGCThread "G1 Conc#0" [stack: 0x0000001da3f00000,0x0000001da4000000] [id=47596]
  0x00000161a1197f10 ConcurrentGCThread "G1 Conc#1" [stack: 0x0000001da6000000,0x0000001da6100000] [id=29300]
  0x000001619df224c0 ConcurrentGCThread "G1 Refine#0" [stack: 0x0000001da4000000,0x0000001da4100000] [id=26216]
  0x00000161a1792210 ConcurrentGCThread "G1 Refine#1" [stack: 0x0000001da6e00000,0x0000001da6f00000] [id=6092]
  0x000001619df22df0 ConcurrentGCThread "G1 Service" [stack: 0x0000001da4100000,0x0000001da4200000] [id=40940]

Threads with active compile tasks:
C2 CompilerThread0    21840 6612   !   4       java.net.URLClassLoader::findClass (47 bytes)

VM state: at safepoint (normal execution)

VM Mutex/Monitor currently owned by a thread:  ([mutex/lock_event])
[0x0000016184264f30] Threads_lock - owner thread: 0x000001619e0ca170
[0x0000016184264b40] Heap_lock - owner thread: 0x000001619fa945e0

Heap address: 0x0000000080000000, size: 2048 MB, Compressed Oops mode: 32-bit

CDS archive(s) not mapped
Compressed class space mapped at: 0x0000000100000000-0x0000000140000000, reserved size: 1073741824
Narrow klass base: 0x0000000000000000, Narrow klass shift: 3, Narrow klass range: 0x140000000

GC Precious Log:
 CPUs: 8 total, 8 available
 Memory: 8050M
 Large Page Support: Disabled
 NUMA Support: Disabled
 Compressed Oops: Enabled (32-bit)
 Heap Region Size: 1M
 Heap Min Capacity: 8M
 Heap Initial Capacity: 126M
 Heap Max Capacity: 2G
 Pre-touch: Disabled
 Parallel Workers: 8
 Concurrent Workers: 2
 Concurrent Refinement Workers: 8
 Periodic GC: Disabled

Heap:
 garbage-first heap   total 129024K, used 56402K [0x0000000080000000, 0x0000000100000000)
  region size 1024K, 3 young (3072K), 3 survivors (3072K)
 Metaspace       used 71897K, committed 72384K, reserved 1114112K
  class space    used 9486K, committed 9728K, reserved 1048576K

Heap Regions: E=young(eden), S=young(survivor), O=old, HS=humongous(starts), HC=humongous(continues), CS=collection set, F=free, OA=open archive, CA=closed archive, TAMS=top-at-mark-start (previous, next)
|   0|0x0000000080000000, 0x0000000080100000, 0x0000000080100000|100%|HS|  |TAMS 0x0000000080100000, 0x0000000080100000| Complete 
|   1|0x0000000080100000, 0x0000000080200000, 0x0000000080200000|100%|HC|  |TAMS 0x0000000080200000, 0x0000000080200000| Complete 
|   2|0x0000000080200000, 0x0000000080300000, 0x0000000080300000|100%|HC|  |TAMS 0x0000000080300000, 0x0000000080300000| Complete 
|   3|0x0000000080300000, 0x0000000080400000, 0x0000000080400000|100%|HC|  |TAMS 0x0000000080400000, 0x0000000080400000| Complete 
|   4|0x0000000080400000, 0x0000000080500000, 0x0000000080500000|100%| O|  |TAMS 0x0000000080500000, 0x0000000080500000| Untracked 
|   5|0x0000000080500000, 0x0000000080600000, 0x0000000080600000|100%| O|  |TAMS 0x0000000080500000, 0x0000000080600000| Untracked 
|   6|0x0000000080600000, 0x0000000080700000, 0x0000000080700000|100%| O|  |TAMS 0x0000000080700000, 0x0000000080700000| Untracked 
|   7|0x0000000080700000, 0x0000000080800000, 0x0000000080800000|100%| O|  |TAMS 0x0000000080800000, 0x0000000080800000| Untracked 
|   8|0x0000000080800000, 0x0000000080900000, 0x0000000080900000|100%| O|  |TAMS 0x0000000080900000, 0x0000000080900000| Untracked 
|   9|0x0000000080900000, 0x0000000080a00000, 0x0000000080a00000|100%| O|  |TAMS 0x0000000080a00000, 0x0000000080a00000| Untracked 
|  10|0x0000000080a00000, 0x0000000080b00000, 0x0000000080b00000|100%| O|  |TAMS 0x0000000080b00000, 0x0000000080b00000| Untracked 
|  11|0x0000000080b00000, 0x0000000080c00000, 0x0000000080c00000|100%| O|  |TAMS 0x0000000080c00000, 0x0000000080c00000| Untracked 
|  12|0x0000000080c00000, 0x0000000080d00000, 0x0000000080d00000|100%| O|  |TAMS 0x0000000080d00000, 0x0000000080d00000| Untracked 
|  13|0x0000000080d00000, 0x0000000080e00000, 0x0000000080e00000|100%| O|  |TAMS 0x0000000080e00000, 0x0000000080e00000| Untracked 
|  14|0x0000000080e00000, 0x0000000080f00000, 0x0000000080f00000|100%| O|  |TAMS 0x0000000080f00000, 0x0000000080f00000| Untracked 
|  15|0x0000000080f00000, 0x0000000081000000, 0x0000000081000000|100%| O|  |TAMS 0x0000000081000000, 0x0000000081000000| Untracked 
|  16|0x0000000081000000, 0x0000000081100000, 0x0000000081100000|100%| O|  |TAMS 0x0000000081100000, 0x0000000081100000| Untracked 
|  17|0x0000000081100000, 0x0000000081200000, 0x0000000081200000|100%| O|  |TAMS 0x0000000081200000, 0x0000000081200000| Untracked 
|  18|0x0000000081200000, 0x0000000081300000, 0x0000000081300000|100%| O|  |TAMS 0x0000000081300000, 0x0000000081300000| Untracked 
|  19|0x0000000081300000, 0x0000000081400000, 0x0000000081400000|100%| O|  |TAMS 0x0000000081400000, 0x0000000081400000| Untracked 
|  20|0x0000000081400000, 0x0000000081500000, 0x0000000081500000|100%| O|  |TAMS 0x0000000081500000, 0x0000000081500000| Untracked 
|  21|0x0000000081500000, 0x0000000081600000, 0x0000000081600000|100%| O|  |TAMS 0x0000000081600000, 0x0000000081600000| Untracked 
|  22|0x0000000081600000, 0x0000000081700000, 0x0000000081700000|100%| O|  |TAMS 0x0000000081700000, 0x0000000081700000| Untracked 
|  23|0x0000000081700000, 0x0000000081700000, 0x0000000081800000|  0%| F|  |TAMS 0x0000000081700000, 0x0000000081700000| Untracked 
|  24|0x0000000081800000, 0x0000000081900000, 0x0000000081900000|100%| O|  |TAMS 0x0000000081900000, 0x0000000081900000| Untracked 
|  25|0x0000000081900000, 0x0000000081a00000, 0x0000000081a00000|100%| O|  |TAMS 0x0000000081a00000, 0x0000000081a00000| Untracked 
|  26|0x0000000081a00000, 0x0000000081b00000, 0x0000000081b00000|100%| O|  |TAMS 0x0000000081b00000, 0x0000000081b00000| Untracked 
|  27|0x0000000081b00000, 0x0000000081c00000, 0x0000000081c00000|100%| O|  |TAMS 0x0000000081c00000, 0x0000000081c00000| Untracked 
|  28|0x0000000081c00000, 0x0000000081d00000, 0x0000000081d00000|100%| O|  |TAMS 0x0000000081d00000, 0x0000000081d00000| Untracked 
|  29|0x0000000081d00000, 0x0000000081e00000, 0x0000000081e00000|100%| O|  |TAMS 0x0000000081e00000, 0x0000000081e00000| Untracked 
|  30|0x0000000081e00000, 0x0000000081f00000, 0x0000000081f00000|100%| O|  |TAMS 0x0000000081f00000, 0x0000000081f00000| Untracked 
|  31|0x0000000081f00000, 0x0000000082000000, 0x0000000082000000|100%| O|  |TAMS 0x0000000082000000, 0x0000000082000000| Untracked 
|  32|0x0000000082000000, 0x0000000082100000, 0x0000000082100000|100%| O|  |TAMS 0x0000000082100000, 0x0000000082100000| Untracked 
|  33|0x0000000082100000, 0x0000000082200000, 0x0000000082200000|100%| O|  |TAMS 0x0000000082200000, 0x0000000082200000| Untracked 
|  34|0x0000000082200000, 0x0000000082300000, 0x0000000082300000|100%| O|  |TAMS 0x0000000082300000, 0x0000000082300000| Untracked 
|  35|0x0000000082300000, 0x0000000082400000, 0x0000000082400000|100%| O|  |TAMS 0x0000000082400000, 0x0000000082400000| Untracked 
|  36|0x0000000082400000, 0x0000000082500000, 0x0000000082500000|100%| O|  |TAMS 0x0000000082500000, 0x0000000082500000| Untracked 
|  37|0x0000000082500000, 0x0000000082600000, 0x0000000082600000|100%| O|  |TAMS 0x0000000082600000, 0x0000000082600000| Untracked 
|  38|0x0000000082600000, 0x0000000082700000, 0x0000000082700000|100%| O|  |TAMS 0x0000000082700000, 0x0000000082700000| Untracked 
|  39|0x0000000082700000, 0x0000000082800000, 0x0000000082800000|100%| O|  |TAMS 0x0000000082800000, 0x0000000082800000| Untracked 
|  40|0x0000000082800000, 0x0000000082900000, 0x0000000082900000|100%|HS|  |TAMS 0x0000000082900000, 0x0000000082900000| Complete 
|  41|0x0000000082900000, 0x0000000082a00000, 0x0000000082a00000|100%|HS|  |TAMS 0x0000000082a00000, 0x0000000082a00000| Complete 
|  42|0x0000000082a00000, 0x0000000082b00000, 0x0000000082b00000|100%| O|  |TAMS 0x0000000082b00000, 0x0000000082b00000| Untracked 
|  43|0x0000000082b00000, 0x0000000082c00000, 0x0000000082c00000|100%| O|  |TAMS 0x0000000082c00000, 0x0000000082c00000| Untracked 
|  44|0x0000000082c00000, 0x0000000082d00000, 0x0000000082d00000|100%| O|  |TAMS 0x0000000082d00000, 0x0000000082d00000| Untracked 
|  45|0x0000000082d00000, 0x0000000082e00000, 0x0000000082e00000|100%| O|  |TAMS 0x0000000082e00000, 0x0000000082e00000| Untracked 
|  46|0x0000000082e00000, 0x0000000082f00000, 0x0000000082f00000|100%| O|  |TAMS 0x0000000082f00000, 0x0000000082f00000| Untracked 
|  47|0x0000000082f00000, 0x0000000083000000, 0x0000000083000000|100%| O|  |TAMS 0x0000000083000000, 0x0000000083000000| Untracked 
|  48|0x0000000083000000, 0x0000000083100000, 0x0000000083100000|100%| O|  |TAMS 0x0000000083100000, 0x0000000083100000| Untracked 
|  49|0x0000000083100000, 0x0000000083200000, 0x0000000083200000|100%| O|  |TAMS 0x0000000083200000, 0x0000000083200000| Untracked 
|  50|0x0000000083200000, 0x0000000083300000, 0x0000000083300000|100%| O|  |TAMS 0x0000000083280200, 0x0000000083300000| Untracked 
|  51|0x0000000083300000, 0x0000000083400000, 0x0000000083400000|100%| O|  |TAMS 0x0000000083300000, 0x0000000083400000| Untracked 
|  52|0x0000000083400000, 0x00000000834eba00, 0x0000000083500000| 92%| O|  |TAMS 0x0000000083400000, 0x00000000834eba00| Untracked 
|  53|0x0000000083500000, 0x0000000083500000, 0x0000000083600000|  0%| F|  |TAMS 0x0000000083500000, 0x0000000083500000| Untracked 
|  54|0x0000000083600000, 0x0000000083600000, 0x0000000083700000|  0%| F|  |TAMS 0x0000000083600000, 0x0000000083600000| Untracked 
|  55|0x0000000083700000, 0x0000000083700000, 0x0000000083800000|  0%| F|  |TAMS 0x0000000083700000, 0x0000000083700000| Untracked 
|  56|0x0000000083800000, 0x0000000083900000, 0x0000000083900000|100%| O|  |TAMS 0x0000000083800000, 0x0000000083900000| Untracked 
|  57|0x0000000083900000, 0x0000000083900000, 0x0000000083a00000|  0%| F|  |TAMS 0x0000000083900000, 0x0000000083900000| Untracked 
|  58|0x0000000083a00000, 0x0000000083a00000, 0x0000000083b00000|  0%| F|  |TAMS 0x0000000083a00000, 0x0000000083a00000| Untracked 
|  59|0x0000000083b00000, 0x0000000083b00000, 0x0000000083c00000|  0%| F|  |TAMS 0x0000000083b00000, 0x0000000083b00000| Untracked 
|  60|0x0000000083c00000, 0x0000000083c00000, 0x0000000083d00000|  0%| F|  |TAMS 0x0000000083c00000, 0x0000000083c00000| Untracked 
|  61|0x0000000083d00000, 0x0000000083d00000, 0x0000000083e00000|  0%| F|  |TAMS 0x0000000083d00000, 0x0000000083d00000| Untracked 
|  62|0x0000000083e00000, 0x0000000083e00000, 0x0000000083f00000|  0%| F|  |TAMS 0x0000000083e00000, 0x0000000083e00000| Untracked 
|  63|0x0000000083f00000, 0x0000000083f00000, 0x0000000084000000|  0%| F|  |TAMS 0x0000000083f00000, 0x0000000083f00000| Untracked 
|  64|0x0000000084000000, 0x0000000084000000, 0x0000000084100000|  0%| F|  |TAMS 0x0000000084000000, 0x0000000084000000| Untracked 
|  65|0x0000000084100000, 0x0000000084100000, 0x0000000084200000|  0%| F|  |TAMS 0x0000000084100000, 0x0000000084100000| Untracked 
|  66|0x0000000084200000, 0x0000000084200000, 0x0000000084300000|  0%| F|  |TAMS 0x0000000084200000, 0x0000000084200000| Untracked 
|  67|0x0000000084300000, 0x0000000084300000, 0x0000000084400000|  0%| F|  |TAMS 0x0000000084300000, 0x0000000084300000| Untracked 
|  68|0x0000000084400000, 0x0000000084400000, 0x0000000084500000|  0%| F|  |TAMS 0x0000000084400000, 0x0000000084400000| Untracked 
|  69|0x0000000084500000, 0x0000000084500000, 0x0000000084600000|  0%| F|  |TAMS 0x0000000084500000, 0x0000000084500000| Untracked 
|  70|0x0000000084600000, 0x0000000084600000, 0x0000000084700000|  0%| F|  |TAMS 0x0000000084600000, 0x0000000084600000| Untracked 
|  71|0x0000000084700000, 0x0000000084700000, 0x0000000084800000|  0%| F|  |TAMS 0x0000000084700000, 0x0000000084700000| Untracked 
|  72|0x0000000084800000, 0x0000000084800000, 0x0000000084900000|  0%| F|  |TAMS 0x0000000084800000, 0x0000000084800000| Untracked 
|  73|0x0000000084900000, 0x0000000084900000, 0x0000000084a00000|  0%| F|  |TAMS 0x0000000084900000, 0x0000000084900000| Untracked 
|  74|0x0000000084a00000, 0x0000000084a00000, 0x0000000084b00000|  0%| F|  |TAMS 0x0000000084a00000, 0x0000000084a00000| Untracked 
|  75|0x0000000084b00000, 0x0000000084b00000, 0x0000000084c00000|  0%| F|  |TAMS 0x0000000084b00000, 0x0000000084b00000| Untracked 
|  76|0x0000000084c00000, 0x0000000084c00000, 0x0000000084d00000|  0%| F|  |TAMS 0x0000000084c00000, 0x0000000084c00000| Untracked 
|  77|0x0000000084d00000, 0x0000000084d00000, 0x0000000084e00000|  0%| F|  |TAMS 0x0000000084d00000, 0x0000000084d00000| Untracked 
|  78|0x0000000084e00000, 0x0000000084e00000, 0x0000000084f00000|  0%| F|  |TAMS 0x0000000084e00000, 0x0000000084e00000| Untracked 
|  79|0x0000000084f00000, 0x0000000084f28f80, 0x0000000085000000| 16%| S|CS|TAMS 0x0000000084f00000, 0x0000000084f00000| Complete 
|  80|0x0000000085000000, 0x0000000085100000, 0x0000000085100000|100%| S|CS|TAMS 0x0000000085000000, 0x0000000085000000| Complete 
|  81|0x0000000085100000, 0x0000000085200000, 0x0000000085200000|100%| S|CS|TAMS 0x0000000085100000, 0x0000000085100000| Complete 
|  82|0x0000000085200000, 0x0000000085200000, 0x0000000085300000|  0%| F|  |TAMS 0x0000000085200000, 0x0000000085200000| Untracked 
|  83|0x0000000085300000, 0x0000000085300000, 0x0000000085400000|  0%| F|  |TAMS 0x0000000085300000, 0x0000000085300000| Untracked 
|  84|0x0000000085400000, 0x0000000085400000, 0x0000000085500000|  0%| F|  |TAMS 0x0000000085400000, 0x0000000085400000| Untracked 
|  85|0x0000000085500000, 0x0000000085500000, 0x0000000085600000|  0%| F|  |TAMS 0x0000000085500000, 0x0000000085500000| Untracked 
|  86|0x0000000085600000, 0x0000000085600000, 0x0000000085700000|  0%| F|  |TAMS 0x0000000085600000, 0x0000000085600000| Untracked 
|  87|0x0000000085700000, 0x0000000085700000, 0x0000000085800000|  0%| F|  |TAMS 0x0000000085700000, 0x0000000085700000| Untracked 
|  88|0x0000000085800000, 0x0000000085800000, 0x0000000085900000|  0%| F|  |TAMS 0x0000000085800000, 0x0000000085800000| Untracked 
|  89|0x0000000085900000, 0x0000000085900000, 0x0000000085a00000|  0%| F|  |TAMS 0x0000000085900000, 0x0000000085900000| Untracked 
|  90|0x0000000085a00000, 0x0000000085a00000, 0x0000000085b00000|  0%| F|  |TAMS 0x0000000085a00000, 0x0000000085a00000| Untracked 
|  91|0x0000000085b00000, 0x0000000085b00000, 0x0000000085c00000|  0%| F|  |TAMS 0x0000000085b00000, 0x0000000085b00000| Untracked 
|  92|0x0000000085c00000, 0x0000000085c00000, 0x0000000085d00000|  0%| F|  |TAMS 0x0000000085c00000, 0x0000000085c00000| Untracked 
|  93|0x0000000085d00000, 0x0000000085d00000, 0x0000000085e00000|  0%| F|  |TAMS 0x0000000085d00000, 0x0000000085d00000| Untracked 
|  94|0x0000000085e00000, 0x0000000085e00000, 0x0000000085f00000|  0%| F|  |TAMS 0x0000000085e00000, 0x0000000085e00000| Untracked 
|  95|0x0000000085f00000, 0x0000000085f00000, 0x0000000086000000|  0%| F|  |TAMS 0x0000000085f00000, 0x0000000085f00000| Untracked 
|  96|0x0000000086000000, 0x0000000086000000, 0x0000000086100000|  0%| F|  |TAMS 0x0000000086000000, 0x0000000086000000| Untracked 
|  97|0x0000000086100000, 0x0000000086100000, 0x0000000086200000|  0%| F|  |TAMS 0x0000000086100000, 0x0000000086100000| Untracked 
|  98|0x0000000086200000, 0x0000000086200000, 0x0000000086300000|  0%| F|  |TAMS 0x0000000086200000, 0x0000000086200000| Untracked 
|  99|0x0000000086300000, 0x0000000086300000, 0x0000000086400000|  0%| F|  |TAMS 0x0000000086300000, 0x0000000086300000| Untracked 
| 100|0x0000000086400000, 0x0000000086400000, 0x0000000086500000|  0%| F|  |TAMS 0x0000000086400000, 0x0000000086400000| Untracked 
| 101|0x0000000086500000, 0x0000000086500000, 0x0000000086600000|  0%| F|  |TAMS 0x0000000086500000, 0x0000000086500000| Untracked 
| 102|0x0000000086600000, 0x0000000086600000, 0x0000000086700000|  0%| F|  |TAMS 0x0000000086600000, 0x0000000086600000| Untracked 
| 103|0x0000000086700000, 0x0000000086700000, 0x0000000086800000|  0%| F|  |TAMS 0x0000000086700000, 0x0000000086700000| Untracked 
| 104|0x0000000086800000, 0x0000000086800000, 0x0000000086900000|  0%| F|  |TAMS 0x0000000086800000, 0x0000000086800000| Untracked 
| 105|0x0000000086900000, 0x0000000086900000, 0x0000000086a00000|  0%| F|  |TAMS 0x0000000086900000, 0x0000000086900000| Untracked 
| 106|0x0000000086a00000, 0x0000000086a00000, 0x0000000086b00000|  0%| F|  |TAMS 0x0000000086a00000, 0x0000000086a00000| Untracked 
| 107|0x0000000086b00000, 0x0000000086b00000, 0x0000000086c00000|  0%| F|  |TAMS 0x0000000086b00000, 0x0000000086b00000| Untracked 
| 108|0x0000000086c00000, 0x0000000086c00000, 0x0000000086d00000|  0%| F|  |TAMS 0x0000000086c00000, 0x0000000086c00000| Untracked 
| 109|0x0000000086d00000, 0x0000000086d00000, 0x0000000086e00000|  0%| F|  |TAMS 0x0000000086d00000, 0x0000000086d00000| Untracked 
| 110|0x0000000086e00000, 0x0000000086e00000, 0x0000000086f00000|  0%| F|  |TAMS 0x0000000086e00000, 0x0000000086e00000| Untracked 
| 111|0x0000000086f00000, 0x0000000086f00000, 0x0000000087000000|  0%| F|  |TAMS 0x0000000086f00000, 0x0000000086f00000| Untracked 
| 112|0x0000000087000000, 0x0000000087000000, 0x0000000087100000|  0%| F|  |TAMS 0x0000000087000000, 0x0000000087000000| Untracked 
| 113|0x0000000087100000, 0x0000000087100000, 0x0000000087200000|  0%| F|  |TAMS 0x0000000087100000, 0x0000000087100000| Untracked 
| 114|0x0000000087200000, 0x0000000087200000, 0x0000000087300000|  0%| F|  |TAMS 0x0000000087200000, 0x0000000087200000| Untracked 
| 115|0x0000000087300000, 0x0000000087300000, 0x0000000087400000|  0%| F|  |TAMS 0x0000000087300000, 0x0000000087300000| Untracked 
| 116|0x0000000087400000, 0x0000000087400000, 0x0000000087500000|  0%| F|  |TAMS 0x0000000087400000, 0x0000000087400000| Untracked 
| 117|0x0000000087500000, 0x0000000087500000, 0x0000000087600000|  0%| F|  |TAMS 0x0000000087500000, 0x0000000087500000| Untracked 
| 118|0x0000000087600000, 0x0000000087600000, 0x0000000087700000|  0%| F|  |TAMS 0x0000000087600000, 0x0000000087600000| Untracked 
| 119|0x0000000087700000, 0x0000000087700000, 0x0000000087800000|  0%| F|  |TAMS 0x0000000087700000, 0x0000000087700000| Untracked 
| 120|0x0000000087800000, 0x0000000087800000, 0x0000000087900000|  0%| F|  |TAMS 0x0000000087800000, 0x0000000087800000| Untracked 
| 121|0x0000000087900000, 0x0000000087900000, 0x0000000087a00000|  0%| F|  |TAMS 0x0000000087900000, 0x0000000087900000| Untracked 
| 122|0x0000000087a00000, 0x0000000087a00000, 0x0000000087b00000|  0%| F|  |TAMS 0x0000000087a00000, 0x0000000087a00000| Untracked 
| 123|0x0000000087b00000, 0x0000000087b00000, 0x0000000087c00000|  0%| F|  |TAMS 0x0000000087b00000, 0x0000000087b00000| Untracked 
| 124|0x0000000087c00000, 0x0000000087c00000, 0x0000000087d00000|  0%| F|  |TAMS 0x0000000087c00000, 0x0000000087c00000| Untracked 
| 125|0x0000000087d00000, 0x0000000087d00000, 0x0000000087e00000|  0%| F|  |TAMS 0x0000000087d00000, 0x0000000087d00000| Untracked 

Card table byte_map: [0x0000016196e60000,0x0000016197260000] _byte_map_base: 0x0000016196a60000

Marking Bits (Prev, Next): (CMBitMap*) 0x00000161842c5ed0, (CMBitMap*) 0x00000161842c5f10
 Prev Bits: [0x0000016197660000, 0x0000016199660000)
 Next Bits: [0x0000016199660000, 0x000001619b660000)

Polling page: 0x00000161821a0000

Metaspace:

Usage:
  Non-class:     60.95 MB used.
      Class:      9.26 MB used.
       Both:     70.21 MB used.

Virtual space:
  Non-class space:       64.00 MB reserved,      61.19 MB ( 96%) committed,  8 nodes.
      Class space:        1.00 GB reserved,       9.50 MB ( <1%) committed,  1 nodes.
             Both:        1.06 GB reserved,      70.69 MB (  6%) committed. 

Chunk freelists:
   Non-Class:  1.95 MB
       Class:  2.53 MB
        Both:  4.48 MB

MaxMetaspaceSize: unlimited
CompressedClassSpaceSize: 1.00 GB
Initial GC threshold: 21.00 MB
Current GC threshold: 112.00 MB
CDS: off
MetaspaceReclaimPolicy: balanced
 - commit_granule_bytes: 65536.
 - commit_granule_words: 8192.
 - virtual_space_node_default_size: 1048576.
 - enlarge_chunks_in_place: 1.
 - new_chunks_are_fully_committed: 0.
 - uncommit_free_chunks: 1.
 - use_allocation_guard: 0.
 - handle_deallocations: 1.


Internal statistics:

num_allocs_failed_limit: 6.
num_arena_births: 632.
num_arena_deaths: 0.
num_vsnodes_births: 9.
num_vsnodes_deaths: 0.
num_space_committed: 1131.
num_space_uncommitted: 0.
num_chunks_returned_to_freelist: 6.
num_chunks_taken_from_freelist: 2891.
num_chunk_merges: 6.
num_chunk_splits: 1939.
num_chunks_enlarged: 1328.
num_purges: 0.
num_inconsistent_stats: 0.

CodeHeap 'non-profiled nmethods': size=120000Kb used=3158Kb max_used=3158Kb free=116841Kb
 bounds [0x000001618f200000, 0x000001618f520000, 0x0000016196730000]
CodeHeap 'profiled nmethods': size=120000Kb used=13935Kb max_used=13935Kb free=106064Kb
 bounds [0x0000016187730000, 0x00000161884d0000, 0x000001618ec60000]
CodeHeap 'non-nmethods': size=5760Kb used=2381Kb max_used=2450Kb free=3378Kb
 bounds [0x000001618ec60000, 0x000001618eee0000, 0x000001618f200000]
 total_blobs=7802 nmethods=6890 adapters=824
 compilation: enabled
              stopped_count=0, restarted_count=0
 full_count=0

Compilation events (20 events):
Event: 21.594 Thread 0x000001619ec3d600 6993       2       org.gradle.internal.reflect.JavaPropertyReflectionUtil::getAnnotation (7 bytes)
Event: 21.594 Thread 0x000001619ec3d600 nmethod 6993 0x00000161884c8e10 code [0x00000161884c8fa0, 0x00000161884c90a8]
Event: 21.594 Thread 0x000001619ec3d600 6994   !   2       org.gradle.internal.instantiation.generator.AsmBackedClassGenerator$ClassBuilderImpl::getAnnotationParameterValue (16 bytes)
Event: 21.595 Thread 0x000001619ec3d600 nmethod 6994 0x00000161884c9190 code [0x00000161884c9360, 0x00000161884c9668]
Event: 21.643 Thread 0x000001619ec3d600 6995       2       sun.reflect.generics.repository.MethodRepository::computeReturnType (26 bytes)
Event: 21.644 Thread 0x000001619ec3d600 nmethod 6995 0x00000161884c9910 code [0x00000161884c9ac0, 0x00000161884c9d08]
Event: 21.668 Thread 0x000001619ec3d600 6996       2       sun.reflect.generics.reflectiveObjects.TypeVariableImpl::make (66 bytes)
Event: 21.669 Thread 0x000001619ec3d600 nmethod 6996 0x00000161884c9e10 code [0x00000161884ca020, 0x00000161884ca608]
Event: 21.669 Thread 0x000001619ec3d600 6997       1       java.lang.invoke.MethodHandleImpl$AsVarargsCollector::getTarget (5 bytes)
Event: 21.670 Thread 0x000001619ec3d600 nmethod 6997 0x000001618f515590 code [0x000001618f515720, 0x000001618f5157f8]
Event: 21.670 Thread 0x000001619ec3d600 6998       2       java.util.regex.Pattern$CharPredicate$$Lambda$9/0x00000001000c5b98::is (11 bytes)
Event: 21.670 Thread 0x000001619ec3d600 nmethod 6998 0x00000161884ca890 code [0x00000161884caa40, 0x00000161884cabe8]
Event: 21.670 Thread 0x000001619ec3d600 6999       2       java.util.regex.Pattern$CharPredicate::lambda$negate$3 (16 bytes)
Event: 21.670 Thread 0x000001619ec3d600 nmethod 6999 0x00000161884cad10 code [0x00000161884caea0, 0x00000161884cafe8]
Event: 21.671 Thread 0x000001619ec3d600 7000       2       java.util.regex.CharPredicates$$Lambda$336/0x00000001002cb740::is (5 bytes)
Event: 21.671 Thread 0x000001619ec3d600 nmethod 7000 0x00000161884cb090 code [0x00000161884cb220, 0x00000161884cb3d8]
Event: 21.673 Thread 0x000001619ec3d600 7001       2       com.google.common.collect.ImmutableMap$Builder::ensureCapacity (38 bytes)
Event: 21.673 Thread 0x000001619ec3d600 nmethod 7001 0x00000161884cb510 code [0x00000161884cb6c0, 0x00000161884cb8d8]
Event: 21.710 Thread 0x000001619ec3d600 7002   !   2       org.gradle.api.internal.provider.DefaultProvider::calculateOwnValue (19 bytes)
Event: 21.710 Thread 0x000001619ec3d600 nmethod 7002 0x00000161884cba10 code [0x00000161884cbbc0, 0x00000161884cbe18]

GC Heap History (20 events):
Event: 16.763 GC heap after
{Heap after GC invocations=19 (full 0):
 garbage-first heap   total 68608K, used 40263K [0x0000000080000000, 0x0000000100000000)
  region size 1024K, 3 young (3072K), 3 survivors (3072K)
 Metaspace       used 57996K, committed 58432K, reserved 1105920K
  class space    used 7619K, committed 7808K, reserved 1048576K
}
Event: 17.120 GC heap before
{Heap before GC invocations=20 (full 0):
 garbage-first heap   total 73728K, used 47431K [0x0000000080000000, 0x0000000100000000)
  region size 1024K, 11 young (11264K), 3 survivors (3072K)
 Metaspace       used 58223K, committed 58688K, reserved 1105920K
  class space    used 7649K, committed 7808K, reserved 1048576K
}
Event: 17.125 GC heap after
{Heap after GC invocations=21 (full 0):
 garbage-first heap   total 73728K, used 41153K [0x0000000080000000, 0x0000000100000000)
  region size 1024K, 1 young (1024K), 1 survivors (1024K)
 Metaspace       used 58223K, committed 58688K, reserved 1105920K
  class space    used 7649K, committed 7808K, reserved 1048576K
}
Event: 17.681 GC heap before
{Heap before GC invocations=22 (full 0):
 garbage-first heap   total 76800K, used 60609K [0x0000000080000000, 0x0000000100000000)
  region size 1024K, 18 young (18432K), 1 survivors (1024K)
 Metaspace       used 59005K, committed 59456K, reserved 1105920K
  class space    used 7770K, committed 7936K, reserved 1048576K
}
Event: 17.686 GC heap after
{Heap after GC invocations=23 (full 0):
 garbage-first heap   total 76800K, used 50019K [0x0000000080000000, 0x0000000100000000)
  region size 1024K, 3 young (3072K), 3 survivors (3072K)
 Metaspace       used 59005K, committed 59456K, reserved 1105920K
  class space    used 7770K, committed 7936K, reserved 1048576K
}
Event: 17.729 GC heap before
{Heap before GC invocations=23 (full 0):
 garbage-first heap   total 76800K, used 51043K [0x0000000080000000, 0x0000000100000000)
  region size 1024K, 4 young (4096K), 3 survivors (3072K)
 Metaspace       used 59174K, committed 59648K, reserved 1105920K
  class space    used 7789K, committed 8000K, reserved 1048576K
}
Event: 17.735 GC heap after
{Heap after GC invocations=24 (full 0):
 garbage-first heap   total 92160K, used 50047K [0x0000000080000000, 0x0000000100000000)
  region size 1024K, 1 young (1024K), 1 survivors (1024K)
 Metaspace       used 59174K, committed 59648K, reserved 1105920K
  class space    used 7789K, committed 8000K, reserved 1048576K
}
Event: 18.421 GC heap before
{Heap before GC invocations=24 (full 0):
 garbage-first heap   total 92160K, used 68479K [0x0000000080000000, 0x0000000100000000)
  region size 1024K, 19 young (19456K), 1 survivors (1024K)
 Metaspace       used 61724K, committed 62208K, reserved 1105920K
  class space    used 8147K, committed 8384K, reserved 1048576K
}
Event: 18.423 GC heap after
{Heap after GC invocations=25 (full 0):
 garbage-first heap   total 92160K, used 50472K [0x0000000080000000, 0x0000000100000000)
  region size 1024K, 1 young (1024K), 1 survivors (1024K)
 Metaspace       used 61724K, committed 62208K, reserved 1105920K
  class space    used 8147K, committed 8384K, reserved 1048576K
}
Event: 19.672 GC heap before
{Heap before GC invocations=26 (full 0):
 garbage-first heap   total 92160K, used 69928K [0x0000000080000000, 0x0000000100000000)
  region size 1024K, 20 young (20480K), 1 survivors (1024K)
 Metaspace       used 65003K, committed 65472K, reserved 1105920K
  class space    used 8548K, committed 8768K, reserved 1048576K
}
Event: 19.676 GC heap after
{Heap after GC invocations=27 (full 0):
 garbage-first heap   total 92160K, used 51191K [0x0000000080000000, 0x0000000100000000)
  region size 1024K, 2 young (2048K), 2 survivors (2048K)
 Metaspace       used 65003K, committed 65472K, reserved 1105920K
  class space    used 8548K, committed 8768K, reserved 1048576K
}
Event: 19.770 GC heap before
{Heap before GC invocations=27 (full 0):
 garbage-first heap   total 92160K, used 52215K [0x0000000080000000, 0x0000000100000000)
  region size 1024K, 4 young (4096K), 2 survivors (2048K)
 Metaspace       used 65109K, committed 65600K, reserved 1105920K
  class space    used 8553K, committed 8768K, reserved 1048576K
}
Event: 19.773 GC heap after
{Heap after GC invocations=28 (full 0):
 garbage-first heap   total 92160K, used 50939K [0x0000000080000000, 0x0000000100000000)
  region size 1024K, 1 young (1024K), 1 survivors (1024K)
 Metaspace       used 65109K, committed 65600K, reserved 1105920K
  class space    used 8553K, committed 8768K, reserved 1048576K
}
Event: 20.493 GC heap before
{Heap before GC invocations=28 (full 0):
 garbage-first heap   total 92160K, used 70395K [0x0000000080000000, 0x0000000100000000)
  region size 1024K, 21 young (21504K), 1 survivors (1024K)
 Metaspace       used 68232K, committed 68800K, reserved 1114112K
  class space    used 9008K, committed 9280K, reserved 1048576K
}
Event: 20.497 GC heap after
{Heap after GC invocations=29 (full 0):
 garbage-first heap   total 92160K, used 52829K [0x0000000080000000, 0x0000000100000000)
  region size 1024K, 3 young (3072K), 3 survivors (3072K)
 Metaspace       used 68232K, committed 68800K, reserved 1114112K
  class space    used 9008K, committed 9280K, reserved 1048576K
}
Event: 20.896 GC heap before
{Heap before GC invocations=30 (full 0):
 garbage-first heap   total 112640K, used 77405K [0x0000000080000000, 0x0000000100000000)
  region size 1024K, 21 young (21504K), 3 survivors (3072K)
 Metaspace       used 69210K, committed 69824K, reserved 1114112K
  class space    used 9139K, committed 9408K, reserved 1048576K
}
Event: 20.902 GC heap after
{Heap after GC invocations=31 (full 0):
 garbage-first heap   total 112640K, used 54721K [0x0000000080000000, 0x0000000100000000)
  region size 1024K, 3 young (3072K), 3 survivors (3072K)
 Metaspace       used 69210K, committed 69824K, reserved 1114112K
  class space    used 9139K, committed 9408K, reserved 1048576K
}
Event: 20.995 GC heap before
{Heap before GC invocations=31 (full 0):
 garbage-first heap   total 112640K, used 55745K [0x0000000080000000, 0x0000000100000000)
  region size 1024K, 5 young (5120K), 3 survivors (3072K)
 Metaspace       used 69483K, committed 70080K, reserved 1114112K
  class space    used 9170K, committed 9408K, reserved 1048576K
}
Event: 21.003 GC heap after
{Heap after GC invocations=32 (full 0):
 garbage-first heap   total 112640K, used 54698K [0x0000000080000000, 0x0000000100000000)
  region size 1024K, 1 young (1024K), 1 survivors (1024K)
 Metaspace       used 69483K, committed 70080K, reserved 1114112K
  class space    used 9170K, committed 9408K, reserved 1048576K
}
Event: 21.744 GC heap before
{Heap before GC invocations=32 (full 0):
 garbage-first heap   total 112640K, used 82346K [0x0000000080000000, 0x0000000100000000)
  region size 1024K, 28 young (28672K), 1 survivors (1024K)
 Metaspace       used 71897K, committed 72384K, reserved 1114112K
  class space    used 9486K, committed 9728K, reserved 1048576K
}

Dll operation events (2 events):
Event: 0.060 Loaded shared library C:\Program Files\Android\Android Studio\jbr\bin\java.dll
Event: 1.769 Loaded shared library C:\Program Files\Android\Android Studio\jbr\bin\verify.dll

Deoptimization events (20 events):
Event: 20.487 Thread 0x000001619fa945e0 Uncommon trap: trap_request=0xffffff45 fr.pc=0x000001618f3e39a4 relative=0x00000000000011e4
Event: 20.487 Thread 0x000001619fa945e0 Uncommon trap: reason=unstable_if action=reinterpret pc=0x000001618f3e39a4 method=java.security.CodeSource.getCertificates()[Ljava/security/cert/Certificate; @ 4 c2
Event: 20.487 Thread 0x000001619fa945e0 DEOPT PACKING pc=0x000001618f3e39a4 sp=0x0000001da59f1390
Event: 20.487 Thread 0x000001619fa945e0 DEOPT UNPACKING pc=0x000001618ecb69a3 sp=0x0000001da59f1310 mode 2
Event: 20.488 Thread 0x000001619fa945e0 Uncommon trap: trap_request=0xffffff54 fr.pc=0x000001618f342f28 relative=0x0000000000000948
Event: 20.488 Thread 0x000001619fa945e0 Uncommon trap: reason=speculate_null_assert action=make_not_entrant pc=0x000001618f342f28 method=java.util.jar.JarFile.getVersionedEntry(Ljava/lang/String;Ljava/util/jar/JarEntry;)Ljava/util/jar/JarEntry; @ 115 c2
Event: 20.488 Thread 0x000001619fa945e0 DEOPT PACKING pc=0x000001618f342f28 sp=0x0000001da59f2e60
Event: 20.488 Thread 0x000001619fa945e0 DEOPT UNPACKING pc=0x000001618ecb69a3 sp=0x0000001da59f2e28 mode 2
Event: 20.559 Thread 0x000001619fa945e0 DEOPT PACKING pc=0x0000016188445abe sp=0x0000001da59f2290
Event: 20.559 Thread 0x000001619fa945e0 DEOPT UNPACKING pc=0x000001618ecb7143 sp=0x0000001da59f1710 mode 0
Event: 20.912 Thread 0x000001619fa945e0 Uncommon trap: trap_request=0xffffff45 fr.pc=0x000001618f43ceb4 relative=0x00000000000030f4
Event: 20.912 Thread 0x000001619fa945e0 Uncommon trap: reason=unstable_if action=reinterpret pc=0x000001618f43ceb4 method=java.util.regex.Pattern.has(I)Z @ 6 c2
Event: 20.912 Thread 0x000001619fa945e0 DEOPT PACKING pc=0x000001618f43ceb4 sp=0x0000001da59f5ed0
Event: 20.912 Thread 0x000001619fa945e0 DEOPT UNPACKING pc=0x000001618ecb69a3 sp=0x0000001da59f5e50 mode 2
Event: 21.156 Thread 0x000001619fa945e0 DEOPT PACKING pc=0x000001618814ae42 sp=0x0000001da59f4f70
Event: 21.156 Thread 0x000001619fa945e0 DEOPT UNPACKING pc=0x000001618ecb7143 sp=0x0000001da59f4480 mode 0
Event: 21.306 Thread 0x000001619fa945e0 DEOPT PACKING pc=0x000001618814ae63 sp=0x0000001da59f5f70
Event: 21.306 Thread 0x000001619fa945e0 DEOPT UNPACKING pc=0x000001618ecb7143 sp=0x0000001da59f5480 mode 0
Event: 21.362 Thread 0x000001619fa945e0 DEOPT PACKING pc=0x0000016188473e91 sp=0x0000001da59f3ee0
Event: 21.362 Thread 0x000001619fa945e0 DEOPT UNPACKING pc=0x000001618ecb7143 sp=0x0000001da59f33f0 mode 0

Classes unloaded (0 events):
No events

Classes redefined (0 events):
No events

Internal exceptions (20 events):
Event: 17.625 Thread 0x000001619fa945e0 Exception <a 'java/lang/ClassNotFoundException'{0x0000000083aad588}: org/gradle/api/internal/plugins/DefaultObjectConfigurationActionCustomizer> (0x0000000083aad588) 
thrown [s\src\hotspot\share\classfile\systemDictionary.cpp, line 256]
Event: 18.037 Thread 0x000001619fa945e0 Exception <a 'java/lang/NoSuchMethodError'{0x0000000085063e58}: 'java.lang.Object java.lang.invoke.DirectMethodHandle$Holder.newInvokeSpecial(java.lang.Object, java.lang.Object, java.lang.Object, java.lang.Object, int)'> (0x0000000085063e58) 
thrown [s\src\hotspot\share\interpreter\linkResolver.cpp, line 771]
Event: 18.038 Thread 0x000001619fa945e0 Exception <a 'java/lang/NoSuchMethodError'{0x0000000085068ff8}: 'java.lang.Object java.lang.invoke.DirectMethodHandle$Holder.invokeSpecial(java.lang.Object, java.lang.Object, java.lang.Object, java.lang.Object, java.lang.Object, int)'> (0x0000000085068ff8) 
thrown [s\src\hotspot\share\interpreter\linkResolver.cpp, line 771]
Event: 18.039 Thread 0x000001619fa945e0 Exception <a 'java/lang/NoSuchMethodError'{0x000000008506dad0}: 'java.lang.Object java.lang.invoke.Invokers$Holder.linkToTargetMethod(java.lang.Object, java.lang.Object, java.lang.Object, int, java.lang.Object)'> (0x000000008506dad0) 
thrown [s\src\hotspot\share\interpreter\linkResolver.cpp, line 771]
Event: 19.047 Thread 0x000001619fa945e0 Exception <a 'java/lang/NoSuchMethodError'{0x00000000856f92d0}: 'int java.lang.invoke.DirectMethodHandle$Holder.invokeInterface(java.lang.Object, java.lang.Object, java.lang.Object, java.lang.Object)'> (0x00000000856f92d0) 
thrown [s\src\hotspot\share\interpreter\linkResolver.cpp, line 771]
Event: 20.068 Thread 0x000001619fa945e0 Exception <a 'java/lang/IncompatibleClassChangeError'{0x000000008512c258}: Found class java.lang.Object, but interface was expected> (0x000000008512c258) 
thrown [s\src\hotspot\share\interpreter\linkResolver.cpp, line 838]
Event: 20.399 Thread 0x000001619fa945e0 Implicit null exception at 0x000001618f45b88c to 0x000001618f45ba51
Event: 20.763 Thread 0x000001619fa945e0 Exception <a 'sun/nio/fs/WindowsException'{0x0000000086820258}> (0x0000000086820258) 
thrown [s\src\hotspot\share\prims\jni.cpp, line 517]
Event: 21.471 Thread 0x000001619fa945e0 Exception <a 'java/lang/ClassNotFoundException'{0x0000000085b1e858}: org/gradle/api/plugins/internal/DefaultBasePluginConvention_DecoratedBeanInfo> (0x0000000085b1e858) 
thrown [s\src\hotspot\share\classfile\systemDictionary.cpp, line 256]
Event: 21.473 Thread 0x000001619fa945e0 Exception <a 'java/lang/ClassNotFoundException'{0x0000000085b39b68}: org/gradle/api/plugins/internal/DefaultBasePluginConventionBeanInfo> (0x0000000085b39b68) 
thrown [s\src\hotspot\share\classfile\systemDictionary.cpp, line 256]
Event: 21.474 Thread 0x000001619fa945e0 Exception <a 'java/lang/ClassNotFoundException'{0x0000000085b544b0}: org/gradle/api/plugins/BasePluginConventionBeanInfo> (0x0000000085b544b0) 
thrown [s\src\hotspot\share\classfile\systemDictionary.cpp, line 256]
Event: 21.476 Thread 0x000001619fa945e0 Exception <a 'java/lang/ClassNotFoundException'{0x0000000085b6edc0}: org/gradle/api/plugins/BasePluginConventionCustomizer> (0x0000000085b6edc0) 
thrown [s\src\hotspot\share\classfile\systemDictionary.cpp, line 256]
Event: 21.478 Thread 0x000001619fa945e0 Exception <a 'java/lang/ClassNotFoundException'{0x0000000085b943f0}: org/gradle/api/plugins/internal/DefaultBasePluginConventionCustomizer> (0x0000000085b943f0) 
thrown [s\src\hotspot\share\classfile\systemDictionary.cpp, line 256]
Event: 21.482 Thread 0x000001619fa945e0 Exception <a 'java/lang/ClassNotFoundException'{0x0000000085bc1f18}: org/gradle/api/plugins/internal/DefaultBasePluginConvention_DecoratedCustomizer> (0x0000000085bc1f18) 
thrown [s\src\hotspot\share\classfile\systemDictionary.cpp, line 256]
Event: 21.492 Thread 0x000001619fa945e0 Exception <a 'java/lang/ClassNotFoundException'{0x0000000085a3f6a0}: org/gradle/api/plugins/internal/DefaultJavaPluginConvention_DecoratedBeanInfo> (0x0000000085a3f6a0) 
thrown [s\src\hotspot\share\classfile\systemDictionary.cpp, line 256]
Event: 21.494 Thread 0x000001619fa945e0 Exception <a 'java/lang/ClassNotFoundException'{0x0000000085a5a9b0}: org/gradle/api/plugins/internal/DefaultJavaPluginConventionBeanInfo> (0x0000000085a5a9b0) 
thrown [s\src\hotspot\share\classfile\systemDictionary.cpp, line 256]
Event: 21.495 Thread 0x000001619fa945e0 Exception <a 'java/lang/ClassNotFoundException'{0x0000000085a752f8}: org/gradle/api/plugins/JavaPluginConventionBeanInfo> (0x0000000085a752f8) 
thrown [s\src\hotspot\share\classfile\systemDictionary.cpp, line 256]
Event: 21.498 Thread 0x000001619fa945e0 Exception <a 'java/lang/ClassNotFoundException'{0x0000000085a8fe78}: org/gradle/api/plugins/JavaPluginConventionCustomizer> (0x0000000085a8fe78) 
thrown [s\src\hotspot\share\classfile\systemDictionary.cpp, line 256]
Event: 21.502 Thread 0x000001619fa945e0 Exception <a 'java/lang/ClassNotFoundException'{0x0000000085abef08}: org/gradle/api/plugins/internal/DefaultJavaPluginConventionCustomizer> (0x0000000085abef08) 
thrown [s\src\hotspot\share\classfile\systemDictionary.cpp, line 256]
Event: 21.508 Thread 0x000001619fa945e0 Exception <a 'java/lang/ClassNotFoundException'{0x0000000085901210}: org/gradle/api/plugins/internal/DefaultJavaPluginConvention_DecoratedCustomizer> (0x0000000085901210) 
thrown [s\src\hotspot\share\classfile\systemDictionary.cpp, line 256]

VM Operations (20 events):
Event: 19.027 Executing VM operation: HandshakeAllThreads done
Event: 19.045 Executing VM operation: HandshakeAllThreads
Event: 19.045 Executing VM operation: HandshakeAllThreads done
Event: 19.672 Executing VM operation: G1CollectForAllocation
Event: 19.676 Executing VM operation: G1CollectForAllocation done
Event: 19.770 Executing VM operation: G1CollectForAllocation
Event: 19.773 Executing VM operation: G1CollectForAllocation done
Event: 20.414 Executing VM operation: HandshakeAllThreads
Event: 20.414 Executing VM operation: HandshakeAllThreads done
Event: 20.493 Executing VM operation: G1TryInitiateConcMark
Event: 20.497 Executing VM operation: G1TryInitiateConcMark done
Event: 20.567 Executing VM operation: G1Concurrent
Event: 20.573 Executing VM operation: G1Concurrent done
Event: 20.607 Executing VM operation: G1Concurrent
Event: 20.608 Executing VM operation: G1Concurrent done
Event: 20.896 Executing VM operation: G1CollectForAllocation
Event: 20.902 Executing VM operation: G1CollectForAllocation done
Event: 20.995 Executing VM operation: G1CollectForAllocation
Event: 21.003 Executing VM operation: G1CollectForAllocation done
Event: 21.743 Executing VM operation: G1CollectForAllocation

Events (20 events):
Event: 20.478 loading class java/util/Base64$Decoder
Event: 20.479 loading class java/util/Base64$Decoder done
Event: 20.479 loading class java/util/Base64$Encoder
Event: 20.479 loading class java/util/Base64$Encoder done
Event: 20.482 loading class java/util/jar/JarVerifier$VerifierStream
Event: 20.482 loading class java/util/jar/JarVerifier$VerifierStream done
Event: 20.482 loading class sun/security/util/ManifestEntryVerifier$SunProviderHolder
Event: 20.483 loading class sun/security/util/ManifestEntryVerifier$SunProviderHolder done
Event: 21.632 loading class javax/management/InstanceAlreadyExistsException
Event: 21.632 loading class javax/management/InstanceAlreadyExistsException done
Event: 21.632 loading class javax/management/MBeanRegistrationException
Event: 21.632 loading class javax/management/MBeanRegistrationException done
Event: 21.632 loading class javax/management/NotCompliantMBeanException
Event: 21.632 loading class javax/management/NotCompliantMBeanException done
Event: 21.639 loading class com/sun/jmx/mbeanserver/StandardMBeanSupport
Event: 21.639 loading class com/sun/jmx/mbeanserver/StandardMBeanSupport done
Event: 21.639 loading class com/sun/jmx/mbeanserver/StandardMBeanIntrospector
Event: 21.639 loading class com/sun/jmx/mbeanserver/StandardMBeanIntrospector done
Event: 21.738 loading class javax/xml/stream/XMLStreamException
Event: 21.738 loading class javax/xml/stream/XMLStreamException done


Dynamic libraries:
0x00007ff7ff6f0000 - 0x00007ff7ff6fa000 	C:\Program Files\Android\Android Studio\jbr\bin\java.exe
0x00007ffb75230000 - 0x00007ffb75447000 	C:\WINDOWS\SYSTEM32\ntdll.dll
0x00007ffb73ee0000 - 0x00007ffb73fa4000 	C:\WINDOWS\System32\KERNEL32.DLL
0x00007ffb72810000 - 0x00007ffb72bb6000 	C:\WINDOWS\System32\KERNELBASE.dll
0x00007ffb72bc0000 - 0x00007ffb72cd1000 	C:\WINDOWS\System32\ucrtbase.dll
0x00007ffb51370000 - 0x00007ffb51387000 	C:\Program Files\Android\Android Studio\jbr\bin\jli.dll
0x00007ffb51350000 - 0x00007ffb5136b000 	C:\Program Files\Android\Android Studio\jbr\bin\VCRUNTIME140.dll
0x00007ffb73040000 - 0x00007ffb731ed000 	C:\WINDOWS\System32\USER32.dll
0x00007ffb725b0000 - 0x00007ffb725d6000 	C:\WINDOWS\System32\win32u.dll
0x00007ffb741f0000 - 0x00007ffb74219000 	C:\WINDOWS\System32\GDI32.dll
0x00007ffb72680000 - 0x00007ffb72798000 	C:\WINDOWS\System32\gdi32full.dll
0x00007ffb725e0000 - 0x00007ffb7267a000 	C:\WINDOWS\System32\msvcp_win.dll
0x00007ffb629a0000 - 0x00007ffb62c33000 	C:\WINDOWS\WinSxS\amd64_microsoft.windows.common-controls_6595b64144ccf1df_6.0.22621.2361_none_2712ced57382f843\COMCTL32.dll
0x00007ffb74560000 - 0x00007ffb74607000 	C:\WINDOWS\System32\msvcrt.dll
0x00007ffb73ea0000 - 0x00007ffb73ed1000 	C:\WINDOWS\System32\IMM32.DLL
0x00007ffb69560000 - 0x00007ffb6956c000 	C:\Program Files\Android\Android Studio\jbr\bin\vcruntime140_1.dll
0x00007ffb4a730000 - 0x00007ffb4a7bd000 	C:\Program Files\Android\Android Studio\jbr\bin\msvcp140.dll
0x00007ffafcbb0000 - 0x00007ffafd81d000 	C:\Program Files\Android\Android Studio\jbr\bin\server\jvm.dll
0x00007ffb72f90000 - 0x00007ffb73040000 	C:\WINDOWS\System32\ADVAPI32.dll
0x00007ffb73df0000 - 0x00007ffb73e96000 	C:\WINDOWS\System32\sechost.dll
0x00007ffb73a60000 - 0x00007ffb73b77000 	C:\WINDOWS\System32\RPCRT4.dll
0x00007ffb6ae80000 - 0x00007ffb6aeb4000 	C:\WINDOWS\SYSTEM32\WINMM.dll
0x00007ffb66ef0000 - 0x00007ffb66efa000 	C:\WINDOWS\SYSTEM32\VERSION.dll
0x00007ffb69590000 - 0x00007ffb69599000 	C:\WINDOWS\SYSTEM32\WSOCK32.dll
0x00007ffb73b80000 - 0x00007ffb73bf1000 	C:\WINDOWS\System32\WS2_32.dll
0x00007ffb71550000 - 0x00007ffb71568000 	C:\WINDOWS\SYSTEM32\kernel.appcore.dll
0x00007ffb6bb70000 - 0x00007ffb6bb7a000 	C:\Program Files\Android\Android Studio\jbr\bin\jimage.dll
0x00007ffb6c3b0000 - 0x00007ffb6c5de000 	C:\WINDOWS\SYSTEM32\DBGHELP.DLL
0x00007ffb74820000 - 0x00007ffb74baa000 	C:\WINDOWS\System32\combase.dll
0x00007ffb73d00000 - 0x00007ffb73dd7000 	C:\WINDOWS\System32\OLEAUT32.dll
0x00007ffb67230000 - 0x00007ffb67262000 	C:\WINDOWS\SYSTEM32\dbgcore.DLL
0x00007ffb72f10000 - 0x00007ffb72f8a000 	C:\WINDOWS\System32\bcryptPrimitives.dll
0x00007ffb4d460000 - 0x00007ffb4d485000 	C:\Program Files\Android\Android Studio\jbr\bin\java.dll
0x00007ffb4d440000 - 0x00007ffb4d458000 	C:\Program Files\Android\Android Studio\jbr\bin\zip.dll
0x00007ffb731f0000 - 0x00007ffb73a48000 	C:\WINDOWS\System32\SHELL32.dll
0x00007ffb704c0000 - 0x00007ffb70db2000 	C:\WINDOWS\SYSTEM32\windows.storage.dll
0x00007ffb70380000 - 0x00007ffb704be000 	C:\WINDOWS\SYSTEM32\wintypes.dll
0x00007ffb74450000 - 0x00007ffb74543000 	C:\WINDOWS\System32\SHCORE.dll
0x00007ffb74190000 - 0x00007ffb741ee000 	C:\WINDOWS\System32\shlwapi.dll
0x00007ffb724e0000 - 0x00007ffb72506000 	C:\WINDOWS\SYSTEM32\profapi.dll
0x00007ffb4d050000 - 0x00007ffb4d069000 	C:\Program Files\Android\Android Studio\jbr\bin\net.dll
0x00007ffb697c0000 - 0x00007ffb698f7000 	C:\WINDOWS\SYSTEM32\WINHTTP.dll
0x00007ffb71a20000 - 0x00007ffb71a89000 	C:\WINDOWS\system32\mswsock.dll
0x00007ffb4a5b0000 - 0x00007ffb4a5c6000 	C:\Program Files\Android\Android Studio\jbr\bin\nio.dll
0x00007ffb4d430000 - 0x00007ffb4d440000 	C:\Program Files\Android\Android Studio\jbr\bin\verify.dll
0x00007ffb5cde0000 - 0x00007ffb5ce07000 	C:\Users\admin\.gradle\native\68d5fa5c4cc2d200863cafc0d521ce42e7d3e7ee720ec0a83991735586a16f82\windows-amd64\native-platform.dll
0x00007ffb368b0000 - 0x00007ffb369f4000 	C:\Users\admin\.gradle\native\e376f236ea51e6404a007f0833ffe2c6e607c4080706a723a18a27aeea778392\windows-amd64\native-platform-file-events.dll
0x00007ffb603e0000 - 0x00007ffb603e9000 	C:\Program Files\Android\Android Studio\jbr\bin\management.dll
0x00007ffb5fb30000 - 0x00007ffb5fb3b000 	C:\Program Files\Android\Android Studio\jbr\bin\management_ext.dll
0x00007ffb74550000 - 0x00007ffb74558000 	C:\WINDOWS\System32\PSAPI.DLL
0x00007ffb71d40000 - 0x00007ffb71d5b000 	C:\WINDOWS\SYSTEM32\CRYPTSP.dll
0x00007ffb71510000 - 0x00007ffb71545000 	C:\WINDOWS\system32\rsaenh.dll
0x00007ffb71ac0000 - 0x00007ffb71aec000 	C:\WINDOWS\SYSTEM32\USERENV.dll
0x00007ffb71e80000 - 0x00007ffb71ea8000 	C:\WINDOWS\SYSTEM32\bcrypt.dll
0x00007ffb71c20000 - 0x00007ffb71c2c000 	C:\WINDOWS\SYSTEM32\CRYPTBASE.dll
0x00007ffb71060000 - 0x00007ffb7108d000 	C:\WINDOWS\SYSTEM32\IPHLPAPI.DLL
0x00007ffb73a50000 - 0x00007ffb73a59000 	C:\WINDOWS\System32\NSI.dll
0x00007ffb6a200000 - 0x00007ffb6a219000 	C:\WINDOWS\SYSTEM32\dhcpcsvc6.DLL
0x00007ffb69cf0000 - 0x00007ffb69d0f000 	C:\WINDOWS\SYSTEM32\dhcpcsvc.DLL
0x00007ffb71090000 - 0x00007ffb71189000 	C:\WINDOWS\SYSTEM32\DNSAPI.dll
0x00007ffb4ca20000 - 0x00007ffb4ca28000 	C:\WINDOWS\system32\wshunix.dll
0x00007ffb66ed0000 - 0x00007ffb66eda000 	C:\Windows\System32\rasadhlp.dll
0x00007ffb68530000 - 0x00007ffb685b4000 	C:\WINDOWS\System32\fwpuclnt.dll

dbghelp: loaded successfully - version: 4.0.5 - missing functions: none
symbol engine: initialized successfully - sym options: 0x614 - pdb path: .;C:\Program Files\Android\Android Studio\jbr\bin;C:\WINDOWS\SYSTEM32;C:\WINDOWS\WinSxS\amd64_microsoft.windows.common-controls_6595b64144ccf1df_6.0.22621.2361_none_2712ced57382f843;C:\Program Files\Android\Android Studio\jbr\bin\server;C:\Users\admin\.gradle\native\68d5fa5c4cc2d200863cafc0d521ce42e7d3e7ee720ec0a83991735586a16f82\windows-amd64;C:\Users\admin\.gradle\native\e376f236ea51e6404a007f0833ffe2c6e607c4080706a723a18a27aeea778392\windows-amd64

VM Arguments:
jvm_args: --add-opens=java.base/java.util=ALL-UNNAMED --add-opens=java.base/java.lang=ALL-UNNAMED --add-opens=java.base/java.lang.invoke=ALL-UNNAMED --add-opens=java.prefs/java.util.prefs=ALL-UNNAMED --add-opens=java.base/java.nio.charset=ALL-UNNAMED --add-opens=java.base/java.net=ALL-UNNAMED --add-opens=java.base/java.util.concurrent.atomic=ALL-UNNAMED -Xmx2048m -Dfile.encoding=UTF-8 -Duser.country=US -Duser.language=en -Duser.variant 
java_command: org.gradle.launcher.daemon.bootstrap.GradleDaemon 8.0
java_class_path (initial): C:\Users\admin\.gradle\wrapper\dists\gradle-8.0-bin\ca5e32bp14vu59qr306oxotwh\gradle-8.0\lib\gradle-launcher-8.0.jar
Launcher Type: SUN_STANDARD

[Global flags]
     intx CICompilerCount                          = 4                                         {product} {ergonomic}
     uint ConcGCThreads                            = 2                                         {product} {ergonomic}
     uint G1ConcRefinementThreads                  = 8                                         {product} {ergonomic}
   size_t G1HeapRegionSize                         = 1048576                                   {product} {ergonomic}
    uintx GCDrainStackTargetSize                   = 64                                        {product} {ergonomic}
   size_t InitialHeapSize                          = 132120576                                 {product} {ergonomic}
   size_t MarkStackSize                            = 4194304                                   {product} {ergonomic}
   size_t MaxHeapSize                              = 2147483648                                {product} {command line}
   size_t MaxNewSize                               = 1287651328                                {product} {ergonomic}
   size_t MinHeapDeltaBytes                        = 1048576                                   {product} {ergonomic}
   size_t MinHeapSize                              = 8388608                                   {product} {ergonomic}
    uintx NonNMethodCodeHeapSize                   = 5839372                                {pd product} {ergonomic}
    uintx NonProfiledCodeHeapSize                  = 122909434                              {pd product} {ergonomic}
    uintx ProfiledCodeHeapSize                     = 122909434                              {pd product} {ergonomic}
    uintx ReservedCodeCacheSize                    = 251658240                              {pd product} {ergonomic}
     bool SegmentedCodeCache                       = true                                      {product} {ergonomic}
   size_t SoftMaxHeapSize                          = 2147483648                             {manageable} {ergonomic}
     bool UseCompressedClassPointers               = true                           {product lp64_product} {ergonomic}
     bool UseCompressedOops                        = true                           {product lp64_product} {ergonomic}
     bool UseG1GC                                  = true                                      {product} {ergonomic}
     bool UseLargePagesIndividualAllocation        = false                                  {pd product} {ergonomic}

Logging:
Log output configuration:
 #0: stdout all=warning uptime,level,tags
 #1: stderr all=off uptime,level,tags

Environment Variables:
PATH=C:\Program Files (x86)\VMware\VMware Player\bin\;C:\Program Files (x86)\Common Files\Oracle\Java\javapath;C:\Python311\Scripts\;C:\Python311\;C:\WINDOWS\system32;C:\WINDOWS;C:\WINDOWS\System32\Wbem;C:\WINDOWS\System32\WindowsPowerShell\v1.0\;C:\Program Files\Intel\WiFi\bin\;C:\Program Files\Common Files\Intel\WirelessCommon\;C:\WINDOWS\System32\OpenSSH\;C:\Program Files\nodejs\;C:\ProgramData\chocolatey\bin;C:\Program Files\Git\cmd;C:\Program Files\Amazon\AWSCLIV2\;C:\Program Files\PuTTY\;C:\Users\admin\AppData\Local\Microsoft\WindowsApps;C:\Users\admin\AppData\Local\Programs\Microsoft VS Code\bin;C:\Users\admin\AppData\Roaming\npm;C:\adb;C:\WINDOWS\system32;C:\WINDOWS;C:\WINDOWS\System32\Wbem;C:\WINDOWS\System32\WindowsPowerShell\v1.0\;C:\WINDOWS\System32\OpenSSH\;C:\Program Files\Docker\Docker\resources\bin;C:\Program Files\dotnet\;C:\Program Files\Intel\WiFi\bin\;C:\Program Files\Common Files\Intel\WirelessCommon\;C:\Users\admin\AppData\Local\Microsoft\WindowsApps;C:\Users\admin\AppData\Local\Programs\Microsoft VS Code\bin;C:\Users\admin\AppData\Roaming\npm;C:\Users\admin\.virtualenvs\appusers-_0EEPwMV\Scripts\;C:\Program Files (x86)\Nmap;C:\Users\admin\Documents\git\conectorSAP\nwrfcsdk\lib;
USERNAME=admin
OS=Windows_NT
PROCESSOR_IDENTIFIER=Intel64 Family 6 Model 142 Stepping 10, GenuineIntel
TMP=C:\Users\admin\AppData\Local\Temp
TEMP=C:\Users\admin\AppData\Local\Temp



---------------  S Y S T E M  ---------------

OS:
 Windows 11 , 64 bit Build 22621 (10.0.22621.2428)
OS uptime: 19 days 13:02 hours
Hyper-V role detected

CPU: total 8 (initial active 8) (4 cores per cpu, 2 threads per core) family 6 model 142 stepping 10 microcode 0xec, cx8, cmov, fxsr, ht, mmx, 3dnowpref, sse, sse2, sse3, ssse3, sse4.1, sse4.2, popcnt, lzcnt, tsc, tscinvbit, avx, avx2, aes, erms, clmul, bmi1, bmi2, adx, fma, vzeroupper, clflush, clflushopt, hv

Memory: 4k page, system-wide physical 8050M (49M free)
TotalPageFile size 32626M (AvailPageFile size 33M)
current process WorkingSet (physical memory assigned to process): 279M, peak: 279M
current process commit charge ("private bytes"): 366M, peak: 420M

vm_info: OpenJDK 64-Bit Server VM (17.0.6+0-b2043.56-9586694) for windows-amd64 JRE (17.0.6+0-b2043.56-9586694), built on Feb  9 2023 20:06:20 by "androidbuild" with MS VC++ 16.10 / 16.11 (VS2019)

END.
