#
# There is insufficient memory for the Java Runtime Environment to continue.
# Native memory allocation (mmap) failed to map 85983232 bytes for G1 virtual space
# Possible reasons:
#   The system is out of physical RAM or swap space
#   The process is running with CompressedOops enabled, and the Java Heap may be blocking the growth of the native heap
# Possible solutions:
#   Reduce memory load on the system
#   Increase physical memory or swap space
#   Check if swap backing store is full
#   Decrease Java heap size (-Xmx/-Xms)
#   Decrease number of Java threads
#   Decrease Java thread stack sizes (-Xss)
#   Set larger code cache with -XX:ReservedCodeCacheSize=
#   JVM is running with Unscaled Compressed Oops mode in which the Java heap is
#     placed in the first 4GB address space. The Java Heap base address is the
#     maximum limit for the native heap growth. Please use -XX:HeapBaseMinAddress
#     to set the Java Heap base and to place the Java Heap above 4GB virtual address.
# This output file may be truncated or incomplete.
#
#  Out of Memory Error (os_windows.cpp:3769), pid=49932, tid=26988
#
# JRE version: OpenJDK Runtime Environment (17.0.6) (build 17.0.6+0-b2043.56-9586694)
# Java VM: OpenJDK 64-Bit Server VM (17.0.6+0-b2043.56-9586694, mixed mode, tiered, compressed oops, compressed class ptrs, g1 gc, windows-amd64)
# No core dump will be written. Minidumps are not enabled by default on client versions of Windows
#

---------------  S U M M A R Y ------------

Command Line: --add-opens=java.base/java.util=ALL-UNNAMED --add-opens=java.base/java.lang=ALL-UNNAMED --add-opens=java.base/java.lang.invoke=ALL-UNNAMED --add-opens=java.prefs/java.util.prefs=ALL-UNNAMED --add-opens=java.base/java.nio.charset=ALL-UNNAMED --add-opens=java.base/java.net=ALL-UNNAMED --add-opens=java.base/java.util.concurrent.atomic=ALL-UNNAMED -Xmx2048m -Dfile.encoding=UTF-8 -Duser.country=US -Duser.language=en -Duser.variant org.gradle.launcher.daemon.bootstrap.GradleDaemon 8.0

Host: Intel(R) Core(TM) i5-8250U CPU @ 1.60GHz, 8 cores, 7G,  Windows 11 , 64 bit Build 22621 (10.0.22621.2428)
Time: Mon Oct 30 14:39:34 2023 Venezuela Standard Time elapsed time: 21.916205 seconds (0d 0h 0m 21s)

---------------  T H R E A D  ---------------

Current thread (0x000002718f9037d0):  VMThread "VM Thread" [stack: 0x000000e2ad100000,0x000000e2ad200000] [id=26988]

Stack: [0x000000e2ad100000,0x000000e2ad200000]
Native frames: (J=compiled Java code, j=interpreted, Vv=VM code, C=native code)
V  [jvm.dll+0x683b4a]
V  [jvm.dll+0x842654]
V  [jvm.dll+0x843dfe]
V  [jvm.dll+0x844463]
V  [jvm.dll+0x249b75]
V  [jvm.dll+0x680a19]
V  [jvm.dll+0x674f0a]
V  [jvm.dll+0x309acb]
V  [jvm.dll+0x310f86]
V  [jvm.dll+0x3608ee]
V  [jvm.dll+0x360b1f]
V  [jvm.dll+0x2dfbf8]
V  [jvm.dll+0x2ddec4]
V  [jvm.dll+0x2dd4cc]
V  [jvm.dll+0x321f3b]
V  [jvm.dll+0x84893b]
V  [jvm.dll+0x849674]
V  [jvm.dll+0x849b8d]
V  [jvm.dll+0x849f64]
V  [jvm.dll+0x84a030]
V  [jvm.dll+0x7f25fa]
V  [jvm.dll+0x682985]
C  [ucrtbase.dll+0x29363]
C  [KERNEL32.DLL+0x1257d]
C  [ntdll.dll+0x5aa78]

VM_Operation (0x000000e2ae8f5800): G1CollectForAllocation, mode: safepoint, requested by thread 0x00000271909666a0


---------------  P R O C E S S  ---------------

Threads class SMR info:
_java_thread_list=0x0000027196375c10, length=125, elements={
0x00000271f5a79a50, 0x0000027190413260, 0x00000271904140d0, 0x000002718f971940,
0x000002718f9724f0, 0x000002718f972fa0, 0x000002718f973950, 0x0000027190435740,
0x0000027190436980, 0x0000027190439f20, 0x000002719059e6c0, 0x00000271905bbac0,
0x0000027191c2c170, 0x000002719125d1c0, 0x0000027191039a90, 0x00000271914a4820,
0x0000027190967510, 0x0000027190968850, 0x00000271909666a0, 0x000002719096a060,
0x0000027190966b70, 0x0000027190967eb0, 0x00000271909696c0, 0x00000271909691f0,
0x0000027190967040, 0x00000271909679e0, 0x0000027190968380, 0x0000027190968d20,
0x0000027191547530, 0x0000027191547a00, 0x0000027191548870, 0x0000027191549bb0,
0x0000027191547060, 0x0000027191547ed0, 0x0000027191548d40, 0x000002719154a080,
0x000002719154a550, 0x00000271929428b0, 0x000002719293cd40, 0x000002719293fd60,
0x0000027192941570, 0x0000027192941a40, 0x0000027192942d80, 0x000002719293e550,
0x000002719293e080, 0x000002719293b530, 0x000002719293dbb0, 0x0000027192941f10,
0x000002719293eef0, 0x000002719293ea20, 0x000002719293d210, 0x000002719293f3c0,
0x0000027192940700, 0x0000027192940230, 0x000002719293f890, 0x000002719293ba00,
0x000002719293bed0, 0x000002719293c3a0, 0x0000027192940bd0, 0x000002719293c870,
0x00000271929410a0, 0x0000027194de5920, 0x0000027194de3770, 0x0000027194de32a0,
0x0000027194de2430, 0x0000027194de4f80, 0x0000027194de0280, 0x0000027194ddfdb0,
0x0000027194de5df0, 0x0000027194ddf410, 0x0000027194de3c40, 0x0000027194de10f0,
0x0000027194de15c0, 0x0000027194de2900, 0x0000027194de62c0, 0x0000027194de4110,
0x0000027194de1a90, 0x0000027194ddea70, 0x0000027194de0750, 0x0000027194ddef40,
0x0000027194de0c20, 0x0000027194de2dd0, 0x0000027194de1f60, 0x0000027194de45e0,
0x0000027194de4ab0, 0x0000027194ddf8e0, 0x0000027194de5450, 0x00000271950fa8d0,
0x00000271950f3080, 0x00000271950f6f10, 0x00000271950f43c0, 0x00000271950f5bd0,
0x00000271950f8720, 0x00000271950f4890, 0x00000271950f3550, 0x00000271950f90c0,
0x00000271950f5230, 0x00000271950f9a60, 0x00000271950f6570, 0x00000271950f4d60,
0x00000271950f6a40, 0x00000271950f9f30, 0x00000271950f60a0, 0x00000271950f73e0,
0x00000271950f5700, 0x00000271950f78b0, 0x00000271950fa400, 0x00000271950f7d80,
0x00000271950f9590, 0x00000271950f8250, 0x00000271950f3a20, 0x00000271950f8bf0,
0x00000271950f3ef0, 0x0000027194743f70, 0x0000027194743aa0, 0x00000271947405b0,
0x0000027194741420, 0x0000027194742290, 0x0000027194741dc0, 0x0000027194740f50,
0x0000027194744910, 0x0000027194744de0, 0x000002719473f740, 0x0000027194744440,
0x00000271947418f0
}

Java Threads: ( => current thread )
  0x00000271f5a79a50 JavaThread "main" [_thread_blocked, id=20536, stack(0x000000e2acb00000,0x000000e2acc00000)]
  0x0000027190413260 JavaThread "Reference Handler" daemon [_thread_blocked, id=39888, stack(0x000000e2ad200000,0x000000e2ad300000)]
  0x00000271904140d0 JavaThread "Finalizer" daemon [_thread_blocked, id=21696, stack(0x000000e2ad300000,0x000000e2ad400000)]
  0x000002718f971940 JavaThread "Signal Dispatcher" daemon [_thread_blocked, id=28748, stack(0x000000e2ad400000,0x000000e2ad500000)]
  0x000002718f9724f0 JavaThread "Attach Listener" daemon [_thread_blocked, id=39712, stack(0x000000e2ad500000,0x000000e2ad600000)]
  0x000002718f972fa0 JavaThread "Service Thread" daemon [_thread_blocked, id=28884, stack(0x000000e2ad600000,0x000000e2ad700000)]
  0x000002718f973950 JavaThread "Monitor Deflation Thread" daemon [_thread_blocked, id=32344, stack(0x000000e2ad700000,0x000000e2ad800000)]
  0x0000027190435740 JavaThread "C2 CompilerThread0" daemon [_thread_blocked, id=17496, stack(0x000000e2ad800000,0x000000e2ad900000)]
  0x0000027190436980 JavaThread "C1 CompilerThread0" daemon [_thread_blocked, id=21036, stack(0x000000e2ad900000,0x000000e2ada00000)]
  0x0000027190439f20 JavaThread "Sweeper thread" daemon [_thread_blocked, id=9876, stack(0x000000e2ada00000,0x000000e2adb00000)]
  0x000002719059e6c0 JavaThread "Common-Cleaner" daemon [_thread_blocked, id=23968, stack(0x000000e2adb00000,0x000000e2adc00000)]
  0x00000271905bbac0 JavaThread "Notification Thread" daemon [_thread_blocked, id=29572, stack(0x000000e2adc00000,0x000000e2add00000)]
  0x0000027191c2c170 JavaThread "Daemon health stats" [_thread_blocked, id=23108, stack(0x000000e2ae200000,0x000000e2ae300000)]
  0x000002719125d1c0 JavaThread "Incoming local TCP Connector on port 64473" [_thread_in_native, id=48064, stack(0x000000e2ae300000,0x000000e2ae400000)]
  0x0000027191039a90 JavaThread "Daemon periodic checks" [_thread_blocked, id=12892, stack(0x000000e2ae400000,0x000000e2ae500000)]
  0x00000271914a4820 JavaThread "Daemon" [_thread_blocked, id=41456, stack(0x000000e2ae500000,0x000000e2ae600000)]
  0x0000027190967510 JavaThread "Handler for socket connection from /127.0.0.1:64473 to /127.0.0.1:64474" [_thread_in_native, id=37428, stack(0x000000e2ae600000,0x000000e2ae700000)]
  0x0000027190968850 JavaThread "Cancel handler" [_thread_blocked, id=14164, stack(0x000000e2ae700000,0x000000e2ae800000)]
  0x00000271909666a0 JavaThread "Daemon worker" [_thread_blocked, id=11940, stack(0x000000e2ae800000,0x000000e2ae900000)]
  0x000002719096a060 JavaThread "Asynchronous log dispatcher for DefaultDaemonConnection: socket connection from /127.0.0.1:64473 to /127.0.0.1:64474" [_thread_blocked, id=29968, stack(0x000000e2ae900000,0x000000e2aea00000)]
  0x0000027190966b70 JavaThread "Stdin handler" [_thread_blocked, id=14576, stack(0x000000e2aea00000,0x000000e2aeb00000)]
  0x0000027190967eb0 JavaThread "Daemon client event forwarder" [_thread_blocked, id=48304, stack(0x000000e2aeb00000,0x000000e2aec00000)]
  0x00000271909696c0 JavaThread "Cache worker for journal cache (C:\Users\admin\.gradle\caches\journal-1)" [_thread_blocked, id=42332, stack(0x000000e2af000000,0x000000e2af100000)]
  0x00000271909691f0 JavaThread "File lock request listener" [_thread_in_native, id=35524, stack(0x000000e2af100000,0x000000e2af200000)]
  0x0000027190967040 JavaThread "Cache worker for file hash cache (C:\Users\admin\.gradle\caches\8.0\fileHashes)" [_thread_blocked, id=27220, stack(0x000000e2af300000,0x000000e2af400000)]
  0x00000271909679e0 JavaThread "File watcher server" daemon [_thread_in_native, id=51352, stack(0x000000e2af400000,0x000000e2af500000)]
  0x0000027190968380 JavaThread "File watcher consumer" daemon [_thread_blocked, id=43320, stack(0x000000e2af500000,0x000000e2af600000)]
  0x0000027190968d20 JavaThread "Cache worker for checksums cache (C:\Users\admin\AndroidStudioProjects\AppREMAN\.gradle\8.0\checksums)" [_thread_blocked, id=29364, stack(0x000000e2af600000,0x000000e2af700000)]
  0x0000027191547530 JavaThread "Cache worker for cache directory md-rule (C:\Users\admin\.gradle\caches\8.0\md-rule)" [_thread_blocked, id=20528, stack(0x000000e2af700000,0x000000e2af800000)]
  0x0000027191547a00 JavaThread "Cache worker for file content cache (C:\Users\admin\.gradle\caches\8.0\fileContent)" [_thread_blocked, id=51676, stack(0x000000e2af800000,0x000000e2af900000)]
  0x0000027191548870 JavaThread "Cache worker for file hash cache (C:\Users\admin\AndroidStudioProjects\AppREMAN\.gradle\8.0\fileHashes)" [_thread_blocked, id=34620, stack(0x000000e2af900000,0x000000e2afa00000)]
  0x0000027191549bb0 JavaThread "Cache worker for cache directory md-supplier (C:\Users\admin\.gradle\caches\8.0\md-supplier)" [_thread_blocked, id=50272, stack(0x000000e2afa00000,0x000000e2afb00000)]
  0x0000027191547060 JavaThread "Cache worker for execution history cache (C:\Users\admin\.gradle\caches\8.0\executionHistory)" [_thread_blocked, id=22596, stack(0x000000e2af200000,0x000000e2af300000)]
  0x0000027191547ed0 JavaThread "jar transforms" [_thread_blocked, id=44924, stack(0x000000e2afc00000,0x000000e2afd00000)]
  0x0000027191548d40 JavaThread "jar transforms Thread 2" [_thread_blocked, id=37308, stack(0x000000e2afd00000,0x000000e2afe00000)]
  0x000002719154a080 JavaThread "jar transforms Thread 3" [_thread_blocked, id=26948, stack(0x000000e2afe00000,0x000000e2aff00000)]
  0x000002719154a550 JavaThread "jar transforms Thread 4" [_thread_blocked, id=47168, stack(0x000000e2aff00000,0x000000e2b0000000)]
  0x00000271929428b0 JavaThread "Cache worker for dependencies-accessors (C:\Users\admin\AndroidStudioProjects\AppREMAN\.gradle\8.0\dependencies-accessors)" [_thread_blocked, id=3716, stack(0x000000e2b0000000,0x000000e2b0100000)]
  0x000002719293cd40 JavaThread "jar transforms Thread 5" [_thread_blocked, id=9960, stack(0x000000e2b0100000,0x000000e2b0200000)]
  0x000002719293fd60 JavaThread "Cache worker for Build Output Cleanup Cache (C:\Users\admin\AndroidStudioProjects\AppREMAN\.gradle\buildOutputCleanup)" [_thread_blocked, id=12100, stack(0x000000e2b0200000,0x000000e2b0300000)]
  0x0000027192941570 JavaThread "Unconstrained build operations" [_thread_blocked, id=26276, stack(0x000000e2b0300000,0x000000e2b0400000)]
  0x0000027192941a40 JavaThread "Unconstrained build operations Thread 2" [_thread_blocked, id=40576, stack(0x000000e2b0400000,0x000000e2b0500000)]
  0x0000027192942d80 JavaThread "Unconstrained build operations Thread 3" [_thread_blocked, id=36208, stack(0x000000e2b0500000,0x000000e2b0600000)]
  0x000002719293e550 JavaThread "Unconstrained build operations Thread 4" [_thread_blocked, id=7792, stack(0x000000e2b0600000,0x000000e2b0700000)]
  0x000002719293e080 JavaThread "Unconstrained build operations Thread 5" [_thread_blocked, id=12428, stack(0x000000e2b0700000,0x000000e2b0800000)]
  0x000002719293b530 JavaThread "Unconstrained build operations Thread 6" [_thread_blocked, id=6336, stack(0x000000e2b0800000,0x000000e2b0900000)]
  0x000002719293dbb0 JavaThread "Unconstrained build operations Thread 7" [_thread_blocked, id=49536, stack(0x000000e2b0900000,0x000000e2b0a00000)]
  0x0000027192941f10 JavaThread "Unconstrained build operations Thread 8" [_thread_blocked, id=42972, stack(0x000000e2b0a00000,0x000000e2b0b00000)]
  0x000002719293eef0 JavaThread "Unconstrained build operations Thread 9" [_thread_blocked, id=37608, stack(0x000000e2b0b00000,0x000000e2b0c00000)]
  0x000002719293ea20 JavaThread "Unconstrained build operations Thread 10" [_thread_blocked, id=23220, stack(0x000000e2b0c00000,0x000000e2b0d00000)]
  0x000002719293d210 JavaThread "Unconstrained build operations Thread 11" [_thread_blocked, id=53492, stack(0x000000e2b0d00000,0x000000e2b0e00000)]
  0x000002719293f3c0 JavaThread "Unconstrained build operations Thread 12" [_thread_blocked, id=24208, stack(0x000000e2b0e00000,0x000000e2b0f00000)]
  0x0000027192940700 JavaThread "Unconstrained build operations Thread 13" [_thread_blocked, id=41992, stack(0x000000e2b0f00000,0x000000e2b1000000)]
  0x0000027192940230 JavaThread "Unconstrained build operations Thread 14" [_thread_blocked, id=45736, stack(0x000000e2b1000000,0x000000e2b1100000)]
  0x000002719293f890 JavaThread "Unconstrained build operations Thread 15" [_thread_blocked, id=28108, stack(0x000000e2b1100000,0x000000e2b1200000)]
  0x000002719293ba00 JavaThread "Unconstrained build operations Thread 16" [_thread_blocked, id=4776, stack(0x000000e2b1200000,0x000000e2b1300000)]
  0x000002719293bed0 JavaThread "Unconstrained build operations Thread 17" [_thread_blocked, id=12156, stack(0x000000e2b1300000,0x000000e2b1400000)]
  0x000002719293c3a0 JavaThread "Unconstrained build operations Thread 18" [_thread_blocked, id=46284, stack(0x000000e2b1400000,0x000000e2b1500000)]
  0x0000027192940bd0 JavaThread "Unconstrained build operations Thread 19" [_thread_blocked, id=5492, stack(0x000000e2b1500000,0x000000e2b1600000)]
  0x000002719293c870 JavaThread "Unconstrained build operations Thread 20" [_thread_blocked, id=13448, stack(0x000000e2b1600000,0x000000e2b1700000)]
  0x00000271929410a0 JavaThread "Unconstrained build operations Thread 21" [_thread_blocked, id=46220, stack(0x000000e2b1700000,0x000000e2b1800000)]
  0x0000027194de5920 JavaThread "Unconstrained build operations Thread 22" [_thread_blocked, id=13944, stack(0x000000e2b1800000,0x000000e2b1900000)]
  0x0000027194de3770 JavaThread "Unconstrained build operations Thread 23" [_thread_blocked, id=36356, stack(0x000000e2b1900000,0x000000e2b1a00000)]
  0x0000027194de32a0 JavaThread "Unconstrained build operations Thread 24" [_thread_blocked, id=17504, stack(0x000000e2b1a00000,0x000000e2b1b00000)]
  0x0000027194de2430 JavaThread "Unconstrained build operations Thread 25" [_thread_blocked, id=41124, stack(0x000000e2b1b00000,0x000000e2b1c00000)]
  0x0000027194de4f80 JavaThread "Unconstrained build operations Thread 26" [_thread_blocked, id=9872, stack(0x000000e2b1c00000,0x000000e2b1d00000)]
  0x0000027194de0280 JavaThread "Unconstrained build operations Thread 27" [_thread_blocked, id=45456, stack(0x000000e2b1d00000,0x000000e2b1e00000)]
  0x0000027194ddfdb0 JavaThread "Unconstrained build operations Thread 28" [_thread_blocked, id=6404, stack(0x000000e2b1e00000,0x000000e2b1f00000)]
  0x0000027194de5df0 JavaThread "Unconstrained build operations Thread 29" [_thread_blocked, id=25112, stack(0x000000e2b1f00000,0x000000e2b2000000)]
  0x0000027194ddf410 JavaThread "Unconstrained build operations Thread 30" [_thread_blocked, id=13104, stack(0x000000e2b2000000,0x000000e2b2100000)]
  0x0000027194de3c40 JavaThread "Unconstrained build operations Thread 31" [_thread_blocked, id=8676, stack(0x000000e2b2100000,0x000000e2b2200000)]
  0x0000027194de10f0 JavaThread "Unconstrained build operations Thread 32" [_thread_blocked, id=14436, stack(0x000000e2b2200000,0x000000e2b2300000)]
  0x0000027194de15c0 JavaThread "Unconstrained build operations Thread 33" [_thread_blocked, id=22612, stack(0x000000e2b2300000,0x000000e2b2400000)]
  0x0000027194de2900 JavaThread "Unconstrained build operations Thread 34" [_thread_blocked, id=21296, stack(0x000000e2b2400000,0x000000e2b2500000)]
  0x0000027194de62c0 JavaThread "Unconstrained build operations Thread 35" [_thread_blocked, id=16500, stack(0x000000e2b2500000,0x000000e2b2600000)]
  0x0000027194de4110 JavaThread "Unconstrained build operations Thread 36" [_thread_blocked, id=45392, stack(0x000000e2b2600000,0x000000e2b2700000)]
  0x0000027194de1a90 JavaThread "Unconstrained build operations Thread 37" [_thread_blocked, id=6076, stack(0x000000e2b2700000,0x000000e2b2800000)]
  0x0000027194ddea70 JavaThread "Unconstrained build operations Thread 38" [_thread_blocked, id=22936, stack(0x000000e2b2800000,0x000000e2b2900000)]
  0x0000027194de0750 JavaThread "Unconstrained build operations Thread 39" [_thread_blocked, id=34596, stack(0x000000e2b2900000,0x000000e2b2a00000)]
  0x0000027194ddef40 JavaThread "Unconstrained build operations Thread 40" [_thread_blocked, id=24620, stack(0x000000e2b2a00000,0x000000e2b2b00000)]
  0x0000027194de0c20 JavaThread "Unconstrained build operations Thread 41" [_thread_blocked, id=19544, stack(0x000000e2b2b00000,0x000000e2b2c00000)]
  0x0000027194de2dd0 JavaThread "Unconstrained build operations Thread 42" [_thread_blocked, id=27256, stack(0x000000e2b2c00000,0x000000e2b2d00000)]
  0x0000027194de1f60 JavaThread "Unconstrained build operations Thread 43" [_thread_blocked, id=19812, stack(0x000000e2b2d00000,0x000000e2b2e00000)]
  0x0000027194de45e0 JavaThread "Unconstrained build operations Thread 44" [_thread_blocked, id=52208, stack(0x000000e2b2e00000,0x000000e2b2f00000)]
  0x0000027194de4ab0 JavaThread "Unconstrained build operations Thread 45" [_thread_blocked, id=40728, stack(0x000000e2b2f00000,0x000000e2b3000000)]
  0x0000027194ddf8e0 JavaThread "Unconstrained build operations Thread 46" [_thread_blocked, id=17392, stack(0x000000e2b3000000,0x000000e2b3100000)]
  0x0000027194de5450 JavaThread "Unconstrained build operations Thread 47" [_thread_blocked, id=35992, stack(0x000000e2b3100000,0x000000e2b3200000)]
  0x00000271950fa8d0 JavaThread "Unconstrained build operations Thread 48" [_thread_blocked, id=46960, stack(0x000000e2b3200000,0x000000e2b3300000)]
  0x00000271950f3080 JavaThread "Unconstrained build operations Thread 49" [_thread_blocked, id=37096, stack(0x000000e2b3300000,0x000000e2b3400000)]
  0x00000271950f6f10 JavaThread "Unconstrained build operations Thread 50" [_thread_blocked, id=9736, stack(0x000000e2b3400000,0x000000e2b3500000)]
  0x00000271950f43c0 JavaThread "Unconstrained build operations Thread 51" [_thread_blocked, id=37740, stack(0x000000e2b3500000,0x000000e2b3600000)]
  0x00000271950f5bd0 JavaThread "Unconstrained build operations Thread 52" [_thread_blocked, id=53536, stack(0x000000e2b3600000,0x000000e2b3700000)]
  0x00000271950f8720 JavaThread "Unconstrained build operations Thread 53" [_thread_blocked, id=7944, stack(0x000000e2b3700000,0x000000e2b3800000)]
  0x00000271950f4890 JavaThread "Unconstrained build operations Thread 54" [_thread_blocked, id=45408, stack(0x000000e2b3800000,0x000000e2b3900000)]
  0x00000271950f3550 JavaThread "Unconstrained build operations Thread 55" [_thread_blocked, id=9096, stack(0x000000e2b3900000,0x000000e2b3a00000)]
  0x00000271950f90c0 JavaThread "Unconstrained build operations Thread 56" [_thread_blocked, id=29984, stack(0x000000e2b3a00000,0x000000e2b3b00000)]
  0x00000271950f5230 JavaThread "Unconstrained build operations Thread 57" [_thread_blocked, id=47860, stack(0x000000e2b3b00000,0x000000e2b3c00000)]
  0x00000271950f9a60 JavaThread "Unconstrained build operations Thread 58" [_thread_blocked, id=23716, stack(0x000000e2b3c00000,0x000000e2b3d00000)]
  0x00000271950f6570 JavaThread "Unconstrained build operations Thread 59" [_thread_blocked, id=15996, stack(0x000000e2b3d00000,0x000000e2b3e00000)]
  0x00000271950f4d60 JavaThread "Unconstrained build operations Thread 60" [_thread_blocked, id=19040, stack(0x000000e2b3e00000,0x000000e2b3f00000)]
  0x00000271950f6a40 JavaThread "Unconstrained build operations Thread 61" [_thread_blocked, id=52556, stack(0x000000e2b3f00000,0x000000e2b4000000)]
  0x00000271950f9f30 JavaThread "Unconstrained build operations Thread 62" [_thread_blocked, id=26352, stack(0x000000e2b4000000,0x000000e2b4100000)]
  0x00000271950f60a0 JavaThread "Unconstrained build operations Thread 63" [_thread_blocked, id=30300, stack(0x000000e2b4100000,0x000000e2b4200000)]
  0x00000271950f73e0 JavaThread "Unconstrained build operations Thread 64" [_thread_blocked, id=22924, stack(0x000000e2b4200000,0x000000e2b4300000)]
  0x00000271950f5700 JavaThread "Unconstrained build operations Thread 65" [_thread_blocked, id=12724, stack(0x000000e2b4300000,0x000000e2b4400000)]
  0x00000271950f78b0 JavaThread "Unconstrained build operations Thread 66" [_thread_blocked, id=30164, stack(0x000000e2b4400000,0x000000e2b4500000)]
  0x00000271950fa400 JavaThread "Unconstrained build operations Thread 67" [_thread_blocked, id=42576, stack(0x000000e2b4500000,0x000000e2b4600000)]
  0x00000271950f7d80 JavaThread "Unconstrained build operations Thread 68" [_thread_blocked, id=50356, stack(0x000000e2b4600000,0x000000e2b4700000)]
  0x00000271950f9590 JavaThread "Unconstrained build operations Thread 69" [_thread_blocked, id=46476, stack(0x000000e2b4700000,0x000000e2b4800000)]
  0x00000271950f8250 JavaThread "Unconstrained build operations Thread 70" [_thread_blocked, id=35472, stack(0x000000e2b4800000,0x000000e2b4900000)]
  0x00000271950f3a20 JavaThread "Unconstrained build operations Thread 71" [_thread_blocked, id=1616, stack(0x000000e2b4900000,0x000000e2b4a00000)]
  0x00000271950f8bf0 JavaThread "Unconstrained build operations Thread 72" [_thread_blocked, id=42216, stack(0x000000e2b4a00000,0x000000e2b4b00000)]
  0x00000271950f3ef0 JavaThread "Unconstrained build operations Thread 73" [_thread_blocked, id=11332, stack(0x000000e2b4b00000,0x000000e2b4c00000)]
  0x0000027194743f70 JavaThread "Unconstrained build operations Thread 74" [_thread_blocked, id=35380, stack(0x000000e2b4c00000,0x000000e2b4d00000)]
  0x0000027194743aa0 JavaThread "Unconstrained build operations Thread 75" [_thread_blocked, id=30828, stack(0x000000e2b4d00000,0x000000e2b4e00000)]
  0x00000271947405b0 JavaThread "Unconstrained build operations Thread 76" [_thread_blocked, id=31344, stack(0x000000e2b4e00000,0x000000e2b4f00000)]
  0x0000027194741420 JavaThread "Unconstrained build operations Thread 77" [_thread_blocked, id=8188, stack(0x000000e2b4f00000,0x000000e2b5000000)]
  0x0000027194742290 JavaThread "Unconstrained build operations Thread 78" [_thread_blocked, id=49460, stack(0x000000e2b5000000,0x000000e2b5100000)]
  0x0000027194741dc0 JavaThread "Unconstrained build operations Thread 79" [_thread_blocked, id=13684, stack(0x000000e2b5100000,0x000000e2b5200000)]
  0x0000027194740f50 JavaThread "Unconstrained build operations Thread 80" [_thread_blocked, id=22928, stack(0x000000e2b5200000,0x000000e2b5300000)]
  0x0000027194744910 JavaThread "jar transforms Thread 6" [_thread_blocked, id=19148, stack(0x000000e2b5300000,0x000000e2b5400000)]
  0x0000027194744de0 JavaThread "jar transforms Thread 7" [_thread_blocked, id=23772, stack(0x000000e2b5400000,0x000000e2b5500000)]
  0x000002719473f740 JavaThread "jar transforms Thread 8" [_thread_blocked, id=20708, stack(0x000000e2b5500000,0x000000e2b5600000)]
  0x0000027194744440 JavaThread "build event listener" [_thread_blocked, id=50732, stack(0x000000e2b5600000,0x000000e2b5700000)]
  0x00000271947418f0 JavaThread "Memory manager" [_thread_blocked, id=47152, stack(0x000000e2afb00000,0x000000e2afc00000)]

Other Threads:
=>0x000002718f9037d0 VMThread "VM Thread" [stack: 0x000000e2ad100000,0x000000e2ad200000] [id=26988]
  0x000002719059eb90 WatcherThread [stack: 0x000000e2add00000,0x000000e2ade00000] [id=21908]
  0x00000271f5ad4bd0 GCTaskThread "GC Thread#0" [stack: 0x000000e2acc00000,0x000000e2acd00000] [id=53376]
  0x0000027191409280 GCTaskThread "GC Thread#1" [stack: 0x000000e2ade00000,0x000000e2adf00000] [id=18076]
  0x0000027190e47180 GCTaskThread "GC Thread#2" [stack: 0x000000e2adf00000,0x000000e2ae000000] [id=3876]
  0x000002719130b850 GCTaskThread "GC Thread#3" [stack: 0x000000e2ae000000,0x000000e2ae100000] [id=6676]
  0x00000271916c09f0 GCTaskThread "GC Thread#4" [stack: 0x000000e2ae100000,0x000000e2ae200000] [id=38408]
  0x000002719083a590 GCTaskThread "GC Thread#5" [stack: 0x000000e2aec00000,0x000000e2aed00000] [id=19424]
  0x0000027191056880 GCTaskThread "GC Thread#6" [stack: 0x000000e2aed00000,0x000000e2aee00000] [id=19888]
  0x0000027191056b30 GCTaskThread "GC Thread#7" [stack: 0x000000e2aee00000,0x000000e2aef00000] [id=35848]
  0x00000271f5ae6320 ConcurrentGCThread "G1 Main Marker" [stack: 0x000000e2acd00000,0x000000e2ace00000] [id=28244]
  0x00000271f5ae6d30 ConcurrentGCThread "G1 Conc#0" [stack: 0x000000e2ace00000,0x000000e2acf00000] [id=6440]
  0x0000027191252df0 ConcurrentGCThread "G1 Conc#1" [stack: 0x000000e2aef00000,0x000000e2af000000] [id=12912]
  0x000002718f7b24c0 ConcurrentGCThread "G1 Refine#0" [stack: 0x000000e2acf00000,0x000000e2ad000000] [id=35596]
  0x000002718f7b2ee0 ConcurrentGCThread "G1 Service" [stack: 0x000000e2ad000000,0x000000e2ad100000] [id=43328]

Threads with active compile tasks:
C2 CompilerThread0    21996 7014 %     4       org.gradle.internal.instantiation.generator.AbstractClassGenerator::inspectType @ 207 (560 bytes)

VM state: at safepoint (normal execution)

VM Mutex/Monitor currently owned by a thread:  ([mutex/lock_event])
[0x00000271f5a743d0] Threads_lock - owner thread: 0x000002718f9037d0
[0x00000271f5a73ad0] Heap_lock - owner thread: 0x00000271909666a0

Heap address: 0x0000000080000000, size: 2048 MB, Compressed Oops mode: 32-bit

CDS archive(s) not mapped
Compressed class space mapped at: 0x0000000100000000-0x0000000140000000, reserved size: 1073741824
Narrow klass base: 0x0000000000000000, Narrow klass shift: 3, Narrow klass range: 0x140000000

GC Precious Log:
 CPUs: 8 total, 8 available
 Memory: 8050M
 Large Page Support: Disabled
 NUMA Support: Disabled
 Compressed Oops: Enabled (32-bit)
 Heap Region Size: 1M
 Heap Min Capacity: 8M
 Heap Initial Capacity: 126M
 Heap Max Capacity: 2G
 Pre-touch: Disabled
 Parallel Workers: 8
 Concurrent Workers: 2
 Concurrent Refinement Workers: 8
 Periodic GC: Disabled

Heap:
 garbage-first heap   total 129024K, used 57139K [0x0000000080000000, 0x0000000100000000)
  region size 1024K, 3 young (3072K), 3 survivors (3072K)
 Metaspace       used 68940K, committed 69504K, reserved 1114112K
  class space    used 9097K, committed 9344K, reserved 1048576K

Heap Regions: E=young(eden), S=young(survivor), O=old, HS=humongous(starts), HC=humongous(continues), CS=collection set, F=free, OA=open archive, CA=closed archive, TAMS=top-at-mark-start (previous, next)
|   0|0x0000000080000000, 0x0000000080100000, 0x0000000080100000|100%|HS|  |TAMS 0x0000000080100000, 0x0000000080100000| Complete 
|   1|0x0000000080100000, 0x0000000080200000, 0x0000000080200000|100%|HC|  |TAMS 0x0000000080200000, 0x0000000080200000| Complete 
|   2|0x0000000080200000, 0x0000000080300000, 0x0000000080300000|100%|HC|  |TAMS 0x0000000080300000, 0x0000000080300000| Complete 
|   3|0x0000000080300000, 0x0000000080400000, 0x0000000080400000|100%|HC|  |TAMS 0x0000000080400000, 0x0000000080400000| Complete 
|   4|0x0000000080400000, 0x0000000080500000, 0x0000000080500000|100%| O|  |TAMS 0x0000000080500000, 0x0000000080500000| Untracked 
|   5|0x0000000080500000, 0x0000000080600000, 0x0000000080600000|100%| O|  |TAMS 0x0000000080600000, 0x0000000080600000| Untracked 
|   6|0x0000000080600000, 0x0000000080700000, 0x0000000080700000|100%| O|  |TAMS 0x0000000080700000, 0x0000000080700000| Untracked 
|   7|0x0000000080700000, 0x0000000080800000, 0x0000000080800000|100%| O|  |TAMS 0x0000000080800000, 0x0000000080800000| Untracked 
|   8|0x0000000080800000, 0x0000000080900000, 0x0000000080900000|100%| O|  |TAMS 0x0000000080900000, 0x0000000080900000| Untracked 
|   9|0x0000000080900000, 0x0000000080a00000, 0x0000000080a00000|100%| O|  |TAMS 0x0000000080a00000, 0x0000000080a00000| Untracked 
|  10|0x0000000080a00000, 0x0000000080b00000, 0x0000000080b00000|100%| O|  |TAMS 0x0000000080b00000, 0x0000000080b00000| Untracked 
|  11|0x0000000080b00000, 0x0000000080c00000, 0x0000000080c00000|100%| O|  |TAMS 0x0000000080c00000, 0x0000000080c00000| Untracked 
|  12|0x0000000080c00000, 0x0000000080d00000, 0x0000000080d00000|100%| O|  |TAMS 0x0000000080d00000, 0x0000000080d00000| Untracked 
|  13|0x0000000080d00000, 0x0000000080e00000, 0x0000000080e00000|100%| O|  |TAMS 0x0000000080e00000, 0x0000000080e00000| Untracked 
|  14|0x0000000080e00000, 0x0000000080f00000, 0x0000000080f00000|100%| O|  |TAMS 0x0000000080f00000, 0x0000000080f00000| Untracked 
|  15|0x0000000080f00000, 0x0000000081000000, 0x0000000081000000|100%| O|  |TAMS 0x0000000081000000, 0x0000000081000000| Untracked 
|  16|0x0000000081000000, 0x0000000081100000, 0x0000000081100000|100%| O|  |TAMS 0x0000000081100000, 0x0000000081100000| Untracked 
|  17|0x0000000081100000, 0x0000000081200000, 0x0000000081200000|100%| O|  |TAMS 0x0000000081200000, 0x0000000081200000| Untracked 
|  18|0x0000000081200000, 0x0000000081300000, 0x0000000081300000|100%| O|  |TAMS 0x0000000081300000, 0x0000000081300000| Untracked 
|  19|0x0000000081300000, 0x0000000081400000, 0x0000000081400000|100%| O|  |TAMS 0x0000000081400000, 0x0000000081400000| Untracked 
|  20|0x0000000081400000, 0x0000000081500000, 0x0000000081500000|100%| O|  |TAMS 0x0000000081500000, 0x0000000081500000| Untracked 
|  21|0x0000000081500000, 0x0000000081600000, 0x0000000081600000|100%| O|  |TAMS 0x0000000081600000, 0x0000000081600000| Untracked 
|  22|0x0000000081600000, 0x0000000081600000, 0x0000000081700000|  0%| F|  |TAMS 0x0000000081600000, 0x0000000081600000| Untracked 
|  23|0x0000000081700000, 0x0000000081800000, 0x0000000081800000|100%| O|  |TAMS 0x0000000081800000, 0x0000000081800000| Untracked 
|  24|0x0000000081800000, 0x0000000081900000, 0x0000000081900000|100%| O|  |TAMS 0x0000000081900000, 0x0000000081900000| Untracked 
|  25|0x0000000081900000, 0x0000000081a00000, 0x0000000081a00000|100%| O|  |TAMS 0x0000000081a00000, 0x0000000081a00000| Untracked 
|  26|0x0000000081a00000, 0x0000000081b00000, 0x0000000081b00000|100%| O|  |TAMS 0x0000000081b00000, 0x0000000081b00000| Untracked 
|  27|0x0000000081b00000, 0x0000000081c00000, 0x0000000081c00000|100%| O|  |TAMS 0x0000000081c00000, 0x0000000081c00000| Untracked 
|  28|0x0000000081c00000, 0x0000000081d00000, 0x0000000081d00000|100%| O|  |TAMS 0x0000000081d00000, 0x0000000081d00000| Untracked 
|  29|0x0000000081d00000, 0x0000000081e00000, 0x0000000081e00000|100%| O|  |TAMS 0x0000000081e00000, 0x0000000081e00000| Untracked 
|  30|0x0000000081e00000, 0x0000000081f00000, 0x0000000081f00000|100%| O|  |TAMS 0x0000000081f00000, 0x0000000081f00000| Untracked 
|  31|0x0000000081f00000, 0x0000000082000000, 0x0000000082000000|100%|HS|  |TAMS 0x0000000082000000, 0x0000000082000000| Complete 
|  32|0x0000000082000000, 0x0000000082100000, 0x0000000082100000|100%|HS|  |TAMS 0x0000000082100000, 0x0000000082100000| Complete 
|  33|0x0000000082100000, 0x0000000082200000, 0x0000000082200000|100%| O|  |TAMS 0x0000000082200000, 0x0000000082200000| Untracked 
|  34|0x0000000082200000, 0x0000000082300000, 0x0000000082300000|100%| O|  |TAMS 0x0000000082300000, 0x0000000082300000| Untracked 
|  35|0x0000000082300000, 0x0000000082400000, 0x0000000082400000|100%| O|  |TAMS 0x0000000082400000, 0x0000000082400000| Untracked 
|  36|0x0000000082400000, 0x0000000082500000, 0x0000000082500000|100%| O|  |TAMS 0x0000000082400000, 0x0000000082500000| Untracked 
|  37|0x0000000082500000, 0x0000000082600000, 0x0000000082600000|100%| O|  |TAMS 0x0000000082600000, 0x0000000082600000| Untracked 
|  38|0x0000000082600000, 0x0000000082700000, 0x0000000082700000|100%| O|  |TAMS 0x0000000082700000, 0x0000000082700000| Untracked 
|  39|0x0000000082700000, 0x0000000082800000, 0x0000000082800000|100%| O|  |TAMS 0x0000000082800000, 0x0000000082800000| Untracked 
|  40|0x0000000082800000, 0x0000000082900000, 0x0000000082900000|100%| O|  |TAMS 0x0000000082900000, 0x0000000082900000| Untracked 
|  41|0x0000000082900000, 0x0000000082a00000, 0x0000000082a00000|100%| O|  |TAMS 0x0000000082a00000, 0x0000000082a00000| Untracked 
|  42|0x0000000082a00000, 0x0000000082b00000, 0x0000000082b00000|100%| O|  |TAMS 0x0000000082b00000, 0x0000000082b00000| Untracked 
|  43|0x0000000082b00000, 0x0000000082c00000, 0x0000000082c00000|100%| O|  |TAMS 0x0000000082c00000, 0x0000000082c00000| Untracked 
|  44|0x0000000082c00000, 0x0000000082d00000, 0x0000000082d00000|100%| O|  |TAMS 0x0000000082d00000, 0x0000000082d00000| Untracked 
|  45|0x0000000082d00000, 0x0000000082e00000, 0x0000000082e00000|100%| O|  |TAMS 0x0000000082e00000, 0x0000000082e00000| Untracked 
|  46|0x0000000082e00000, 0x0000000082f00000, 0x0000000082f00000|100%| O|  |TAMS 0x0000000082f00000, 0x0000000082f00000| Untracked 
|  47|0x0000000082f00000, 0x0000000083000000, 0x0000000083000000|100%| O|  |TAMS 0x0000000083000000, 0x0000000083000000| Untracked 
|  48|0x0000000083000000, 0x0000000083100000, 0x0000000083100000|100%| O|  |TAMS 0x0000000083100000, 0x0000000083100000| Untracked 
|  49|0x0000000083100000, 0x0000000083200000, 0x0000000083200000|100%| O|  |TAMS 0x00000000831c4800, 0x0000000083200000| Untracked 
|  50|0x0000000083200000, 0x0000000083300000, 0x0000000083300000|100%| O|  |TAMS 0x0000000083200000, 0x0000000083300000| Untracked 
|  51|0x0000000083300000, 0x0000000083400000, 0x0000000083400000|100%| O|  |TAMS 0x0000000083300000, 0x0000000083400000| Untracked 
|  52|0x0000000083400000, 0x0000000083500000, 0x0000000083500000|100%| O|  |TAMS 0x0000000083400000, 0x0000000083500000| Untracked 
|  53|0x0000000083500000, 0x0000000083600000, 0x0000000083600000|100%| O|  |TAMS 0x0000000083600000, 0x0000000083600000| Untracked 
|  54|0x0000000083600000, 0x0000000083634800, 0x0000000083700000| 20%| O|  |TAMS 0x0000000083600000, 0x0000000083634800| Untracked 
|  55|0x0000000083700000, 0x0000000083700000, 0x0000000083800000|  0%| F|  |TAMS 0x0000000083700000, 0x0000000083700000| Untracked 
|  56|0x0000000083800000, 0x0000000083800000, 0x0000000083900000|  0%| F|  |TAMS 0x0000000083800000, 0x0000000083800000| Untracked 
|  57|0x0000000083900000, 0x0000000083900000, 0x0000000083a00000|  0%| F|  |TAMS 0x0000000083900000, 0x0000000083900000| Untracked 
|  58|0x0000000083a00000, 0x0000000083a00000, 0x0000000083b00000|  0%| F|  |TAMS 0x0000000083a00000, 0x0000000083a00000| Untracked 
|  59|0x0000000083b00000, 0x0000000083b00000, 0x0000000083c00000|  0%| F|  |TAMS 0x0000000083b00000, 0x0000000083b00000| Untracked 
|  60|0x0000000083c00000, 0x0000000083c00000, 0x0000000083d00000|  0%| F|  |TAMS 0x0000000083c00000, 0x0000000083c00000| Untracked 
|  61|0x0000000083d00000, 0x0000000083d00000, 0x0000000083e00000|  0%| F|  |TAMS 0x0000000083d00000, 0x0000000083d00000| Untracked 
|  62|0x0000000083e00000, 0x0000000083e00000, 0x0000000083f00000|  0%| F|  |TAMS 0x0000000083e00000, 0x0000000083e00000| Untracked 
|  63|0x0000000083f00000, 0x0000000083f00000, 0x0000000084000000|  0%| F|  |TAMS 0x0000000083f00000, 0x0000000083f00000| Untracked 
|  64|0x0000000084000000, 0x0000000084000000, 0x0000000084100000|  0%| F|  |TAMS 0x0000000084000000, 0x0000000084000000| Untracked 
|  65|0x0000000084100000, 0x0000000084100000, 0x0000000084200000|  0%| F|  |TAMS 0x0000000084100000, 0x0000000084100000| Untracked 
|  66|0x0000000084200000, 0x0000000084200000, 0x0000000084300000|  0%| F|  |TAMS 0x0000000084200000, 0x0000000084200000| Untracked 
|  67|0x0000000084300000, 0x0000000084300000, 0x0000000084400000|  0%| F|  |TAMS 0x0000000084300000, 0x0000000084300000| Untracked 
|  68|0x0000000084400000, 0x0000000084400000, 0x0000000084500000|  0%| F|  |TAMS 0x0000000084400000, 0x0000000084400000| Untracked 
|  69|0x0000000084500000, 0x0000000084500000, 0x0000000084600000|  0%| F|  |TAMS 0x0000000084500000, 0x0000000084500000| Untracked 
|  70|0x0000000084600000, 0x0000000084600000, 0x0000000084700000|  0%| F|  |TAMS 0x0000000084600000, 0x0000000084600000| Untracked 
|  71|0x0000000084700000, 0x0000000084700000, 0x0000000084800000|  0%| F|  |TAMS 0x0000000084700000, 0x0000000084700000| Untracked 
|  72|0x0000000084800000, 0x0000000084800000, 0x0000000084900000|  0%| F|  |TAMS 0x0000000084800000, 0x0000000084800000| Untracked 
|  73|0x0000000084900000, 0x0000000084998670, 0x0000000084a00000| 59%| S|CS|TAMS 0x0000000084900000, 0x0000000084900000| Complete 
|  74|0x0000000084a00000, 0x0000000084b00000, 0x0000000084b00000|100%| S|CS|TAMS 0x0000000084a00000, 0x0000000084a00000| Complete 
|  75|0x0000000084b00000, 0x0000000084c00000, 0x0000000084c00000|100%| S|CS|TAMS 0x0000000084b00000, 0x0000000084b00000| Complete 
|  76|0x0000000084c00000, 0x0000000084c00000, 0x0000000084d00000|  0%| F|  |TAMS 0x0000000084c00000, 0x0000000084c00000| Untracked 
|  77|0x0000000084d00000, 0x0000000084d00000, 0x0000000084e00000|  0%| F|  |TAMS 0x0000000084d00000, 0x0000000084d00000| Untracked 
|  78|0x0000000084e00000, 0x0000000084e00000, 0x0000000084f00000|  0%| F|  |TAMS 0x0000000084e00000, 0x0000000084e00000| Untracked 
|  79|0x0000000084f00000, 0x0000000084f00000, 0x0000000085000000|  0%| F|  |TAMS 0x0000000084f00000, 0x0000000084f00000| Untracked 
|  80|0x0000000085000000, 0x0000000085000000, 0x0000000085100000|  0%| F|  |TAMS 0x0000000085000000, 0x0000000085000000| Untracked 
|  81|0x0000000085100000, 0x0000000085100000, 0x0000000085200000|  0%| F|  |TAMS 0x0000000085100000, 0x0000000085100000| Untracked 
|  82|0x0000000085200000, 0x0000000085200000, 0x0000000085300000|  0%| F|  |TAMS 0x0000000085200000, 0x0000000085200000| Untracked 
|  83|0x0000000085300000, 0x0000000085300000, 0x0000000085400000|  0%| F|  |TAMS 0x0000000085300000, 0x0000000085300000| Untracked 
|  84|0x0000000085400000, 0x0000000085400000, 0x0000000085500000|  0%| F|  |TAMS 0x0000000085400000, 0x0000000085400000| Untracked 
|  85|0x0000000085500000, 0x0000000085500000, 0x0000000085600000|  0%| F|  |TAMS 0x0000000085500000, 0x0000000085500000| Untracked 
|  86|0x0000000085600000, 0x0000000085600000, 0x0000000085700000|  0%| F|  |TAMS 0x0000000085600000, 0x0000000085600000| Untracked 
|  87|0x0000000085700000, 0x0000000085700000, 0x0000000085800000|  0%| F|  |TAMS 0x0000000085700000, 0x0000000085700000| Untracked 
|  88|0x0000000085800000, 0x0000000085800000, 0x0000000085900000|  0%| F|  |TAMS 0x0000000085800000, 0x0000000085800000| Untracked 
|  89|0x0000000085900000, 0x0000000085900000, 0x0000000085a00000|  0%| F|  |TAMS 0x0000000085900000, 0x0000000085900000| Untracked 
|  90|0x0000000085a00000, 0x0000000085a00000, 0x0000000085b00000|  0%| F|  |TAMS 0x0000000085a00000, 0x0000000085a00000| Untracked 
|  91|0x0000000085b00000, 0x0000000085b00000, 0x0000000085c00000|  0%| F|  |TAMS 0x0000000085b00000, 0x0000000085b00000| Untracked 
|  92|0x0000000085c00000, 0x0000000085c00000, 0x0000000085d00000|  0%| F|  |TAMS 0x0000000085c00000, 0x0000000085c00000| Untracked 
|  93|0x0000000085d00000, 0x0000000085d00000, 0x0000000085e00000|  0%| F|  |TAMS 0x0000000085d00000, 0x0000000085d00000| Untracked 
|  94|0x0000000085e00000, 0x0000000085e00000, 0x0000000085f00000|  0%| F|  |TAMS 0x0000000085e00000, 0x0000000085e00000| Untracked 
|  95|0x0000000085f00000, 0x0000000085f00000, 0x0000000086000000|  0%| F|  |TAMS 0x0000000085f00000, 0x0000000085f00000| Untracked 
|  96|0x0000000086000000, 0x0000000086000000, 0x0000000086100000|  0%| F|  |TAMS 0x0000000086000000, 0x0000000086000000| Untracked 
|  97|0x0000000086100000, 0x0000000086100000, 0x0000000086200000|  0%| F|  |TAMS 0x0000000086100000, 0x0000000086100000| Untracked 
|  98|0x0000000086200000, 0x0000000086200000, 0x0000000086300000|  0%| F|  |TAMS 0x0000000086200000, 0x0000000086200000| Untracked 
|  99|0x0000000086300000, 0x0000000086300000, 0x0000000086400000|  0%| F|  |TAMS 0x0000000086300000, 0x0000000086300000| Untracked 
| 100|0x0000000086400000, 0x0000000086400000, 0x0000000086500000|  0%| F|  |TAMS 0x0000000086400000, 0x0000000086400000| Untracked 
| 101|0x0000000086500000, 0x0000000086500000, 0x0000000086600000|  0%| F|  |TAMS 0x0000000086500000, 0x0000000086500000| Untracked 
| 102|0x0000000086600000, 0x0000000086600000, 0x0000000086700000|  0%| F|  |TAMS 0x0000000086600000, 0x0000000086600000| Untracked 
| 103|0x0000000086700000, 0x0000000086700000, 0x0000000086800000|  0%| F|  |TAMS 0x0000000086700000, 0x0000000086700000| Untracked 
| 104|0x0000000086800000, 0x0000000086800000, 0x0000000086900000|  0%| F|  |TAMS 0x0000000086800000, 0x0000000086800000| Untracked 
| 105|0x0000000086900000, 0x0000000086900000, 0x0000000086a00000|  0%| F|  |TAMS 0x0000000086900000, 0x0000000086900000| Untracked 
| 106|0x0000000086a00000, 0x0000000086a00000, 0x0000000086b00000|  0%| F|  |TAMS 0x0000000086a00000, 0x0000000086a00000| Untracked 
| 107|0x0000000086b00000, 0x0000000086b00000, 0x0000000086c00000|  0%| F|  |TAMS 0x0000000086b00000, 0x0000000086b00000| Untracked 
| 108|0x0000000086c00000, 0x0000000086c00000, 0x0000000086d00000|  0%| F|  |TAMS 0x0000000086c00000, 0x0000000086c00000| Untracked 
| 109|0x0000000086d00000, 0x0000000086d00000, 0x0000000086e00000|  0%| F|  |TAMS 0x0000000086d00000, 0x0000000086d00000| Untracked 
| 110|0x0000000086e00000, 0x0000000086e00000, 0x0000000086f00000|  0%| F|  |TAMS 0x0000000086e00000, 0x0000000086e00000| Untracked 
| 111|0x0000000086f00000, 0x0000000086f00000, 0x0000000087000000|  0%| F|  |TAMS 0x0000000086f00000, 0x0000000086f00000| Untracked 
| 112|0x0000000087000000, 0x0000000087000000, 0x0000000087100000|  0%| F|  |TAMS 0x0000000087000000, 0x0000000087000000| Untracked 
| 113|0x0000000087100000, 0x0000000087100000, 0x0000000087200000|  0%| F|  |TAMS 0x0000000087100000, 0x0000000087100000| Untracked 
| 114|0x0000000087200000, 0x0000000087200000, 0x0000000087300000|  0%| F|  |TAMS 0x0000000087200000, 0x0000000087200000| Untracked 
| 115|0x0000000087300000, 0x0000000087300000, 0x0000000087400000|  0%| F|  |TAMS 0x0000000087300000, 0x0000000087300000| Untracked 
| 116|0x0000000087400000, 0x0000000087400000, 0x0000000087500000|  0%| F|  |TAMS 0x0000000087400000, 0x0000000087400000| Untracked 
| 117|0x0000000087500000, 0x0000000087500000, 0x0000000087600000|  0%| F|  |TAMS 0x0000000087500000, 0x0000000087500000| Untracked 
| 118|0x0000000087600000, 0x0000000087600000, 0x0000000087700000|  0%| F|  |TAMS 0x0000000087600000, 0x0000000087600000| Untracked 
| 119|0x0000000087700000, 0x0000000087700000, 0x0000000087800000|  0%| F|  |TAMS 0x0000000087700000, 0x0000000087700000| Untracked 
| 120|0x0000000087800000, 0x0000000087800000, 0x0000000087900000|  0%| F|  |TAMS 0x0000000087800000, 0x0000000087800000| Untracked 
| 121|0x0000000087900000, 0x0000000087900000, 0x0000000087a00000|  0%| F|  |TAMS 0x0000000087900000, 0x0000000087900000| Untracked 
| 122|0x0000000087a00000, 0x0000000087a00000, 0x0000000087b00000|  0%| F|  |TAMS 0x0000000087a00000, 0x0000000087a00000| Untracked 
| 123|0x0000000087b00000, 0x0000000087b00000, 0x0000000087c00000|  0%| F|  |TAMS 0x0000000087b00000, 0x0000000087b00000| Untracked 
| 124|0x0000000087c00000, 0x0000000087c00000, 0x0000000087d00000|  0%| F|  |TAMS 0x0000000087c00000, 0x0000000087c00000| Untracked 
| 125|0x0000000087d00000, 0x0000000087d00000, 0x0000000087e00000|  0%| F|  |TAMS 0x0000000087d00000, 0x0000000087d00000| Untracked 

Card table byte_map: [0x00000271f9670000,0x00000271f9a70000] _byte_map_base: 0x00000271f9270000

Marking Bits (Prev, Next): (CMBitMap*) 0x00000271f5ad5220, (CMBitMap*) 0x00000271f5ad51e0
 Prev Bits: [0x00000271fbe70000, 0x00000271fde70000)
 Next Bits: [0x00000271f9e70000, 0x00000271fbe70000)

Polling page: 0x00000271f3a80000

Metaspace:

Usage:
  Non-class:     58.44 MB used.
      Class:      8.88 MB used.
       Both:     67.33 MB used.

Virtual space:
  Non-class space:       64.00 MB reserved,      58.75 MB ( 92%) committed,  8 nodes.
      Class space:        1.00 GB reserved,       9.12 MB ( <1%) committed,  1 nodes.
             Both:        1.06 GB reserved,      67.88 MB (  6%) committed. 

Chunk freelists:
   Non-Class:  992.00 KB
       Class:  2.81 MB
        Both:  3.78 MB

MaxMetaspaceSize: unlimited
CompressedClassSpaceSize: 1.00 GB
Initial GC threshold: 21.00 MB
Current GC threshold: 109.38 MB
CDS: off
MetaspaceReclaimPolicy: balanced
 - commit_granule_bytes: 65536.
 - commit_granule_words: 8192.
 - virtual_space_node_default_size: 1048576.
 - enlarge_chunks_in_place: 1.
 - new_chunks_are_fully_committed: 0.
 - uncommit_free_chunks: 1.
 - use_allocation_guard: 0.
 - handle_deallocations: 1.


Internal statistics:

num_allocs_failed_limit: 6.
num_arena_births: 626.
num_arena_deaths: 0.
num_vsnodes_births: 9.
num_vsnodes_deaths: 0.
num_space_committed: 1086.
num_space_uncommitted: 0.
num_chunks_returned_to_freelist: 6.
num_chunks_taken_from_freelist: 2875.
num_chunk_merges: 6.
num_chunk_splits: 1941.
num_chunks_enlarged: 1348.
num_purges: 0.
num_inconsistent_stats: 0.

CodeHeap 'non-profiled nmethods': size=120000Kb used=3072Kb max_used=3423Kb free=116927Kb
 bounds [0x0000027187ad0000, 0x0000027187e30000, 0x000002718f000000]
CodeHeap 'profiled nmethods': size=120000Kb used=11878Kb max_used=12533Kb free=108121Kb
 bounds [0x0000027180000000, 0x0000027180c40000, 0x0000027187530000]
CodeHeap 'non-nmethods': size=5760Kb used=2351Kb max_used=2424Kb free=3408Kb
 bounds [0x0000027187530000, 0x00000271877a0000, 0x0000027187ad0000]
 total_blobs=6992 nmethods=6112 adapters=792
 compilation: enabled
              stopped_count=0, restarted_count=0
 full_count=0

Compilation events (20 events):
Event: 21.806 Thread 0x0000027190436980 7008       3       org.gradle.internal.logging.progress.DefaultProgressLoggerFactory$ProgressLoggerImpl::assertRunning (63 bytes)
Event: 21.808 Thread 0x0000027190436980 nmethod 7008 0x0000027180107f90 code [0x00000271801082e0, 0x0000027180109818]
Event: 21.816 Thread 0x0000027190435740 nmethod 6990 0x0000027187d7ed90 code [0x0000027187d7ef40, 0x0000027187d7f6f8]
Event: 21.816 Thread 0x0000027190435740 6887       4       java.util.regex.Pattern$Node::<init> (12 bytes)
Event: 21.818 Thread 0x0000027190435740 nmethod 6887 0x0000027187b78810 code [0x0000027187b78980, 0x0000027187b78ad8]
Event: 21.818 Thread 0x0000027190435740 6769       4       org.gradle.tooling.internal.provider.runner.BuildOperationTracker::discardState (1 bytes)
Event: 21.819 Thread 0x0000027190435740 nmethod 6769 0x0000027187b78290 code [0x0000027187b78400, 0x0000027187b78478]
Event: 21.846 Thread 0x0000027190436980 7009   !   3       jdk.proxy1.$Proxy5::annotationType (29 bytes)
Event: 21.847 Thread 0x0000027190436980 nmethod 7009 0x0000027180052690 code [0x0000027180052860, 0x0000027180052c38]
Event: 21.847 Thread 0x0000027190435740 7010       4       org.objectweb.asm.MethodWriter::visitLabel (328 bytes)
Event: 21.882 Thread 0x0000027190435740 nmethod 7010 0x0000027187d7db10 code [0x0000027187d7dcc0, 0x0000027187d7e998]
Event: 21.892 Thread 0x0000027190435740 7011       4       java.util.LinkedHashMap::values (25 bytes)
Event: 21.895 Thread 0x0000027190435740 nmethod 7011 0x0000027187d7d710 code [0x0000027187d7d8a0, 0x0000027187d7da78]
Event: 21.895 Thread 0x0000027190436980 7012       3       jdk.proxy1.$Proxy5::<init> (6 bytes)
Event: 21.896 Thread 0x0000027190436980 nmethod 7012 0x0000027180051f90 code [0x0000027180052160, 0x00000271800524e8]
Event: 21.897 Thread 0x0000027190435740 7013       4       java.util.LinkedHashMap$LinkedValues::iterator (12 bytes)
Event: 21.897 Thread 0x0000027190436980 7016       1       org.gradle.api.internal.tasks.properties.annotations.OutputPropertyRoleAnnotationHandler::getAnnotationTypes (5 bytes)
Event: 21.898 Thread 0x0000027190436980 nmethod 7016 0x0000027187d7d210 code [0x0000027187d7d3a0, 0x0000027187d7d478]
Event: 21.900 Thread 0x0000027190435740 nmethod 7013 0x0000027187afe190 code [0x0000027187afe320, 0x0000027187afe4f8]
Event: 21.900 Thread 0x0000027190435740 7014 %     4       org.gradle.internal.instantiation.generator.AbstractClassGenerator::inspectType @ 207 (560 bytes)

GC Heap History (20 events):
Event: 15.831 GC heap after
{Heap after GC invocations=16 (full 0):
 garbage-first heap   total 87040K, used 43008K [0x0000000080000000, 0x0000000100000000)
  region size 1024K, 5 young (5120K), 5 survivors (5120K)
 Metaspace       used 51666K, committed 52032K, reserved 1097728K
  class space    used 6802K, committed 6976K, reserved 1048576K
}
Event: 16.882 GC heap before
{Heap before GC invocations=16 (full 0):
 garbage-first heap   total 87040K, used 67584K [0x0000000080000000, 0x0000000100000000)
  region size 1024K, 28 young (28672K), 5 survivors (5120K)
 Metaspace       used 54007K, committed 54528K, reserved 1097728K
  class space    used 7132K, committed 7360K, reserved 1048576K
}
Event: 16.889 GC heap after
{Heap after GC invocations=17 (full 0):
 garbage-first heap   total 87040K, used 46264K [0x0000000080000000, 0x0000000100000000)
  region size 1024K, 4 young (4096K), 4 survivors (4096K)
 Metaspace       used 54007K, committed 54528K, reserved 1097728K
  class space    used 7132K, committed 7360K, reserved 1048576K
}
Event: 17.831 GC heap before
{Heap before GC invocations=17 (full 0):
 garbage-first heap   total 87040K, used 66744K [0x0000000080000000, 0x0000000100000000)
  region size 1024K, 24 young (24576K), 4 survivors (4096K)
 Metaspace       used 57208K, committed 57664K, reserved 1105920K
  class space    used 7536K, committed 7744K, reserved 1048576K
}
Event: 17.837 GC heap after
{Heap after GC invocations=18 (full 0):
 garbage-first heap   total 87040K, used 47241K [0x0000000080000000, 0x0000000100000000)
  region size 1024K, 1 young (1024K), 1 survivors (1024K)
 Metaspace       used 57208K, committed 57664K, reserved 1105920K
  class space    used 7536K, committed 7744K, reserved 1048576K
}
Event: 18.870 GC heap before
{Heap before GC invocations=19 (full 0):
 garbage-first heap   total 87040K, used 68745K [0x0000000080000000, 0x0000000100000000)
  region size 1024K, 22 young (22528K), 1 survivors (1024K)
 Metaspace       used 60895K, committed 61376K, reserved 1105920K
  class space    used 8072K, committed 8256K, reserved 1048576K
}
Event: 18.875 GC heap after
{Heap after GC invocations=20 (full 0):
 garbage-first heap   total 87040K, used 48406K [0x0000000080000000, 0x0000000100000000)
  region size 1024K, 2 young (2048K), 2 survivors (2048K)
 Metaspace       used 60895K, committed 61376K, reserved 1105920K
  class space    used 8072K, committed 8256K, reserved 1048576K
}
Event: 19.230 GC heap before
{Heap before GC invocations=20 (full 0):
 garbage-first heap   total 87040K, used 56598K [0x0000000080000000, 0x0000000100000000)
  region size 1024K, 11 young (11264K), 2 survivors (2048K)
 Metaspace       used 62741K, committed 63296K, reserved 1105920K
  class space    used 8291K, committed 8512K, reserved 1048576K
}
Event: 19.234 GC heap after
{Heap after GC invocations=21 (full 0):
 garbage-first heap   total 87040K, used 49769K [0x0000000080000000, 0x0000000100000000)
  region size 1024K, 3 young (3072K), 3 survivors (3072K)
 Metaspace       used 62741K, committed 63296K, reserved 1105920K
  class space    used 8291K, committed 8512K, reserved 1048576K
}
Event: 19.782 GC heap before
{Heap before GC invocations=22 (full 0):
 garbage-first heap   total 106496K, used 74345K [0x0000000080000000, 0x0000000100000000)
  region size 1024K, 21 young (21504K), 3 survivors (3072K)
 Metaspace       used 63736K, committed 64256K, reserved 1105920K
  class space    used 8422K, committed 8640K, reserved 1048576K
}
Event: 19.789 GC heap after
{Heap after GC invocations=23 (full 0):
 garbage-first heap   total 106496K, used 51507K [0x0000000080000000, 0x0000000100000000)
  region size 1024K, 3 young (3072K), 3 survivors (3072K)
 Metaspace       used 63736K, committed 64256K, reserved 1105920K
  class space    used 8422K, committed 8640K, reserved 1048576K
}
Event: 19.866 GC heap before
{Heap before GC invocations=23 (full 0):
 garbage-first heap   total 106496K, used 52531K [0x0000000080000000, 0x0000000100000000)
  region size 1024K, 5 young (5120K), 3 survivors (3072K)
 Metaspace       used 64006K, committed 64512K, reserved 1105920K
  class space    used 8451K, committed 8640K, reserved 1048576K
}
Event: 19.870 GC heap after
{Heap after GC invocations=24 (full 0):
 garbage-first heap   total 106496K, used 51495K [0x0000000080000000, 0x0000000100000000)
  region size 1024K, 1 young (1024K), 1 survivors (1024K)
 Metaspace       used 64006K, committed 64512K, reserved 1105920K
  class space    used 8451K, committed 8640K, reserved 1048576K
}
Event: 20.613 GC heap before
{Heap before GC invocations=24 (full 0):
 garbage-first heap   total 106496K, used 79143K [0x0000000080000000, 0x0000000100000000)
  region size 1024K, 28 young (28672K), 1 survivors (1024K)
 Metaspace       used 66440K, committed 67008K, reserved 1114112K
  class space    used 8767K, committed 9024K, reserved 1048576K
}
Event: 20.617 GC heap after
{Heap after GC invocations=25 (full 0):
 garbage-first heap   total 106496K, used 53271K [0x0000000080000000, 0x0000000100000000)
  region size 1024K, 3 young (3072K), 3 survivors (3072K)
 Metaspace       used 66440K, committed 67008K, reserved 1114112K
  class space    used 8767K, committed 9024K, reserved 1048576K
}
Event: 21.306 GC heap before
{Heap before GC invocations=26 (full 0):
 garbage-first heap   total 106496K, used 80919K [0x0000000080000000, 0x0000000100000000)
  region size 1024K, 30 young (30720K), 3 survivors (3072K)
 Metaspace       used 67825K, committed 68416K, reserved 1114112K
  class space    used 8952K, committed 9216K, reserved 1048576K
}
Event: 21.313 GC heap after
{Heap after GC invocations=27 (full 0):
 garbage-first heap   total 106496K, used 55216K [0x0000000080000000, 0x0000000100000000)
  region size 1024K, 4 young (4096K), 4 survivors (4096K)
 Metaspace       used 67825K, committed 68416K, reserved 1114112K
  class space    used 8952K, committed 9216K, reserved 1048576K
}
Event: 21.325 GC heap before
{Heap before GC invocations=27 (full 0):
 garbage-first heap   total 106496K, used 56240K [0x0000000080000000, 0x0000000100000000)
  region size 1024K, 5 young (5120K), 4 survivors (4096K)
 Metaspace       used 67825K, committed 68416K, reserved 1114112K
  class space    used 8952K, committed 9216K, reserved 1048576K
}
Event: 21.332 GC heap after
{Heap after GC invocations=28 (full 0):
 garbage-first heap   total 106496K, used 54887K [0x0000000080000000, 0x0000000100000000)
  region size 1024K, 1 young (1024K), 1 survivors (1024K)
 Metaspace       used 67825K, committed 68416K, reserved 1114112K
  class space    used 8952K, committed 9216K, reserved 1048576K
}
Event: 21.906 GC heap before
{Heap before GC invocations=28 (full 0):
 garbage-first heap   total 106496K, used 82535K [0x0000000080000000, 0x0000000100000000)
  region size 1024K, 28 young (28672K), 1 survivors (1024K)
 Metaspace       used 68940K, committed 69504K, reserved 1114112K
  class space    used 9097K, committed 9344K, reserved 1048576K
}

Dll operation events (2 events):
Event: 0.052 Loaded shared library C:\Program Files\Android\Android Studio\jbr\bin\java.dll
Event: 1.384 Loaded shared library C:\Program Files\Android\Android Studio\jbr\bin\verify.dll

Deoptimization events (20 events):
Event: 20.960 Thread 0x00000271909666a0 Uncommon trap: trap_request=0xffffff45 fr.pc=0x0000027187b8bd1c relative=0x000000000000055c
Event: 20.960 Thread 0x00000271909666a0 Uncommon trap: reason=unstable_if action=reinterpret pc=0x0000027187b8bd1c method=java.lang.AbstractStringBuilder.appendChars(Ljava/lang/String;II)V @ 11 c2
Event: 20.960 Thread 0x00000271909666a0 DEOPT PACKING pc=0x0000027187b8bd1c sp=0x000000e2ae8f5f70
Event: 20.960 Thread 0x00000271909666a0 DEOPT UNPACKING pc=0x00000271875869a3 sp=0x000000e2ae8f5ea0 mode 2
Event: 20.960 Thread 0x00000271909666a0 Uncommon trap: trap_request=0xffffff45 fr.pc=0x0000027187b8c694 relative=0x0000000000000174
Event: 20.960 Thread 0x00000271909666a0 Uncommon trap: reason=unstable_if action=reinterpret pc=0x0000027187b8c694 method=java.lang.AbstractStringBuilder.appendChars(Ljava/lang/String;II)V @ 11 c2
Event: 20.960 Thread 0x00000271909666a0 DEOPT PACKING pc=0x0000027187b8c694 sp=0x000000e2ae8f5ee0
Event: 20.960 Thread 0x00000271909666a0 DEOPT UNPACKING pc=0x00000271875869a3 sp=0x000000e2ae8f5e90 mode 2
Event: 20.960 Thread 0x00000271909666a0 Uncommon trap: trap_request=0xffffff45 fr.pc=0x0000027187ad77b8 relative=0x0000000000000038
Event: 20.960 Thread 0x00000271909666a0 Uncommon trap: reason=unstable_if action=reinterpret pc=0x0000027187ad77b8 method=java.lang.StringLatin1.canEncode(I)Z @ 4 c2
Event: 20.960 Thread 0x00000271909666a0 DEOPT PACKING pc=0x0000027187ad77b8 sp=0x000000e2ae8f5ea0
Event: 20.960 Thread 0x00000271909666a0 DEOPT UNPACKING pc=0x00000271875869a3 sp=0x000000e2ae8f5e30 mode 2
Event: 20.961 Thread 0x00000271909666a0 Uncommon trap: trap_request=0xffffff45 fr.pc=0x0000027187b299e4 relative=0x0000000000000524
Event: 20.961 Thread 0x00000271909666a0 Uncommon trap: reason=unstable_if action=reinterpret pc=0x0000027187b299e4 method=java.lang.AbstractStringBuilder.putStringAt(ILjava/lang/String;II)V @ 8 c2
Event: 20.961 Thread 0x00000271909666a0 DEOPT PACKING pc=0x0000027187b299e4 sp=0x000000e2ae8f5fc0
Event: 20.961 Thread 0x00000271909666a0 DEOPT UNPACKING pc=0x00000271875869a3 sp=0x000000e2ae8f5ea0 mode 2
Event: 20.961 Thread 0x00000271909666a0 Uncommon trap: trap_request=0xffffff45 fr.pc=0x0000027187b08054 relative=0x0000000000000134
Event: 20.961 Thread 0x00000271909666a0 Uncommon trap: reason=unstable_if action=reinterpret pc=0x0000027187b08054 method=java.lang.AbstractStringBuilder.putStringAt(ILjava/lang/String;II)V @ 8 c2
Event: 20.961 Thread 0x00000271909666a0 DEOPT PACKING pc=0x0000027187b08054 sp=0x000000e2ae8f5f40
Event: 20.961 Thread 0x00000271909666a0 DEOPT UNPACKING pc=0x00000271875869a3 sp=0x000000e2ae8f5e88 mode 2

Classes unloaded (0 events):
No events

Classes redefined (0 events):
No events

Internal exceptions (20 events):
Event: 21.563 Thread 0x00000271909666a0 Exception <a 'java/lang/ClassNotFoundException'{0x00000000857cbe48}: build_cxw6ifnyhc6cgrakp7baj5fuu$_run_closure1BeanInfo> (0x00000000857cbe48) 
thrown [s\src\hotspot\share\classfile\systemDictionary.cpp, line 256]
Event: 21.563 Thread 0x00000271909666a0 Exception <a 'java/lang/ClassNotFoundException'{0x00000000857d7270}: build_cxw6ifnyhc6cgrakp7baj5fuu$_run_closure1Customizer> (0x00000000857d7270) 
thrown [s\src\hotspot\share\classfile\systemDictionary.cpp, line 256]
Event: 21.573 Thread 0x00000271909666a0 Exception <a 'java/lang/ClassNotFoundException'{0x0000000085614468}: org/gradle/api/JavaVersionBeanInfo> (0x0000000085614468) 
thrown [s\src\hotspot\share\classfile\systemDictionary.cpp, line 256]
Event: 21.575 Thread 0x00000271909666a0 Exception <a 'java/lang/ClassNotFoundException'{0x000000008562a718}: org/gradle/api/JavaVersionCustomizer> (0x000000008562a718) 
thrown [s\src\hotspot\share\classfile\systemDictionary.cpp, line 256]
Event: 21.581 Thread 0x00000271909666a0 Exception <a 'java/lang/ClassNotFoundException'{0x000000008567a3a0}: com/android/build/gradle/internal/CompileOptions$AgpDecorated_DecoratedBeanInfo> (0x000000008567a3a0) 
thrown [s\src\hotspot\share\classfile\systemDictionary.cpp, line 256]
Event: 21.582 Thread 0x00000271909666a0 Exception <a 'java/lang/ClassNotFoundException'{0x0000000085687d38}: com/android/build/gradle/internal/CompileOptions$AgpDecoratedBeanInfo> (0x0000000085687d38) 
thrown [s\src\hotspot\share\classfile\systemDictionary.cpp, line 256]
Event: 21.583 Thread 0x00000271909666a0 Exception <a 'java/lang/ClassNotFoundException'{0x00000000856951a0}: com/android/build/gradle/internal/CompileOptionsBeanInfo> (0x00000000856951a0) 
thrown [s\src\hotspot\share\classfile\systemDictionary.cpp, line 256]
Event: 21.583 Thread 0x00000271909666a0 Exception <a 'java/lang/ClassNotFoundException'{0x00000000856a2610}: com/android/build/gradle/internal/CompileOptionsCustomizer> (0x00000000856a2610) 
thrown [s\src\hotspot\share\classfile\systemDictionary.cpp, line 256]
Event: 21.585 Thread 0x00000271909666a0 Exception <a 'java/lang/ClassNotFoundException'{0x00000000856bc2c8}: com/android/build/gradle/internal/CompileOptions$AgpDecoratedCustomizer> (0x00000000856bc2c8) 
thrown [s\src\hotspot\share\classfile\systemDictionary.cpp, line 256]
Event: 21.586 Thread 0x00000271909666a0 Exception <a 'java/lang/ClassNotFoundException'{0x00000000856d8d40}: com/android/build/gradle/internal/CompileOptions$AgpDecorated_DecoratedCustomizer> (0x00000000856d8d40) 
thrown [s\src\hotspot\share\classfile\systemDictionary.cpp, line 256]
Event: 21.596 Thread 0x00000271909666a0 Exception <a 'java/lang/ClassNotFoundException'{0x000000008555b8b8}: com/android/build/gradle/internal/dsl/ApplicationBuildFeaturesImpl_DecoratedBeanInfo> (0x000000008555b8b8) 
thrown [s\src\hotspot\share\classfile\systemDictionary.cpp, line 256]
Event: 21.597 Thread 0x00000271909666a0 Exception <a 'java/lang/ClassNotFoundException'{0x0000000085569090}: com/android/build/gradle/internal/dsl/ApplicationBuildFeaturesImplBeanInfo> (0x0000000085569090) 
thrown [s\src\hotspot\share\classfile\systemDictionary.cpp, line 256]
Event: 21.598 Thread 0x00000271909666a0 Exception <a 'java/lang/ClassNotFoundException'{0x0000000085576680}: com/android/build/gradle/internal/dsl/BuildFeaturesImplBeanInfo> (0x0000000085576680) 
thrown [s\src\hotspot\share\classfile\systemDictionary.cpp, line 256]
Event: 21.600 Thread 0x00000271909666a0 Exception <a 'java/lang/ClassNotFoundException'{0x0000000085583ec8}: com/android/build/gradle/internal/dsl/BuildFeaturesImplCustomizer> (0x0000000085583ec8) 
thrown [s\src\hotspot\share\classfile\systemDictionary.cpp, line 256]
Event: 21.601 Thread 0x00000271909666a0 Exception <a 'java/lang/ClassNotFoundException'{0x000000008559d1a0}: com/android/build/gradle/internal/dsl/ApplicationBuildFeaturesImplCustomizer> (0x000000008559d1a0) 
thrown [s\src\hotspot\share\classfile\systemDictionary.cpp, line 256]
Event: 21.603 Thread 0x00000271909666a0 Exception <a 'java/lang/ClassNotFoundException'{0x00000000855b0a40}: com/android/build/gradle/internal/dsl/ApplicationBuildFeaturesImpl_DecoratedCustomizer> (0x00000000855b0a40) 
thrown [s\src\hotspot\share\classfile\systemDictionary.cpp, line 256]
Event: 21.613 Thread 0x00000271909666a0 Exception <a 'java/lang/ClassNotFoundException'{0x0000000085442628}: org/gradle/api/internal/artifacts/dsl/dependencies/DefaultDependencyHandler_DecoratedBeanInfo> (0x0000000085442628) 
thrown [s\src\hotspot\share\classfile\systemDictionary.cpp, line 256]
Event: 21.615 Thread 0x00000271909666a0 Exception <a 'java/lang/ClassNotFoundException'{0x000000008545c5b0}: org/gradle/api/internal/artifacts/dsl/dependencies/DefaultDependencyHandlerBeanInfo> (0x000000008545c5b0) 
thrown [s\src\hotspot\share\classfile\systemDictionary.cpp, line 256]
Event: 21.619 Thread 0x00000271909666a0 Exception <a 'java/lang/ClassNotFoundException'{0x00000000854764f8}: org/gradle/api/internal/artifacts/dsl/dependencies/DefaultDependencyHandlerCustomizer> (0x00000000854764f8) 
thrown [s\src\hotspot\share\classfile\systemDictionary.cpp, line 256]
Event: 21.622 Thread 0x00000271909666a0 Exception <a 'java/lang/ClassNotFoundException'{0x00000000854b8438}: org/gradle/api/internal/artifacts/dsl/dependencies/DefaultDependencyHandler_DecoratedCustomizer> (0x00000000854b8438) 
thrown [s\src\hotspot\share\classfile\systemDictionary.cpp, line 256]

VM Operations (20 events):
Event: 19.304 Executing VM operation: G1Concurrent done
Event: 19.333 Executing VM operation: G1Concurrent
Event: 19.333 Executing VM operation: G1Concurrent done
Event: 19.782 Executing VM operation: G1CollectForAllocation
Event: 19.789 Executing VM operation: G1CollectForAllocation done
Event: 19.866 Executing VM operation: G1CollectForAllocation
Event: 19.870 Executing VM operation: G1CollectForAllocation done
Event: 20.612 Executing VM operation: G1CollectForAllocation
Event: 20.617 Executing VM operation: G1CollectForAllocation done
Event: 20.703 Executing VM operation: G1Concurrent
Event: 20.711 Executing VM operation: G1Concurrent done
Event: 20.745 Executing VM operation: G1Concurrent
Event: 20.746 Executing VM operation: G1Concurrent done
Event: 21.305 Executing VM operation: G1CollectForAllocation
Event: 21.313 Executing VM operation: G1CollectForAllocation done
Event: 21.325 Executing VM operation: G1CollectForAllocation
Event: 21.332 Executing VM operation: G1CollectForAllocation done
Event: 21.680 Executing VM operation: HandshakeAllThreads
Event: 21.680 Executing VM operation: HandshakeAllThreads done
Event: 21.905 Executing VM operation: G1CollectForAllocation

Events (20 events):
Event: 20.490 loading class javax/management/MBeanRegistrationException
Event: 20.490 loading class javax/management/MBeanRegistrationException done
Event: 20.490 loading class javax/management/NotCompliantMBeanException
Event: 20.490 loading class javax/management/NotCompliantMBeanException done
Event: 20.497 loading class com/sun/jmx/mbeanserver/StandardMBeanSupport
Event: 20.497 loading class com/sun/jmx/mbeanserver/StandardMBeanSupport done
Event: 20.497 loading class com/sun/jmx/mbeanserver/StandardMBeanIntrospector
Event: 20.498 loading class com/sun/jmx/mbeanserver/StandardMBeanIntrospector done
Event: 20.608 loading class javax/xml/stream/XMLStreamException
Event: 20.609 loading class javax/xml/stream/XMLStreamException done
Event: 20.673 loading class sun/reflect/annotation/AnnotationInvocationHandler$1
Event: 20.673 loading class sun/reflect/annotation/AnnotationInvocationHandler$1 done
Event: 20.825 loading class sun/reflect/generics/repository/FieldRepository
Event: 20.825 loading class sun/reflect/generics/repository/FieldRepository done
Event: 20.846 loading class jdk/internal/vm/annotation/ForceInline
Event: 20.847 loading class jdk/internal/vm/annotation/ForceInline done
Event: 20.962 loading class java/util/regex/Pattern$Caret
Event: 20.962 loading class java/util/regex/Pattern$Caret done
Event: 21.369 loading class java/beans/IntrospectionException
Event: 21.370 loading class java/beans/IntrospectionException done


Dynamic libraries:
0x00007ff7475d0000 - 0x00007ff7475da000 	C:\Program Files\Android\Android Studio\jbr\bin\java.exe
0x00007ffb75230000 - 0x00007ffb75447000 	C:\WINDOWS\SYSTEM32\ntdll.dll
0x00007ffb73ee0000 - 0x00007ffb73fa4000 	C:\WINDOWS\System32\KERNEL32.DLL
0x00007ffb72810000 - 0x00007ffb72bb6000 	C:\WINDOWS\System32\KERNELBASE.dll
0x00007ffb72bc0000 - 0x00007ffb72cd1000 	C:\WINDOWS\System32\ucrtbase.dll
0x00007ffb60ff0000 - 0x00007ffb61007000 	C:\Program Files\Android\Android Studio\jbr\bin\jli.dll
0x00007ffb5faa0000 - 0x00007ffb5fabb000 	C:\Program Files\Android\Android Studio\jbr\bin\VCRUNTIME140.dll
0x00007ffb73040000 - 0x00007ffb731ed000 	C:\WINDOWS\System32\USER32.dll
0x00007ffb725b0000 - 0x00007ffb725d6000 	C:\WINDOWS\System32\win32u.dll
0x00007ffb741f0000 - 0x00007ffb74219000 	C:\WINDOWS\System32\GDI32.dll
0x00007ffb72680000 - 0x00007ffb72798000 	C:\WINDOWS\System32\gdi32full.dll
0x00007ffb725e0000 - 0x00007ffb7267a000 	C:\WINDOWS\System32\msvcp_win.dll
0x00007ffb629a0000 - 0x00007ffb62c33000 	C:\WINDOWS\WinSxS\amd64_microsoft.windows.common-controls_6595b64144ccf1df_6.0.22621.2361_none_2712ced57382f843\COMCTL32.dll
0x00007ffb74560000 - 0x00007ffb74607000 	C:\WINDOWS\System32\msvcrt.dll
0x00007ffb73ea0000 - 0x00007ffb73ed1000 	C:\WINDOWS\System32\IMM32.DLL
0x00007ffb693f0000 - 0x00007ffb693fc000 	C:\Program Files\Android\Android Studio\jbr\bin\vcruntime140_1.dll
0x00007ffb51300000 - 0x00007ffb5138d000 	C:\Program Files\Android\Android Studio\jbr\bin\msvcp140.dll
0x00007ffafcbb0000 - 0x00007ffafd81d000 	C:\Program Files\Android\Android Studio\jbr\bin\server\jvm.dll
0x00007ffb72f90000 - 0x00007ffb73040000 	C:\WINDOWS\System32\ADVAPI32.dll
0x00007ffb73df0000 - 0x00007ffb73e96000 	C:\WINDOWS\System32\sechost.dll
0x00007ffb73a60000 - 0x00007ffb73b77000 	C:\WINDOWS\System32\RPCRT4.dll
0x00007ffb69590000 - 0x00007ffb69599000 	C:\WINDOWS\SYSTEM32\WSOCK32.dll
0x00007ffb6ae80000 - 0x00007ffb6aeb4000 	C:\WINDOWS\SYSTEM32\WINMM.dll
0x00007ffb66ef0000 - 0x00007ffb66efa000 	C:\WINDOWS\SYSTEM32\VERSION.dll
0x00007ffb73b80000 - 0x00007ffb73bf1000 	C:\WINDOWS\System32\WS2_32.dll
0x00007ffb71550000 - 0x00007ffb71568000 	C:\WINDOWS\SYSTEM32\kernel.appcore.dll
0x00007ffb6bb70000 - 0x00007ffb6bb7a000 	C:\Program Files\Android\Android Studio\jbr\bin\jimage.dll
0x00007ffb6c3b0000 - 0x00007ffb6c5de000 	C:\WINDOWS\SYSTEM32\DBGHELP.DLL
0x00007ffb74820000 - 0x00007ffb74baa000 	C:\WINDOWS\System32\combase.dll
0x00007ffb73d00000 - 0x00007ffb73dd7000 	C:\WINDOWS\System32\OLEAUT32.dll
0x00007ffb67230000 - 0x00007ffb67262000 	C:\WINDOWS\SYSTEM32\dbgcore.DLL
0x00007ffb72f10000 - 0x00007ffb72f8a000 	C:\WINDOWS\System32\bcryptPrimitives.dll
0x00007ffb4d460000 - 0x00007ffb4d485000 	C:\Program Files\Android\Android Studio\jbr\bin\java.dll
0x00007ffb4d440000 - 0x00007ffb4d458000 	C:\Program Files\Android\Android Studio\jbr\bin\zip.dll
0x00007ffb731f0000 - 0x00007ffb73a48000 	C:\WINDOWS\System32\SHELL32.dll
0x00007ffb704c0000 - 0x00007ffb70db2000 	C:\WINDOWS\SYSTEM32\windows.storage.dll
0x00007ffb70380000 - 0x00007ffb704be000 	C:\WINDOWS\SYSTEM32\wintypes.dll
0x00007ffb74450000 - 0x00007ffb74543000 	C:\WINDOWS\System32\SHCORE.dll
0x00007ffb74190000 - 0x00007ffb741ee000 	C:\WINDOWS\System32\shlwapi.dll
0x00007ffb724e0000 - 0x00007ffb72506000 	C:\WINDOWS\SYSTEM32\profapi.dll
0x00007ffb4d050000 - 0x00007ffb4d069000 	C:\Program Files\Android\Android Studio\jbr\bin\net.dll
0x00007ffb697c0000 - 0x00007ffb698f7000 	C:\WINDOWS\SYSTEM32\WINHTTP.dll
0x00007ffb71a20000 - 0x00007ffb71a89000 	C:\WINDOWS\system32\mswsock.dll
0x00007ffb4a5b0000 - 0x00007ffb4a5c6000 	C:\Program Files\Android\Android Studio\jbr\bin\nio.dll
0x00007ffb4d430000 - 0x00007ffb4d440000 	C:\Program Files\Android\Android Studio\jbr\bin\verify.dll
0x00007ffb5cde0000 - 0x00007ffb5ce07000 	C:\Users\admin\.gradle\native\68d5fa5c4cc2d200863cafc0d521ce42e7d3e7ee720ec0a83991735586a16f82\windows-amd64\native-platform.dll
0x00007ffb368b0000 - 0x00007ffb369f4000 	C:\Users\admin\.gradle\native\e376f236ea51e6404a007f0833ffe2c6e607c4080706a723a18a27aeea778392\windows-amd64\native-platform-file-events.dll
0x00007ffb603e0000 - 0x00007ffb603e9000 	C:\Program Files\Android\Android Studio\jbr\bin\management.dll
0x00007ffb5fb30000 - 0x00007ffb5fb3b000 	C:\Program Files\Android\Android Studio\jbr\bin\management_ext.dll
0x00007ffb74550000 - 0x00007ffb74558000 	C:\WINDOWS\System32\PSAPI.DLL
0x00007ffb71d40000 - 0x00007ffb71d5b000 	C:\WINDOWS\SYSTEM32\CRYPTSP.dll
0x00007ffb71510000 - 0x00007ffb71545000 	C:\WINDOWS\system32\rsaenh.dll
0x00007ffb71ac0000 - 0x00007ffb71aec000 	C:\WINDOWS\SYSTEM32\USERENV.dll
0x00007ffb71e80000 - 0x00007ffb71ea8000 	C:\WINDOWS\SYSTEM32\bcrypt.dll
0x00007ffb71c20000 - 0x00007ffb71c2c000 	C:\WINDOWS\SYSTEM32\CRYPTBASE.dll
0x00007ffb71060000 - 0x00007ffb7108d000 	C:\WINDOWS\SYSTEM32\IPHLPAPI.DLL
0x00007ffb73a50000 - 0x00007ffb73a59000 	C:\WINDOWS\System32\NSI.dll
0x00007ffb6a200000 - 0x00007ffb6a219000 	C:\WINDOWS\SYSTEM32\dhcpcsvc6.DLL
0x00007ffb69cf0000 - 0x00007ffb69d0f000 	C:\WINDOWS\SYSTEM32\dhcpcsvc.DLL
0x00007ffb71090000 - 0x00007ffb71189000 	C:\WINDOWS\SYSTEM32\DNSAPI.dll
0x00007ffb4ca20000 - 0x00007ffb4ca28000 	C:\WINDOWS\system32\wshunix.dll

dbghelp: loaded successfully - version: 4.0.5 - missing functions: none
symbol engine: initialized successfully - sym options: 0x614 - pdb path: .;C:\Program Files\Android\Android Studio\jbr\bin;C:\WINDOWS\SYSTEM32;C:\WINDOWS\WinSxS\amd64_microsoft.windows.common-controls_6595b64144ccf1df_6.0.22621.2361_none_2712ced57382f843;C:\Program Files\Android\Android Studio\jbr\bin\server;C:\Users\admin\.gradle\native\68d5fa5c4cc2d200863cafc0d521ce42e7d3e7ee720ec0a83991735586a16f82\windows-amd64;C:\Users\admin\.gradle\native\e376f236ea51e6404a007f0833ffe2c6e607c4080706a723a18a27aeea778392\windows-amd64

VM Arguments:
jvm_args: --add-opens=java.base/java.util=ALL-UNNAMED --add-opens=java.base/java.lang=ALL-UNNAMED --add-opens=java.base/java.lang.invoke=ALL-UNNAMED --add-opens=java.prefs/java.util.prefs=ALL-UNNAMED --add-opens=java.base/java.nio.charset=ALL-UNNAMED --add-opens=java.base/java.net=ALL-UNNAMED --add-opens=java.base/java.util.concurrent.atomic=ALL-UNNAMED -Xmx2048m -Dfile.encoding=UTF-8 -Duser.country=US -Duser.language=en -Duser.variant 
java_command: org.gradle.launcher.daemon.bootstrap.GradleDaemon 8.0
java_class_path (initial): C:\Users\admin\.gradle\wrapper\dists\gradle-8.0-bin\ca5e32bp14vu59qr306oxotwh\gradle-8.0\lib\gradle-launcher-8.0.jar
Launcher Type: SUN_STANDARD

[Global flags]
     intx CICompilerCount                          = 4                                         {product} {ergonomic}
     uint ConcGCThreads                            = 2                                         {product} {ergonomic}
     uint G1ConcRefinementThreads                  = 8                                         {product} {ergonomic}
   size_t G1HeapRegionSize                         = 1048576                                   {product} {ergonomic}
    uintx GCDrainStackTargetSize                   = 64                                        {product} {ergonomic}
   size_t InitialHeapSize                          = 132120576                                 {product} {ergonomic}
   size_t MarkStackSize                            = 4194304                                   {product} {ergonomic}
   size_t MaxHeapSize                              = 2147483648                                {product} {command line}
   size_t MaxNewSize                               = 1287651328                                {product} {ergonomic}
   size_t MinHeapDeltaBytes                        = 1048576                                   {product} {ergonomic}
   size_t MinHeapSize                              = 8388608                                   {product} {ergonomic}
    uintx NonNMethodCodeHeapSize                   = 5839372                                {pd product} {ergonomic}
    uintx NonProfiledCodeHeapSize                  = 122909434                              {pd product} {ergonomic}
    uintx ProfiledCodeHeapSize                     = 122909434                              {pd product} {ergonomic}
    uintx ReservedCodeCacheSize                    = 251658240                              {pd product} {ergonomic}
     bool SegmentedCodeCache                       = true                                      {product} {ergonomic}
   size_t SoftMaxHeapSize                          = 2147483648                             {manageable} {ergonomic}
     bool UseCompressedClassPointers               = true                           {product lp64_product} {ergonomic}
     bool UseCompressedOops                        = true                           {product lp64_product} {ergonomic}
     bool UseG1GC                                  = true                                      {product} {ergonomic}
     bool UseLargePagesIndividualAllocation        = false                                  {pd product} {ergonomic}

Logging:
Log output configuration:
 #0: stdout all=warning uptime,level,tags
 #1: stderr all=off uptime,level,tags

Environment Variables:
PATH=C:\Program Files (x86)\VMware\VMware Player\bin\;C:\Program Files (x86)\Common Files\Oracle\Java\javapath;C:\Python311\Scripts\;C:\Python311\;C:\WINDOWS\system32;C:\WINDOWS;C:\WINDOWS\System32\Wbem;C:\WINDOWS\System32\WindowsPowerShell\v1.0\;C:\Program Files\Intel\WiFi\bin\;C:\Program Files\Common Files\Intel\WirelessCommon\;C:\WINDOWS\System32\OpenSSH\;C:\Program Files\nodejs\;C:\ProgramData\chocolatey\bin;C:\Program Files\Git\cmd;C:\Program Files\Amazon\AWSCLIV2\;C:\Program Files\PuTTY\;C:\Users\admin\AppData\Local\Microsoft\WindowsApps;C:\Users\admin\AppData\Local\Programs\Microsoft VS Code\bin;C:\Users\admin\AppData\Roaming\npm;C:\adb;C:\WINDOWS\system32;C:\WINDOWS;C:\WINDOWS\System32\Wbem;C:\WINDOWS\System32\WindowsPowerShell\v1.0\;C:\WINDOWS\System32\OpenSSH\;C:\Program Files\Docker\Docker\resources\bin;C:\Program Files\dotnet\;C:\Program Files\Intel\WiFi\bin\;C:\Program Files\Common Files\Intel\WirelessCommon\;C:\Users\admin\AppData\Local\Microsoft\WindowsApps;C:\Users\admin\AppData\Local\Programs\Microsoft VS Code\bin;C:\Users\admin\AppData\Roaming\npm;C:\Users\admin\.virtualenvs\appusers-_0EEPwMV\Scripts\;C:\Program Files (x86)\Nmap;C:\Users\admin\Documents\git\conectorSAP\nwrfcsdk\lib;
USERNAME=admin
OS=Windows_NT
PROCESSOR_IDENTIFIER=Intel64 Family 6 Model 142 Stepping 10, GenuineIntel
TMP=C:\Users\admin\AppData\Local\Temp
TEMP=C:\Users\admin\AppData\Local\Temp



---------------  S Y S T E M  ---------------

OS:
 Windows 11 , 64 bit Build 22621 (10.0.22621.2428)
OS uptime: 19 days 13:07 hours
Hyper-V role detected

CPU: total 8 (initial active 8) (4 cores per cpu, 2 threads per core) family 6 model 142 stepping 10 microcode 0xec, cx8, cmov, fxsr, ht, mmx, 3dnowpref, sse, sse2, sse3, ssse3, sse4.1, sse4.2, popcnt, lzcnt, tsc, tscinvbit, avx, avx2, aes, erms, clmul, bmi1, bmi2, adx, fma, vzeroupper, clflush, clflushopt, hv

Memory: 4k page, system-wide physical 8050M (362M free)
TotalPageFile size 32626M (AvailPageFile size 29M)
current process WorkingSet (physical memory assigned to process): 261M, peak: 278M
current process commit charge ("private bytes"): 352M, peak: 434M

vm_info: OpenJDK 64-Bit Server VM (17.0.6+0-b2043.56-9586694) for windows-amd64 JRE (17.0.6+0-b2043.56-9586694), built on Feb  9 2023 20:06:20 by "androidbuild" with MS VC++ 16.10 / 16.11 (VS2019)

END.
