#
# There is insufficient memory for the Java Runtime Environment to continue.
# Native memory allocation (malloc) failed to allocate 131088 bytes for Chunk::new
# Possible reasons:
#   The system is out of physical RAM or swap space
#   The process is running with CompressedOops enabled, and the Java Heap may be blocking the growth of the native heap
# Possible solutions:
#   Reduce memory load on the system
#   Increase physical memory or swap space
#   Check if swap backing store is full
#   Decrease Java heap size (-Xmx/-Xms)
#   Decrease number of Java threads
#   Decrease Java thread stack sizes (-Xss)
#   Set larger code cache with -XX:ReservedCodeCacheSize=
#   JVM is running with Unscaled Compressed Oops mode in which the Java heap is
#     placed in the first 4GB address space. The Java Heap base address is the
#     maximum limit for the native heap growth. Please use -XX:HeapBaseMinAddress
#     to set the Java Heap base and to place the Java Heap above 4GB virtual address.
# This output file may be truncated or incomplete.
#
#  Out of Memory Error (arena.cpp:189), pid=21464, tid=44748
#
# JRE version: OpenJDK Runtime Environment (17.0.6) (build 17.0.6+0-b2043.56-9586694)
# Java VM: OpenJDK 64-Bit Server VM (17.0.6+0-b2043.56-9586694, mixed mode, tiered, compressed oops, compressed class ptrs, g1 gc, windows-amd64)
# No core dump will be written. Minidumps are not enabled by default on client versions of Windows
#

---------------  S U M M A R Y ------------

Command Line: --add-opens=java.base/java.util=ALL-UNNAMED --add-opens=java.base/java.lang=ALL-UNNAMED --add-opens=java.base/java.lang.invoke=ALL-UNNAMED --add-opens=java.prefs/java.util.prefs=ALL-UNNAMED --add-opens=java.base/java.nio.charset=ALL-UNNAMED --add-opens=java.base/java.net=ALL-UNNAMED --add-opens=java.base/java.util.concurrent.atomic=ALL-UNNAMED -Xmx2048m -Dfile.encoding=UTF-8 -Duser.country=US -Duser.language=en -Duser.variant org.gradle.launcher.daemon.bootstrap.GradleDaemon 8.0

Host: Intel(R) Core(TM) i5-8250U CPU @ 1.60GHz, 8 cores, 7G,  Windows 11 , 64 bit Build 22621 (10.0.22621.2428)
Time: Mon Oct 30 14:41:01 2023 Venezuela Standard Time elapsed time: 11.904404 seconds (0d 0h 0m 11s)

---------------  T H R E A D  ---------------

Current thread (0x000001cc7a2f0a70):  JavaThread "C2 CompilerThread0" daemon [_thread_in_native, id=44748, stack(0x000000cac8100000,0x000000cac8200000)]


Current CompileTask:
C2:  11904 2046       4       jdk.internal.org.objectweb.asm.Frame::execute (2305 bytes)

Stack: [0x000000cac8100000,0x000000cac8200000]
Native frames: (J=compiled Java code, j=interpreted, Vv=VM code, C=native code)
V  [jvm.dll+0x683b4a]
V  [jvm.dll+0x842654]
V  [jvm.dll+0x843dfe]
V  [jvm.dll+0x844463]
V  [jvm.dll+0x249b75]
V  [jvm.dll+0xabcac]
V  [jvm.dll+0xac27c]
V  [jvm.dll+0xabdbb]
V  [jvm.dll+0x6a708e]
V  [jvm.dll+0x21d6c4]
V  [jvm.dll+0x21b51b]
V  [jvm.dll+0x1a4fdd]
V  [jvm.dll+0x22b098]
V  [jvm.dll+0x229159]
V  [jvm.dll+0x7f809c]
V  [jvm.dll+0x7f25fa]
V  [jvm.dll+0x682985]
C  [ucrtbase.dll+0x29363]
C  [KERNEL32.DLL+0x1257d]
C  [ntdll.dll+0x5aa78]


---------------  P R O C E S S  ---------------

Threads class SMR info:
_java_thread_list=0x000001cc7c747c50, length=22, elements={
0x000001cc6f45a920, 0x000001cc7ac13260, 0x000001cc7ac13fe0, 0x000001cc7a2ee090,
0x000001cc7a2eeb50, 0x000001cc7a2ef510, 0x000001cc7a2efdd0, 0x000001cc7a2f0a70,
0x000001cc7a2f1420, 0x000001cc7a2f4d40, 0x000001cc7adbe190, 0x000001cc7adbe660,
0x000001cc7c4d4440, 0x000001cc7d142d90, 0x000001cc7c620b60, 0x000001cc7b94fb10,
0x000001cc7c4cea00, 0x000001cc7c4ceed0, 0x000001cc7c4ce060, 0x000001cc7c4ce530,
0x000001cc7c4cf3a0, 0x000001cc7c4cf870
}

Java Threads: ( => current thread )
  0x000001cc6f45a920 JavaThread "main" [_thread_blocked, id=14472, stack(0x000000cac7400000,0x000000cac7500000)]
  0x000001cc7ac13260 JavaThread "Reference Handler" daemon [_thread_blocked, id=11052, stack(0x000000cac7b00000,0x000000cac7c00000)]
  0x000001cc7ac13fe0 JavaThread "Finalizer" daemon [_thread_blocked, id=20952, stack(0x000000cac7c00000,0x000000cac7d00000)]
  0x000001cc7a2ee090 JavaThread "Signal Dispatcher" daemon [_thread_blocked, id=24472, stack(0x000000cac7d00000,0x000000cac7e00000)]
  0x000001cc7a2eeb50 JavaThread "Attach Listener" daemon [_thread_blocked, id=31988, stack(0x000000cac7e00000,0x000000cac7f00000)]
  0x000001cc7a2ef510 JavaThread "Service Thread" daemon [_thread_blocked, id=35116, stack(0x000000cac7f00000,0x000000cac8000000)]
  0x000001cc7a2efdd0 JavaThread "Monitor Deflation Thread" daemon [_thread_blocked, id=17276, stack(0x000000cac8000000,0x000000cac8100000)]
=>0x000001cc7a2f0a70 JavaThread "C2 CompilerThread0" daemon [_thread_in_native, id=44748, stack(0x000000cac8100000,0x000000cac8200000)]
  0x000001cc7a2f1420 JavaThread "C1 CompilerThread0" daemon [_thread_blocked, id=46640, stack(0x000000cac8200000,0x000000cac8300000)]
  0x000001cc7a2f4d40 JavaThread "Sweeper thread" daemon [_thread_blocked, id=37372, stack(0x000000cac8300000,0x000000cac8400000)]
  0x000001cc7adbe190 JavaThread "Common-Cleaner" daemon [_thread_blocked, id=27840, stack(0x000000cac8400000,0x000000cac8500000)]
  0x000001cc7adbe660 JavaThread "Notification Thread" daemon [_thread_blocked, id=18672, stack(0x000000cac8500000,0x000000cac8600000)]
  0x000001cc7c4d4440 JavaThread "Daemon health stats" [_thread_blocked, id=20804, stack(0x000000cac8b00000,0x000000cac8c00000)]
  0x000001cc7d142d90 JavaThread "Incoming local TCP Connector on port 64610" [_thread_in_native, id=43148, stack(0x000000cac8c00000,0x000000cac8d00000)]
  0x000001cc7c620b60 JavaThread "Daemon periodic checks" [_thread_blocked, id=53028, stack(0x000000cac8d00000,0x000000cac8e00000)]
  0x000001cc7b94fb10 JavaThread "Daemon" [_thread_blocked, id=16376, stack(0x000000cac8e00000,0x000000cac8f00000)]
  0x000001cc7c4cea00 JavaThread "Handler for socket connection from /127.0.0.1:64610 to /127.0.0.1:64611" [_thread_in_native, id=17352, stack(0x000000cac8f00000,0x000000cac9000000)]
  0x000001cc7c4ceed0 JavaThread "Cancel handler" [_thread_blocked, id=24308, stack(0x000000cac9000000,0x000000cac9100000)]
  0x000001cc7c4ce060 JavaThread "Daemon worker" [_thread_in_vm, id=33876, stack(0x000000cac9100000,0x000000cac9200000)]
  0x000001cc7c4ce530 JavaThread "Asynchronous log dispatcher for DefaultDaemonConnection: socket connection from /127.0.0.1:64610 to /127.0.0.1:64611" [_thread_blocked, id=35016, stack(0x000000cac9200000,0x000000cac9300000)]
  0x000001cc7c4cf3a0 JavaThread "Stdin handler" [_thread_blocked, id=13976, stack(0x000000cac9300000,0x000000cac9400000)]
  0x000001cc7c4cf870 JavaThread "Daemon client event forwarder" [_thread_blocked, id=22428, stack(0x000000cac9400000,0x000000cac9500000)]

Other Threads:
  0x000001cc7a2de160 VMThread "VM Thread" [stack: 0x000000cac7a00000,0x000000cac7b00000] [id=54116]
  0x000001cc6f4d6c60 WatcherThread [stack: 0x000000cac8600000,0x000000cac8700000] [id=4712]
  0x000001cc6f4b58d0 GCTaskThread "GC Thread#0" [stack: 0x000000cac7500000,0x000000cac7600000] [id=8520]
  0x000001cc7b7fcb00 GCTaskThread "GC Thread#1" [stack: 0x000000cac8700000,0x000000cac8800000] [id=9384]
  0x000001cc7b037020 GCTaskThread "GC Thread#2" [stack: 0x000000cac8800000,0x000000cac8900000] [id=43604]
  0x000001cc7ba97280 GCTaskThread "GC Thread#3" [stack: 0x000000cac8900000,0x000000cac8a00000] [id=54036]
  0x000001cc7bd57b10 GCTaskThread "GC Thread#4" [stack: 0x000000cac8a00000,0x000000cac8b00000] [id=32444]
  0x000001cc7c61fab0 GCTaskThread "GC Thread#5" [stack: 0x000000cac9500000,0x000000cac9600000] [id=19436]
  0x000001cc7c75f7e0 GCTaskThread "GC Thread#6" [stack: 0x000000cac9600000,0x000000cac9700000] [id=23920]
  0x000001cc7d097ff0 GCTaskThread "GC Thread#7" [stack: 0x000000cac9700000,0x000000cac9800000] [id=9956]
  0x000001cc6f4c6720 ConcurrentGCThread "G1 Main Marker" [stack: 0x000000cac7600000,0x000000cac7700000] [id=28344]
  0x000001cc6f4c77e0 ConcurrentGCThread "G1 Conc#0" [stack: 0x000000cac7700000,0x000000cac7800000] [id=27408]
  0x000001cc7c783d00 ConcurrentGCThread "G1 Conc#1" [stack: 0x000000cac9800000,0x000000cac9900000] [id=48184]
  0x000001cc6f51d740 ConcurrentGCThread "G1 Refine#0" [stack: 0x000000cac7800000,0x000000cac7900000] [id=20852]
  0x000001cc6f51e070 ConcurrentGCThread "G1 Service" [stack: 0x000000cac7900000,0x000000cac7a00000] [id=49604]

Threads with active compile tasks:
C2 CompilerThread0    11962 2046       4       jdk.internal.org.objectweb.asm.Frame::execute (2305 bytes)

VM state: not at safepoint (normal execution)

VM Mutex/Monitor currently owned by a thread: None

Heap address: 0x0000000080000000, size: 2048 MB, Compressed Oops mode: 32-bit

CDS archive(s) not mapped
Compressed class space mapped at: 0x0000000100000000-0x0000000140000000, reserved size: 1073741824
Narrow klass base: 0x0000000000000000, Narrow klass shift: 3, Narrow klass range: 0x140000000

GC Precious Log:
 CPUs: 8 total, 8 available
 Memory: 8050M
 Large Page Support: Disabled
 NUMA Support: Disabled
 Compressed Oops: Enabled (32-bit)
 Heap Region Size: 1M
 Heap Min Capacity: 8M
 Heap Initial Capacity: 126M
 Heap Max Capacity: 2G
 Pre-touch: Disabled
 Parallel Workers: 8
 Concurrent Workers: 2
 Concurrent Refinement Workers: 8
 Periodic GC: Disabled

Heap:
 garbage-first heap   total 68608K, used 19571K [0x0000000080000000, 0x0000000100000000)
  region size 1024K, 10 young (10240K), 8 survivors (8192K)
 Metaspace       used 21299K, committed 21632K, reserved 1073152K
  class space    used 2588K, committed 2752K, reserved 1048576K

Heap Regions: E=young(eden), S=young(survivor), O=old, HS=humongous(starts), HC=humongous(continues), CS=collection set, F=free, OA=open archive, CA=closed archive, TAMS=top-at-mark-start (previous, next)
|   0|0x0000000080000000, 0x0000000080100000, 0x0000000080100000|100%|HS|  |TAMS 0x0000000080100000, 0x0000000080000000| Complete 
|   1|0x0000000080100000, 0x0000000080200000, 0x0000000080200000|100%|HC|  |TAMS 0x0000000080200000, 0x0000000080100000| Complete 
|   2|0x0000000080200000, 0x0000000080300000, 0x0000000080300000|100%|HC|  |TAMS 0x0000000080300000, 0x0000000080200000| Complete 
|   3|0x0000000080300000, 0x0000000080400000, 0x0000000080400000|100%|HC|  |TAMS 0x0000000080400000, 0x0000000080300000| Complete 
|   4|0x0000000080400000, 0x0000000080500000, 0x0000000080500000|100%| O|  |TAMS 0x0000000080500000, 0x0000000080400000| Untracked 
|   5|0x0000000080500000, 0x0000000080600000, 0x0000000080600000|100%| O|  |TAMS 0x0000000080600000, 0x0000000080500000| Untracked 
|   6|0x0000000080600000, 0x0000000080700000, 0x0000000080700000|100%| O|  |TAMS 0x0000000080700000, 0x0000000080600000| Untracked 
|   7|0x0000000080700000, 0x0000000080800000, 0x0000000080800000|100%| O|  |TAMS 0x0000000080800000, 0x0000000080700000| Untracked 
|   8|0x0000000080800000, 0x0000000080800000, 0x0000000080900000|  0%| F|  |TAMS 0x0000000080800000, 0x0000000080800000| Untracked 
|   9|0x0000000080900000, 0x0000000080a00000, 0x0000000080a00000|100%| O|  |TAMS 0x0000000080a00000, 0x0000000080900000| Untracked 
|  10|0x0000000080a00000, 0x0000000080b00000, 0x0000000080b00000|100%| O|  |TAMS 0x0000000080b00000, 0x0000000080a00000| Untracked 
|  11|0x0000000080b00000, 0x0000000080b51400, 0x0000000080c00000| 31%| O|  |TAMS 0x0000000080b51400, 0x0000000080b00000| Untracked 
|  12|0x0000000080c00000, 0x0000000080c00000, 0x0000000080d00000|  0%| F|  |TAMS 0x0000000080c00000, 0x0000000080c00000| Untracked 
|  13|0x0000000080d00000, 0x0000000080d00000, 0x0000000080e00000|  0%| F|  |TAMS 0x0000000080d00000, 0x0000000080d00000| Untracked 
|  14|0x0000000080e00000, 0x0000000080e00000, 0x0000000080f00000|  0%| F|  |TAMS 0x0000000080e00000, 0x0000000080e00000| Untracked 
|  15|0x0000000080f00000, 0x0000000080f00000, 0x0000000081000000|  0%| F|  |TAMS 0x0000000080f00000, 0x0000000080f00000| Untracked 
|  16|0x0000000081000000, 0x0000000081000000, 0x0000000081100000|  0%| F|  |TAMS 0x0000000081000000, 0x0000000081000000| Untracked 
|  17|0x0000000081100000, 0x0000000081100000, 0x0000000081200000|  0%| F|  |TAMS 0x0000000081100000, 0x0000000081100000| Untracked 
|  18|0x0000000081200000, 0x0000000081200000, 0x0000000081300000|  0%| F|  |TAMS 0x0000000081200000, 0x0000000081200000| Untracked 
|  19|0x0000000081300000, 0x0000000081300000, 0x0000000081400000|  0%| F|  |TAMS 0x0000000081300000, 0x0000000081300000| Untracked 
|  20|0x0000000081400000, 0x0000000081400000, 0x0000000081500000|  0%| F|  |TAMS 0x0000000081400000, 0x0000000081400000| Untracked 
|  21|0x0000000081500000, 0x0000000081500000, 0x0000000081600000|  0%| F|  |TAMS 0x0000000081500000, 0x0000000081500000| Untracked 
|  22|0x0000000081600000, 0x0000000081600000, 0x0000000081700000|  0%| F|  |TAMS 0x0000000081600000, 0x0000000081600000| Untracked 
|  23|0x0000000081700000, 0x0000000081700000, 0x0000000081800000|  0%| F|  |TAMS 0x0000000081700000, 0x0000000081700000| Untracked 
|  24|0x0000000081800000, 0x0000000081800000, 0x0000000081900000|  0%| F|  |TAMS 0x0000000081800000, 0x0000000081800000| Untracked 
|  25|0x0000000081900000, 0x0000000081900000, 0x0000000081a00000|  0%| F|  |TAMS 0x0000000081900000, 0x0000000081900000| Untracked 
|  26|0x0000000081a00000, 0x0000000081a00000, 0x0000000081b00000|  0%| F|  |TAMS 0x0000000081a00000, 0x0000000081a00000| Untracked 
|  27|0x0000000081b00000, 0x0000000081b00000, 0x0000000081c00000|  0%| F|  |TAMS 0x0000000081b00000, 0x0000000081b00000| Untracked 
|  28|0x0000000081c00000, 0x0000000081c00000, 0x0000000081d00000|  0%| F|  |TAMS 0x0000000081c00000, 0x0000000081c00000| Untracked 
|  29|0x0000000081d00000, 0x0000000081d00000, 0x0000000081e00000|  0%| F|  |TAMS 0x0000000081d00000, 0x0000000081d00000| Untracked 
|  30|0x0000000081e00000, 0x0000000081e00000, 0x0000000081f00000|  0%| F|  |TAMS 0x0000000081e00000, 0x0000000081e00000| Untracked 
|  31|0x0000000081f00000, 0x0000000081f00000, 0x0000000082000000|  0%| F|  |TAMS 0x0000000081f00000, 0x0000000081f00000| Untracked 
|  32|0x0000000082000000, 0x0000000082000000, 0x0000000082100000|  0%| F|  |TAMS 0x0000000082000000, 0x0000000082000000| Untracked 
|  33|0x0000000082100000, 0x0000000082100000, 0x0000000082200000|  0%| F|  |TAMS 0x0000000082100000, 0x0000000082100000| Untracked 
|  34|0x0000000082200000, 0x0000000082200000, 0x0000000082300000|  0%| F|  |TAMS 0x0000000082200000, 0x0000000082200000| Untracked 
|  35|0x0000000082300000, 0x0000000082300000, 0x0000000082400000|  0%| F|  |TAMS 0x0000000082300000, 0x0000000082300000| Untracked 
|  36|0x0000000082400000, 0x0000000082400000, 0x0000000082500000|  0%| F|  |TAMS 0x0000000082400000, 0x0000000082400000| Untracked 
|  37|0x0000000082500000, 0x0000000082500000, 0x0000000082600000|  0%| F|  |TAMS 0x0000000082500000, 0x0000000082500000| Untracked 
|  38|0x0000000082600000, 0x0000000082600000, 0x0000000082700000|  0%| F|  |TAMS 0x0000000082600000, 0x0000000082600000| Untracked 
|  39|0x0000000082700000, 0x0000000082700000, 0x0000000082800000|  0%| F|  |TAMS 0x0000000082700000, 0x0000000082700000| Untracked 
|  40|0x0000000082800000, 0x0000000082800000, 0x0000000082900000|  0%| F|  |TAMS 0x0000000082800000, 0x0000000082800000| Untracked 
|  41|0x0000000082900000, 0x0000000082900000, 0x0000000082a00000|  0%| F|  |TAMS 0x0000000082900000, 0x0000000082900000| Untracked 
|  42|0x0000000082a00000, 0x0000000082a00000, 0x0000000082b00000|  0%| F|  |TAMS 0x0000000082a00000, 0x0000000082a00000| Untracked 
|  43|0x0000000082b00000, 0x0000000082b00000, 0x0000000082c00000|  0%| F|  |TAMS 0x0000000082b00000, 0x0000000082b00000| Untracked 
|  44|0x0000000082c00000, 0x0000000082c00000, 0x0000000082d00000|  0%| F|  |TAMS 0x0000000082c00000, 0x0000000082c00000| Untracked 
|  45|0x0000000082d00000, 0x0000000082d00000, 0x0000000082e00000|  0%| F|  |TAMS 0x0000000082d00000, 0x0000000082d00000| Untracked 
|  46|0x0000000082e00000, 0x0000000082e00000, 0x0000000082f00000|  0%| F|  |TAMS 0x0000000082e00000, 0x0000000082e00000| Untracked 
|  47|0x0000000082f00000, 0x0000000082f00000, 0x0000000083000000|  0%| F|  |TAMS 0x0000000082f00000, 0x0000000082f00000| Untracked 
|  48|0x0000000083000000, 0x0000000083000000, 0x0000000083100000|  0%| F|  |TAMS 0x0000000083000000, 0x0000000083000000| Untracked 
|  49|0x0000000083100000, 0x0000000083100000, 0x0000000083200000|  0%| F|  |TAMS 0x0000000083100000, 0x0000000083100000| Untracked 
|  50|0x0000000083200000, 0x0000000083200000, 0x0000000083300000|  0%| F|  |TAMS 0x0000000083200000, 0x0000000083200000| Untracked 
|  51|0x0000000083300000, 0x0000000083300000, 0x0000000083400000|  0%| F|  |TAMS 0x0000000083300000, 0x0000000083300000| Untracked 
|  52|0x0000000083400000, 0x0000000083400000, 0x0000000083500000|  0%| F|  |TAMS 0x0000000083400000, 0x0000000083400000| Untracked 
|  53|0x0000000083500000, 0x0000000083500000, 0x0000000083600000|  0%| F|  |TAMS 0x0000000083500000, 0x0000000083500000| Untracked 
|  54|0x0000000083600000, 0x0000000083600000, 0x0000000083700000|  0%| F|  |TAMS 0x0000000083600000, 0x0000000083600000| Untracked 
|  55|0x0000000083700000, 0x0000000083700000, 0x0000000083800000|  0%| F|  |TAMS 0x0000000083700000, 0x0000000083700000| Untracked 
|  56|0x0000000083800000, 0x0000000083800000, 0x0000000083900000|  0%| F|  |TAMS 0x0000000083800000, 0x0000000083800000| Untracked 
|  57|0x0000000083900000, 0x0000000083957888, 0x0000000083a00000| 34%| E|  |TAMS 0x0000000083900000, 0x0000000083900000| Complete 
|  76|0x0000000084c00000, 0x0000000084ccb8e0, 0x0000000084d00000| 79%| S|CS|TAMS 0x0000000084c00000, 0x0000000084c00000| Complete 
|  77|0x0000000084d00000, 0x0000000084e00000, 0x0000000084e00000|100%| S|CS|TAMS 0x0000000084d00000, 0x0000000084d00000| Complete 
|  78|0x0000000084e00000, 0x0000000084f00000, 0x0000000084f00000|100%| S|CS|TAMS 0x0000000084e00000, 0x0000000084e00000| Complete 
|  79|0x0000000084f00000, 0x0000000085000000, 0x0000000085000000|100%| S|CS|TAMS 0x0000000084f00000, 0x0000000084f00000| Complete 
|  80|0x0000000085000000, 0x0000000085100000, 0x0000000085100000|100%| S|CS|TAMS 0x0000000085000000, 0x0000000085000000| Complete 
|  81|0x0000000085100000, 0x0000000085200000, 0x0000000085200000|100%| S|CS|TAMS 0x0000000085100000, 0x0000000085100000| Complete 
|  82|0x0000000085200000, 0x0000000085300000, 0x0000000085300000|100%| S|CS|TAMS 0x0000000085200000, 0x0000000085200000| Complete 
|  83|0x0000000085300000, 0x0000000085400000, 0x0000000085400000|100%| S|CS|TAMS 0x0000000085300000, 0x0000000085300000| Complete 
| 125|0x0000000087d00000, 0x0000000087e00000, 0x0000000087e00000|100%| E|CS|TAMS 0x0000000087d00000, 0x0000000087d00000| Complete 

Card table byte_map: [0x000001cc73060000,0x000001cc73460000] _byte_map_base: 0x000001cc72c60000

Marking Bits (Prev, Next): (CMBitMap*) 0x000001cc6f4b5e30, (CMBitMap*) 0x000001cc6f4b5df0
 Prev Bits: [0x000001cc75860000, 0x000001cc77860000)
 Next Bits: [0x000001cc73860000, 0x000001cc75860000)

Polling page: 0x000001cc6d400000

Metaspace:

Usage:
  Non-class:     18.28 MB used.
      Class:      2.53 MB used.
       Both:     20.81 MB used.

Virtual space:
  Non-class space:       24.00 MB reserved,      18.44 MB ( 77%) committed,  3 nodes.
      Class space:        1.00 GB reserved,       2.69 MB ( <1%) committed,  1 nodes.
             Both:        1.02 GB reserved,      21.12 MB (  2%) committed. 

Chunk freelists:
   Non-Class:  688.00 KB
       Class:  1.16 MB
        Both:  1.83 MB

MaxMetaspaceSize: unlimited
CompressedClassSpaceSize: 1.00 GB
Initial GC threshold: 21.00 MB
Current GC threshold: 35.12 MB
CDS: off
MetaspaceReclaimPolicy: balanced
 - commit_granule_bytes: 65536.
 - commit_granule_words: 8192.
 - virtual_space_node_default_size: 1048576.
 - enlarge_chunks_in_place: 1.
 - new_chunks_are_fully_committed: 0.
 - uncommit_free_chunks: 1.
 - use_allocation_guard: 0.
 - handle_deallocations: 1.


Internal statistics:

num_allocs_failed_limit: 3.
num_arena_births: 178.
num_arena_deaths: 0.
num_vsnodes_births: 4.
num_vsnodes_deaths: 0.
num_space_committed: 338.
num_space_uncommitted: 0.
num_chunks_returned_to_freelist: 3.
num_chunks_taken_from_freelist: 556.
num_chunk_merges: 3.
num_chunk_splits: 369.
num_chunks_enlarged: 280.
num_purges: 0.
num_inconsistent_stats: 0.

CodeHeap 'non-profiled nmethods': size=120000Kb used=934Kb max_used=934Kb free=119065Kb
 bounds [0x000001cc07ad0000, 0x000001cc07d40000, 0x000001cc0f000000]
CodeHeap 'profiled nmethods': size=120000Kb used=4254Kb max_used=4254Kb free=115745Kb
 bounds [0x000001cc00000000, 0x000001cc00430000, 0x000001cc07530000]
CodeHeap 'non-nmethods': size=5760Kb used=1201Kb max_used=1220Kb free=4558Kb
 bounds [0x000001cc07530000, 0x000001cc077a0000, 0x000001cc07ad0000]
 total_blobs=2580 nmethods=2073 adapters=420
 compilation: enabled
              stopped_count=0, restarted_count=0
 full_count=0

Compilation events (20 events):
Event: 11.860 Thread 0x000001cc7a2f1420 2063       3       java.lang.invoke.InvokerBytecodeGenerator::isStaticallyInvocable (165 bytes)
Event: 11.863 Thread 0x000001cc7a2f1420 nmethod 2063 0x000001cc0040e610 code [0x000001cc0040ea40, 0x000001cc00410708]
Event: 11.863 Thread 0x000001cc7a2f1420 2064       3       java.lang.invoke.MemberName::isPrivate (8 bytes)
Event: 11.864 Thread 0x000001cc7a2f1420 nmethod 2064 0x000001cc00410e90 code [0x000001cc00411020, 0x000001cc004111f8]
Event: 11.864 Thread 0x000001cc7a2f1420 2065       3       java.lang.invoke.InvokerBytecodeGenerator::emitStaticInvoke (258 bytes)
Event: 11.866 Thread 0x000001cc7a2f1420 nmethod 2065 0x000001cc00411290 code [0x000001cc004115a0, 0x000001cc00412508]
Event: 11.866 Thread 0x000001cc7a2f1420 2062       3       java.lang.invoke.InvokerBytecodeGenerator::emitStoreInsn (21 bytes)
Event: 11.866 Thread 0x000001cc7a2f1420 nmethod 2062 0x000001cc00412b10 code [0x000001cc00412cc0, 0x000001cc00412f18]
Event: 11.866 Thread 0x000001cc7a2f1420 2056       3       java.lang.invoke.MemberName::isVarargs (23 bytes)
Event: 11.867 Thread 0x000001cc7a2f1420 nmethod 2056 0x000001cc00413090 code [0x000001cc00413260, 0x000001cc004136f8]
Event: 11.874 Thread 0x000001cc7a2f1420 2067   !   3       sun.reflect.generics.factory.CoreReflectionFactory::makeNamedType (21 bytes)
Event: 11.874 Thread 0x000001cc7a2f1420 nmethod 2067 0x000001cc00413890 code [0x000001cc00413a40, 0x000001cc00413c88]
Event: 11.874 Thread 0x000001cc7a2f1420 2068       3       sun.reflect.generics.factory.CoreReflectionFactory::getDeclsLoader (85 bytes)
Event: 11.877 Thread 0x000001cc7a2f1420 nmethod 2068 0x000001cc00413e10 code [0x000001cc004141e0, 0x000001cc004162f8]
Event: 11.878 Thread 0x000001cc7a2f1420 2069       3       sun.reflect.generics.tree.ClassTypeSignature::accept (8 bytes)
Event: 11.878 Thread 0x000001cc7a2f1420 nmethod 2069 0x000001cc00416b10 code [0x000001cc00416cc0, 0x000001cc00416e48]
Event: 11.878 Thread 0x000001cc7a2f1420 2070       3       sun.reflect.generics.visitor.Reifier::visitClassTypeSignature (381 bytes)
Event: 11.880 Thread 0x000001cc7a2f1420 nmethod 2070 0x000001cc00416f90 code [0x000001cc004173a0, 0x000001cc00418f48]
Event: 11.882 Thread 0x000001cc7a2f1420 2071       3       java.lang.Class::isAnnotation (17 bytes)
Event: 11.882 Thread 0x000001cc7a2f1420 nmethod 2071 0x000001cc00419910 code [0x000001cc00419aa0, 0x000001cc00419c38]

GC Heap History (5 events):
Event: 5.277 GC heap before
{Heap before GC invocations=0 (full 0):
 garbage-first heap   total 129024K, used 26624K [0x0000000080000000, 0x0000000100000000)
  region size 1024K, 23 young (23552K), 0 survivors (0K)
 Metaspace       used 10262K, committed 10432K, reserved 1064960K
  class space    used 1058K, committed 1152K, reserved 1048576K
}
Event: 5.290 GC heap after
{Heap after GC invocations=1 (full 0):
 garbage-first heap   total 129024K, used 10480K [0x0000000080000000, 0x0000000100000000)
  region size 1024K, 3 young (3072K), 3 survivors (3072K)
 Metaspace       used 10262K, committed 10432K, reserved 1064960K
  class space    used 1058K, committed 1152K, reserved 1048576K
}
Event: 7.138 GC heap before
{Heap before GC invocations=1 (full 0):
 garbage-first heap   total 129024K, used 40176K [0x0000000080000000, 0x0000000100000000)
  region size 1024K, 31 young (31744K), 3 survivors (3072K)
 Metaspace       used 11209K, committed 11456K, reserved 1064960K
  class space    used 1162K, committed 1280K, reserved 1048576K
}
Event: 7.147 GC heap after
{Heap after GC invocations=2 (full 0):
 garbage-first heap   total 129024K, used 14661K [0x0000000080000000, 0x0000000100000000)
  region size 1024K, 4 young (4096K), 4 survivors (4096K)
 Metaspace       used 11209K, committed 11456K, reserved 1064960K
  class space    used 1162K, committed 1280K, reserved 1048576K
}
Event: 11.887 GC heap before
{Heap before GC invocations=2 (full 0):
 garbage-first heap   total 129024K, used 52549K [0x0000000080000000, 0x0000000100000000)
  region size 1024K, 42 young (43008K), 4 survivors (4096K)
 Metaspace       used 21196K, committed 21504K, reserved 1073152K
  class space    used 2565K, committed 2752K, reserved 1048576K
}

Dll operation events (2 events):
Event: 0.058 Loaded shared library C:\Program Files\Android\Android Studio\jbr\bin\java.dll
Event: 2.920 Loaded shared library C:\Program Files\Android\Android Studio\jbr\bin\verify.dll

Deoptimization events (20 events):
Event: 11.253 Thread 0x000001cc7c4ce060 Uncommon trap: trap_request=0xffffffc6 fr.pc=0x000001cc07b658a8 relative=0x00000000000005c8
Event: 11.253 Thread 0x000001cc7c4ce060 Uncommon trap: reason=bimorphic_or_optimized_type_check action=maybe_recompile pc=0x000001cc07b658a8 method=java.util.concurrent.ConcurrentHashMap.get(Ljava/lang/Object;)Ljava/lang/Object; @ 149 c2
Event: 11.253 Thread 0x000001cc7c4ce060 DEOPT PACKING pc=0x000001cc07b658a8 sp=0x000000cac91fdf40
Event: 11.253 Thread 0x000001cc7c4ce060 DEOPT UNPACKING pc=0x000001cc075869a3 sp=0x000000cac91fdee0 mode 2
Event: 11.532 Thread 0x000001cc7c4ce060 Uncommon trap: trap_request=0xffffff45 fr.pc=0x000001cc07b08bf8 relative=0x0000000000000238
Event: 11.532 Thread 0x000001cc7c4ce060 Uncommon trap: reason=unstable_if action=reinterpret pc=0x000001cc07b08bf8 method=java.util.HashMap.getNode(Ljava/lang/Object;)Ljava/util/HashMap$Node; @ 66 c2
Event: 11.532 Thread 0x000001cc7c4ce060 DEOPT PACKING pc=0x000001cc07b08bf8 sp=0x000000cac91fbfe0
Event: 11.532 Thread 0x000001cc7c4ce060 DEOPT UNPACKING pc=0x000001cc075869a3 sp=0x000000cac91fbf60 mode 2
Event: 11.532 Thread 0x000001cc7c4ce060 Uncommon trap: trap_request=0xffffffc6 fr.pc=0x000001cc07baa160 relative=0x00000000000012c0
Event: 11.532 Thread 0x000001cc7c4ce060 Uncommon trap: reason=bimorphic_or_optimized_type_check action=maybe_recompile pc=0x000001cc07baa160 method=java.util.HashMap.putVal(ILjava/lang/Object;Ljava/lang/Object;ZZ)Ljava/lang/Object; @ 91 c2
Event: 11.532 Thread 0x000001cc7c4ce060 DEOPT PACKING pc=0x000001cc07baa160 sp=0x000000cac91fbfa0
Event: 11.532 Thread 0x000001cc7c4ce060 DEOPT UNPACKING pc=0x000001cc075869a3 sp=0x000000cac91fbf40 mode 2
Event: 11.532 Thread 0x000001cc7c4ce060 Uncommon trap: trap_request=0xffffffc6 fr.pc=0x000001cc07baa160 relative=0x00000000000012c0
Event: 11.532 Thread 0x000001cc7c4ce060 Uncommon trap: reason=bimorphic_or_optimized_type_check action=maybe_recompile pc=0x000001cc07baa160 method=java.util.HashMap.putVal(ILjava/lang/Object;Ljava/lang/Object;ZZ)Ljava/lang/Object; @ 91 c2
Event: 11.532 Thread 0x000001cc7c4ce060 DEOPT PACKING pc=0x000001cc07baa160 sp=0x000000cac91fbfa0
Event: 11.532 Thread 0x000001cc7c4ce060 DEOPT UNPACKING pc=0x000001cc075869a3 sp=0x000000cac91fbf40 mode 2
Event: 11.562 Thread 0x000001cc7c4ce060 Uncommon trap: trap_request=0xffffff45 fr.pc=0x000001cc07b65814 relative=0x0000000000000534
Event: 11.562 Thread 0x000001cc7c4ce060 Uncommon trap: reason=unstable_if action=reinterpret pc=0x000001cc07b65814 method=java.util.concurrent.ConcurrentHashMap.get(Ljava/lang/Object;)Ljava/lang/Object; @ 76 c2
Event: 11.562 Thread 0x000001cc7c4ce060 DEOPT PACKING pc=0x000001cc07b65814 sp=0x000000cac91fb4e0
Event: 11.562 Thread 0x000001cc7c4ce060 DEOPT UNPACKING pc=0x000001cc075869a3 sp=0x000000cac91fb488 mode 2

Classes unloaded (0 events):
No events

Classes redefined (0 events):
No events

Internal exceptions (20 events):
Event: 4.252 Thread 0x000001cc6f45a920 Exception <a 'java/lang/NoSuchMethodError'{0x0000000086c3b6e0}: 'void java.lang.invoke.DelegatingMethodHandle$Holder.delegate(java.lang.Object, java.lang.Object, int, java.lang.Object)'> (0x0000000086c3b6e0) 
thrown [s\src\hotspot\share\interpreter\linkResolver.cpp, line 771]
Event: 4.254 Thread 0x000001cc6f45a920 Exception <a 'java/lang/NoSuchMethodError'{0x0000000086c3f828}: 'int java.lang.invoke.DirectMethodHandle$Holder.invokeSpecial(java.lang.Object, java.lang.Object, java.lang.Object)'> (0x0000000086c3f828) 
thrown [s\src\hotspot\share\interpreter\linkResolver.cpp, line 771]
Event: 4.266 Thread 0x000001cc6f45a920 Exception <a 'java/lang/NoSuchMethodError'{0x0000000086c53100}: 'java.lang.Object java.lang.invoke.Invokers$Holder.invokeExact_MT(java.lang.Object, java.lang.Object, java.lang.Object, java.lang.Object)'> (0x0000000086c53100) 
thrown [s\src\hotspot\share\interpreter\linkResolver.cpp, line 771]
Event: 5.626 Thread 0x000001cc6f45a920 Exception <a 'java/lang/NoSuchMethodError'{0x0000000087bd20d0}: 'void java.lang.invoke.DirectMethodHandle$Holder.invokeInterface(java.lang.Object, java.lang.Object, java.lang.Object)'> (0x0000000087bd20d0) 
thrown [s\src\hotspot\share\interpreter\linkResolver.cpp, line 771]
Event: 8.214 Thread 0x000001cc6f45a920 Exception <a 'java/lang/NoSuchMethodError'{0x00000000871579e8}: 'java.lang.Object java.lang.invoke.DirectMethodHandle$Holder.invokeStaticInit(java.lang.Object)'> (0x00000000871579e8) 
thrown [s\src\hotspot\share\interpreter\linkResolver.cpp, line 771]
Event: 8.359 Thread 0x000001cc6f45a920 Exception <a 'java/lang/NoSuchMethodError'{0x00000000871b92d0}: 'java.lang.Object java.lang.invoke.DirectMethodHandle$Holder.invokeInterface(java.lang.Object, java.lang.Object)'> (0x00000000871b92d0) 
thrown [s\src\hotspot\share\interpreter\linkResolver.cpp, line 771]
Event: 8.808 Thread 0x000001cc6f45a920 Exception <a 'java/lang/NoSuchMethodError'{0x0000000086cb45c0}: 'java.lang.Object java.lang.invoke.DirectMethodHandle$Holder.invokeStaticInit(java.lang.Object, int, int, int, int)'> (0x0000000086cb45c0) 
thrown [s\src\hotspot\share\interpreter\linkResolver.cpp, line 771]
Event: 9.646 Thread 0x000001cc6f45a920 Exception <a 'java/lang/NoSuchMethodError'{0x0000000086b86058}: 'java.lang.Object java.lang.invoke.DirectMethodHandle$Holder.invokeStaticInit(java.lang.Object, java.lang.Object, int, int, int, int)'> (0x0000000086b86058) 
thrown [s\src\hotspot\share\interpreter\linkResolver.cpp, line 771]
Event: 10.891 Thread 0x000001cc6f45a920 Exception <a 'java/lang/NoSuchMethodError'{0x000000008694b4e8}: 'void java.lang.invoke.DirectMethodHandle$Holder.invokeStatic(java.lang.Object, java.lang.Object, java.lang.Object)'> (0x000000008694b4e8) 
thrown [s\src\hotspot\share\interpreter\linkResolver.cpp, line 771]
Event: 10.944 Thread 0x000001cc6f45a920 Exception <a 'java/io/IOException'{0x00000000869ee000}> (0x00000000869ee000) 
thrown [s\src\hotspot\share\prims\jni.cpp, line 517]
Event: 11.311 Thread 0x000001cc7c4ce060 Exception <a 'java/lang/NoSuchMethodError'{0x00000000862479b8}: 'long java.lang.invoke.DirectMethodHandle$Holder.invokeInterface(java.lang.Object, java.lang.Object)'> (0x00000000862479b8) 
thrown [s\src\hotspot\share\interpreter\linkResolver.cpp, line 771]
Event: 11.324 Thread 0x000001cc7c4ce060 Exception <a 'java/lang/NoSuchMethodError'{0x0000000086289588}: 'java.lang.Object java.lang.invoke.DirectMethodHandle$Holder.invokeVirtual(java.lang.Object, java.lang.Object, java.lang.Object)'> (0x0000000086289588) 
thrown [s\src\hotspot\share\interpreter\linkResolver.cpp, line 771]
Event: 11.548 Thread 0x000001cc7c4ce060 Exception <a 'java/lang/NoSuchMethodError'{0x0000000085ade260}: 'java.lang.Object java.lang.invoke.DirectMethodHandle$Holder.newInvokeSpecial(java.lang.Object, java.lang.Object, java.lang.Object, java.lang.Object, java.lang.Object)'> (0x0000000085ade260) 
thrown [s\src\hotspot\share\interpreter\linkResolver.cpp, line 771]
Event: 11.642 Thread 0x000001cc7c4ce060 Exception <a 'java/lang/NoSuchMethodError'{0x0000000085884500}: 'void java.lang.invoke.DirectMethodHandle$Holder.invokeSpecial(java.lang.Object, java.lang.Object, java.lang.Object)'> (0x0000000085884500) 
thrown [s\src\hotspot\share\interpreter\linkResolver.cpp, line 771]
Event: 11.675 Thread 0x000001cc7c4ce060 Exception <a 'java/lang/NoSuchMethodError'{0x0000000085705250}: 'java.lang.Object java.lang.invoke.DirectMethodHandle$Holder.newInvokeSpecial(java.lang.Object, java.lang.Object, java.lang.Object, java.lang.Object, java.lang.Object, java.lang.Object)'> (0x0000000085705250) 
thrown [s\src\hotspot\share\interpreter\linkResolver.cpp, line 771]
Event: 11.679 Thread 0x000001cc7c4ce060 Exception <a 'java/lang/NoSuchMethodError'{0x0000000085712230}: 'void java.lang.invoke.DirectMethodHandle$Holder.invokeSpecial(java.lang.Object, java.lang.Object, java.lang.Object, java.lang.Object, java.lang.Object)'> (0x0000000085712230) 
thrown [s\src\hotspot\share\interpreter\linkResolver.cpp, line 771]
Event: 11.834 Thread 0x000001cc7c4ce060 Exception <a 'java/lang/NoSuchMethodError'{0x000000008559c220}: 'void java.lang.invoke.DelegatingMethodHandle$Holder.reinvoke_L(java.lang.Object, java.lang.Object, java.lang.Object, java.lang.Object, java.lang.Object, java.lang.Object, java.lang.Object, java.lang.Object, java.lang.Object, java.lang.Object, java.lang.Object)'> (0x000000008559c220) 
thrown [s\src\hotspot\share\interpreter\linkResolver.cpp, line 771]
Event: 11.836 Thread 0x000001cc7c4ce060 Exception <a 'java/lang/NoSuchMethodError'{0x00000000855a4d20}: 'java.lang.Object java.lang.invoke.DirectMethodHandle$Holder.invokeSpecial(java.lang.Object, java.lang.Object, java.lang.Object, java.lang.Object, java.lang.Object, java.lang.Object, java.lang.Object, java.lang.Object, java.lang.Object, java.lang.Object, java.lang.Object)'> (0x00000000855a4d20) 
thrown [s\src\hotspot\share\interpreter\linkResolver.cpp, line 771]
Event: 11.836 Thread 0x000001cc7c4ce060 Exception <a 'java/lang/NoSuchMethodError'{0x00000000855a97e8}: 'java.lang.Object java.lang.invoke.Invokers$Holder.invoker(java.lang.Object, java.lang.Object, java.lang.Object, java.lang.Object, java.lang.Object, java.lang.Object, java.lang.Object, java.lang.Object, java.lang.Object, java.lang.Object, java.lang.Object)'> (0x00000000855a97e8) 
thrown [s\src\hotspot\share\interpreter\linkResolver.cpp, line 771]
Event: 11.838 Thread 0x000001cc7c4ce060 Exception <a 'java/lang/NoSuchMethodError'{0x00000000855af5e0}: 'java.lang.Object java.lang.invoke.DirectMethodHandle$Holder.invokeSpecial(java.lang.Object, java.lang.Object, java.lang.Object, java.lang.Object, java.lang.Object, java.lang.Object, java.lang.Object, java.lang.Object, java.lang.Object, java.lang.Object, java.lang.Object, java.lang.Object)'> (0x00000000855af5e0) 
thrown [s\src\hotspot\share\interpreter\linkResolver.cpp, line 771]

VM Operations (20 events):
Event: 7.983 Executing VM operation: HandshakeAllThreads done
Event: 8.166 Executing VM operation: HandshakeAllThreads
Event: 8.166 Executing VM operation: HandshakeAllThreads done
Event: 8.166 Executing VM operation: Cleanup
Event: 8.169 Executing VM operation: Cleanup done
Event: 8.349 Executing VM operation: HandshakeAllThreads
Event: 8.349 Executing VM operation: HandshakeAllThreads done
Event: 8.560 Executing VM operation: HandshakeAllThreads
Event: 8.560 Executing VM operation: HandshakeAllThreads done
Event: 8.751 Executing VM operation: HandshakeAllThreads
Event: 8.751 Executing VM operation: HandshakeAllThreads done
Event: 9.118 Executing VM operation: HandshakeAllThreads
Event: 9.118 Executing VM operation: HandshakeAllThreads done
Event: 10.125 Executing VM operation: Cleanup
Event: 10.125 Executing VM operation: Cleanup done
Event: 10.888 Executing VM operation: HandshakeAllThreads
Event: 10.888 Executing VM operation: HandshakeAllThreads done
Event: 11.004 Executing VM operation: HandshakeAllThreads
Event: 11.004 Executing VM operation: HandshakeAllThreads done
Event: 11.887 Executing VM operation: CollectForMetadataAllocation

Events (20 events):
Event: 11.568 loading class java/util/stream/MatchOps$BooleanTerminalSink
Event: 11.569 loading class java/util/stream/MatchOps$BooleanTerminalSink done
Event: 11.569 loading class java/util/stream/MatchOps$1MatchSink
Event: 11.570 loading class java/util/stream/MatchOps$1MatchSink done
Event: 11.710 loading class java/lang/invoke/MethodHandle$1
Event: 11.710 loading class java/lang/invoke/MethodHandle$1 done
Event: 11.720 loading class java/util/ConcurrentModificationException
Event: 11.720 loading class java/util/ConcurrentModificationException done
Event: 11.772 loading class sun/reflect/generics/scope/ConstructorScope
Event: 11.773 loading class sun/reflect/generics/scope/ConstructorScope done
Event: 11.773 loading class sun/reflect/generics/tree/VoidDescriptor
Event: 11.773 loading class sun/reflect/generics/tree/VoidDescriptor done
Event: 11.845 loading class java/lang/invoke/BoundMethodHandle$Species_LLLLLLLL
Event: 11.845 loading class java/lang/invoke/BoundMethodHandle$Species_LLLLLLLL done
Event: 11.850 loading class java/lang/invoke/BoundMethodHandle$Species_LLLLLLLLL
Event: 11.850 loading class java/lang/invoke/BoundMethodHandle$Species_LLLLLLLLL done
Event: 11.854 loading class java/lang/invoke/BoundMethodHandle$Species_LLLLLLLLLL
Event: 11.855 loading class java/lang/invoke/BoundMethodHandle$Species_LLLLLLLLLL done
Event: 11.857 loading class java/lang/invoke/BoundMethodHandle$Species_LLLLLLLLLLL
Event: 11.857 loading class java/lang/invoke/BoundMethodHandle$Species_LLLLLLLLLLL done


Dynamic libraries:
0x00007ff6d8220000 - 0x00007ff6d822a000 	C:\Program Files\Android\Android Studio\jbr\bin\java.exe
0x00007ffb75230000 - 0x00007ffb75447000 	C:\WINDOWS\SYSTEM32\ntdll.dll
0x00007ffb73ee0000 - 0x00007ffb73fa4000 	C:\WINDOWS\System32\KERNEL32.DLL
0x00007ffb72810000 - 0x00007ffb72bb6000 	C:\WINDOWS\System32\KERNELBASE.dll
0x00007ffb72bc0000 - 0x00007ffb72cd1000 	C:\WINDOWS\System32\ucrtbase.dll
0x00007ffb5faa0000 - 0x00007ffb5fabb000 	C:\Program Files\Android\Android Studio\jbr\bin\VCRUNTIME140.dll
0x00007ffb5fa80000 - 0x00007ffb5fa97000 	C:\Program Files\Android\Android Studio\jbr\bin\jli.dll
0x00007ffb73040000 - 0x00007ffb731ed000 	C:\WINDOWS\System32\USER32.dll
0x00007ffb725b0000 - 0x00007ffb725d6000 	C:\WINDOWS\System32\win32u.dll
0x00007ffb741f0000 - 0x00007ffb74219000 	C:\WINDOWS\System32\GDI32.dll
0x00007ffb72680000 - 0x00007ffb72798000 	C:\WINDOWS\System32\gdi32full.dll
0x00007ffb725e0000 - 0x00007ffb7267a000 	C:\WINDOWS\System32\msvcp_win.dll
0x00007ffb629a0000 - 0x00007ffb62c33000 	C:\WINDOWS\WinSxS\amd64_microsoft.windows.common-controls_6595b64144ccf1df_6.0.22621.2361_none_2712ced57382f843\COMCTL32.dll
0x00007ffb74560000 - 0x00007ffb74607000 	C:\WINDOWS\System32\msvcrt.dll
0x00007ffb73ea0000 - 0x00007ffb73ed1000 	C:\WINDOWS\System32\IMM32.DLL
0x00007ffb693f0000 - 0x00007ffb693fc000 	C:\Program Files\Android\Android Studio\jbr\bin\vcruntime140_1.dll
0x00007ffb51300000 - 0x00007ffb5138d000 	C:\Program Files\Android\Android Studio\jbr\bin\msvcp140.dll
0x00007ffafcbb0000 - 0x00007ffafd81d000 	C:\Program Files\Android\Android Studio\jbr\bin\server\jvm.dll
0x00007ffb72f90000 - 0x00007ffb73040000 	C:\WINDOWS\System32\ADVAPI32.dll
0x00007ffb73df0000 - 0x00007ffb73e96000 	C:\WINDOWS\System32\sechost.dll
0x00007ffb73a60000 - 0x00007ffb73b77000 	C:\WINDOWS\System32\RPCRT4.dll
0x00007ffb6ae80000 - 0x00007ffb6aeb4000 	C:\WINDOWS\SYSTEM32\WINMM.dll
0x00007ffb66ef0000 - 0x00007ffb66efa000 	C:\WINDOWS\SYSTEM32\VERSION.dll
0x00007ffb69590000 - 0x00007ffb69599000 	C:\WINDOWS\SYSTEM32\WSOCK32.dll
0x00007ffb73b80000 - 0x00007ffb73bf1000 	C:\WINDOWS\System32\WS2_32.dll
0x00007ffb71550000 - 0x00007ffb71568000 	C:\WINDOWS\SYSTEM32\kernel.appcore.dll
0x00007ffb6bb70000 - 0x00007ffb6bb7a000 	C:\Program Files\Android\Android Studio\jbr\bin\jimage.dll
0x00007ffb6c3b0000 - 0x00007ffb6c5de000 	C:\WINDOWS\SYSTEM32\DBGHELP.DLL
0x00007ffb74820000 - 0x00007ffb74baa000 	C:\WINDOWS\System32\combase.dll
0x00007ffb73d00000 - 0x00007ffb73dd7000 	C:\WINDOWS\System32\OLEAUT32.dll
0x00007ffb67230000 - 0x00007ffb67262000 	C:\WINDOWS\SYSTEM32\dbgcore.DLL
0x00007ffb72f10000 - 0x00007ffb72f8a000 	C:\WINDOWS\System32\bcryptPrimitives.dll
0x00007ffb4d460000 - 0x00007ffb4d485000 	C:\Program Files\Android\Android Studio\jbr\bin\java.dll
0x00007ffb4d440000 - 0x00007ffb4d458000 	C:\Program Files\Android\Android Studio\jbr\bin\zip.dll
0x00007ffb731f0000 - 0x00007ffb73a48000 	C:\WINDOWS\System32\SHELL32.dll
0x00007ffb704c0000 - 0x00007ffb70db2000 	C:\WINDOWS\SYSTEM32\windows.storage.dll
0x00007ffb70380000 - 0x00007ffb704be000 	C:\WINDOWS\SYSTEM32\wintypes.dll
0x00007ffb74450000 - 0x00007ffb74543000 	C:\WINDOWS\System32\SHCORE.dll
0x00007ffb74190000 - 0x00007ffb741ee000 	C:\WINDOWS\System32\shlwapi.dll
0x00007ffb724e0000 - 0x00007ffb72506000 	C:\WINDOWS\SYSTEM32\profapi.dll
0x00007ffb4d050000 - 0x00007ffb4d069000 	C:\Program Files\Android\Android Studio\jbr\bin\net.dll
0x00007ffb697c0000 - 0x00007ffb698f7000 	C:\WINDOWS\SYSTEM32\WINHTTP.dll
0x00007ffb71a20000 - 0x00007ffb71a89000 	C:\WINDOWS\system32\mswsock.dll
0x00007ffb4a5b0000 - 0x00007ffb4a5c6000 	C:\Program Files\Android\Android Studio\jbr\bin\nio.dll
0x00007ffb4d430000 - 0x00007ffb4d440000 	C:\Program Files\Android\Android Studio\jbr\bin\verify.dll
0x00007ffb5cde0000 - 0x00007ffb5ce07000 	C:\Users\admin\.gradle\native\68d5fa5c4cc2d200863cafc0d521ce42e7d3e7ee720ec0a83991735586a16f82\windows-amd64\native-platform.dll
0x00007ffb368b0000 - 0x00007ffb369f4000 	C:\Users\admin\.gradle\native\e376f236ea51e6404a007f0833ffe2c6e607c4080706a723a18a27aeea778392\windows-amd64\native-platform-file-events.dll
0x00007ffb603e0000 - 0x00007ffb603e9000 	C:\Program Files\Android\Android Studio\jbr\bin\management.dll
0x00007ffb5fb30000 - 0x00007ffb5fb3b000 	C:\Program Files\Android\Android Studio\jbr\bin\management_ext.dll
0x00007ffb74550000 - 0x00007ffb74558000 	C:\WINDOWS\System32\PSAPI.DLL
0x00007ffb71d40000 - 0x00007ffb71d5b000 	C:\WINDOWS\SYSTEM32\CRYPTSP.dll
0x00007ffb71510000 - 0x00007ffb71545000 	C:\WINDOWS\system32\rsaenh.dll
0x00007ffb71ac0000 - 0x00007ffb71aec000 	C:\WINDOWS\SYSTEM32\USERENV.dll
0x00007ffb71e80000 - 0x00007ffb71ea8000 	C:\WINDOWS\SYSTEM32\bcrypt.dll
0x00007ffb71c20000 - 0x00007ffb71c2c000 	C:\WINDOWS\SYSTEM32\CRYPTBASE.dll
0x00007ffb71060000 - 0x00007ffb7108d000 	C:\WINDOWS\SYSTEM32\IPHLPAPI.DLL
0x00007ffb73a50000 - 0x00007ffb73a59000 	C:\WINDOWS\System32\NSI.dll
0x00007ffb6a200000 - 0x00007ffb6a219000 	C:\WINDOWS\SYSTEM32\dhcpcsvc6.DLL
0x00007ffb69cf0000 - 0x00007ffb69d0f000 	C:\WINDOWS\SYSTEM32\dhcpcsvc.DLL
0x00007ffb71090000 - 0x00007ffb71189000 	C:\WINDOWS\SYSTEM32\DNSAPI.dll
0x00007ffb4ca20000 - 0x00007ffb4ca28000 	C:\WINDOWS\system32\wshunix.dll

dbghelp: loaded successfully - version: 4.0.5 - missing functions: none
symbol engine: initialized successfully - sym options: 0x614 - pdb path: .;C:\Program Files\Android\Android Studio\jbr\bin;C:\WINDOWS\SYSTEM32;C:\WINDOWS\WinSxS\amd64_microsoft.windows.common-controls_6595b64144ccf1df_6.0.22621.2361_none_2712ced57382f843;C:\Program Files\Android\Android Studio\jbr\bin\server;C:\Users\admin\.gradle\native\68d5fa5c4cc2d200863cafc0d521ce42e7d3e7ee720ec0a83991735586a16f82\windows-amd64;C:\Users\admin\.gradle\native\e376f236ea51e6404a007f0833ffe2c6e607c4080706a723a18a27aeea778392\windows-amd64

VM Arguments:
jvm_args: --add-opens=java.base/java.util=ALL-UNNAMED --add-opens=java.base/java.lang=ALL-UNNAMED --add-opens=java.base/java.lang.invoke=ALL-UNNAMED --add-opens=java.prefs/java.util.prefs=ALL-UNNAMED --add-opens=java.base/java.nio.charset=ALL-UNNAMED --add-opens=java.base/java.net=ALL-UNNAMED --add-opens=java.base/java.util.concurrent.atomic=ALL-UNNAMED -Xmx2048m -Dfile.encoding=UTF-8 -Duser.country=US -Duser.language=en -Duser.variant 
java_command: org.gradle.launcher.daemon.bootstrap.GradleDaemon 8.0
java_class_path (initial): C:\Users\admin\.gradle\wrapper\dists\gradle-8.0-bin\ca5e32bp14vu59qr306oxotwh\gradle-8.0\lib\gradle-launcher-8.0.jar
Launcher Type: SUN_STANDARD

[Global flags]
     intx CICompilerCount                          = 4                                         {product} {ergonomic}
     uint ConcGCThreads                            = 2                                         {product} {ergonomic}
     uint G1ConcRefinementThreads                  = 8                                         {product} {ergonomic}
   size_t G1HeapRegionSize                         = 1048576                                   {product} {ergonomic}
    uintx GCDrainStackTargetSize                   = 64                                        {product} {ergonomic}
   size_t InitialHeapSize                          = 132120576                                 {product} {ergonomic}
   size_t MarkStackSize                            = 4194304                                   {product} {ergonomic}
   size_t MaxHeapSize                              = 2147483648                                {product} {command line}
   size_t MaxNewSize                               = 1287651328                                {product} {ergonomic}
   size_t MinHeapDeltaBytes                        = 1048576                                   {product} {ergonomic}
   size_t MinHeapSize                              = 8388608                                   {product} {ergonomic}
    uintx NonNMethodCodeHeapSize                   = 5839372                                {pd product} {ergonomic}
    uintx NonProfiledCodeHeapSize                  = 122909434                              {pd product} {ergonomic}
    uintx ProfiledCodeHeapSize                     = 122909434                              {pd product} {ergonomic}
    uintx ReservedCodeCacheSize                    = 251658240                              {pd product} {ergonomic}
     bool SegmentedCodeCache                       = true                                      {product} {ergonomic}
   size_t SoftMaxHeapSize                          = 2147483648                             {manageable} {ergonomic}
     bool UseCompressedClassPointers               = true                           {product lp64_product} {ergonomic}
     bool UseCompressedOops                        = true                           {product lp64_product} {ergonomic}
     bool UseG1GC                                  = true                                      {product} {ergonomic}
     bool UseLargePagesIndividualAllocation        = false                                  {pd product} {ergonomic}

Logging:
Log output configuration:
 #0: stdout all=warning uptime,level,tags
 #1: stderr all=off uptime,level,tags

Environment Variables:
PATH=C:\Program Files (x86)\VMware\VMware Player\bin\;C:\Program Files (x86)\Common Files\Oracle\Java\javapath;C:\Python311\Scripts\;C:\Python311\;C:\WINDOWS\system32;C:\WINDOWS;C:\WINDOWS\System32\Wbem;C:\WINDOWS\System32\WindowsPowerShell\v1.0\;C:\Program Files\Intel\WiFi\bin\;C:\Program Files\Common Files\Intel\WirelessCommon\;C:\WINDOWS\System32\OpenSSH\;C:\Program Files\nodejs\;C:\ProgramData\chocolatey\bin;C:\Program Files\Git\cmd;C:\Program Files\Amazon\AWSCLIV2\;C:\Program Files\PuTTY\;C:\Users\admin\AppData\Local\Microsoft\WindowsApps;C:\Users\admin\AppData\Local\Programs\Microsoft VS Code\bin;C:\Users\admin\AppData\Roaming\npm;C:\adb;C:\WINDOWS\system32;C:\WINDOWS;C:\WINDOWS\System32\Wbem;C:\WINDOWS\System32\WindowsPowerShell\v1.0\;C:\WINDOWS\System32\OpenSSH\;C:\Program Files\Docker\Docker\resources\bin;C:\Program Files\dotnet\;C:\Program Files\Intel\WiFi\bin\;C:\Program Files\Common Files\Intel\WirelessCommon\;C:\Users\admin\AppData\Local\Microsoft\WindowsApps;C:\Users\admin\AppData\Local\Programs\Microsoft VS Code\bin;C:\Users\admin\AppData\Roaming\npm;C:\Users\admin\.virtualenvs\appusers-_0EEPwMV\Scripts\;C:\Program Files (x86)\Nmap;C:\Users\admin\Documents\git\conectorSAP\nwrfcsdk\lib;
USERNAME=admin
OS=Windows_NT
PROCESSOR_IDENTIFIER=Intel64 Family 6 Model 142 Stepping 10, GenuineIntel
TMP=C:\Users\admin\AppData\Local\Temp
TEMP=C:\Users\admin\AppData\Local\Temp



---------------  S Y S T E M  ---------------

OS:
 Windows 11 , 64 bit Build 22621 (10.0.22621.2428)
OS uptime: 19 days 13:08 hours
Hyper-V role detected

CPU: total 8 (initial active 8) (4 cores per cpu, 2 threads per core) family 6 model 142 stepping 10 microcode 0xec, cx8, cmov, fxsr, ht, mmx, 3dnowpref, sse, sse2, sse3, ssse3, sse4.1, sse4.2, popcnt, lzcnt, tsc, tscinvbit, avx, avx2, aes, erms, clmul, bmi1, bmi2, adx, fma, vzeroupper, clflush, clflushopt, hv

Memory: 4k page, system-wide physical 8050M (104M free)
TotalPageFile size 32626M (AvailPageFile size 60M)
current process WorkingSet (physical memory assigned to process): 94M, peak: 131M
current process commit charge ("private bytes"): 187M, peak: 248M

vm_info: OpenJDK 64-Bit Server VM (17.0.6+0-b2043.56-9586694) for windows-amd64 JRE (17.0.6+0-b2043.56-9586694), built on Feb  9 2023 20:06:20 by "androidbuild" with MS VC++ 16.10 / 16.11 (VS2019)

END.
