#
# There is insufficient memory for the Java Runtime Environment to continue.
# Native memory allocation (malloc) failed to allocate 1521136 bytes for Chunk::new
# Possible reasons:
#   The system is out of physical RAM or swap space
#   The process is running with CompressedOops enabled, and the Java Heap may be blocking the growth of the native heap
# Possible solutions:
#   Reduce memory load on the system
#   Increase physical memory or swap space
#   Check if swap backing store is full
#   Decrease Java heap size (-Xmx/-Xms)
#   Decrease number of Java threads
#   Decrease Java thread stack sizes (-Xss)
#   Set larger code cache with -XX:ReservedCodeCacheSize=
#   JVM is running with Unscaled Compressed Oops mode in which the Java heap is
#     placed in the first 4GB address space. The Java Heap base address is the
#     maximum limit for the native heap growth. Please use -XX:HeapBaseMinAddress
#     to set the Java Heap base and to place the Java Heap above 4GB virtual address.
# This output file may be truncated or incomplete.
#
#  Out of Memory Error (arena.cpp:189), pid=17628, tid=2912
#
# JRE version: OpenJDK Runtime Environment (17.0.6) (build 17.0.6+0-b2043.56-9586694)
# Java VM: OpenJDK 64-Bit Server VM (17.0.6+0-b2043.56-9586694, mixed mode, tiered, compressed oops, compressed class ptrs, g1 gc, windows-amd64)
# No core dump will be written. Minidumps are not enabled by default on client versions of Windows
#

---------------  S U M M A R Y ------------

Command Line: --add-opens=java.base/java.util=ALL-UNNAMED --add-opens=java.base/java.lang=ALL-UNNAMED --add-opens=java.base/java.lang.invoke=ALL-UNNAMED --add-opens=java.prefs/java.util.prefs=ALL-UNNAMED --add-opens=java.base/java.nio.charset=ALL-UNNAMED --add-opens=java.base/java.net=ALL-UNNAMED --add-opens=java.base/java.util.concurrent.atomic=ALL-UNNAMED -Xmx2048m -Dfile.encoding=UTF-8 -Duser.country=US -Duser.language=en -Duser.variant org.gradle.launcher.daemon.bootstrap.GradleDaemon 8.0

Host: Intel(R) Core(TM) i5-8250U CPU @ 1.60GHz, 8 cores, 7G,  Windows 11 , 64 bit Build 22621 (10.0.22621.2428)
Time: Mon Oct 30 14:36:54 2023 Venezuela Standard Time elapsed time: 25.634930 seconds (0d 0h 0m 25s)

---------------  T H R E A D  ---------------

Current thread (0x000001f3bc056a50):  JavaThread "C2 CompilerThread2" daemon [_thread_in_native, id=2912, stack(0x0000007b1ec00000,0x0000007b1ed00000)]


Current CompileTask:
C2:  25635 7172       4       com.google.common.collect.ImmutableSet$RegularSetBuilderImpl::add (68 bytes)

Stack: [0x0000007b1ec00000,0x0000007b1ed00000]
Native frames: (J=compiled Java code, j=interpreted, Vv=VM code, C=native code)
V  [jvm.dll+0x683b4a]
V  [jvm.dll+0x842654]
V  [jvm.dll+0x843dfe]
V  [jvm.dll+0x844463]
V  [jvm.dll+0x249b75]
V  [jvm.dll+0xabcac]
V  [jvm.dll+0xac27c]
V  [jvm.dll+0x368802]
V  [jvm.dll+0x332f31]
V  [jvm.dll+0x3323da]
V  [jvm.dll+0x21c201]
V  [jvm.dll+0x21b621]
V  [jvm.dll+0x1a4fdd]
V  [jvm.dll+0x22b098]
V  [jvm.dll+0x229159]
V  [jvm.dll+0x7f809c]
V  [jvm.dll+0x7f25fa]
V  [jvm.dll+0x682985]
C  [ucrtbase.dll+0x29363]
C  [KERNEL32.DLL+0x1257d]
C  [ntdll.dll+0x5aa78]


---------------  P R O C E S S  ---------------

Threads class SMR info:
_java_thread_list=0x000001f3bc1989d0, length=127, elements={
0x000001f39a039960, 0x000001f3b4813260, 0x000001f3b4813fe0, 0x000001f3b4831ec0,
0x000001f3b4832880, 0x000001f3b4835650, 0x000001f3b4835f10, 0x000001f3b4836bb0,
0x000001f3b483bba0, 0x000001f3b4851060, 0x000001f3b49d8010, 0x000001f3b49d84e0,
0x000001f3b6085cd0, 0x000001f3b4fcd4c0, 0x000001f3b4fcf670, 0x000001f3b4fcd990,
0x000001f3b4fcde60, 0x000001f3b4fce330, 0x000001f3b4fccb20, 0x000001f3b4fd0010,
0x000001f3b4fd04e0, 0x000001f3b4fccff0, 0x000001f3b4fcf1a0, 0x000001f3b4fce800,
0x000001f3b4fcecd0, 0x000001f3b71c5140, 0x000001f3b71c3e00, 0x000001f3b71c77c0,
0x000001f3b71c6480, 0x000001f3b71c42d0, 0x000001f3b71c47a0, 0x000001f3b71ca7e0,
0x000001f3b71c72f0, 0x000001f3b71ca310, 0x000001f3b71c8160, 0x000001f3b71c8630,
0x000001f3b71c3460, 0x000001f3b71c8fd0, 0x000001f3b71c5ae0, 0x000001f3b71c8b00,
0x000001f3b71c6950, 0x000001f3b71c94a0, 0x000001f3b71c9970, 0x000001f3b71c9e40,
0x000001f3b71c3930, 0x000001f3b6f9ee90, 0x000001f3b6f9a660, 0x000001f3b6f99320,
0x000001f3b6f97b10, 0x000001f3b6f9d680, 0x000001f3b6f9ab30, 0x000001f3b6f9b000,
0x000001f3b6f9c340, 0x000001f3b6f9b4d0, 0x000001f3b6f99cc0, 0x000001f3b6f9b9a0,
0x000001f3b6f9d1b0, 0x000001f3b6f9be70, 0x000001f3b6f9c810, 0x000001f3b6f9cce0,
0x000001f3b6f9db50, 0x000001f3b6f98980, 0x000001f3b6f9e020, 0x000001f3b6f9e4f0,
0x000001f3b6f9e9c0, 0x000001f3b6f98e50, 0x000001f3b6f9f360, 0x000001f3b6f97fe0,
0x000001f3b6f984b0, 0x000001f3b6f997f0, 0x000001f3b6f9a190, 0x000001f3b78dfd00,
0x000001f3b78df360, 0x000001f3b78e01d0, 0x000001f3b78e06a0, 0x000001f3b78e0b70,
0x000001f3b78e1040, 0x000001f3b78e1510, 0x000001f3b78de020, 0x000001f3b78db000,
0x000001f3b78db4d0, 0x000001f3b78e19e0, 0x000001f3b78e1eb0, 0x000001f3b78de4f0,
0x000001f3b78de9c0, 0x000001f3b78dee90, 0x000001f3b78e2380, 0x000001f3b78df830,
0x000001f3b78dc810, 0x000001f3b78db9a0, 0x000001f3b78e2850, 0x000001f3b78dc340,
0x000001f3b78dbe70, 0x000001f3b78dcce0, 0x000001f3b78dd1b0, 0x000001f3b78dd680,
0x000001f3b78ddb50, 0x000001f3b6eff7e0, 0x000001f3b6efee40, 0x000001f3b6efb480,
0x000001f3b6f01990, 0x000001f3b6f01e60, 0x000001f3b6efe4a0, 0x000001f3b6f00650,
0x000001f3b6efbe20, 0x000001f3b6f014c0, 0x000001f3b6efe970, 0x000001f3b6f00180,
0x000001f3b6efb950, 0x000001f3b6eff310, 0x000001f3b6efdb00, 0x000001f3b6efa610,
0x000001f3b6efaae0, 0x000001f3b6effcb0, 0x000001f3b6f00ff0, 0x000001f3b6f00b20,
0x000001f3b6efafb0, 0x000001f3b6efc2f0, 0x000001f3b6efc7c0, 0x000001f3b6efcc90,
0x000001f3b6efd160, 0x000001f3b6efd630, 0x000001f3b6efdfd0, 0x000001f3b82ad6f0,
0x000001f3b82b0710, 0x000001f3b5018e50, 0x000001f3bc056a50
}

Java Threads: ( => current thread )
  0x000001f39a039960 JavaThread "main" [_thread_blocked, id=29080, stack(0x0000007b15f00000,0x0000007b16000000)]
  0x000001f3b4813260 JavaThread "Reference Handler" daemon [_thread_blocked, id=18372, stack(0x0000007b16600000,0x0000007b16700000)]
  0x000001f3b4813fe0 JavaThread "Finalizer" daemon [_thread_blocked, id=14688, stack(0x0000007b16700000,0x0000007b16800000)]
  0x000001f3b4831ec0 JavaThread "Signal Dispatcher" daemon [_thread_blocked, id=21528, stack(0x0000007b16800000,0x0000007b16900000)]
  0x000001f3b4832880 JavaThread "Attach Listener" daemon [_thread_blocked, id=46512, stack(0x0000007b16900000,0x0000007b16a00000)]
  0x000001f3b4835650 JavaThread "Service Thread" daemon [_thread_blocked, id=22952, stack(0x0000007b16a00000,0x0000007b16b00000)]
  0x000001f3b4835f10 JavaThread "Monitor Deflation Thread" daemon [_thread_blocked, id=18244, stack(0x0000007b16b00000,0x0000007b16c00000)]
  0x000001f3b4836bb0 JavaThread "C2 CompilerThread0" daemon [_thread_in_native, id=8436, stack(0x0000007b16c00000,0x0000007b16d00000)]
  0x000001f3b483bba0 JavaThread "C1 CompilerThread0" daemon [_thread_in_native, id=26068, stack(0x0000007b16d00000,0x0000007b16e00000)]
  0x000001f3b4851060 JavaThread "Sweeper thread" daemon [_thread_blocked, id=28372, stack(0x0000007b16e00000,0x0000007b16f00000)]
  0x000001f3b49d8010 JavaThread "Common-Cleaner" daemon [_thread_blocked, id=51308, stack(0x0000007b16f00000,0x0000007b17000000)]
  0x000001f3b49d84e0 JavaThread "Notification Thread" daemon [_thread_blocked, id=44348, stack(0x0000007b17000000,0x0000007b17100000)]
  0x000001f3b6085cd0 JavaThread "Daemon health stats" [_thread_blocked, id=27520, stack(0x0000007b17700000,0x0000007b17800000)]
  0x000001f3b4fcd4c0 JavaThread "Incoming local TCP Connector on port 64245" [_thread_in_native, id=4788, stack(0x0000007b17200000,0x0000007b17300000)]
  0x000001f3b4fcf670 JavaThread "Daemon periodic checks" [_thread_blocked, id=7504, stack(0x0000007b17800000,0x0000007b17900000)]
  0x000001f3b4fcd990 JavaThread "Daemon" [_thread_blocked, id=53044, stack(0x0000007b17900000,0x0000007b17a00000)]
  0x000001f3b4fcde60 JavaThread "Handler for socket connection from /127.0.0.1:64245 to /127.0.0.1:64246" [_thread_in_native, id=19824, stack(0x0000007b17a00000,0x0000007b17b00000)]
  0x000001f3b4fce330 JavaThread "Cancel handler" [_thread_blocked, id=49820, stack(0x0000007b17b00000,0x0000007b17c00000)]
  0x000001f3b4fccb20 JavaThread "Daemon worker" [_thread_in_vm, id=46356, stack(0x0000007b17c00000,0x0000007b17d00000)]
  0x000001f3b4fd0010 JavaThread "Asynchronous log dispatcher for DefaultDaemonConnection: socket connection from /127.0.0.1:64245 to /127.0.0.1:64246" [_thread_blocked, id=14804, stack(0x0000007b17d00000,0x0000007b17e00000)]
  0x000001f3b4fd04e0 JavaThread "Stdin handler" [_thread_blocked, id=15272, stack(0x0000007b17e00000,0x0000007b17f00000)]
  0x000001f3b4fccff0 JavaThread "Daemon client event forwarder" [_thread_blocked, id=16212, stack(0x0000007b17f00000,0x0000007b18000000)]
  0x000001f3b4fcf1a0 JavaThread "Cache worker for journal cache (C:\Users\admin\.gradle\caches\journal-1)" [_thread_blocked, id=31012, stack(0x0000007b18400000,0x0000007b18500000)]
  0x000001f3b4fce800 JavaThread "File lock request listener" [_thread_in_native, id=48092, stack(0x0000007b18500000,0x0000007b18600000)]
  0x000001f3b4fcecd0 JavaThread "Cache worker for file hash cache (C:\Users\admin\.gradle\caches\8.0\fileHashes)" [_thread_blocked, id=53040, stack(0x0000007b18600000,0x0000007b18700000)]
  0x000001f3b71c5140 JavaThread "File watcher server" daemon [_thread_in_native, id=24884, stack(0x0000007b18700000,0x0000007b18800000)]
  0x000001f3b71c3e00 JavaThread "File watcher consumer" daemon [_thread_blocked, id=50908, stack(0x0000007b18800000,0x0000007b18900000)]
  0x000001f3b71c77c0 JavaThread "Cache worker for checksums cache (C:\Users\admin\AndroidStudioProjects\AppREMAN\.gradle\8.0\checksums)" [_thread_blocked, id=13456, stack(0x0000007b18900000,0x0000007b18a00000)]
  0x000001f3b71c6480 JavaThread "Cache worker for cache directory md-rule (C:\Users\admin\.gradle\caches\8.0\md-rule)" [_thread_blocked, id=22352, stack(0x0000007b18a00000,0x0000007b18b00000)]
  0x000001f3b71c42d0 JavaThread "Cache worker for file content cache (C:\Users\admin\.gradle\caches\8.0\fileContent)" [_thread_blocked, id=1836, stack(0x0000007b18b00000,0x0000007b18c00000)]
  0x000001f3b71c47a0 JavaThread "Cache worker for file hash cache (C:\Users\admin\AndroidStudioProjects\AppREMAN\.gradle\8.0\fileHashes)" [_thread_blocked, id=40544, stack(0x0000007b18c00000,0x0000007b18d00000)]
  0x000001f3b71ca7e0 JavaThread "Cache worker for cache directory md-supplier (C:\Users\admin\.gradle\caches\8.0\md-supplier)" [_thread_blocked, id=48604, stack(0x0000007b18d00000,0x0000007b18e00000)]
  0x000001f3b71c72f0 JavaThread "Cache worker for execution history cache (C:\Users\admin\.gradle\caches\8.0\executionHistory)" [_thread_blocked, id=40416, stack(0x0000007b18e00000,0x0000007b18f00000)]
  0x000001f3b71ca310 JavaThread "jar transforms" [_thread_blocked, id=17044, stack(0x0000007b18f00000,0x0000007b19000000)]
  0x000001f3b71c8160 JavaThread "jar transforms Thread 2" [_thread_blocked, id=39928, stack(0x0000007b19000000,0x0000007b19100000)]
  0x000001f3b71c8630 JavaThread "jar transforms Thread 3" [_thread_blocked, id=52888, stack(0x0000007b19200000,0x0000007b19300000)]
  0x000001f3b71c3460 JavaThread "jar transforms Thread 4" [_thread_blocked, id=28968, stack(0x0000007b19300000,0x0000007b19400000)]
  0x000001f3b71c8fd0 JavaThread "Cache worker for dependencies-accessors (C:\Users\admin\AndroidStudioProjects\AppREMAN\.gradle\8.0\dependencies-accessors)" [_thread_blocked, id=18748, stack(0x0000007b19400000,0x0000007b19500000)]
  0x000001f3b71c5ae0 JavaThread "jar transforms Thread 5" [_thread_blocked, id=45808, stack(0x0000007b19500000,0x0000007b19600000)]
  0x000001f3b71c8b00 JavaThread "Cache worker for Build Output Cleanup Cache (C:\Users\admin\AndroidStudioProjects\AppREMAN\.gradle\buildOutputCleanup)" [_thread_blocked, id=37536, stack(0x0000007b19100000,0x0000007b19200000)]
  0x000001f3b71c6950 JavaThread "Unconstrained build operations" [_thread_blocked, id=23536, stack(0x0000007b19600000,0x0000007b19700000)]
  0x000001f3b71c94a0 JavaThread "Unconstrained build operations Thread 2" [_thread_blocked, id=4424, stack(0x0000007b19700000,0x0000007b19800000)]
  0x000001f3b71c9970 JavaThread "Unconstrained build operations Thread 3" [_thread_blocked, id=38668, stack(0x0000007b19800000,0x0000007b19900000)]
  0x000001f3b71c9e40 JavaThread "Unconstrained build operations Thread 4" [_thread_blocked, id=28724, stack(0x0000007b19900000,0x0000007b19a00000)]
  0x000001f3b71c3930 JavaThread "Unconstrained build operations Thread 5" [_thread_blocked, id=23180, stack(0x0000007b19a00000,0x0000007b19b00000)]
  0x000001f3b6f9ee90 JavaThread "Unconstrained build operations Thread 6" [_thread_blocked, id=39292, stack(0x0000007b19b00000,0x0000007b19c00000)]
  0x000001f3b6f9a660 JavaThread "Unconstrained build operations Thread 7" [_thread_blocked, id=30536, stack(0x0000007b19c00000,0x0000007b19d00000)]
  0x000001f3b6f99320 JavaThread "Unconstrained build operations Thread 8" [_thread_blocked, id=24188, stack(0x0000007b19d00000,0x0000007b19e00000)]
  0x000001f3b6f97b10 JavaThread "Unconstrained build operations Thread 9" [_thread_blocked, id=29272, stack(0x0000007b19e00000,0x0000007b19f00000)]
  0x000001f3b6f9d680 JavaThread "Unconstrained build operations Thread 10" [_thread_blocked, id=40460, stack(0x0000007b19f00000,0x0000007b1a000000)]
  0x000001f3b6f9ab30 JavaThread "Unconstrained build operations Thread 11" [_thread_blocked, id=50352, stack(0x0000007b1a000000,0x0000007b1a100000)]
  0x000001f3b6f9b000 JavaThread "Unconstrained build operations Thread 12" [_thread_blocked, id=19340, stack(0x0000007b1a100000,0x0000007b1a200000)]
  0x000001f3b6f9c340 JavaThread "Unconstrained build operations Thread 13" [_thread_blocked, id=19608, stack(0x0000007b1a200000,0x0000007b1a300000)]
  0x000001f3b6f9b4d0 JavaThread "Unconstrained build operations Thread 14" [_thread_blocked, id=25948, stack(0x0000007b1a300000,0x0000007b1a400000)]
  0x000001f3b6f99cc0 JavaThread "Unconstrained build operations Thread 15" [_thread_blocked, id=31828, stack(0x0000007b1a400000,0x0000007b1a500000)]
  0x000001f3b6f9b9a0 JavaThread "Unconstrained build operations Thread 16" [_thread_blocked, id=50888, stack(0x0000007b1a500000,0x0000007b1a600000)]
  0x000001f3b6f9d1b0 JavaThread "Unconstrained build operations Thread 17" [_thread_blocked, id=13996, stack(0x0000007b1a600000,0x0000007b1a700000)]
  0x000001f3b6f9be70 JavaThread "Unconstrained build operations Thread 18" [_thread_blocked, id=6300, stack(0x0000007b1a700000,0x0000007b1a800000)]
  0x000001f3b6f9c810 JavaThread "Unconstrained build operations Thread 19" [_thread_blocked, id=13108, stack(0x0000007b1a800000,0x0000007b1a900000)]
  0x000001f3b6f9cce0 JavaThread "Unconstrained build operations Thread 20" [_thread_blocked, id=16668, stack(0x0000007b1a900000,0x0000007b1aa00000)]
  0x000001f3b6f9db50 JavaThread "Unconstrained build operations Thread 21" [_thread_blocked, id=16972, stack(0x0000007b1aa00000,0x0000007b1ab00000)]
  0x000001f3b6f98980 JavaThread "Unconstrained build operations Thread 22" [_thread_blocked, id=43408, stack(0x0000007b1ab00000,0x0000007b1ac00000)]
  0x000001f3b6f9e020 JavaThread "Unconstrained build operations Thread 23" [_thread_blocked, id=37424, stack(0x0000007b1ac00000,0x0000007b1ad00000)]
  0x000001f3b6f9e4f0 JavaThread "Unconstrained build operations Thread 24" [_thread_blocked, id=33660, stack(0x0000007b1ad00000,0x0000007b1ae00000)]
  0x000001f3b6f9e9c0 JavaThread "Unconstrained build operations Thread 25" [_thread_blocked, id=1644, stack(0x0000007b1ae00000,0x0000007b1af00000)]
  0x000001f3b6f98e50 JavaThread "Unconstrained build operations Thread 26" [_thread_blocked, id=26104, stack(0x0000007b1af00000,0x0000007b1b000000)]
  0x000001f3b6f9f360 JavaThread "Unconstrained build operations Thread 27" [_thread_blocked, id=11884, stack(0x0000007b1b000000,0x0000007b1b100000)]
  0x000001f3b6f97fe0 JavaThread "Unconstrained build operations Thread 28" [_thread_blocked, id=32048, stack(0x0000007b1b100000,0x0000007b1b200000)]
  0x000001f3b6f984b0 JavaThread "Unconstrained build operations Thread 29" [_thread_blocked, id=23724, stack(0x0000007b1b200000,0x0000007b1b300000)]
  0x000001f3b6f997f0 JavaThread "Unconstrained build operations Thread 30" [_thread_blocked, id=46176, stack(0x0000007b1b300000,0x0000007b1b400000)]
  0x000001f3b6f9a190 JavaThread "Unconstrained build operations Thread 31" [_thread_blocked, id=50244, stack(0x0000007b1b400000,0x0000007b1b500000)]
  0x000001f3b78dfd00 JavaThread "Unconstrained build operations Thread 32" [_thread_blocked, id=24400, stack(0x0000007b1b500000,0x0000007b1b600000)]
  0x000001f3b78df360 JavaThread "Unconstrained build operations Thread 33" [_thread_blocked, id=29084, stack(0x0000007b1b600000,0x0000007b1b700000)]
  0x000001f3b78e01d0 JavaThread "Unconstrained build operations Thread 34" [_thread_blocked, id=10468, stack(0x0000007b1b700000,0x0000007b1b800000)]
  0x000001f3b78e06a0 JavaThread "Unconstrained build operations Thread 35" [_thread_blocked, id=17000, stack(0x0000007b1b800000,0x0000007b1b900000)]
  0x000001f3b78e0b70 JavaThread "Unconstrained build operations Thread 36" [_thread_blocked, id=18392, stack(0x0000007b1b900000,0x0000007b1ba00000)]
  0x000001f3b78e1040 JavaThread "Unconstrained build operations Thread 37" [_thread_blocked, id=53772, stack(0x0000007b1ba00000,0x0000007b1bb00000)]
  0x000001f3b78e1510 JavaThread "Unconstrained build operations Thread 38" [_thread_blocked, id=17064, stack(0x0000007b1bb00000,0x0000007b1bc00000)]
  0x000001f3b78de020 JavaThread "Unconstrained build operations Thread 39" [_thread_blocked, id=12412, stack(0x0000007b1bc00000,0x0000007b1bd00000)]
  0x000001f3b78db000 JavaThread "Unconstrained build operations Thread 40" [_thread_blocked, id=51844, stack(0x0000007b1bd00000,0x0000007b1be00000)]
  0x000001f3b78db4d0 JavaThread "Unconstrained build operations Thread 41" [_thread_blocked, id=2192, stack(0x0000007b1be00000,0x0000007b1bf00000)]
  0x000001f3b78e19e0 JavaThread "Unconstrained build operations Thread 42" [_thread_blocked, id=16904, stack(0x0000007b1bf00000,0x0000007b1c000000)]
  0x000001f3b78e1eb0 JavaThread "Unconstrained build operations Thread 43" [_thread_blocked, id=40220, stack(0x0000007b1c000000,0x0000007b1c100000)]
  0x000001f3b78de4f0 JavaThread "Unconstrained build operations Thread 44" [_thread_blocked, id=53260, stack(0x0000007b1c100000,0x0000007b1c200000)]
  0x000001f3b78de9c0 JavaThread "Unconstrained build operations Thread 45" [_thread_blocked, id=49712, stack(0x0000007b1c200000,0x0000007b1c300000)]
  0x000001f3b78dee90 JavaThread "Unconstrained build operations Thread 46" [_thread_blocked, id=21900, stack(0x0000007b1c300000,0x0000007b1c400000)]
  0x000001f3b78e2380 JavaThread "Unconstrained build operations Thread 47" [_thread_blocked, id=14880, stack(0x0000007b1c400000,0x0000007b1c500000)]
  0x000001f3b78df830 JavaThread "Unconstrained build operations Thread 48" [_thread_blocked, id=35516, stack(0x0000007b1c500000,0x0000007b1c600000)]
  0x000001f3b78dc810 JavaThread "Unconstrained build operations Thread 49" [_thread_blocked, id=1424, stack(0x0000007b1c600000,0x0000007b1c700000)]
  0x000001f3b78db9a0 JavaThread "Unconstrained build operations Thread 50" [_thread_blocked, id=15796, stack(0x0000007b1c700000,0x0000007b1c800000)]
  0x000001f3b78e2850 JavaThread "Unconstrained build operations Thread 51" [_thread_blocked, id=44640, stack(0x0000007b1c800000,0x0000007b1c900000)]
  0x000001f3b78dc340 JavaThread "Unconstrained build operations Thread 52" [_thread_blocked, id=52428, stack(0x0000007b1c900000,0x0000007b1ca00000)]
  0x000001f3b78dbe70 JavaThread "Unconstrained build operations Thread 53" [_thread_blocked, id=48416, stack(0x0000007b1ca00000,0x0000007b1cb00000)]
  0x000001f3b78dcce0 JavaThread "Unconstrained build operations Thread 54" [_thread_blocked, id=12476, stack(0x0000007b1cb00000,0x0000007b1cc00000)]
  0x000001f3b78dd1b0 JavaThread "Unconstrained build operations Thread 55" [_thread_blocked, id=45256, stack(0x0000007b1cc00000,0x0000007b1cd00000)]
  0x000001f3b78dd680 JavaThread "Unconstrained build operations Thread 56" [_thread_blocked, id=17892, stack(0x0000007b1cd00000,0x0000007b1ce00000)]
  0x000001f3b78ddb50 JavaThread "Unconstrained build operations Thread 57" [_thread_blocked, id=26800, stack(0x0000007b1ce00000,0x0000007b1cf00000)]
  0x000001f3b6eff7e0 JavaThread "Unconstrained build operations Thread 58" [_thread_blocked, id=31356, stack(0x0000007b1cf00000,0x0000007b1d000000)]
  0x000001f3b6efee40 JavaThread "Unconstrained build operations Thread 59" [_thread_blocked, id=17036, stack(0x0000007b1d000000,0x0000007b1d100000)]
  0x000001f3b6efb480 JavaThread "Unconstrained build operations Thread 60" [_thread_blocked, id=25360, stack(0x0000007b1d100000,0x0000007b1d200000)]
  0x000001f3b6f01990 JavaThread "Unconstrained build operations Thread 61" [_thread_blocked, id=41996, stack(0x0000007b1d200000,0x0000007b1d300000)]
  0x000001f3b6f01e60 JavaThread "Unconstrained build operations Thread 62" [_thread_blocked, id=8912, stack(0x0000007b1d300000,0x0000007b1d400000)]
  0x000001f3b6efe4a0 JavaThread "Unconstrained build operations Thread 63" [_thread_blocked, id=45892, stack(0x0000007b1d400000,0x0000007b1d500000)]
  0x000001f3b6f00650 JavaThread "Unconstrained build operations Thread 64" [_thread_blocked, id=45800, stack(0x0000007b1d500000,0x0000007b1d600000)]
  0x000001f3b6efbe20 JavaThread "Unconstrained build operations Thread 65" [_thread_blocked, id=49036, stack(0x0000007b1d600000,0x0000007b1d700000)]
  0x000001f3b6f014c0 JavaThread "Unconstrained build operations Thread 66" [_thread_blocked, id=35432, stack(0x0000007b1d700000,0x0000007b1d800000)]
  0x000001f3b6efe970 JavaThread "Unconstrained build operations Thread 67" [_thread_blocked, id=13936, stack(0x0000007b1d800000,0x0000007b1d900000)]
  0x000001f3b6f00180 JavaThread "Unconstrained build operations Thread 68" [_thread_blocked, id=13024, stack(0x0000007b1d900000,0x0000007b1da00000)]
  0x000001f3b6efb950 JavaThread "Unconstrained build operations Thread 69" [_thread_blocked, id=51364, stack(0x0000007b1da00000,0x0000007b1db00000)]
  0x000001f3b6eff310 JavaThread "Unconstrained build operations Thread 70" [_thread_blocked, id=9668, stack(0x0000007b1db00000,0x0000007b1dc00000)]
  0x000001f3b6efdb00 JavaThread "Unconstrained build operations Thread 71" [_thread_blocked, id=11592, stack(0x0000007b1dc00000,0x0000007b1dd00000)]
  0x000001f3b6efa610 JavaThread "Unconstrained build operations Thread 72" [_thread_blocked, id=30636, stack(0x0000007b1dd00000,0x0000007b1de00000)]
  0x000001f3b6efaae0 JavaThread "Unconstrained build operations Thread 73" [_thread_blocked, id=50952, stack(0x0000007b1de00000,0x0000007b1df00000)]
  0x000001f3b6effcb0 JavaThread "Unconstrained build operations Thread 74" [_thread_blocked, id=21944, stack(0x0000007b1df00000,0x0000007b1e000000)]
  0x000001f3b6f00ff0 JavaThread "Unconstrained build operations Thread 75" [_thread_blocked, id=42400, stack(0x0000007b1e000000,0x0000007b1e100000)]
  0x000001f3b6f00b20 JavaThread "Unconstrained build operations Thread 76" [_thread_blocked, id=36888, stack(0x0000007b1e100000,0x0000007b1e200000)]
  0x000001f3b6efafb0 JavaThread "Unconstrained build operations Thread 77" [_thread_blocked, id=15540, stack(0x0000007b1e200000,0x0000007b1e300000)]
  0x000001f3b6efc2f0 JavaThread "Unconstrained build operations Thread 78" [_thread_blocked, id=40636, stack(0x0000007b1e300000,0x0000007b1e400000)]
  0x000001f3b6efc7c0 JavaThread "Unconstrained build operations Thread 79" [_thread_blocked, id=16648, stack(0x0000007b1e400000,0x0000007b1e500000)]
  0x000001f3b6efcc90 JavaThread "Unconstrained build operations Thread 80" [_thread_blocked, id=6012, stack(0x0000007b1e500000,0x0000007b1e600000)]
  0x000001f3b6efd160 JavaThread "jar transforms Thread 6" [_thread_blocked, id=51032, stack(0x0000007b1e600000,0x0000007b1e700000)]
  0x000001f3b6efd630 JavaThread "jar transforms Thread 7" [_thread_blocked, id=15604, stack(0x0000007b1e700000,0x0000007b1e800000)]
  0x000001f3b6efdfd0 JavaThread "jar transforms Thread 8" [_thread_blocked, id=27580, stack(0x0000007b1e800000,0x0000007b1e900000)]
  0x000001f3b82ad6f0 JavaThread "build event listener" [_thread_blocked, id=5720, stack(0x0000007b1e900000,0x0000007b1ea00000)]
  0x000001f3b82b0710 JavaThread "Memory manager" [_thread_blocked, id=17660, stack(0x0000007b1ea00000,0x0000007b1eb00000)]
  0x000001f3b5018e50 JavaThread "C2 CompilerThread1" daemon [_thread_in_native, id=23444, stack(0x0000007b1eb00000,0x0000007b1ec00000)]
=>0x000001f3bc056a50 JavaThread "C2 CompilerThread2" daemon [_thread_in_native, id=2912, stack(0x0000007b1ec00000,0x0000007b1ed00000)]

Other Threads:
  0x000001f3b3eaca10 VMThread "VM Thread" [stack: 0x0000007b16500000,0x0000007b16600000] [id=26536]
  0x000001f39a0b8050 WatcherThread [stack: 0x0000007b17100000,0x0000007b17200000] [id=37816]
  0x000001f39a0955b0 GCTaskThread "GC Thread#0" [stack: 0x0000007b16000000,0x0000007b16100000] [id=19556]
  0x000001f3b53c38d0 GCTaskThread "GC Thread#1" [stack: 0x0000007b17300000,0x0000007b17400000] [id=43168]
  0x000001f3b5652920 GCTaskThread "GC Thread#2" [stack: 0x0000007b17400000,0x0000007b17500000] [id=43296]
  0x000001f3b53cbb90 GCTaskThread "GC Thread#3" [stack: 0x0000007b17500000,0x0000007b17600000] [id=35624]
  0x000001f3b5c67540 GCTaskThread "GC Thread#4" [stack: 0x0000007b17600000,0x0000007b17700000] [id=16452]
  0x000001f3b6f92640 GCTaskThread "GC Thread#5" [stack: 0x0000007b18000000,0x0000007b18100000] [id=45196]
  0x000001f3b6f92e50 GCTaskThread "GC Thread#6" [stack: 0x0000007b18100000,0x0000007b18200000] [id=13244]
  0x000001f3b6f928f0 GCTaskThread "GC Thread#7" [stack: 0x0000007b18200000,0x0000007b18300000] [id=25104]
  0x000001f39a0a64f0 ConcurrentGCThread "G1 Main Marker" [stack: 0x0000007b16100000,0x0000007b16200000] [id=45436]
  0x000001f39a0a76a0 ConcurrentGCThread "G1 Conc#0" [stack: 0x0000007b16200000,0x0000007b16300000] [id=45716]
  0x000001f3b6f933b0 ConcurrentGCThread "G1 Conc#1" [stack: 0x0000007b18300000,0x0000007b18400000] [id=18600]
  0x000001f3b3d024c0 ConcurrentGCThread "G1 Refine#0" [stack: 0x0000007b16300000,0x0000007b16400000] [id=53076]
  0x000001f3b3d02b90 ConcurrentGCThread "G1 Service" [stack: 0x0000007b16400000,0x0000007b16500000] [id=46044]

Threads with active compile tasks:
C2 CompilerThread0    25714 7119   !   4       java.net.URLClassLoader::findClass (47 bytes)
C2 CompilerThread1    25714 7120       4       java.net.URLClassLoader$1::run (5 bytes)
C2 CompilerThread2    25714 7172       4       com.google.common.collect.ImmutableSet$RegularSetBuilderImpl::add (68 bytes)

VM state: not at safepoint (normal execution)

VM Mutex/Monitor currently owned by a thread: None

Heap address: 0x0000000080000000, size: 2048 MB, Compressed Oops mode: 32-bit

CDS archive(s) not mapped
Compressed class space mapped at: 0x0000000100000000-0x0000000140000000, reserved size: 1073741824
Narrow klass base: 0x0000000000000000, Narrow klass shift: 3, Narrow klass range: 0x140000000

GC Precious Log:
 CPUs: 8 total, 8 available
 Memory: 8050M
 Large Page Support: Disabled
 NUMA Support: Disabled
 Compressed Oops: Enabled (32-bit)
 Heap Region Size: 1M
 Heap Min Capacity: 8M
 Heap Initial Capacity: 126M
 Heap Max Capacity: 2G
 Pre-touch: Disabled
 Parallel Workers: 8
 Concurrent Workers: 2
 Concurrent Refinement Workers: 8
 Periodic GC: Disabled

Heap:
 garbage-first heap   total 106496K, used 59319K [0x0000000080000000, 0x0000000100000000)
  region size 1024K, 3 young (3072K), 2 survivors (2048K)
 Metaspace       used 72532K, committed 73088K, reserved 1114112K
  class space    used 9818K, committed 10112K, reserved 1048576K

Heap Regions: E=young(eden), S=young(survivor), O=old, HS=humongous(starts), HC=humongous(continues), CS=collection set, F=free, OA=open archive, CA=closed archive, TAMS=top-at-mark-start (previous, next)
|   0|0x0000000080000000, 0x0000000080100000, 0x0000000080100000|100%|HS|  |TAMS 0x0000000080100000, 0x0000000080000000| Complete 
|   1|0x0000000080100000, 0x0000000080200000, 0x0000000080200000|100%|HC|  |TAMS 0x0000000080200000, 0x0000000080100000| Complete 
|   2|0x0000000080200000, 0x0000000080300000, 0x0000000080300000|100%|HC|  |TAMS 0x0000000080300000, 0x0000000080200000| Complete 
|   3|0x0000000080300000, 0x0000000080400000, 0x0000000080400000|100%|HC|  |TAMS 0x0000000080400000, 0x0000000080300000| Complete 
|   4|0x0000000080400000, 0x0000000080500000, 0x0000000080500000|100%| O|  |TAMS 0x0000000080500000, 0x0000000080400000| Untracked 
|   5|0x0000000080500000, 0x0000000080600000, 0x0000000080600000|100%| O|  |TAMS 0x0000000080600000, 0x0000000080500000| Untracked 
|   6|0x0000000080600000, 0x0000000080700000, 0x0000000080700000|100%| O|  |TAMS 0x0000000080700000, 0x0000000080600000| Untracked 
|   7|0x0000000080700000, 0x0000000080800000, 0x0000000080800000|100%| O|  |TAMS 0x0000000080800000, 0x0000000080700000| Untracked 
|   8|0x0000000080800000, 0x0000000080900000, 0x0000000080900000|100%| O|  |TAMS 0x0000000080900000, 0x0000000080800000| Untracked 
|   9|0x0000000080900000, 0x0000000080a00000, 0x0000000080a00000|100%| O|  |TAMS 0x0000000080a00000, 0x0000000080900000| Untracked 
|  10|0x0000000080a00000, 0x0000000080b00000, 0x0000000080b00000|100%| O|  |TAMS 0x0000000080b00000, 0x0000000080a00000| Untracked 
|  11|0x0000000080b00000, 0x0000000080c00000, 0x0000000080c00000|100%| O|  |TAMS 0x0000000080c00000, 0x0000000080b00000| Untracked 
|  12|0x0000000080c00000, 0x0000000080d00000, 0x0000000080d00000|100%| O|  |TAMS 0x0000000080d00000, 0x0000000080c00000| Untracked 
|  13|0x0000000080d00000, 0x0000000080e00000, 0x0000000080e00000|100%| O|  |TAMS 0x0000000080e00000, 0x0000000080d00000| Untracked 
|  14|0x0000000080e00000, 0x0000000080f00000, 0x0000000080f00000|100%| O|  |TAMS 0x0000000080f00000, 0x0000000080e00000| Untracked 
|  15|0x0000000080f00000, 0x0000000081000000, 0x0000000081000000|100%| O|  |TAMS 0x0000000081000000, 0x0000000080f00000| Untracked 
|  16|0x0000000081000000, 0x0000000081100000, 0x0000000081100000|100%| O|  |TAMS 0x0000000081100000, 0x0000000081000000| Untracked 
|  17|0x0000000081100000, 0x0000000081200000, 0x0000000081200000|100%| O|  |TAMS 0x0000000081200000, 0x0000000081100000| Untracked 
|  18|0x0000000081200000, 0x0000000081300000, 0x0000000081300000|100%| O|  |TAMS 0x0000000081300000, 0x0000000081200000| Untracked 
|  19|0x0000000081300000, 0x0000000081400000, 0x0000000081400000|100%| O|  |TAMS 0x0000000081400000, 0x0000000081300000| Untracked 
|  20|0x0000000081400000, 0x0000000081500000, 0x0000000081500000|100%| O|  |TAMS 0x0000000081500000, 0x0000000081400000| Untracked 
|  21|0x0000000081500000, 0x0000000081600000, 0x0000000081600000|100%| O|  |TAMS 0x0000000081600000, 0x0000000081500000| Untracked 
|  22|0x0000000081600000, 0x0000000081700000, 0x0000000081700000|100%| O|  |TAMS 0x0000000081700000, 0x0000000081600000| Untracked 
|  23|0x0000000081700000, 0x0000000081800000, 0x0000000081800000|100%| O|  |TAMS 0x0000000081800000, 0x0000000081700000| Untracked 
|  24|0x0000000081800000, 0x0000000081900000, 0x0000000081900000|100%| O|  |TAMS 0x0000000081900000, 0x0000000081800000| Untracked 
|  25|0x0000000081900000, 0x0000000081a00000, 0x0000000081a00000|100%| O|  |TAMS 0x0000000081a00000, 0x0000000081900000| Untracked 
|  26|0x0000000081a00000, 0x0000000081b00000, 0x0000000081b00000|100%| O|  |TAMS 0x0000000081a00000, 0x0000000081a00000| Untracked 
|  27|0x0000000081b00000, 0x0000000081c00000, 0x0000000081c00000|100%| O|  |TAMS 0x0000000081c00000, 0x0000000081b00000| Untracked 
|  28|0x0000000081c00000, 0x0000000081d00000, 0x0000000081d00000|100%| O|  |TAMS 0x0000000081d00000, 0x0000000081c00000| Untracked 
|  29|0x0000000081d00000, 0x0000000081e00000, 0x0000000081e00000|100%| O|  |TAMS 0x0000000081e00000, 0x0000000081d00000| Untracked 
|  30|0x0000000081e00000, 0x0000000081f00000, 0x0000000081f00000|100%| O|  |TAMS 0x0000000081f00000, 0x0000000081e00000| Untracked 
|  31|0x0000000081f00000, 0x0000000082000000, 0x0000000082000000|100%| O|  |TAMS 0x0000000082000000, 0x0000000081f00000| Untracked 
|  32|0x0000000082000000, 0x0000000082100000, 0x0000000082100000|100%|HS|  |TAMS 0x0000000082100000, 0x0000000082000000| Complete 
|  33|0x0000000082100000, 0x0000000082200000, 0x0000000082200000|100%|HS|  |TAMS 0x0000000082200000, 0x0000000082100000| Complete 
|  34|0x0000000082200000, 0x0000000082300000, 0x0000000082300000|100%| O|  |TAMS 0x0000000082300000, 0x0000000082200000| Untracked 
|  35|0x0000000082300000, 0x0000000082400000, 0x0000000082400000|100%| O|  |TAMS 0x0000000082400000, 0x0000000082300000| Untracked 
|  36|0x0000000082400000, 0x0000000082500000, 0x0000000082500000|100%| O|  |TAMS 0x0000000082500000, 0x0000000082400000| Untracked 
|  37|0x0000000082500000, 0x0000000082600000, 0x0000000082600000|100%| O|  |TAMS 0x0000000082600000, 0x0000000082500000| Untracked 
|  38|0x0000000082600000, 0x0000000082700000, 0x0000000082700000|100%| O|  |TAMS 0x0000000082700000, 0x0000000082600000| Untracked 
|  39|0x0000000082700000, 0x0000000082800000, 0x0000000082800000|100%| O|  |TAMS 0x0000000082800000, 0x0000000082700000| Untracked 
|  40|0x0000000082800000, 0x0000000082900000, 0x0000000082900000|100%| O|  |TAMS 0x0000000082900000, 0x0000000082800000| Untracked 
|  41|0x0000000082900000, 0x0000000082a00000, 0x0000000082a00000|100%| O|  |TAMS 0x0000000082a00000, 0x0000000082900000| Untracked 
|  42|0x0000000082a00000, 0x0000000082b00000, 0x0000000082b00000|100%| O|  |TAMS 0x0000000082b00000, 0x0000000082a00000| Untracked 
|  43|0x0000000082b00000, 0x0000000082c00000, 0x0000000082c00000|100%| O|  |TAMS 0x0000000082c00000, 0x0000000082b00000| Untracked 
|  44|0x0000000082c00000, 0x0000000082d00000, 0x0000000082d00000|100%| O|  |TAMS 0x0000000082d00000, 0x0000000082c00000| Untracked 
|  45|0x0000000082d00000, 0x0000000082e00000, 0x0000000082e00000|100%| O|  |TAMS 0x0000000082e00000, 0x0000000082d00000| Untracked 
|  46|0x0000000082e00000, 0x0000000082f00000, 0x0000000082f00000|100%| O|  |TAMS 0x0000000082f00000, 0x0000000082e00000| Untracked 
|  47|0x0000000082f00000, 0x0000000083000000, 0x0000000083000000|100%| O|  |TAMS 0x0000000083000000, 0x0000000082f00000| Untracked 
|  48|0x0000000083000000, 0x0000000083100000, 0x0000000083100000|100%| O|  |TAMS 0x0000000083100000, 0x0000000083000000| Untracked 
|  49|0x0000000083100000, 0x0000000083200000, 0x0000000083200000|100%| O|  |TAMS 0x0000000083200000, 0x0000000083100000| Untracked 
|  50|0x0000000083200000, 0x0000000083300000, 0x0000000083300000|100%| O|  |TAMS 0x0000000083300000, 0x0000000083200000| Untracked 
|  51|0x0000000083300000, 0x0000000083400000, 0x0000000083400000|100%| O|  |TAMS 0x0000000083400000, 0x0000000083300000| Untracked 
|  52|0x0000000083400000, 0x0000000083500000, 0x0000000083500000|100%| O|  |TAMS 0x0000000083500000, 0x0000000083400000| Untracked 
|  53|0x0000000083500000, 0x0000000083600000, 0x0000000083600000|100%| O|  |TAMS 0x00000000835fe000, 0x0000000083500000| Untracked 
|  54|0x0000000083600000, 0x0000000083700000, 0x0000000083700000|100%| O|  |TAMS 0x0000000083700000, 0x0000000083600000| Untracked 
|  55|0x0000000083700000, 0x0000000083800000, 0x0000000083800000|100%| O|  |TAMS 0x0000000083700000, 0x0000000083700000| Untracked 
|  56|0x0000000083800000, 0x000000008386cc00, 0x0000000083900000| 42%| O|  |TAMS 0x0000000083800000, 0x0000000083800000| Untracked 
|  57|0x0000000083900000, 0x0000000083900000, 0x0000000083a00000|  0%| F|  |TAMS 0x0000000083900000, 0x0000000083900000| Untracked 
|  58|0x0000000083a00000, 0x0000000083a00000, 0x0000000083b00000|  0%| F|  |TAMS 0x0000000083a00000, 0x0000000083a00000| Untracked 
|  59|0x0000000083b00000, 0x0000000083b00000, 0x0000000083c00000|  0%| F|  |TAMS 0x0000000083b00000, 0x0000000083b00000| Untracked 
|  60|0x0000000083c00000, 0x0000000083c00000, 0x0000000083d00000|  0%| F|  |TAMS 0x0000000083c00000, 0x0000000083c00000| Untracked 
|  61|0x0000000083d00000, 0x0000000083d00000, 0x0000000083e00000|  0%| F|  |TAMS 0x0000000083d00000, 0x0000000083d00000| Untracked 
|  62|0x0000000083e00000, 0x0000000083e00000, 0x0000000083f00000|  0%| F|  |TAMS 0x0000000083e00000, 0x0000000083e00000| Untracked 
|  63|0x0000000083f00000, 0x0000000083f00000, 0x0000000084000000|  0%| F|  |TAMS 0x0000000083f00000, 0x0000000083f00000| Untracked 
|  64|0x0000000084000000, 0x0000000084000000, 0x0000000084100000|  0%| F|  |TAMS 0x0000000084000000, 0x0000000084000000| Untracked 
|  65|0x0000000084100000, 0x0000000084100000, 0x0000000084200000|  0%| F|  |TAMS 0x0000000084100000, 0x0000000084100000| Untracked 
|  66|0x0000000084200000, 0x0000000084200000, 0x0000000084300000|  0%| F|  |TAMS 0x0000000084200000, 0x0000000084200000| Untracked 
|  67|0x0000000084300000, 0x0000000084300000, 0x0000000084400000|  0%| F|  |TAMS 0x0000000084300000, 0x0000000084300000| Untracked 
|  68|0x0000000084400000, 0x0000000084400000, 0x0000000084500000|  0%| F|  |TAMS 0x0000000084400000, 0x0000000084400000| Untracked 
|  69|0x0000000084500000, 0x0000000084500000, 0x0000000084600000|  0%| F|  |TAMS 0x0000000084500000, 0x0000000084500000| Untracked 
|  70|0x0000000084600000, 0x0000000084600000, 0x0000000084700000|  0%| F|  |TAMS 0x0000000084600000, 0x0000000084600000| Untracked 
|  71|0x0000000084700000, 0x0000000084700000, 0x0000000084800000|  0%| F|  |TAMS 0x0000000084700000, 0x0000000084700000| Untracked 
|  72|0x0000000084800000, 0x0000000084800000, 0x0000000084900000|  0%| F|  |TAMS 0x0000000084800000, 0x0000000084800000| Untracked 
|  73|0x0000000084900000, 0x0000000084900000, 0x0000000084a00000|  0%| F|  |TAMS 0x0000000084900000, 0x0000000084900000| Untracked 
|  74|0x0000000084a00000, 0x0000000084a00000, 0x0000000084b00000|  0%| F|  |TAMS 0x0000000084a00000, 0x0000000084a00000| Untracked 
|  75|0x0000000084b00000, 0x0000000084b00000, 0x0000000084c00000|  0%| F|  |TAMS 0x0000000084b00000, 0x0000000084b00000| Untracked 
|  76|0x0000000084c00000, 0x0000000084c00000, 0x0000000084d00000|  0%| F|  |TAMS 0x0000000084c00000, 0x0000000084c00000| Untracked 
|  77|0x0000000084d00000, 0x0000000084d812e0, 0x0000000084e00000| 50%| S|CS|TAMS 0x0000000084d00000, 0x0000000084d00000| Complete 
|  78|0x0000000084e00000, 0x0000000084f00000, 0x0000000084f00000|100%| S|CS|TAMS 0x0000000084e00000, 0x0000000084e00000| Complete 
|  79|0x0000000084f00000, 0x0000000084f00000, 0x0000000085000000|  0%| F|  |TAMS 0x0000000084f00000, 0x0000000084f00000| Untracked 
|  80|0x0000000085000000, 0x0000000085000000, 0x0000000085100000|  0%| F|  |TAMS 0x0000000085000000, 0x0000000085000000| Untracked 
|  81|0x0000000085100000, 0x0000000085100000, 0x0000000085200000|  0%| F|  |TAMS 0x0000000085100000, 0x0000000085100000| Untracked 
|  82|0x0000000085200000, 0x0000000085200000, 0x0000000085300000|  0%| F|  |TAMS 0x0000000085200000, 0x0000000085200000| Untracked 
|  83|0x0000000085300000, 0x0000000085300000, 0x0000000085400000|  0%| F|  |TAMS 0x0000000085300000, 0x0000000085300000| Untracked 
|  84|0x0000000085400000, 0x0000000085400000, 0x0000000085500000|  0%| F|  |TAMS 0x0000000085400000, 0x0000000085400000| Untracked 
|  85|0x0000000085500000, 0x0000000085500000, 0x0000000085600000|  0%| F|  |TAMS 0x0000000085500000, 0x0000000085500000| Untracked 
|  86|0x0000000085600000, 0x0000000085600000, 0x0000000085700000|  0%| F|  |TAMS 0x0000000085600000, 0x0000000085600000| Untracked 
|  87|0x0000000085700000, 0x0000000085700000, 0x0000000085800000|  0%| F|  |TAMS 0x0000000085700000, 0x0000000085700000| Untracked 
|  88|0x0000000085800000, 0x0000000085800000, 0x0000000085900000|  0%| F|  |TAMS 0x0000000085800000, 0x0000000085800000| Untracked 
|  89|0x0000000085900000, 0x0000000085900000, 0x0000000085a00000|  0%| F|  |TAMS 0x0000000085900000, 0x0000000085900000| Untracked 
|  90|0x0000000085a00000, 0x0000000085a00000, 0x0000000085b00000|  0%| F|  |TAMS 0x0000000085a00000, 0x0000000085a00000| Untracked 
|  91|0x0000000085b00000, 0x0000000085b00000, 0x0000000085c00000|  0%| F|  |TAMS 0x0000000085b00000, 0x0000000085b00000| Untracked 
|  92|0x0000000085c00000, 0x0000000085c00000, 0x0000000085d00000|  0%| F|  |TAMS 0x0000000085c00000, 0x0000000085c00000| Untracked 
|  93|0x0000000085d00000, 0x0000000085d00000, 0x0000000085e00000|  0%| F|  |TAMS 0x0000000085d00000, 0x0000000085d00000| Untracked 
|  94|0x0000000085e00000, 0x0000000085e00000, 0x0000000085f00000|  0%| F|  |TAMS 0x0000000085e00000, 0x0000000085e00000| Untracked 
|  95|0x0000000085f00000, 0x0000000085f00000, 0x0000000086000000|  0%| F|  |TAMS 0x0000000085f00000, 0x0000000085f00000| Untracked 
|  96|0x0000000086000000, 0x0000000086000000, 0x0000000086100000|  0%| F|  |TAMS 0x0000000086000000, 0x0000000086000000| Untracked 
|  97|0x0000000086100000, 0x0000000086100000, 0x0000000086200000|  0%| F|  |TAMS 0x0000000086100000, 0x0000000086100000| Untracked 
|  98|0x0000000086200000, 0x0000000086200000, 0x0000000086300000|  0%| F|  |TAMS 0x0000000086200000, 0x0000000086200000| Untracked 
|  99|0x0000000086300000, 0x0000000086300000, 0x0000000086400000|  0%| F|  |TAMS 0x0000000086300000, 0x0000000086300000| Untracked 
| 100|0x0000000086400000, 0x0000000086400000, 0x0000000086500000|  0%| F|  |TAMS 0x0000000086400000, 0x0000000086400000| Untracked 
| 101|0x0000000086500000, 0x0000000086500000, 0x0000000086600000|  0%| F|  |TAMS 0x0000000086500000, 0x0000000086500000| Untracked 
| 102|0x0000000086600000, 0x000000008667df10, 0x0000000086700000| 49%| E|  |TAMS 0x0000000086600000, 0x0000000086600000| Complete 
| 125|0x0000000087d00000, 0x0000000087e00000, 0x0000000087e00000|100%| E|CS|TAMS 0x0000000087d00000, 0x0000000087d00000| Complete 

Card table byte_map: [0x000001f3acc30000,0x000001f3ad030000] _byte_map_base: 0x000001f3ac830000

Marking Bits (Prev, Next): (CMBitMap*) 0x000001f39a095c00, (CMBitMap*) 0x000001f39a095bc0
 Prev Bits: [0x000001f3af430000, 0x000001f3b1430000)
 Next Bits: [0x000001f3ad430000, 0x000001f3af430000)

Polling page: 0x000001f399800000

Metaspace:

Usage:
  Non-class:     61.26 MB used.
      Class:      9.59 MB used.
       Both:     70.85 MB used.

Virtual space:
  Non-class space:       64.00 MB reserved,      61.56 MB ( 96%) committed,  8 nodes.
      Class space:        1.00 GB reserved,       9.88 MB ( <1%) committed,  1 nodes.
             Both:        1.06 GB reserved,      71.44 MB (  7%) committed. 

Chunk freelists:
   Non-Class:  2.17 MB
       Class:  2.10 MB
        Both:  4.27 MB

MaxMetaspaceSize: unlimited
CompressedClassSpaceSize: 1.00 GB
Initial GC threshold: 21.00 MB
Current GC threshold: 113.69 MB
CDS: off
MetaspaceReclaimPolicy: balanced
 - commit_granule_bytes: 65536.
 - commit_granule_words: 8192.
 - virtual_space_node_default_size: 1048576.
 - enlarge_chunks_in_place: 1.
 - new_chunks_are_fully_committed: 0.
 - uncommit_free_chunks: 1.
 - use_allocation_guard: 0.
 - handle_deallocations: 1.


Internal statistics:

num_allocs_failed_limit: 6.
num_arena_births: 632.
num_arena_deaths: 0.
num_vsnodes_births: 9.
num_vsnodes_deaths: 0.
num_space_committed: 1143.
num_space_uncommitted: 0.
num_chunks_returned_to_freelist: 6.
num_chunks_taken_from_freelist: 3051.
num_chunk_merges: 6.
num_chunk_splits: 2068.
num_chunks_enlarged: 1454.
num_purges: 0.
num_inconsistent_stats: 0.

CodeHeap 'non-profiled nmethods': size=120000Kb used=3237Kb max_used=3401Kb free=116762Kb
 bounds [0x000001f3a4fd0000, 0x000001f3a5330000, 0x000001f3ac500000]
CodeHeap 'profiled nmethods': size=120000Kb used=12153Kb max_used=13179Kb free=107846Kb
 bounds [0x000001f39d500000, 0x000001f39e1e0000, 0x000001f3a4a30000]
CodeHeap 'non-nmethods': size=5760Kb used=2353Kb max_used=2434Kb free=3406Kb
 bounds [0x000001f3a4a30000, 0x000001f3a4ca0000, 0x000001f3a4fd0000]
 total_blobs=7222 nmethods=6338 adapters=796
 compilation: enabled
              stopped_count=0, restarted_count=0
 full_count=0

Compilation events (20 events):
Event: 25.560 Thread 0x000001f3b483bba0 7236       3       org.gradle.internal.logging.progress.DefaultProgressLoggerFactory$ProgressLoggerImpl::assertRunning (63 bytes)
Event: 25.562 Thread 0x000001f3b483bba0 nmethod 7236 0x000001f39dbee490 code [0x000001f39dbee7e0, 0x000001f39dbefd18]
Event: 25.568 Thread 0x000001f3b483bba0 7238       3       org.gradle.api.internal.provider.AbstractMinimalProvider::flatMap (10 bytes)
Event: 25.569 Thread 0x000001f3b483bba0 nmethod 7238 0x000001f39de46210 code [0x000001f39de463c0, 0x000001f39de466f8]
Event: 25.569 Thread 0x000001f3b483bba0 7239       3       org.gradle.api.internal.provider.FlatMapProvider::<init> (15 bytes)
Event: 25.569 Thread 0x000001f3b483bba0 nmethod 7239 0x000001f39dadc490 code [0x000001f39dadc640, 0x000001f39dadc8b8]
Event: 25.572 Thread 0x000001f3b483bba0 7240   !   3       java.lang.invoke.BoundMethodHandle$Species_L::copyWithExtendL (31 bytes)
Event: 25.573 Thread 0x000001f3b483bba0 nmethod 7240 0x000001f39db2d690 code [0x000001f39db2d8c0, 0x000001f39db2e388]
Event: 25.592 Thread 0x000001f3b483bba0 7241       3       org.gradle.api.internal.provider.Providers::fixedValue (68 bytes)
Event: 25.594 Thread 0x000001f3b483bba0 nmethod 7241 0x000001f39d6aa390 code [0x000001f39d6aa6a0, 0x000001f39d6aba98]
Event: 25.612 Thread 0x000001f3b483bba0 7242       3       org.gradle.api.internal.file.DefaultFilePropertyFactory::newFileProperty (16 bytes)
Event: 25.614 Thread 0x000001f3b483bba0 nmethod 7242 0x000001f39d640210 code [0x000001f39d640460, 0x000001f39d640fb8]
Event: 25.614 Thread 0x000001f3b483bba0 7243       3       org.gradle.api.internal.file.DefaultFilePropertyFactory$DefaultRegularFileVar::<init> (13 bytes)
Event: 25.615 Thread 0x000001f3b483bba0 nmethod 7243 0x000001f39d7f2d90 code [0x000001f39d7f2fe0, 0x000001f39d7f3a78]
Event: 25.618 Thread 0x000001f3b483bba0 7245       3       org.gradle.api.internal.model.DefaultObjectFactory::fileProperty (10 bytes)
Event: 25.618 Thread 0x000001f3b483bba0 nmethod 7245 0x000001f39d862290 code [0x000001f39d862460, 0x000001f39d862808]
Event: 25.622 Thread 0x000001f3b483bba0 7247       3       com.android.build.api.artifact.impl.ArtifactContainer::<init> (88 bytes)
Event: 25.624 Thread 0x000001f3b483bba0 nmethod 7247 0x000001f39d5cf710 code [0x000001f39d5cf9e0, 0x000001f39d5d0b58]
Event: 25.627 Thread 0x000001f3b483bba0 7248       1       com.android.build.gradle.internal.services.ProjectServices::getProjectOptions (5 bytes)
Event: 25.627 Thread 0x000001f3b483bba0 nmethod 7248 0x000001f3a508c290 code [0x000001f3a508c420, 0x000001f3a508c4f8]

GC Heap History (20 events):
Event: 17.512 GC heap before
{Heap before GC invocations=19 (full 0):
 garbage-first heap   total 82944K, used 62926K [0x0000000080000000, 0x0000000100000000)
  region size 1024K, 22 young (22528K), 5 survivors (5120K)
 Metaspace       used 54383K, committed 54848K, reserved 1097728K
  class space    used 7191K, committed 7360K, reserved 1048576K
}
Event: 17.519 GC heap after
{Heap after GC invocations=20 (full 0):
 garbage-first heap   total 82944K, used 46716K [0x0000000080000000, 0x0000000100000000)
  region size 1024K, 2 young (2048K), 2 survivors (2048K)
 Metaspace       used 54383K, committed 54848K, reserved 1097728K
  class space    used 7191K, committed 7360K, reserved 1048576K
}
Event: 18.156 GC heap before
{Heap before GC invocations=21 (full 0):
 garbage-first heap   total 83968K, used 64124K [0x0000000080000000, 0x0000000100000000)
  region size 1024K, 19 young (19456K), 2 survivors (2048K)
 Metaspace       used 57092K, committed 57600K, reserved 1105920K
  class space    used 7532K, committed 7744K, reserved 1048576K
}
Event: 18.160 GC heap after
{Heap after GC invocations=22 (full 0):
 garbage-first heap   total 83968K, used 47176K [0x0000000080000000, 0x0000000100000000)
  region size 1024K, 2 young (2048K), 2 survivors (2048K)
 Metaspace       used 57092K, committed 57600K, reserved 1105920K
  class space    used 7532K, committed 7744K, reserved 1048576K
}
Event: 18.956 GC heap before
{Heap before GC invocations=22 (full 0):
 garbage-first heap   total 83968K, used 64584K [0x0000000080000000, 0x0000000100000000)
  region size 1024K, 20 young (20480K), 2 survivors (2048K)
 Metaspace       used 60610K, committed 61120K, reserved 1105920K
  class space    used 8021K, committed 8256K, reserved 1048576K
}
Event: 18.961 GC heap after
{Heap after GC invocations=23 (full 0):
 garbage-first heap   total 83968K, used 48130K [0x0000000080000000, 0x0000000100000000)
  region size 1024K, 3 young (3072K), 3 survivors (3072K)
 Metaspace       used 60610K, committed 61120K, reserved 1105920K
  class space    used 8021K, committed 8256K, reserved 1048576K
}
Event: 19.396 GC heap before
{Heap before GC invocations=24 (full 0):
 garbage-first heap   total 86016K, used 58370K [0x0000000080000000, 0x0000000100000000)
  region size 1024K, 15 young (15360K), 3 survivors (3072K)
 Metaspace       used 62784K, committed 63296K, reserved 1105920K
  class space    used 8299K, committed 8512K, reserved 1048576K
}
Event: 19.403 GC heap after
{Heap after GC invocations=25 (full 0):
 garbage-first heap   total 86016K, used 49639K [0x0000000080000000, 0x0000000100000000)
  region size 1024K, 3 young (3072K), 3 survivors (3072K)
 Metaspace       used 62784K, committed 63296K, reserved 1105920K
  class space    used 8299K, committed 8512K, reserved 1048576K
}
Event: 19.516 GC heap before
{Heap before GC invocations=26 (full 0):
 garbage-first heap   total 106496K, used 61927K [0x0000000080000000, 0x0000000100000000)
  region size 1024K, 12 young (12288K), 3 survivors (3072K)
 Metaspace       used 62790K, committed 63296K, reserved 1105920K
  class space    used 8299K, committed 8512K, reserved 1048576K
}
Event: 19.522 GC heap after
{Heap after GC invocations=27 (full 0):
 garbage-first heap   total 106496K, used 55536K [0x0000000080000000, 0x0000000100000000)
  region size 1024K, 3 young (3072K), 3 survivors (3072K)
 Metaspace       used 62790K, committed 63296K, reserved 1105920K
  class space    used 8299K, committed 8512K, reserved 1048576K
}
Event: 20.224 GC heap before
{Heap before GC invocations=28 (full 0):
 garbage-first heap   total 106496K, used 80112K [0x0000000080000000, 0x0000000100000000)
  region size 1024K, 25 young (25600K), 3 survivors (3072K)
 Metaspace       used 65058K, committed 65536K, reserved 1105920K
  class space    used 8586K, committed 8768K, reserved 1048576K
}
Event: 20.229 GC heap after
{Heap after GC invocations=29 (full 0):
 garbage-first heap   total 106496K, used 52741K [0x0000000080000000, 0x0000000100000000)
  region size 1024K, 2 young (2048K), 2 survivors (2048K)
 Metaspace       used 65058K, committed 65536K, reserved 1105920K
  class space    used 8586K, committed 8768K, reserved 1048576K
}
Event: 20.764 GC heap before
{Heap before GC invocations=29 (full 0):
 garbage-first heap   total 106496K, used 73221K [0x0000000080000000, 0x0000000100000000)
  region size 1024K, 23 young (23552K), 2 survivors (2048K)
 Metaspace       used 66947K, committed 67520K, reserved 1114112K
  class space    used 8807K, committed 9088K, reserved 1048576K
}
Event: 20.771 GC heap after
{Heap after GC invocations=30 (full 0):
 garbage-first heap   total 106496K, used 54494K [0x0000000080000000, 0x0000000100000000)
  region size 1024K, 4 young (4096K), 4 survivors (4096K)
 Metaspace       used 66947K, committed 67520K, reserved 1114112K
  class space    used 8807K, committed 9088K, reserved 1048576K
}
Event: 21.856 GC heap before
{Heap before GC invocations=31 (full 0):
 garbage-first heap   total 106496K, used 80094K [0x0000000080000000, 0x0000000100000000)
  region size 1024K, 29 young (29696K), 4 survivors (4096K)
 Metaspace       used 67860K, committed 68416K, reserved 1114112K
  class space    used 8956K, committed 9216K, reserved 1048576K
}
Event: 21.862 GC heap after
{Heap after GC invocations=32 (full 0):
 garbage-first heap   total 106496K, used 55953K [0x0000000080000000, 0x0000000100000000)
  region size 1024K, 4 young (4096K), 4 survivors (4096K)
 Metaspace       used 67860K, committed 68416K, reserved 1114112K
  class space    used 8956K, committed 9216K, reserved 1048576K
}
Event: 21.876 GC heap before
{Heap before GC invocations=32 (full 0):
 garbage-first heap   total 106496K, used 56977K [0x0000000080000000, 0x0000000100000000)
  region size 1024K, 5 young (5120K), 4 survivors (4096K)
 Metaspace       used 67862K, committed 68416K, reserved 1114112K
  class space    used 8957K, committed 9216K, reserved 1048576K
}
Event: 21.881 GC heap after
{Heap after GC invocations=33 (full 0):
 garbage-first heap   total 106496K, used 55969K [0x0000000080000000, 0x0000000100000000)
  region size 1024K, 1 young (1024K), 1 survivors (1024K)
 Metaspace       used 67862K, committed 68416K, reserved 1114112K
  class space    used 8957K, committed 9216K, reserved 1048576K
}
Event: 23.146 GC heap before
{Heap before GC invocations=33 (full 0):
 garbage-first heap   total 106496K, used 82593K [0x0000000080000000, 0x0000000100000000)
  region size 1024K, 27 young (27648K), 1 survivors (1024K)
 Metaspace       used 69165K, committed 69760K, reserved 1114112K
  class space    used 9139K, committed 9408K, reserved 1048576K
}
Event: 23.151 GC heap after
{Heap after GC invocations=34 (full 0):
 garbage-first heap   total 106496K, used 57879K [0x0000000080000000, 0x0000000100000000)
  region size 1024K, 3 young (3072K), 3 survivors (3072K)
 Metaspace       used 69165K, committed 69760K, reserved 1114112K
  class space    used 9139K, committed 9408K, reserved 1048576K
}

Dll operation events (2 events):
Event: 0.030 Loaded shared library C:\Program Files\Android\Android Studio\jbr\bin\java.dll
Event: 1.170 Loaded shared library C:\Program Files\Android\Android Studio\jbr\bin\verify.dll

Deoptimization events (20 events):
Event: 21.887 Thread 0x000001f3b4fccb20 Uncommon trap: trap_request=0xfffffff4 fr.pc=0x000001f3a5186b48 relative=0x00000000000009c8
Event: 21.887 Thread 0x000001f3b4fccb20 Uncommon trap: reason=null_check action=make_not_entrant pc=0x000001f3a5186b48 method=com.sun.beans.introspect.MethodInfo$MethodOrder.compare(Ljava/lang/reflect/Method;Ljava/lang/reflect/Method;)I @ 133 c2
Event: 21.887 Thread 0x000001f3b4fccb20 DEOPT PACKING pc=0x000001f3a5186b48 sp=0x0000007b17cf53b0
Event: 21.887 Thread 0x000001f3b4fccb20 DEOPT UNPACKING pc=0x000001f3a4a869a3 sp=0x0000007b17cf5350 mode 2
Event: 21.962 Thread 0x000001f3b4fccb20 Uncommon trap: trap_request=0xfffffff4 fr.pc=0x000001f3a4ff9708 relative=0x0000000000001348
Event: 21.962 Thread 0x000001f3b4fccb20 Uncommon trap: reason=null_check action=make_not_entrant pc=0x000001f3a4ff9708 method=java.lang.PublicMethods$MethodList.getMostSpecific()Ljava/lang/reflect/Method; @ 41 c2
Event: 21.962 Thread 0x000001f3b4fccb20 DEOPT PACKING pc=0x000001f3a4ff9708 sp=0x0000007b17cf3280
Event: 21.962 Thread 0x000001f3b4fccb20 DEOPT UNPACKING pc=0x000001f3a4a869a3 sp=0x0000007b17cf3150 mode 2
Event: 22.021 Thread 0x000001f3b4fccb20 Uncommon trap: trap_request=0xffffff45 fr.pc=0x000001f3a51d8490 relative=0x0000000000000df0
Event: 22.021 Thread 0x000001f3b4fccb20 Uncommon trap: reason=unstable_if action=reinterpret pc=0x000001f3a51d8490 method=org.codehaus.groovy.runtime.metaclass.MetaMethodIndex.isOverridden(Lgroovy/lang/MetaMethod;Lgroovy/lang/MetaMethod;)Z @ 33 c2
Event: 22.021 Thread 0x000001f3b4fccb20 DEOPT PACKING pc=0x000001f3a51d8490 sp=0x0000007b17cf42d0
Event: 22.021 Thread 0x000001f3b4fccb20 DEOPT UNPACKING pc=0x000001f3a4a869a3 sp=0x0000007b17cf4218 mode 2
Event: 22.029 Thread 0x000001f3b4fccb20 Uncommon trap: trap_request=0xfffffff4 fr.pc=0x000001f3a50a2d88 relative=0x0000000000000b08
Event: 22.029 Thread 0x000001f3b4fccb20 Uncommon trap: reason=null_check action=make_not_entrant pc=0x000001f3a50a2d88 method=com.sun.beans.introspect.MethodInfo$MethodOrder.compare(Ljava/lang/reflect/Method;Ljava/lang/reflect/Method;)I @ 145 c2
Event: 22.029 Thread 0x000001f3b4fccb20 DEOPT PACKING pc=0x000001f3a50a2d88 sp=0x0000007b17cf38a0
Event: 22.029 Thread 0x000001f3b4fccb20 DEOPT UNPACKING pc=0x000001f3a4a869a3 sp=0x0000007b17cf3840 mode 2
Event: 22.126 Thread 0x000001f3b4fccb20 Uncommon trap: trap_request=0xffffff45 fr.pc=0x000001f3a52a6da0 relative=0x00000000000001e0
Event: 22.126 Thread 0x000001f3b4fccb20 Uncommon trap: reason=unstable_if action=reinterpret pc=0x000001f3a52a6da0 method=java.lang.ThreadLocal$ThreadLocalMap.getEntryAfterMiss(Ljava/lang/ThreadLocal;ILjava/lang/ThreadLocal$ThreadLocalMap$Entry;)Ljava/lang/ThreadLocal$ThreadLocalMap$Entry; @ 30
Event: 22.126 Thread 0x000001f3b4fccb20 DEOPT PACKING pc=0x000001f3a52a6da0 sp=0x0000007b17cf7190
Event: 22.126 Thread 0x000001f3b4fccb20 DEOPT UNPACKING pc=0x000001f3a4a869a3 sp=0x0000007b17cf7018 mode 2

Classes unloaded (0 events):
No events

Classes redefined (0 events):
No events

Internal exceptions (20 events):
Event: 22.056 Thread 0x000001f3b4fccb20 Exception <a 'java/lang/ClassNotFoundException'{0x00000000859417c8}: build_cxw6ifnyhc6cgrakp7baj5fuu$_run_closure1BeanInfo> (0x00000000859417c8) 
thrown [s\src\hotspot\share\classfile\systemDictionary.cpp, line 256]
Event: 22.057 Thread 0x000001f3b4fccb20 Exception <a 'java/lang/ClassNotFoundException'{0x000000008594cbf0}: build_cxw6ifnyhc6cgrakp7baj5fuu$_run_closure1Customizer> (0x000000008594cbf0) 
thrown [s\src\hotspot\share\classfile\systemDictionary.cpp, line 256]
Event: 22.068 Thread 0x000001f3b4fccb20 Exception <a 'java/lang/ClassNotFoundException'{0x0000000085989b98}: org/gradle/api/JavaVersionBeanInfo> (0x0000000085989b98) 
thrown [s\src\hotspot\share\classfile\systemDictionary.cpp, line 256]
Event: 22.070 Thread 0x000001f3b4fccb20 Exception <a 'java/lang/ClassNotFoundException'{0x000000008599fe48}: org/gradle/api/JavaVersionCustomizer> (0x000000008599fe48) 
thrown [s\src\hotspot\share\classfile\systemDictionary.cpp, line 256]
Event: 22.076 Thread 0x000001f3b4fccb20 Exception <a 'java/lang/ClassNotFoundException'{0x00000000859efad0}: com/android/build/gradle/internal/CompileOptions$AgpDecorated_DecoratedBeanInfo> (0x00000000859efad0) 
thrown [s\src\hotspot\share\classfile\systemDictionary.cpp, line 256]
Event: 22.077 Thread 0x000001f3b4fccb20 Exception <a 'java/lang/ClassNotFoundException'{0x00000000859fd130}: com/android/build/gradle/internal/CompileOptions$AgpDecoratedBeanInfo> (0x00000000859fd130) 
thrown [s\src\hotspot\share\classfile\systemDictionary.cpp, line 256]
Event: 22.078 Thread 0x000001f3b4fccb20 Exception <a 'java/lang/ClassNotFoundException'{0x000000008580aa98}: com/android/build/gradle/internal/CompileOptionsBeanInfo> (0x000000008580aa98) 
thrown [s\src\hotspot\share\classfile\systemDictionary.cpp, line 256]
Event: 22.079 Thread 0x000001f3b4fccb20 Exception <a 'java/lang/ClassNotFoundException'{0x0000000085817f08}: com/android/build/gradle/internal/CompileOptionsCustomizer> (0x0000000085817f08) 
thrown [s\src\hotspot\share\classfile\systemDictionary.cpp, line 256]
Event: 22.081 Thread 0x000001f3b4fccb20 Exception <a 'java/lang/ClassNotFoundException'{0x0000000085831bc0}: com/android/build/gradle/internal/CompileOptions$AgpDecoratedCustomizer> (0x0000000085831bc0) 
thrown [s\src\hotspot\share\classfile\systemDictionary.cpp, line 256]
Event: 22.083 Thread 0x000001f3b4fccb20 Exception <a 'java/lang/ClassNotFoundException'{0x000000008584e638}: com/android/build/gradle/internal/CompileOptions$AgpDecorated_DecoratedCustomizer> (0x000000008584e638) 
thrown [s\src\hotspot\share\classfile\systemDictionary.cpp, line 256]
Event: 22.095 Thread 0x000001f3b4fccb20 Exception <a 'java/lang/ClassNotFoundException'{0x00000000858d08c8}: com/android/build/gradle/internal/dsl/ApplicationBuildFeaturesImpl_DecoratedBeanInfo> (0x00000000858d08c8) 
thrown [s\src\hotspot\share\classfile\systemDictionary.cpp, line 256]
Event: 22.096 Thread 0x000001f3b4fccb20 Exception <a 'java/lang/ClassNotFoundException'{0x00000000858de0a0}: com/android/build/gradle/internal/dsl/ApplicationBuildFeaturesImplBeanInfo> (0x00000000858de0a0) 
thrown [s\src\hotspot\share\classfile\systemDictionary.cpp, line 256]
Event: 22.098 Thread 0x000001f3b4fccb20 Exception <a 'java/lang/ClassNotFoundException'{0x00000000858eb690}: com/android/build/gradle/internal/dsl/BuildFeaturesImplBeanInfo> (0x00000000858eb690) 
thrown [s\src\hotspot\share\classfile\systemDictionary.cpp, line 256]
Event: 22.100 Thread 0x000001f3b4fccb20 Exception <a 'java/lang/ClassNotFoundException'{0x00000000858f8c98}: com/android/build/gradle/internal/dsl/BuildFeaturesImplCustomizer> (0x00000000858f8c98) 
thrown [s\src\hotspot\share\classfile\systemDictionary.cpp, line 256]
Event: 22.103 Thread 0x000001f3b4fccb20 Exception <a 'java/lang/ClassNotFoundException'{0x00000000857123f8}: com/android/build/gradle/internal/dsl/ApplicationBuildFeaturesImplCustomizer> (0x00000000857123f8) 
thrown [s\src\hotspot\share\classfile\systemDictionary.cpp, line 256]
Event: 22.106 Thread 0x000001f3b4fccb20 Exception <a 'java/lang/ClassNotFoundException'{0x0000000085725c98}: com/android/build/gradle/internal/dsl/ApplicationBuildFeaturesImpl_DecoratedCustomizer> (0x0000000085725c98) 
thrown [s\src\hotspot\share\classfile\systemDictionary.cpp, line 256]
Event: 22.116 Thread 0x000001f3b4fccb20 Exception <a 'java/lang/ClassNotFoundException'{0x00000000857b79d0}: org/gradle/api/internal/artifacts/dsl/dependencies/DefaultDependencyHandler_DecoratedBeanInfo> (0x00000000857b79d0) 
thrown [s\src\hotspot\share\classfile\systemDictionary.cpp, line 256]
Event: 22.118 Thread 0x000001f3b4fccb20 Exception <a 'java/lang/ClassNotFoundException'{0x00000000857d1958}: org/gradle/api/internal/artifacts/dsl/dependencies/DefaultDependencyHandlerBeanInfo> (0x00000000857d1958) 
thrown [s\src\hotspot\share\classfile\systemDictionary.cpp, line 256]
Event: 22.120 Thread 0x000001f3b4fccb20 Exception <a 'java/lang/ClassNotFoundException'{0x00000000857eb8a0}: org/gradle/api/internal/artifacts/dsl/dependencies/DefaultDependencyHandlerCustomizer> (0x00000000857eb8a0) 
thrown [s\src\hotspot\share\classfile\systemDictionary.cpp, line 256]
Event: 22.123 Thread 0x000001f3b4fccb20 Exception <a 'java/lang/ClassNotFoundException'{0x000000008562da18}: org/gradle/api/internal/artifacts/dsl/dependencies/DefaultDependencyHandler_DecoratedCustomizer> (0x000000008562da18) 
thrown [s\src\hotspot\share\classfile\systemDictionary.cpp, line 256]

VM Operations (20 events):
Event: 20.845 Executing VM operation: G1Concurrent
Event: 20.851 Executing VM operation: G1Concurrent done
Event: 20.885 Executing VM operation: G1Concurrent
Event: 20.885 Executing VM operation: G1Concurrent done
Event: 21.855 Executing VM operation: G1CollectForAllocation
Event: 21.862 Executing VM operation: G1CollectForAllocation done
Event: 21.875 Executing VM operation: G1CollectForAllocation
Event: 21.881 Executing VM operation: G1CollectForAllocation done
Event: 22.322 Executing VM operation: HandshakeAllThreads
Event: 22.322 Executing VM operation: HandshakeAllThreads done
Event: 23.146 Executing VM operation: G1CollectForAllocation
Event: 23.151 Executing VM operation: G1CollectForAllocation done
Event: 23.225 Executing VM operation: G1Concurrent
Event: 23.230 Executing VM operation: G1Concurrent done
Event: 23.266 Executing VM operation: G1Concurrent
Event: 23.266 Executing VM operation: G1Concurrent done
Event: 24.280 Executing VM operation: Cleanup
Event: 24.280 Executing VM operation: Cleanup done
Event: 25.290 Executing VM operation: Cleanup
Event: 25.290 Executing VM operation: Cleanup done

Events (20 events):
Event: 20.786 loading class sun/reflect/generics/repository/FieldRepository
Event: 20.787 loading class sun/reflect/generics/repository/FieldRepository done
Event: 20.811 loading class jdk/internal/vm/annotation/ForceInline
Event: 20.818 loading class jdk/internal/vm/annotation/ForceInline done
Event: 21.028 loading class java/util/regex/Pattern$Caret
Event: 21.041 loading class java/util/regex/Pattern$Caret done
Event: 21.307 Thread 0x000001f3b5018e50 Thread added: 0x000001f3b5018e50
Event: 21.872 loading class java/beans/IntrospectionException
Event: 21.872 loading class java/beans/IntrospectionException done
Event: 22.034 Thread 0x000001f3b48dc3c0 Thread added: 0x000001f3b48dc3c0
Event: 22.467 Thread 0x000001f3b48dc3c0 Thread exited: 0x000001f3b48dc3c0
Event: 22.941 Thread 0x000001f3b5018e50 Thread exited: 0x000001f3b5018e50
Event: 23.191 Thread 0x000001f3b5018e50 Thread added: 0x000001f3b5018e50
Event: 23.259 Thread 0x000001f3b4bc4720 Thread added: 0x000001f3b4bc4720
Event: 23.640 Thread 0x000001f3b5018e50 Thread exited: 0x000001f3b5018e50
Event: 23.640 Thread 0x000001f3b4bc4720 Thread exited: 0x000001f3b4bc4720
Event: 24.173 Thread 0x000001f3b5018e50 Thread added: 0x000001f3b5018e50
Event: 24.778 Thread 0x000001f3b5018e50 Thread exited: 0x000001f3b5018e50
Event: 25.245 Thread 0x000001f3b5018e50 Thread added: 0x000001f3b5018e50
Event: 25.414 Thread 0x000001f3bc056a50 Thread added: 0x000001f3bc056a50


Dynamic libraries:
0x00007ff6dfec0000 - 0x00007ff6dfeca000 	C:\Program Files\Android\Android Studio\jbr\bin\java.exe
0x00007ffb75230000 - 0x00007ffb75447000 	C:\WINDOWS\SYSTEM32\ntdll.dll
0x00007ffb73ee0000 - 0x00007ffb73fa4000 	C:\WINDOWS\System32\KERNEL32.DLL
0x00007ffb72810000 - 0x00007ffb72bb6000 	C:\WINDOWS\System32\KERNELBASE.dll
0x00007ffb72bc0000 - 0x00007ffb72cd1000 	C:\WINDOWS\System32\ucrtbase.dll
0x00007ffb60ff0000 - 0x00007ffb6100b000 	C:\Program Files\Android\Android Studio\jbr\bin\VCRUNTIME140.dll
0x00007ffb5fae0000 - 0x00007ffb5faf7000 	C:\Program Files\Android\Android Studio\jbr\bin\jli.dll
0x00007ffb73040000 - 0x00007ffb731ed000 	C:\WINDOWS\System32\USER32.dll
0x00007ffb725b0000 - 0x00007ffb725d6000 	C:\WINDOWS\System32\win32u.dll
0x00007ffb741f0000 - 0x00007ffb74219000 	C:\WINDOWS\System32\GDI32.dll
0x00007ffb629a0000 - 0x00007ffb62c33000 	C:\WINDOWS\WinSxS\amd64_microsoft.windows.common-controls_6595b64144ccf1df_6.0.22621.2361_none_2712ced57382f843\COMCTL32.dll
0x00007ffb72680000 - 0x00007ffb72798000 	C:\WINDOWS\System32\gdi32full.dll
0x00007ffb74560000 - 0x00007ffb74607000 	C:\WINDOWS\System32\msvcrt.dll
0x00007ffb725e0000 - 0x00007ffb7267a000 	C:\WINDOWS\System32\msvcp_win.dll
0x00007ffb73ea0000 - 0x00007ffb73ed1000 	C:\WINDOWS\System32\IMM32.DLL
0x00007ffb69560000 - 0x00007ffb6956c000 	C:\Program Files\Android\Android Studio\jbr\bin\vcruntime140_1.dll
0x00007ffb51300000 - 0x00007ffb5138d000 	C:\Program Files\Android\Android Studio\jbr\bin\msvcp140.dll
0x00007ffafcbb0000 - 0x00007ffafd81d000 	C:\Program Files\Android\Android Studio\jbr\bin\server\jvm.dll
0x00007ffb72f90000 - 0x00007ffb73040000 	C:\WINDOWS\System32\ADVAPI32.dll
0x00007ffb73df0000 - 0x00007ffb73e96000 	C:\WINDOWS\System32\sechost.dll
0x00007ffb73a60000 - 0x00007ffb73b77000 	C:\WINDOWS\System32\RPCRT4.dll
0x00007ffb6ae80000 - 0x00007ffb6aeb4000 	C:\WINDOWS\SYSTEM32\WINMM.dll
0x00007ffb66ef0000 - 0x00007ffb66efa000 	C:\WINDOWS\SYSTEM32\VERSION.dll
0x00007ffb69590000 - 0x00007ffb69599000 	C:\WINDOWS\SYSTEM32\WSOCK32.dll
0x00007ffb73b80000 - 0x00007ffb73bf1000 	C:\WINDOWS\System32\WS2_32.dll
0x00007ffb71550000 - 0x00007ffb71568000 	C:\WINDOWS\SYSTEM32\kernel.appcore.dll
0x00007ffb6bb70000 - 0x00007ffb6bb7a000 	C:\Program Files\Android\Android Studio\jbr\bin\jimage.dll
0x00007ffb6c3b0000 - 0x00007ffb6c5de000 	C:\WINDOWS\SYSTEM32\DBGHELP.DLL
0x00007ffb74820000 - 0x00007ffb74baa000 	C:\WINDOWS\System32\combase.dll
0x00007ffb73d00000 - 0x00007ffb73dd7000 	C:\WINDOWS\System32\OLEAUT32.dll
0x00007ffb67230000 - 0x00007ffb67262000 	C:\WINDOWS\SYSTEM32\dbgcore.DLL
0x00007ffb72f10000 - 0x00007ffb72f8a000 	C:\WINDOWS\System32\bcryptPrimitives.dll
0x00007ffb4d460000 - 0x00007ffb4d485000 	C:\Program Files\Android\Android Studio\jbr\bin\java.dll
0x00007ffb4d440000 - 0x00007ffb4d458000 	C:\Program Files\Android\Android Studio\jbr\bin\zip.dll
0x00007ffb731f0000 - 0x00007ffb73a48000 	C:\WINDOWS\System32\SHELL32.dll
0x00007ffb704c0000 - 0x00007ffb70db2000 	C:\WINDOWS\SYSTEM32\windows.storage.dll
0x00007ffb70380000 - 0x00007ffb704be000 	C:\WINDOWS\SYSTEM32\wintypes.dll
0x00007ffb74450000 - 0x00007ffb74543000 	C:\WINDOWS\System32\SHCORE.dll
0x00007ffb74190000 - 0x00007ffb741ee000 	C:\WINDOWS\System32\shlwapi.dll
0x00007ffb724e0000 - 0x00007ffb72506000 	C:\WINDOWS\SYSTEM32\profapi.dll
0x00007ffb4d050000 - 0x00007ffb4d069000 	C:\Program Files\Android\Android Studio\jbr\bin\net.dll
0x00007ffb697c0000 - 0x00007ffb698f7000 	C:\WINDOWS\SYSTEM32\WINHTTP.dll
0x00007ffb71a20000 - 0x00007ffb71a89000 	C:\WINDOWS\system32\mswsock.dll
0x00007ffb4a5b0000 - 0x00007ffb4a5c6000 	C:\Program Files\Android\Android Studio\jbr\bin\nio.dll
0x00007ffb4d430000 - 0x00007ffb4d440000 	C:\Program Files\Android\Android Studio\jbr\bin\verify.dll
0x00007ffb5cde0000 - 0x00007ffb5ce07000 	C:\Users\admin\.gradle\native\68d5fa5c4cc2d200863cafc0d521ce42e7d3e7ee720ec0a83991735586a16f82\windows-amd64\native-platform.dll
0x00007ffb368b0000 - 0x00007ffb369f4000 	C:\Users\admin\.gradle\native\e376f236ea51e6404a007f0833ffe2c6e607c4080706a723a18a27aeea778392\windows-amd64\native-platform-file-events.dll
0x00007ffb603e0000 - 0x00007ffb603e9000 	C:\Program Files\Android\Android Studio\jbr\bin\management.dll
0x00007ffb5fb30000 - 0x00007ffb5fb3b000 	C:\Program Files\Android\Android Studio\jbr\bin\management_ext.dll
0x00007ffb74550000 - 0x00007ffb74558000 	C:\WINDOWS\System32\PSAPI.DLL
0x00007ffb71d40000 - 0x00007ffb71d5b000 	C:\WINDOWS\SYSTEM32\CRYPTSP.dll
0x00007ffb71510000 - 0x00007ffb71545000 	C:\WINDOWS\system32\rsaenh.dll
0x00007ffb71ac0000 - 0x00007ffb71aec000 	C:\WINDOWS\SYSTEM32\USERENV.dll
0x00007ffb71e80000 - 0x00007ffb71ea8000 	C:\WINDOWS\SYSTEM32\bcrypt.dll
0x00007ffb71c20000 - 0x00007ffb71c2c000 	C:\WINDOWS\SYSTEM32\CRYPTBASE.dll
0x00007ffb71060000 - 0x00007ffb7108d000 	C:\WINDOWS\SYSTEM32\IPHLPAPI.DLL
0x00007ffb73a50000 - 0x00007ffb73a59000 	C:\WINDOWS\System32\NSI.dll
0x00007ffb6a200000 - 0x00007ffb6a219000 	C:\WINDOWS\SYSTEM32\dhcpcsvc6.DLL
0x00007ffb69cf0000 - 0x00007ffb69d0f000 	C:\WINDOWS\SYSTEM32\dhcpcsvc.DLL
0x00007ffb71090000 - 0x00007ffb71189000 	C:\WINDOWS\SYSTEM32\DNSAPI.dll
0x00007ffb4ca20000 - 0x00007ffb4ca28000 	C:\WINDOWS\system32\wshunix.dll

dbghelp: loaded successfully - version: 4.0.5 - missing functions: none
symbol engine: initialized successfully - sym options: 0x614 - pdb path: .;C:\Program Files\Android\Android Studio\jbr\bin;C:\WINDOWS\SYSTEM32;C:\WINDOWS\WinSxS\amd64_microsoft.windows.common-controls_6595b64144ccf1df_6.0.22621.2361_none_2712ced57382f843;C:\Program Files\Android\Android Studio\jbr\bin\server;C:\Users\admin\.gradle\native\68d5fa5c4cc2d200863cafc0d521ce42e7d3e7ee720ec0a83991735586a16f82\windows-amd64;C:\Users\admin\.gradle\native\e376f236ea51e6404a007f0833ffe2c6e607c4080706a723a18a27aeea778392\windows-amd64

VM Arguments:
jvm_args: --add-opens=java.base/java.util=ALL-UNNAMED --add-opens=java.base/java.lang=ALL-UNNAMED --add-opens=java.base/java.lang.invoke=ALL-UNNAMED --add-opens=java.prefs/java.util.prefs=ALL-UNNAMED --add-opens=java.base/java.nio.charset=ALL-UNNAMED --add-opens=java.base/java.net=ALL-UNNAMED --add-opens=java.base/java.util.concurrent.atomic=ALL-UNNAMED -Xmx2048m -Dfile.encoding=UTF-8 -Duser.country=US -Duser.language=en -Duser.variant 
java_command: org.gradle.launcher.daemon.bootstrap.GradleDaemon 8.0
java_class_path (initial): C:\Users\admin\.gradle\wrapper\dists\gradle-8.0-bin\ca5e32bp14vu59qr306oxotwh\gradle-8.0\lib\gradle-launcher-8.0.jar
Launcher Type: SUN_STANDARD

[Global flags]
     intx CICompilerCount                          = 4                                         {product} {ergonomic}
     uint ConcGCThreads                            = 2                                         {product} {ergonomic}
     uint G1ConcRefinementThreads                  = 8                                         {product} {ergonomic}
   size_t G1HeapRegionSize                         = 1048576                                   {product} {ergonomic}
    uintx GCDrainStackTargetSize                   = 64                                        {product} {ergonomic}
   size_t InitialHeapSize                          = 132120576                                 {product} {ergonomic}
   size_t MarkStackSize                            = 4194304                                   {product} {ergonomic}
   size_t MaxHeapSize                              = 2147483648                                {product} {command line}
   size_t MaxNewSize                               = 1287651328                                {product} {ergonomic}
   size_t MinHeapDeltaBytes                        = 1048576                                   {product} {ergonomic}
   size_t MinHeapSize                              = 8388608                                   {product} {ergonomic}
    uintx NonNMethodCodeHeapSize                   = 5839372                                {pd product} {ergonomic}
    uintx NonProfiledCodeHeapSize                  = 122909434                              {pd product} {ergonomic}
    uintx ProfiledCodeHeapSize                     = 122909434                              {pd product} {ergonomic}
    uintx ReservedCodeCacheSize                    = 251658240                              {pd product} {ergonomic}
     bool SegmentedCodeCache                       = true                                      {product} {ergonomic}
   size_t SoftMaxHeapSize                          = 2147483648                             {manageable} {ergonomic}
     bool UseCompressedClassPointers               = true                           {product lp64_product} {ergonomic}
     bool UseCompressedOops                        = true                           {product lp64_product} {ergonomic}
     bool UseG1GC                                  = true                                      {product} {ergonomic}
     bool UseLargePagesIndividualAllocation        = false                                  {pd product} {ergonomic}

Logging:
Log output configuration:
 #0: stdout all=warning uptime,level,tags
 #1: stderr all=off uptime,level,tags

Environment Variables:
PATH=C:\Program Files (x86)\VMware\VMware Player\bin\;C:\Program Files (x86)\Common Files\Oracle\Java\javapath;C:\Python311\Scripts\;C:\Python311\;C:\WINDOWS\system32;C:\WINDOWS;C:\WINDOWS\System32\Wbem;C:\WINDOWS\System32\WindowsPowerShell\v1.0\;C:\Program Files\Intel\WiFi\bin\;C:\Program Files\Common Files\Intel\WirelessCommon\;C:\WINDOWS\System32\OpenSSH\;C:\Program Files\nodejs\;C:\ProgramData\chocolatey\bin;C:\Program Files\Git\cmd;C:\Program Files\Amazon\AWSCLIV2\;C:\Program Files\PuTTY\;C:\Users\admin\AppData\Local\Microsoft\WindowsApps;C:\Users\admin\AppData\Local\Programs\Microsoft VS Code\bin;C:\Users\admin\AppData\Roaming\npm;C:\adb;C:\WINDOWS\system32;C:\WINDOWS;C:\WINDOWS\System32\Wbem;C:\WINDOWS\System32\WindowsPowerShell\v1.0\;C:\WINDOWS\System32\OpenSSH\;C:\Program Files\Docker\Docker\resources\bin;C:\Program Files\dotnet\;C:\Program Files\Intel\WiFi\bin\;C:\Program Files\Common Files\Intel\WirelessCommon\;C:\Users\admin\AppData\Local\Microsoft\WindowsApps;C:\Users\admin\AppData\Local\Programs\Microsoft VS Code\bin;C:\Users\admin\AppData\Roaming\npm;C:\Users\admin\.virtualenvs\appusers-_0EEPwMV\Scripts\;C:\Program Files (x86)\Nmap;C:\Users\admin\Documents\git\conectorSAP\nwrfcsdk\lib;
USERNAME=admin
OS=Windows_NT
PROCESSOR_IDENTIFIER=Intel64 Family 6 Model 142 Stepping 10, GenuineIntel
TMP=C:\Users\admin\AppData\Local\Temp
TEMP=C:\Users\admin\AppData\Local\Temp



---------------  S Y S T E M  ---------------

OS:
 Windows 11 , 64 bit Build 22621 (10.0.22621.2428)
OS uptime: 19 days 13:04 hours
Hyper-V role detected

CPU: total 8 (initial active 8) (4 cores per cpu, 2 threads per core) family 6 model 142 stepping 10 microcode 0xec, cx8, cmov, fxsr, ht, mmx, 3dnowpref, sse, sse2, sse3, ssse3, sse4.1, sse4.2, popcnt, lzcnt, tsc, tscinvbit, avx, avx2, aes, erms, clmul, bmi1, bmi2, adx, fma, vzeroupper, clflush, clflushopt, hv

Memory: 4k page, system-wide physical 8050M (1232M free)
TotalPageFile size 32626M (AvailPageFile size 4M)
current process WorkingSet (physical memory assigned to process): 285M, peak: 289M
current process commit charge ("private bytes"): 363M, peak: 368M

vm_info: OpenJDK 64-Bit Server VM (17.0.6+0-b2043.56-9586694) for windows-amd64 JRE (17.0.6+0-b2043.56-9586694), built on Feb  9 2023 20:06:20 by "androidbuild" with MS VC++ 16.10 / 16.11 (VS2019)

END.
