#
# There is insufficient memory for the Java Runtime Environment to continue.
# Native memory allocation (mmap) failed to map 89128960 bytes for G1 virtual space
# Possible reasons:
#   The system is out of physical RAM or swap space
#   The process is running with CompressedOops enabled, and the Java Heap may be blocking the growth of the native heap
# Possible solutions:
#   Reduce memory load on the system
#   Increase physical memory or swap space
#   Check if swap backing store is full
#   Decrease Java heap size (-Xmx/-Xms)
#   Decrease number of Java threads
#   Decrease Java thread stack sizes (-Xss)
#   Set larger code cache with -XX:ReservedCodeCacheSize=
#   JVM is running with Unscaled Compressed Oops mode in which the Java heap is
#     placed in the first 4GB address space. The Java Heap base address is the
#     maximum limit for the native heap growth. Please use -XX:HeapBaseMinAddress
#     to set the Java Heap base and to place the Java Heap above 4GB virtual address.
# This output file may be truncated or incomplete.
#
#  Out of Memory Error (os_windows.cpp:3769), pid=48868, tid=26408
#
# JRE version: OpenJDK Runtime Environment (17.0.6) (build 17.0.6+0-b2043.56-9586694)
# Java VM: OpenJDK 64-Bit Server VM (17.0.6+0-b2043.56-9586694, mixed mode, tiered, compressed oops, compressed class ptrs, g1 gc, windows-amd64)
# No core dump will be written. Minidumps are not enabled by default on client versions of Windows
#

---------------  S U M M A R Y ------------

Command Line: --add-opens=java.base/java.util=ALL-UNNAMED --add-opens=java.base/java.lang=ALL-UNNAMED --add-opens=java.base/java.lang.invoke=ALL-UNNAMED --add-opens=java.prefs/java.util.prefs=ALL-UNNAMED --add-opens=java.base/java.nio.charset=ALL-UNNAMED --add-opens=java.base/java.net=ALL-UNNAMED --add-opens=java.base/java.util.concurrent.atomic=ALL-UNNAMED -Xmx2048m -Dfile.encoding=UTF-8 -Duser.country=US -Duser.language=en -Duser.variant org.gradle.launcher.daemon.bootstrap.GradleDaemon 8.0

Host: Intel(R) Core(TM) i5-8250U CPU @ 1.60GHz, 8 cores, 7G,  Windows 11 , 64 bit Build 22621 (10.0.22621.2428)
Time: Mon Oct 30 14:37:56 2023 Venezuela Standard Time elapsed time: 25.492028 seconds (0d 0h 0m 25s)

---------------  T H R E A D  ---------------

Current thread (0x000001a9c6c2ca10):  VMThread "VM Thread" [stack: 0x0000009a85d00000,0x0000009a85e00000] [id=26408]

Stack: [0x0000009a85d00000,0x0000009a85e00000]
Native frames: (J=compiled Java code, j=interpreted, Vv=VM code, C=native code)
V  [jvm.dll+0x683b4a]
V  [jvm.dll+0x842654]
V  [jvm.dll+0x843dfe]
V  [jvm.dll+0x844463]
V  [jvm.dll+0x249b75]
V  [jvm.dll+0x680a19]
V  [jvm.dll+0x674f0a]
V  [jvm.dll+0x309acb]
V  [jvm.dll+0x310f86]
V  [jvm.dll+0x3608ee]
V  [jvm.dll+0x360b1f]
V  [jvm.dll+0x2dfbf8]
V  [jvm.dll+0x2ddec4]
V  [jvm.dll+0x2dd4cc]
V  [jvm.dll+0x321f3b]
V  [jvm.dll+0x84893b]
V  [jvm.dll+0x849674]
V  [jvm.dll+0x849b8d]
V  [jvm.dll+0x849f64]
V  [jvm.dll+0x84a030]
V  [jvm.dll+0x7f25fa]
V  [jvm.dll+0x682985]
C  [ucrtbase.dll+0x29363]
C  [KERNEL32.DLL+0x1257d]
C  [ntdll.dll+0x5aa78]

VM_Operation (0x0000009a8edf9a70): G1CollectForAllocation, mode: safepoint, requested by thread 0x000001a9c83e0750


---------------  P R O C E S S  ---------------

Threads class SMR info:
_java_thread_list=0x000001a9cb012700, length=135, elements={
0x000001a9acddaba0, 0x000001a9c6c486d0, 0x000001a9c6c43c10, 0x000001a9c781ba00,
0x000001a9c781c2c0, 0x000001a9c781ed80, 0x000001a9c7820740, 0x000001a9c782d5d0,
0x000001a9c782df80, 0x000001a9c7833e80, 0x000001a9c79d6770, 0x000001a9c79d7a60,
0x000001a9c92eba60, 0x000001a9c8c55550, 0x000001a9c93ce430, 0x000001a9c8273d20,
0x000001a9c8273380, 0x000001a9c8272040, 0x000001a9c82741f0, 0x000001a9c8274b90,
0x000001a9c8272510, 0x000001a9c82746c0, 0x000001a9c8275060, 0x000001a9c8273850,
0x000001a9c8275530, 0x000001a9ca1bc590, 0x000001a9c8271b70, 0x000001a9c82729e0,
0x000001a9c7b253a0, 0x000001a9c7b25d40, 0x000001a9c7b29700, 0x000001a9c7b2b3e0,
0x000001a9c7b25870, 0x000001a9c7b26210, 0x000001a9c7b29bd0, 0x000001a9c7b2a0a0,
0x000001a9c7b28d60, 0x000001a9c7b2aa40, 0x000001a9c7b2af10, 0x000001a9c7b24060,
0x000001a9c7b24a00, 0x000001a9c7b24ed0, 0x000001a9c7b266e0, 0x000001a9c7b26bb0,
0x000001a9c7b27a20, 0x000001a9c7b27ef0, 0x000001a9c7b283c0, 0x000001a9cb50af70,
0x000001a9cb50c2b0, 0x000001a9cb50aaa0, 0x000001a9cb50d120, 0x000001a9cb50a100,
0x000001a9cb510140, 0x000001a9cb50c780, 0x000001a9cb50df90, 0x000001a9cb50f7a0,
0x000001a9cb50cc50, 0x000001a9cb50b440, 0x000001a9cb50b910, 0x000001a9cb510fb0,
0x000001a9cb50bde0, 0x000001a9cb50dac0, 0x000001a9cb50d5f0, 0x000001a9cb50e460,
0x000001a9cb50e930, 0x000001a9cb50ee00, 0x000001a9cb511480, 0x000001a9cb50f2d0,
0x000001a9cb50fc70, 0x000001a9cb509c30, 0x000001a9cb510610, 0x000001a9cb510ae0,
0x000001a9cb50a5d0, 0x000001a9cbb67be0, 0x000001a9cbb6e0f0, 0x000001a9cbb6b5a0,
0x000001a9cbb6c410, 0x000001a9cbb68580, 0x000001a9cbb6c8e0, 0x000001a9cbb6dc20,
0x000001a9cbb67240, 0x000001a9cbb6a730, 0x000001a9cbb680b0, 0x000001a9cbb6e5c0,
0x000001a9cbb67710, 0x000001a9cbb6bf40, 0x000001a9cbb68a50, 0x000001a9cbb6ac00,
0x000001a9cbb6ba70, 0x000001a9cbb68f20, 0x000001a9cbb66d70, 0x000001a9cbb693f0,
0x000001a9cbb698c0, 0x000001a9cbb6b0d0, 0x000001a9cbb69d90, 0x000001a9cbb6cdb0,
0x000001a9cbb6d280, 0x000001a9cbb6d750, 0x000001a9cbb6a260, 0x000001a9c920b610,
0x000001a9c920dc90, 0x000001a9c9209e00, 0x000001a9c920d2f0, 0x000001a9c920a2d0,
0x000001a9c920bae0, 0x000001a9c920ac70, 0x000001a9c9207780, 0x000001a9c920a7a0,
0x000001a9c9209460, 0x000001a9c920c480, 0x000001a9c920b140, 0x000001a9c920e160,
0x000001a9c9208f90, 0x000001a9c920ce20, 0x000001a9c920c950, 0x000001a9c9206de0,
0x000001a9c920e630, 0x000001a9c92072b0, 0x000001a9c9207c50, 0x000001a9c92085f0,
0x000001a9c9209930, 0x000001a9c9208ac0, 0x000001a9c9208120, 0x000001a9c920d7c0,
0x000001a9c83e1a90, 0x000001a9c83e5df0, 0x000001a9c83e62c0, 0x000001a9c83e2dd0,
0x000001a9c83e3770, 0x000001a9c83e7ad0, 0x000001a9c83e7fa0, 0x000001a9c83e5920,
0x000001a9c83e6c60, 0x000001a9c83e6790, 0x000001a9c83e0750
}
_to_delete_list=0x000001a9cf4cb230, length=134, elements={
0x000001a9acddaba0, 0x000001a9c6c486d0, 0x000001a9c6c43c10, 0x000001a9c781ba00,
0x000001a9c781c2c0, 0x000001a9c781ed80, 0x000001a9c7820740, 0x000001a9c782d5d0,
0x000001a9c782df80, 0x000001a9c7833e80, 0x000001a9c79d6770, 0x000001a9c79d7a60,
0x000001a9c92eba60, 0x000001a9c8c55550, 0x000001a9c93ce430, 0x000001a9c8273d20,
0x000001a9c8273380, 0x000001a9c8272040, 0x000001a9c82741f0, 0x000001a9c8274b90,
0x000001a9c8272510, 0x000001a9c82746c0, 0x000001a9c8275060, 0x000001a9c8273850,
0x000001a9c8275530, 0x000001a9ca1bc590, 0x000001a9c8271b70, 0x000001a9c82729e0,
0x000001a9c7b253a0, 0x000001a9c7b25d40, 0x000001a9c7b29700, 0x000001a9c7b2b3e0,
0x000001a9c7b25870, 0x000001a9c7b26210, 0x000001a9c7b29bd0, 0x000001a9c7b2a0a0,
0x000001a9c7b28d60, 0x000001a9c7b2aa40, 0x000001a9c7b2af10, 0x000001a9c7b24060,
0x000001a9c7b24a00, 0x000001a9c7b24ed0, 0x000001a9c7b266e0, 0x000001a9c7b26bb0,
0x000001a9c7b27a20, 0x000001a9c7b27ef0, 0x000001a9c7b283c0, 0x000001a9cb50af70,
0x000001a9cb50c2b0, 0x000001a9cb50aaa0, 0x000001a9cb50d120, 0x000001a9cb50a100,
0x000001a9cb510140, 0x000001a9cb50c780, 0x000001a9cb50df90, 0x000001a9cb50f7a0,
0x000001a9cb50cc50, 0x000001a9cb50b440, 0x000001a9cb50b910, 0x000001a9cb510fb0,
0x000001a9cb50bde0, 0x000001a9cb50dac0, 0x000001a9cb50d5f0, 0x000001a9cb50e460,
0x000001a9cb50e930, 0x000001a9cb50ee00, 0x000001a9cb511480, 0x000001a9cb50f2d0,
0x000001a9cb50fc70, 0x000001a9cb509c30, 0x000001a9cb510610, 0x000001a9cb510ae0,
0x000001a9cb50a5d0, 0x000001a9cbb67be0, 0x000001a9cbb6e0f0, 0x000001a9cbb6b5a0,
0x000001a9cbb6c410, 0x000001a9cbb68580, 0x000001a9cbb6c8e0, 0x000001a9cbb6dc20,
0x000001a9cbb67240, 0x000001a9cbb6a730, 0x000001a9cbb680b0, 0x000001a9cbb6e5c0,
0x000001a9cbb67710, 0x000001a9cbb6bf40, 0x000001a9cbb68a50, 0x000001a9cbb6ac00,
0x000001a9cbb6ba70, 0x000001a9cbb68f20, 0x000001a9cbb66d70, 0x000001a9cbb693f0,
0x000001a9cbb698c0, 0x000001a9cbb6b0d0, 0x000001a9cbb69d90, 0x000001a9cbb6cdb0,
0x000001a9cbb6d280, 0x000001a9cbb6d750, 0x000001a9cbb6a260, 0x000001a9c920b610,
0x000001a9c920dc90, 0x000001a9c9209e00, 0x000001a9c920d2f0, 0x000001a9c920a2d0,
0x000001a9c920bae0, 0x000001a9c920ac70, 0x000001a9c9207780, 0x000001a9c920a7a0,
0x000001a9c9209460, 0x000001a9c920c480, 0x000001a9c920b140, 0x000001a9c920e160,
0x000001a9c9208f90, 0x000001a9c920ce20, 0x000001a9c920c950, 0x000001a9c9206de0,
0x000001a9c920e630, 0x000001a9c92072b0, 0x000001a9c9207c50, 0x000001a9c92085f0,
0x000001a9c9209930, 0x000001a9c9208ac0, 0x000001a9c9208120, 0x000001a9c920d7c0,
0x000001a9c83e1a90, 0x000001a9c83e5df0, 0x000001a9c83e62c0, 0x000001a9c83e2dd0,
0x000001a9c83e3770, 0x000001a9c83e7ad0, 0x000001a9c83e7fa0, 0x000001a9c83e5920,
0x000001a9c83e6c60, 0x000001a9c83e6790
}

Java Threads: ( => current thread )
  0x000001a9acddaba0 JavaThread "main" [_thread_blocked, id=12972, stack(0x0000009a85700000,0x0000009a85800000)]
  0x000001a9c6c486d0 JavaThread "Reference Handler" daemon [_thread_blocked, id=35600, stack(0x0000009a85e00000,0x0000009a85f00000)]
  0x000001a9c6c43c10 JavaThread "Finalizer" daemon [_thread_blocked, id=18220, stack(0x0000009a85f00000,0x0000009a86000000)]
  0x000001a9c781ba00 JavaThread "Signal Dispatcher" daemon [_thread_blocked, id=16488, stack(0x0000009a86000000,0x0000009a86100000)]
  0x000001a9c781c2c0 JavaThread "Attach Listener" daemon [_thread_blocked, id=10300, stack(0x0000009a86100000,0x0000009a86200000)]
  0x000001a9c781ed80 JavaThread "Service Thread" daemon [_thread_blocked, id=28164, stack(0x0000009a86200000,0x0000009a86300000)]
  0x000001a9c7820740 JavaThread "Monitor Deflation Thread" daemon [_thread_blocked, id=47372, stack(0x0000009a86300000,0x0000009a86400000)]
  0x000001a9c782d5d0 JavaThread "C2 CompilerThread0" daemon [_thread_in_native, id=6460, stack(0x0000009a86400000,0x0000009a86500000)]
  0x000001a9c782df80 JavaThread "C1 CompilerThread0" daemon [_thread_blocked, id=45656, stack(0x0000009a86500000,0x0000009a86600000)]
  0x000001a9c7833e80 JavaThread "Sweeper thread" daemon [_thread_blocked, id=5384, stack(0x0000009a86600000,0x0000009a86700000)]
  0x000001a9c79d6770 JavaThread "Common-Cleaner" daemon [_thread_blocked, id=31280, stack(0x0000009a86700000,0x0000009a86800000)]
  0x000001a9c79d7a60 JavaThread "Notification Thread" daemon [_thread_blocked, id=41272, stack(0x0000009a86800000,0x0000009a86900000)]
  0x000001a9c92eba60 JavaThread "Daemon health stats" [_thread_blocked, id=23096, stack(0x0000009a86f00000,0x0000009a87000000)]
  0x000001a9c8c55550 JavaThread "Incoming local TCP Connector on port 64347" [_thread_in_native, id=8580, stack(0x0000009a86a00000,0x0000009a86b00000)]
  0x000001a9c93ce430 JavaThread "Daemon periodic checks" [_thread_blocked, id=50320, stack(0x0000009a87000000,0x0000009a87100000)]
  0x000001a9c8273d20 JavaThread "Daemon" [_thread_blocked, id=26336, stack(0x0000009a87100000,0x0000009a87200000)]
  0x000001a9c8273380 JavaThread "Handler for socket connection from /127.0.0.1:64347 to /127.0.0.1:64348" [_thread_in_native, id=14232, stack(0x0000009a87200000,0x0000009a87300000)]
  0x000001a9c8272040 JavaThread "Cancel handler" [_thread_blocked, id=39536, stack(0x0000009a87300000,0x0000009a87400000)]
  0x000001a9c82741f0 JavaThread "Daemon worker" [_thread_blocked, id=30532, stack(0x0000009a87400000,0x0000009a87500000)]
  0x000001a9c8274b90 JavaThread "Asynchronous log dispatcher for DefaultDaemonConnection: socket connection from /127.0.0.1:64347 to /127.0.0.1:64348" [_thread_blocked, id=21852, stack(0x0000009a87500000,0x0000009a87600000)]
  0x000001a9c8272510 JavaThread "Stdin handler" [_thread_blocked, id=53436, stack(0x0000009a87600000,0x0000009a87700000)]
  0x000001a9c82746c0 JavaThread "Daemon client event forwarder" [_thread_blocked, id=8412, stack(0x0000009a87700000,0x0000009a87800000)]
  0x000001a9c8275060 JavaThread "Cache worker for journal cache (C:\Users\admin\.gradle\caches\journal-1)" [_thread_blocked, id=15528, stack(0x0000009a87d00000,0x0000009a87e00000)]
  0x000001a9c8273850 JavaThread "File lock request listener" [_thread_in_native, id=13208, stack(0x0000009a87e00000,0x0000009a87f00000)]
  0x000001a9c8275530 JavaThread "Cache worker for file hash cache (C:\Users\admin\.gradle\caches\8.0\fileHashes)" [_thread_blocked, id=3076, stack(0x0000009a87c00000,0x0000009a87d00000)]
  0x000001a9ca1bc590 JavaThread "C2 CompilerThread1" daemon [_thread_blocked, id=14396, stack(0x0000009a87f00000,0x0000009a88000000)]
  0x000001a9c8271b70 JavaThread "File watcher server" daemon [_thread_in_native, id=18980, stack(0x0000009a88000000,0x0000009a88100000)]
  0x000001a9c82729e0 JavaThread "File watcher consumer" daemon [_thread_blocked, id=11232, stack(0x0000009a88100000,0x0000009a88200000)]
  0x000001a9c7b253a0 JavaThread "Cache worker for checksums cache (C:\Users\admin\AndroidStudioProjects\AppREMAN\.gradle\8.0\checksums)" [_thread_blocked, id=34788, stack(0x0000009a88200000,0x0000009a88300000)]
  0x000001a9c7b25d40 JavaThread "Cache worker for cache directory md-rule (C:\Users\admin\.gradle\caches\8.0\md-rule)" [_thread_blocked, id=17688, stack(0x0000009a88300000,0x0000009a88400000)]
  0x000001a9c7b29700 JavaThread "Cache worker for file content cache (C:\Users\admin\.gradle\caches\8.0\fileContent)" [_thread_blocked, id=47612, stack(0x0000009a88400000,0x0000009a88500000)]
  0x000001a9c7b2b3e0 JavaThread "Cache worker for file hash cache (C:\Users\admin\AndroidStudioProjects\AppREMAN\.gradle\8.0\fileHashes)" [_thread_blocked, id=10336, stack(0x0000009a88500000,0x0000009a88600000)]
  0x000001a9c7b25870 JavaThread "Cache worker for cache directory md-supplier (C:\Users\admin\.gradle\caches\8.0\md-supplier)" [_thread_blocked, id=33172, stack(0x0000009a88600000,0x0000009a88700000)]
  0x000001a9c7b26210 JavaThread "Cache worker for execution history cache (C:\Users\admin\.gradle\caches\8.0\executionHistory)" [_thread_blocked, id=29824, stack(0x0000009a88700000,0x0000009a88800000)]
  0x000001a9c7b29bd0 JavaThread "jar transforms" [_thread_blocked, id=45888, stack(0x0000009a88900000,0x0000009a88a00000)]
  0x000001a9c7b2a0a0 JavaThread "jar transforms Thread 2" [_thread_blocked, id=25784, stack(0x0000009a88a00000,0x0000009a88b00000)]
  0x000001a9c7b28d60 JavaThread "jar transforms Thread 3" [_thread_blocked, id=30608, stack(0x0000009a88b00000,0x0000009a88c00000)]
  0x000001a9c7b2aa40 JavaThread "jar transforms Thread 4" [_thread_blocked, id=29620, stack(0x0000009a88c00000,0x0000009a88d00000)]
  0x000001a9c7b2af10 JavaThread "Cache worker for dependencies-accessors (C:\Users\admin\AndroidStudioProjects\AppREMAN\.gradle\8.0\dependencies-accessors)" [_thread_blocked, id=31576, stack(0x0000009a88d00000,0x0000009a88e00000)]
  0x000001a9c7b24060 JavaThread "jar transforms Thread 5" [_thread_blocked, id=35748, stack(0x0000009a88e00000,0x0000009a88f00000)]
  0x000001a9c7b24a00 JavaThread "Cache worker for Build Output Cleanup Cache (C:\Users\admin\AndroidStudioProjects\AppREMAN\.gradle\buildOutputCleanup)" [_thread_blocked, id=35900, stack(0x0000009a88f00000,0x0000009a89000000)]
  0x000001a9c7b24ed0 JavaThread "Unconstrained build operations" [_thread_blocked, id=40680, stack(0x0000009a89000000,0x0000009a89100000)]
  0x000001a9c7b266e0 JavaThread "Unconstrained build operations Thread 2" [_thread_blocked, id=15576, stack(0x0000009a89100000,0x0000009a89200000)]
  0x000001a9c7b26bb0 JavaThread "Unconstrained build operations Thread 3" [_thread_blocked, id=7652, stack(0x0000009a89200000,0x0000009a89300000)]
  0x000001a9c7b27a20 JavaThread "Unconstrained build operations Thread 4" [_thread_blocked, id=10876, stack(0x0000009a89300000,0x0000009a89400000)]
  0x000001a9c7b27ef0 JavaThread "Unconstrained build operations Thread 5" [_thread_blocked, id=8808, stack(0x0000009a89400000,0x0000009a89500000)]
  0x000001a9c7b283c0 JavaThread "Unconstrained build operations Thread 6" [_thread_blocked, id=44720, stack(0x0000009a89500000,0x0000009a89600000)]
  0x000001a9cb50af70 JavaThread "Unconstrained build operations Thread 7" [_thread_blocked, id=29352, stack(0x0000009a89600000,0x0000009a89700000)]
  0x000001a9cb50c2b0 JavaThread "Unconstrained build operations Thread 8" [_thread_blocked, id=37940, stack(0x0000009a89700000,0x0000009a89800000)]
  0x000001a9cb50aaa0 JavaThread "Unconstrained build operations Thread 9" [_thread_blocked, id=50544, stack(0x0000009a89800000,0x0000009a89900000)]
  0x000001a9cb50d120 JavaThread "Unconstrained build operations Thread 10" [_thread_blocked, id=50900, stack(0x0000009a89900000,0x0000009a89a00000)]
  0x000001a9cb50a100 JavaThread "Unconstrained build operations Thread 11" [_thread_blocked, id=8880, stack(0x0000009a89a00000,0x0000009a89b00000)]
  0x000001a9cb510140 JavaThread "Unconstrained build operations Thread 12" [_thread_blocked, id=29568, stack(0x0000009a89b00000,0x0000009a89c00000)]
  0x000001a9cb50c780 JavaThread "Unconstrained build operations Thread 13" [_thread_blocked, id=17644, stack(0x0000009a89c00000,0x0000009a89d00000)]
  0x000001a9cb50df90 JavaThread "Unconstrained build operations Thread 14" [_thread_blocked, id=11872, stack(0x0000009a89d00000,0x0000009a89e00000)]
  0x000001a9cb50f7a0 JavaThread "Unconstrained build operations Thread 15" [_thread_blocked, id=50400, stack(0x0000009a89e00000,0x0000009a89f00000)]
  0x000001a9cb50cc50 JavaThread "Unconstrained build operations Thread 16" [_thread_blocked, id=31404, stack(0x0000009a89f00000,0x0000009a8a000000)]
  0x000001a9cb50b440 JavaThread "Unconstrained build operations Thread 17" [_thread_blocked, id=51344, stack(0x0000009a8a000000,0x0000009a8a100000)]
  0x000001a9cb50b910 JavaThread "Unconstrained build operations Thread 18" [_thread_blocked, id=30220, stack(0x0000009a8a100000,0x0000009a8a200000)]
  0x000001a9cb510fb0 JavaThread "Unconstrained build operations Thread 19" [_thread_blocked, id=16868, stack(0x0000009a8a200000,0x0000009a8a300000)]
  0x000001a9cb50bde0 JavaThread "Unconstrained build operations Thread 20" [_thread_blocked, id=13320, stack(0x0000009a8a300000,0x0000009a8a400000)]
  0x000001a9cb50dac0 JavaThread "Unconstrained build operations Thread 21" [_thread_blocked, id=1196, stack(0x0000009a8a400000,0x0000009a8a500000)]
  0x000001a9cb50d5f0 JavaThread "Unconstrained build operations Thread 22" [_thread_blocked, id=19072, stack(0x0000009a8a500000,0x0000009a8a600000)]
  0x000001a9cb50e460 JavaThread "Unconstrained build operations Thread 23" [_thread_blocked, id=19816, stack(0x0000009a8a600000,0x0000009a8a700000)]
  0x000001a9cb50e930 JavaThread "Unconstrained build operations Thread 24" [_thread_blocked, id=49384, stack(0x0000009a8a700000,0x0000009a8a800000)]
  0x000001a9cb50ee00 JavaThread "Unconstrained build operations Thread 25" [_thread_blocked, id=6556, stack(0x0000009a8a800000,0x0000009a8a900000)]
  0x000001a9cb511480 JavaThread "Unconstrained build operations Thread 26" [_thread_blocked, id=3020, stack(0x0000009a8a900000,0x0000009a8aa00000)]
  0x000001a9cb50f2d0 JavaThread "Unconstrained build operations Thread 27" [_thread_blocked, id=23076, stack(0x0000009a8aa00000,0x0000009a8ab00000)]
  0x000001a9cb50fc70 JavaThread "Unconstrained build operations Thread 28" [_thread_blocked, id=41876, stack(0x0000009a8ab00000,0x0000009a8ac00000)]
  0x000001a9cb509c30 JavaThread "Unconstrained build operations Thread 29" [_thread_blocked, id=45460, stack(0x0000009a8ac00000,0x0000009a8ad00000)]
  0x000001a9cb510610 JavaThread "Unconstrained build operations Thread 30" [_thread_blocked, id=36664, stack(0x0000009a8ad00000,0x0000009a8ae00000)]
  0x000001a9cb510ae0 JavaThread "Unconstrained build operations Thread 31" [_thread_blocked, id=50652, stack(0x0000009a8ae00000,0x0000009a8af00000)]
  0x000001a9cb50a5d0 JavaThread "Unconstrained build operations Thread 32" [_thread_blocked, id=22944, stack(0x0000009a8af00000,0x0000009a8b000000)]
  0x000001a9cbb67be0 JavaThread "Unconstrained build operations Thread 33" [_thread_blocked, id=16008, stack(0x0000009a8b000000,0x0000009a8b100000)]
  0x000001a9cbb6e0f0 JavaThread "Unconstrained build operations Thread 34" [_thread_blocked, id=37984, stack(0x0000009a8b100000,0x0000009a8b200000)]
  0x000001a9cbb6b5a0 JavaThread "Unconstrained build operations Thread 35" [_thread_blocked, id=21420, stack(0x0000009a8b200000,0x0000009a8b300000)]
  0x000001a9cbb6c410 JavaThread "Unconstrained build operations Thread 36" [_thread_blocked, id=14640, stack(0x0000009a8b300000,0x0000009a8b400000)]
  0x000001a9cbb68580 JavaThread "Unconstrained build operations Thread 37" [_thread_blocked, id=44836, stack(0x0000009a8b400000,0x0000009a8b500000)]
  0x000001a9cbb6c8e0 JavaThread "Unconstrained build operations Thread 38" [_thread_blocked, id=45916, stack(0x0000009a8b500000,0x0000009a8b600000)]
  0x000001a9cbb6dc20 JavaThread "Unconstrained build operations Thread 39" [_thread_blocked, id=14384, stack(0x0000009a8b600000,0x0000009a8b700000)]
  0x000001a9cbb67240 JavaThread "Unconstrained build operations Thread 40" [_thread_blocked, id=23376, stack(0x0000009a8b700000,0x0000009a8b800000)]
  0x000001a9cbb6a730 JavaThread "Unconstrained build operations Thread 41" [_thread_blocked, id=44292, stack(0x0000009a8b800000,0x0000009a8b900000)]
  0x000001a9cbb680b0 JavaThread "Unconstrained build operations Thread 42" [_thread_blocked, id=30516, stack(0x0000009a8b900000,0x0000009a8ba00000)]
  0x000001a9cbb6e5c0 JavaThread "Unconstrained build operations Thread 43" [_thread_blocked, id=24560, stack(0x0000009a8ba00000,0x0000009a8bb00000)]
  0x000001a9cbb67710 JavaThread "Unconstrained build operations Thread 44" [_thread_blocked, id=21728, stack(0x0000009a8bb00000,0x0000009a8bc00000)]
  0x000001a9cbb6bf40 JavaThread "Unconstrained build operations Thread 45" [_thread_blocked, id=13264, stack(0x0000009a8bc00000,0x0000009a8bd00000)]
  0x000001a9cbb68a50 JavaThread "Unconstrained build operations Thread 46" [_thread_blocked, id=19164, stack(0x0000009a8bd00000,0x0000009a8be00000)]
  0x000001a9cbb6ac00 JavaThread "Unconstrained build operations Thread 47" [_thread_blocked, id=1244, stack(0x0000009a8be00000,0x0000009a8bf00000)]
  0x000001a9cbb6ba70 JavaThread "Unconstrained build operations Thread 48" [_thread_blocked, id=45324, stack(0x0000009a8bf00000,0x0000009a8c000000)]
  0x000001a9cbb68f20 JavaThread "Unconstrained build operations Thread 49" [_thread_blocked, id=36824, stack(0x0000009a8c000000,0x0000009a8c100000)]
  0x000001a9cbb66d70 JavaThread "Unconstrained build operations Thread 50" [_thread_blocked, id=23692, stack(0x0000009a8c100000,0x0000009a8c200000)]
  0x000001a9cbb693f0 JavaThread "Unconstrained build operations Thread 51" [_thread_blocked, id=30436, stack(0x0000009a8c200000,0x0000009a8c300000)]
  0x000001a9cbb698c0 JavaThread "Unconstrained build operations Thread 52" [_thread_blocked, id=36476, stack(0x0000009a8c300000,0x0000009a8c400000)]
  0x000001a9cbb6b0d0 JavaThread "Unconstrained build operations Thread 53" [_thread_blocked, id=28624, stack(0x0000009a8c400000,0x0000009a8c500000)]
  0x000001a9cbb69d90 JavaThread "Unconstrained build operations Thread 54" [_thread_blocked, id=4592, stack(0x0000009a8c500000,0x0000009a8c600000)]
  0x000001a9cbb6cdb0 JavaThread "Unconstrained build operations Thread 55" [_thread_blocked, id=15632, stack(0x0000009a8c600000,0x0000009a8c700000)]
  0x000001a9cbb6d280 JavaThread "Unconstrained build operations Thread 56" [_thread_blocked, id=11220, stack(0x0000009a8c700000,0x0000009a8c800000)]
  0x000001a9cbb6d750 JavaThread "Unconstrained build operations Thread 57" [_thread_blocked, id=16816, stack(0x0000009a8c800000,0x0000009a8c900000)]
  0x000001a9cbb6a260 JavaThread "Unconstrained build operations Thread 58" [_thread_blocked, id=53684, stack(0x0000009a8c900000,0x0000009a8ca00000)]
  0x000001a9c920b610 JavaThread "Unconstrained build operations Thread 59" [_thread_blocked, id=30040, stack(0x0000009a8ca00000,0x0000009a8cb00000)]
  0x000001a9c920dc90 JavaThread "Unconstrained build operations Thread 60" [_thread_blocked, id=36908, stack(0x0000009a8cb00000,0x0000009a8cc00000)]
  0x000001a9c9209e00 JavaThread "Unconstrained build operations Thread 61" [_thread_blocked, id=15628, stack(0x0000009a8cc00000,0x0000009a8cd00000)]
  0x000001a9c920d2f0 JavaThread "Unconstrained build operations Thread 62" [_thread_blocked, id=40920, stack(0x0000009a8cd00000,0x0000009a8ce00000)]
  0x000001a9c920a2d0 JavaThread "Unconstrained build operations Thread 63" [_thread_blocked, id=36836, stack(0x0000009a8ce00000,0x0000009a8cf00000)]
  0x000001a9c920bae0 JavaThread "Unconstrained build operations Thread 64" [_thread_blocked, id=32420, stack(0x0000009a8cf00000,0x0000009a8d000000)]
  0x000001a9c920ac70 JavaThread "Unconstrained build operations Thread 65" [_thread_blocked, id=20864, stack(0x0000009a8d000000,0x0000009a8d100000)]
  0x000001a9c9207780 JavaThread "Unconstrained build operations Thread 66" [_thread_blocked, id=2328, stack(0x0000009a8d100000,0x0000009a8d200000)]
  0x000001a9c920a7a0 JavaThread "Unconstrained build operations Thread 67" [_thread_blocked, id=24528, stack(0x0000009a8d200000,0x0000009a8d300000)]
  0x000001a9c9209460 JavaThread "Unconstrained build operations Thread 68" [_thread_blocked, id=45628, stack(0x0000009a8d300000,0x0000009a8d400000)]
  0x000001a9c920c480 JavaThread "Unconstrained build operations Thread 69" [_thread_blocked, id=50872, stack(0x0000009a8d400000,0x0000009a8d500000)]
  0x000001a9c920b140 JavaThread "Unconstrained build operations Thread 70" [_thread_blocked, id=45320, stack(0x0000009a8d500000,0x0000009a8d600000)]
  0x000001a9c920e160 JavaThread "Unconstrained build operations Thread 71" [_thread_blocked, id=12252, stack(0x0000009a8d600000,0x0000009a8d700000)]
  0x000001a9c9208f90 JavaThread "Unconstrained build operations Thread 72" [_thread_blocked, id=36880, stack(0x0000009a8d700000,0x0000009a8d800000)]
  0x000001a9c920ce20 JavaThread "Unconstrained build operations Thread 73" [_thread_blocked, id=13380, stack(0x0000009a8d800000,0x0000009a8d900000)]
  0x000001a9c920c950 JavaThread "Unconstrained build operations Thread 74" [_thread_blocked, id=45872, stack(0x0000009a8d900000,0x0000009a8da00000)]
  0x000001a9c9206de0 JavaThread "Unconstrained build operations Thread 75" [_thread_blocked, id=39596, stack(0x0000009a8da00000,0x0000009a8db00000)]
  0x000001a9c920e630 JavaThread "Unconstrained build operations Thread 76" [_thread_blocked, id=17976, stack(0x0000009a8db00000,0x0000009a8dc00000)]
  0x000001a9c92072b0 JavaThread "Unconstrained build operations Thread 77" [_thread_blocked, id=25524, stack(0x0000009a8dc00000,0x0000009a8dd00000)]
  0x000001a9c9207c50 JavaThread "Unconstrained build operations Thread 78" [_thread_blocked, id=5400, stack(0x0000009a8dd00000,0x0000009a8de00000)]
  0x000001a9c92085f0 JavaThread "Unconstrained build operations Thread 79" [_thread_blocked, id=5184, stack(0x0000009a8de00000,0x0000009a8df00000)]
  0x000001a9c9209930 JavaThread "Unconstrained build operations Thread 80" [_thread_blocked, id=44756, stack(0x0000009a8df00000,0x0000009a8e000000)]
  0x000001a9c9208ac0 JavaThread "jar transforms Thread 6" [_thread_blocked, id=17608, stack(0x0000009a8e000000,0x0000009a8e100000)]
  0x000001a9c9208120 JavaThread "jar transforms Thread 7" [_thread_blocked, id=29644, stack(0x0000009a8e100000,0x0000009a8e200000)]
  0x000001a9c920d7c0 JavaThread "jar transforms Thread 8" [_thread_blocked, id=39476, stack(0x0000009a8e200000,0x0000009a8e300000)]
  0x000001a9c83e1a90 JavaThread "build event listener" [_thread_blocked, id=7736, stack(0x0000009a8e300000,0x0000009a8e400000)]
  0x000001a9c83e5df0 JavaThread "Memory manager" [_thread_blocked, id=28920, stack(0x0000009a8e400000,0x0000009a8e500000)]
  0x000001a9c83e62c0 JavaThread "included builds" [_thread_blocked, id=53652, stack(0x0000009a8e500000,0x0000009a8e600000)]
  0x000001a9c83e2dd0 JavaThread "Execution worker" [_thread_blocked, id=40008, stack(0x0000009a8e600000,0x0000009a8e700000)]
  0x000001a9c83e3770 JavaThread "Execution worker Thread 2" [_thread_blocked, id=6780, stack(0x0000009a8e700000,0x0000009a8e800000)]
  0x000001a9c83e7ad0 JavaThread "Execution worker Thread 3" [_thread_blocked, id=11428, stack(0x0000009a8e800000,0x0000009a8e900000)]
  0x000001a9c83e7fa0 JavaThread "Execution worker Thread 4" [_thread_blocked, id=46784, stack(0x0000009a8e900000,0x0000009a8ea00000)]
  0x000001a9c83e5920 JavaThread "Execution worker Thread 5" [_thread_blocked, id=12508, stack(0x0000009a8ea00000,0x0000009a8eb00000)]
  0x000001a9c83e6c60 JavaThread "Execution worker Thread 6" [_thread_blocked, id=39648, stack(0x0000009a8eb00000,0x0000009a8ec00000)]
  0x000001a9c83e6790 JavaThread "Execution worker Thread 7" [_thread_blocked, id=54104, stack(0x0000009a8ec00000,0x0000009a8ed00000)]
  0x000001a9c83e0750 JavaThread "Cache worker for execution history cache (C:\Users\admin\AndroidStudioProjects\AppREMAN\.gradle\8.0\executionHistory)" [_thread_blocked, id=52720, stack(0x0000009a8ed00000,0x0000009a8ee00000)]

Other Threads:
=>0x000001a9c6c2ca10 VMThread "VM Thread" [stack: 0x0000009a85d00000,0x0000009a85e00000] [id=26408]
  0x000001a9c79da760 WatcherThread [stack: 0x0000009a86900000,0x0000009a86a00000] [id=27288]
  0x000001a9ace35700 GCTaskThread "GC Thread#0" [stack: 0x0000009a85800000,0x0000009a85900000] [id=47316]
  0x000001a9c7bea2e0 GCTaskThread "GC Thread#1" [stack: 0x0000009a86b00000,0x0000009a86c00000] [id=46088]
  0x000001a9c7beb300 GCTaskThread "GC Thread#2" [stack: 0x0000009a86c00000,0x0000009a86d00000] [id=15792]
  0x000001a9c7bebb10 GCTaskThread "GC Thread#3" [stack: 0x0000009a86d00000,0x0000009a86e00000] [id=45192]
  0x000001a9c7beb050 GCTaskThread "GC Thread#4" [stack: 0x0000009a86e00000,0x0000009a86f00000] [id=42784]
  0x000001a9c7bea840 GCTaskThread "GC Thread#5" [stack: 0x0000009a87800000,0x0000009a87900000] [id=8856]
  0x000001a9c7beb5b0 GCTaskThread "GC Thread#6" [stack: 0x0000009a87900000,0x0000009a87a00000] [id=44860]
  0x000001a9c7beada0 GCTaskThread "GC Thread#7" [stack: 0x0000009a87a00000,0x0000009a87b00000] [id=50512]
  0x000001a9ace46640 ConcurrentGCThread "G1 Main Marker" [stack: 0x0000009a85900000,0x0000009a85a00000] [id=28280]
  0x000001a9ace477f0 ConcurrentGCThread "G1 Conc#0" [stack: 0x0000009a85a00000,0x0000009a85b00000] [id=23312]
  0x000001a9ca310610 ConcurrentGCThread "G1 Conc#1" [stack: 0x0000009a87b00000,0x0000009a87c00000] [id=52008]
  0x000001a9c6a824c0 ConcurrentGCThread "G1 Refine#0" [stack: 0x0000009a85b00000,0x0000009a85c00000] [id=36180]
  0x000001a9c7b2e840 ConcurrentGCThread "G1 Refine#1" [stack: 0x0000009a88800000,0x0000009a88900000] [id=41364]
  0x000001a9c6a82ee0 ConcurrentGCThread "G1 Service" [stack: 0x0000009a85c00000,0x0000009a85d00000] [id=11524]

Threads with active compile tasks:
C2 CompilerThread0    25567 8509       4       com.sun.beans.TypeResolver::resolve (37 bytes)

VM state: at safepoint (normal execution)

VM Mutex/Monitor currently owned by a thread:  ([mutex/lock_event])
[0x000001a9acdd6010] Threads_lock - owner thread: 0x000001a9c6c2ca10
[0x000001a9acdd5680] Heap_lock - owner thread: 0x000001a9c83e0750

Heap address: 0x0000000080000000, size: 2048 MB, Compressed Oops mode: 32-bit

CDS archive(s) not mapped
Compressed class space mapped at: 0x0000000100000000-0x0000000140000000, reserved size: 1073741824
Narrow klass base: 0x0000000000000000, Narrow klass shift: 3, Narrow klass range: 0x140000000

GC Precious Log:
 CPUs: 8 total, 8 available
 Memory: 8050M
 Large Page Support: Disabled
 NUMA Support: Disabled
 Compressed Oops: Enabled (32-bit)
 Heap Region Size: 1M
 Heap Min Capacity: 8M
 Heap Initial Capacity: 126M
 Heap Max Capacity: 2G
 Pre-touch: Disabled
 Parallel Workers: 8
 Concurrent Workers: 2
 Concurrent Refinement Workers: 8
 Periodic GC: Disabled

Heap:
 garbage-first heap   total 130048K, used 74787K [0x0000000080000000, 0x0000000100000000)
  region size 1024K, 1 young (1024K), 1 survivors (1024K)
 Metaspace       used 82624K, committed 83200K, reserved 1122304K
  class space    used 11287K, committed 11584K, reserved 1048576K

Heap Regions: E=young(eden), S=young(survivor), O=old, HS=humongous(starts), HC=humongous(continues), CS=collection set, F=free, OA=open archive, CA=closed archive, TAMS=top-at-mark-start (previous, next)
|   0|0x0000000080000000, 0x0000000080100000, 0x0000000080100000|100%|HS|  |TAMS 0x0000000080100000, 0x0000000080000000| Complete 
|   1|0x0000000080100000, 0x0000000080200000, 0x0000000080200000|100%|HC|  |TAMS 0x0000000080200000, 0x0000000080100000| Complete 
|   2|0x0000000080200000, 0x0000000080300000, 0x0000000080300000|100%|HC|  |TAMS 0x0000000080300000, 0x0000000080200000| Complete 
|   3|0x0000000080300000, 0x0000000080400000, 0x0000000080400000|100%|HC|  |TAMS 0x0000000080400000, 0x0000000080300000| Complete 
|   4|0x0000000080400000, 0x0000000080500000, 0x0000000080500000|100%| O|  |TAMS 0x0000000080500000, 0x0000000080400000| Untracked 
|   5|0x0000000080500000, 0x0000000080600000, 0x0000000080600000|100%| O|  |TAMS 0x0000000080600000, 0x0000000080500000| Untracked 
|   6|0x0000000080600000, 0x0000000080700000, 0x0000000080700000|100%| O|  |TAMS 0x0000000080700000, 0x0000000080600000| Untracked 
|   7|0x0000000080700000, 0x0000000080800000, 0x0000000080800000|100%| O|  |TAMS 0x0000000080800000, 0x0000000080700000| Untracked 
|   8|0x0000000080800000, 0x0000000080900000, 0x0000000080900000|100%| O|  |TAMS 0x0000000080900000, 0x0000000080800000| Untracked 
|   9|0x0000000080900000, 0x0000000080a00000, 0x0000000080a00000|100%| O|  |TAMS 0x0000000080a00000, 0x0000000080900000| Untracked 
|  10|0x0000000080a00000, 0x0000000080b00000, 0x0000000080b00000|100%| O|  |TAMS 0x0000000080b00000, 0x0000000080a00000| Untracked 
|  11|0x0000000080b00000, 0x0000000080c00000, 0x0000000080c00000|100%| O|  |TAMS 0x0000000080b00000, 0x0000000080b00000| Untracked 
|  12|0x0000000080c00000, 0x0000000080d00000, 0x0000000080d00000|100%| O|  |TAMS 0x0000000080d00000, 0x0000000080c00000| Untracked 
|  13|0x0000000080d00000, 0x0000000080e00000, 0x0000000080e00000|100%| O|  |TAMS 0x0000000080e00000, 0x0000000080d00000| Untracked 
|  14|0x0000000080e00000, 0x0000000080f00000, 0x0000000080f00000|100%| O|  |TAMS 0x0000000080f00000, 0x0000000080e00000| Untracked 
|  15|0x0000000080f00000, 0x0000000081000000, 0x0000000081000000|100%| O|  |TAMS 0x0000000081000000, 0x0000000080f00000| Untracked 
|  16|0x0000000081000000, 0x0000000081100000, 0x0000000081100000|100%| O|  |TAMS 0x0000000081100000, 0x0000000081000000| Untracked 
|  17|0x0000000081100000, 0x0000000081200000, 0x0000000081200000|100%| O|  |TAMS 0x0000000081200000, 0x0000000081100000| Untracked 
|  18|0x0000000081200000, 0x0000000081300000, 0x0000000081300000|100%| O|  |TAMS 0x0000000081300000, 0x0000000081200000| Untracked 
|  19|0x0000000081300000, 0x0000000081400000, 0x0000000081400000|100%| O|  |TAMS 0x0000000081400000, 0x0000000081300000| Untracked 
|  20|0x0000000081400000, 0x0000000081500000, 0x0000000081500000|100%| O|  |TAMS 0x0000000081500000, 0x0000000081400000| Untracked 
|  21|0x0000000081500000, 0x0000000081600000, 0x0000000081600000|100%| O|  |TAMS 0x0000000081600000, 0x0000000081500000| Untracked 
|  22|0x0000000081600000, 0x0000000081700000, 0x0000000081700000|100%| O|  |TAMS 0x0000000081700000, 0x0000000081600000| Untracked 
|  23|0x0000000081700000, 0x0000000081700000, 0x0000000081800000|  0%| F|  |TAMS 0x0000000081700000, 0x0000000081700000| Untracked 
|  24|0x0000000081800000, 0x0000000081900000, 0x0000000081900000|100%| O|  |TAMS 0x0000000081900000, 0x0000000081800000| Untracked 
|  25|0x0000000081900000, 0x0000000081a00000, 0x0000000081a00000|100%| O|  |TAMS 0x0000000081a00000, 0x0000000081900000| Untracked 
|  26|0x0000000081a00000, 0x0000000081b00000, 0x0000000081b00000|100%| O|  |TAMS 0x0000000081b00000, 0x0000000081a00000| Untracked 
|  27|0x0000000081b00000, 0x0000000081c00000, 0x0000000081c00000|100%| O|  |TAMS 0x0000000081c00000, 0x0000000081b00000| Untracked 
|  28|0x0000000081c00000, 0x0000000081d00000, 0x0000000081d00000|100%| O|  |TAMS 0x0000000081d00000, 0x0000000081c00000| Untracked 
|  29|0x0000000081d00000, 0x0000000081e00000, 0x0000000081e00000|100%| O|  |TAMS 0x0000000081e00000, 0x0000000081d00000| Untracked 
|  30|0x0000000081e00000, 0x0000000081f00000, 0x0000000081f00000|100%| O|  |TAMS 0x0000000081f00000, 0x0000000081e00000| Untracked 
|  31|0x0000000081f00000, 0x0000000082000000, 0x0000000082000000|100%| O|  |TAMS 0x0000000082000000, 0x0000000081f00000| Untracked 
|  32|0x0000000082000000, 0x0000000082100000, 0x0000000082100000|100%| O|  |TAMS 0x0000000082100000, 0x0000000082000000| Untracked 
|  33|0x0000000082100000, 0x0000000082200000, 0x0000000082200000|100%|HS|  |TAMS 0x0000000082200000, 0x0000000082100000| Complete 
|  34|0x0000000082200000, 0x0000000082300000, 0x0000000082300000|100%| O|  |TAMS 0x0000000082300000, 0x0000000082200000| Untracked 
|  35|0x0000000082300000, 0x0000000082400000, 0x0000000082400000|100%| O|  |TAMS 0x0000000082400000, 0x0000000082300000| Untracked 
|  36|0x0000000082400000, 0x0000000082500000, 0x0000000082500000|100%| O|  |TAMS 0x0000000082500000, 0x0000000082400000| Untracked 
|  37|0x0000000082500000, 0x0000000082600000, 0x0000000082600000|100%| O|  |TAMS 0x0000000082600000, 0x0000000082500000| Untracked 
|  38|0x0000000082600000, 0x0000000082700000, 0x0000000082700000|100%|HS|  |TAMS 0x0000000082700000, 0x0000000082600000| Complete 
|  39|0x0000000082700000, 0x0000000082800000, 0x0000000082800000|100%| O|  |TAMS 0x0000000082800000, 0x0000000082700000| Untracked 
|  40|0x0000000082800000, 0x0000000082900000, 0x0000000082900000|100%| O|  |TAMS 0x0000000082900000, 0x0000000082800000| Untracked 
|  41|0x0000000082900000, 0x0000000082a00000, 0x0000000082a00000|100%| O|  |TAMS 0x0000000082a00000, 0x0000000082900000| Untracked 
|  42|0x0000000082a00000, 0x0000000082b00000, 0x0000000082b00000|100%| O|  |TAMS 0x0000000082b00000, 0x0000000082a00000| Untracked 
|  43|0x0000000082b00000, 0x0000000082c00000, 0x0000000082c00000|100%| O|  |TAMS 0x0000000082c00000, 0x0000000082b00000| Untracked 
|  44|0x0000000082c00000, 0x0000000082d00000, 0x0000000082d00000|100%| O|  |TAMS 0x0000000082d00000, 0x0000000082c00000| Untracked 
|  45|0x0000000082d00000, 0x0000000082e00000, 0x0000000082e00000|100%| O|  |TAMS 0x0000000082e00000, 0x0000000082d00000| Untracked 
|  46|0x0000000082e00000, 0x0000000082f00000, 0x0000000082f00000|100%| O|  |TAMS 0x0000000082f00000, 0x0000000082e00000| Untracked 
|  47|0x0000000082f00000, 0x0000000083000000, 0x0000000083000000|100%| O|  |TAMS 0x0000000083000000, 0x0000000082f00000| Untracked 
|  48|0x0000000083000000, 0x0000000083100000, 0x0000000083100000|100%| O|  |TAMS 0x0000000083100000, 0x0000000083000000| Untracked 
|  49|0x0000000083100000, 0x0000000083200000, 0x0000000083200000|100%| O|  |TAMS 0x0000000083200000, 0x0000000083100000| Untracked 
|  50|0x0000000083200000, 0x0000000083300000, 0x0000000083300000|100%| O|  |TAMS 0x0000000083300000, 0x0000000083200000| Untracked 
|  51|0x0000000083300000, 0x0000000083400000, 0x0000000083400000|100%| O|  |TAMS 0x0000000083400000, 0x0000000083300000| Untracked 
|  52|0x0000000083400000, 0x0000000083500000, 0x0000000083500000|100%| O|  |TAMS 0x0000000083500000, 0x0000000083400000| Untracked 
|  53|0x0000000083500000, 0x0000000083600000, 0x0000000083600000|100%| O|  |TAMS 0x0000000083600000, 0x0000000083500000| Untracked 
|  54|0x0000000083600000, 0x0000000083700000, 0x0000000083700000|100%| O|  |TAMS 0x0000000083700000, 0x0000000083600000| Untracked 
|  55|0x0000000083700000, 0x0000000083800000, 0x0000000083800000|100%| O|  |TAMS 0x0000000083800000, 0x0000000083700000| Untracked 
|  56|0x0000000083800000, 0x0000000083900000, 0x0000000083900000|100%| O|  |TAMS 0x0000000083900000, 0x0000000083800000| Untracked 
|  57|0x0000000083900000, 0x0000000083a00000, 0x0000000083a00000|100%| O|  |TAMS 0x0000000083a00000, 0x0000000083900000| Untracked 
|  58|0x0000000083a00000, 0x0000000083b00000, 0x0000000083b00000|100%| O|  |TAMS 0x0000000083b00000, 0x0000000083a00000| Untracked 
|  59|0x0000000083b00000, 0x0000000083c00000, 0x0000000083c00000|100%| O|  |TAMS 0x0000000083c00000, 0x0000000083b00000| Untracked 
|  60|0x0000000083c00000, 0x0000000083d00000, 0x0000000083d00000|100%| O|  |TAMS 0x0000000083d00000, 0x0000000083c00000| Untracked 
|  61|0x0000000083d00000, 0x0000000083e00000, 0x0000000083e00000|100%| O|  |TAMS 0x0000000083e00000, 0x0000000083d00000| Untracked 
|  62|0x0000000083e00000, 0x0000000083f00000, 0x0000000083f00000|100%| O|  |TAMS 0x0000000083f00000, 0x0000000083e00000| Untracked 
|  63|0x0000000083f00000, 0x0000000084000000, 0x0000000084000000|100%| O|  |TAMS 0x0000000084000000, 0x0000000083f00000| Untracked 
|  64|0x0000000084000000, 0x0000000084100000, 0x0000000084100000|100%| O|  |TAMS 0x0000000084100000, 0x0000000084000000| Untracked 
|  65|0x0000000084100000, 0x0000000084200000, 0x0000000084200000|100%| O|  |TAMS 0x0000000084118400, 0x0000000084100000| Untracked 
|  66|0x0000000084200000, 0x0000000084300000, 0x0000000084300000|100%| O|  |TAMS 0x0000000084200000, 0x0000000084200000| Untracked 
|  67|0x0000000084300000, 0x0000000084400000, 0x0000000084400000|100%| O|  |TAMS 0x0000000084300000, 0x0000000084300000| Untracked 
|  68|0x0000000084400000, 0x0000000084500000, 0x0000000084500000|100%| O|  |TAMS 0x0000000084400000, 0x0000000084400000| Untracked 
|  69|0x0000000084500000, 0x0000000084600000, 0x0000000084600000|100%| O|  |TAMS 0x0000000084500000, 0x0000000084500000| Untracked 
|  70|0x0000000084600000, 0x0000000084700000, 0x0000000084700000|100%| O|  |TAMS 0x0000000084600000, 0x0000000084600000| Untracked 
|  71|0x0000000084700000, 0x0000000084800000, 0x0000000084800000|100%| O|  |TAMS 0x0000000084700000, 0x0000000084700000| Untracked 
|  72|0x0000000084800000, 0x0000000084900000, 0x0000000084900000|100%| O|  |TAMS 0x0000000084800000, 0x0000000084800000| Untracked 
|  73|0x0000000084900000, 0x0000000084962000, 0x0000000084a00000| 38%| O|  |TAMS 0x0000000084900000, 0x0000000084900000| Untracked 
|  74|0x0000000084a00000, 0x0000000084a00000, 0x0000000084b00000|  0%| F|  |TAMS 0x0000000084a00000, 0x0000000084a00000| Untracked 
|  75|0x0000000084b00000, 0x0000000084b00000, 0x0000000084c00000|  0%| F|  |TAMS 0x0000000084b00000, 0x0000000084b00000| Untracked 
|  76|0x0000000084c00000, 0x0000000084c00000, 0x0000000084d00000|  0%| F|  |TAMS 0x0000000084c00000, 0x0000000084c00000| Untracked 
|  77|0x0000000084d00000, 0x0000000084d00000, 0x0000000084e00000|  0%| F|  |TAMS 0x0000000084d00000, 0x0000000084d00000| Untracked 
|  78|0x0000000084e00000, 0x0000000084e00000, 0x0000000084f00000|  0%| F|  |TAMS 0x0000000084e00000, 0x0000000084e00000| Untracked 
|  79|0x0000000084f00000, 0x0000000084f00000, 0x0000000085000000|  0%| F|  |TAMS 0x0000000084f00000, 0x0000000084f00000| Untracked 
|  80|0x0000000085000000, 0x0000000085000000, 0x0000000085100000|  0%| F|  |TAMS 0x0000000085000000, 0x0000000085000000| Untracked 
|  81|0x0000000085100000, 0x0000000085100000, 0x0000000085200000|  0%| F|  |TAMS 0x0000000085100000, 0x0000000085100000| Untracked 
|  82|0x0000000085200000, 0x0000000085200000, 0x0000000085300000|  0%| F|  |TAMS 0x0000000085200000, 0x0000000085200000| Untracked 
|  83|0x0000000085300000, 0x0000000085300000, 0x0000000085400000|  0%| F|  |TAMS 0x0000000085300000, 0x0000000085300000| Untracked 
|  84|0x0000000085400000, 0x0000000085400000, 0x0000000085500000|  0%| F|  |TAMS 0x0000000085400000, 0x0000000085400000| Untracked 
|  85|0x0000000085500000, 0x0000000085500000, 0x0000000085600000|  0%| F|  |TAMS 0x0000000085500000, 0x0000000085500000| Untracked 
|  86|0x0000000085600000, 0x0000000085600000, 0x0000000085700000|  0%| F|  |TAMS 0x0000000085600000, 0x0000000085600000| Untracked 
|  87|0x0000000085700000, 0x0000000085700000, 0x0000000085800000|  0%| F|  |TAMS 0x0000000085700000, 0x0000000085700000| Untracked 
|  88|0x0000000085800000, 0x0000000085800000, 0x0000000085900000|  0%| F|  |TAMS 0x0000000085800000, 0x0000000085800000| Untracked 
|  89|0x0000000085900000, 0x0000000085900000, 0x0000000085a00000|  0%| F|  |TAMS 0x0000000085900000, 0x0000000085900000| Untracked 
|  90|0x0000000085a00000, 0x0000000085a00000, 0x0000000085b00000|  0%| F|  |TAMS 0x0000000085a00000, 0x0000000085a00000| Untracked 
|  91|0x0000000085b00000, 0x0000000085b00000, 0x0000000085c00000|  0%| F|  |TAMS 0x0000000085b00000, 0x0000000085b00000| Untracked 
|  92|0x0000000085c00000, 0x0000000085c00000, 0x0000000085d00000|  0%| F|  |TAMS 0x0000000085c00000, 0x0000000085c00000| Untracked 
|  93|0x0000000085d00000, 0x0000000085d00000, 0x0000000085e00000|  0%| F|  |TAMS 0x0000000085d00000, 0x0000000085d00000| Untracked 
|  94|0x0000000085e00000, 0x0000000085e00000, 0x0000000085f00000|  0%| F|  |TAMS 0x0000000085e00000, 0x0000000085e00000| Untracked 
|  95|0x0000000085f00000, 0x0000000085f00000, 0x0000000086000000|  0%| F|  |TAMS 0x0000000085f00000, 0x0000000085f00000| Untracked 
|  96|0x0000000086000000, 0x0000000086000000, 0x0000000086100000|  0%| F|  |TAMS 0x0000000086000000, 0x0000000086000000| Untracked 
|  97|0x0000000086100000, 0x0000000086100000, 0x0000000086200000|  0%| F|  |TAMS 0x0000000086100000, 0x0000000086100000| Untracked 
|  98|0x0000000086200000, 0x0000000086200000, 0x0000000086300000|  0%| F|  |TAMS 0x0000000086200000, 0x0000000086200000| Untracked 
|  99|0x0000000086300000, 0x0000000086300000, 0x0000000086400000|  0%| F|  |TAMS 0x0000000086300000, 0x0000000086300000| Untracked 
| 100|0x0000000086400000, 0x0000000086400000, 0x0000000086500000|  0%| F|  |TAMS 0x0000000086400000, 0x0000000086400000| Untracked 
| 101|0x0000000086500000, 0x0000000086500000, 0x0000000086600000|  0%| F|  |TAMS 0x0000000086500000, 0x0000000086500000| Untracked 
| 102|0x0000000086600000, 0x0000000086600000, 0x0000000086700000|  0%| F|  |TAMS 0x0000000086600000, 0x0000000086600000| Untracked 
| 103|0x0000000086700000, 0x0000000086700000, 0x0000000086800000|  0%| F|  |TAMS 0x0000000086700000, 0x0000000086700000| Untracked 
| 104|0x0000000086800000, 0x0000000086800000, 0x0000000086900000|  0%| F|  |TAMS 0x0000000086800000, 0x0000000086800000| Untracked 
| 105|0x0000000086900000, 0x0000000086900000, 0x0000000086a00000|  0%| F|  |TAMS 0x0000000086900000, 0x0000000086900000| Untracked 
| 106|0x0000000086a00000, 0x0000000086a00000, 0x0000000086b00000|  0%| F|  |TAMS 0x0000000086a00000, 0x0000000086a00000| Untracked 
| 107|0x0000000086b00000, 0x0000000086b00000, 0x0000000086c00000|  0%| F|  |TAMS 0x0000000086b00000, 0x0000000086b00000| Untracked 
| 108|0x0000000086c00000, 0x0000000086c00000, 0x0000000086d00000|  0%| F|  |TAMS 0x0000000086c00000, 0x0000000086c00000| Untracked 
| 109|0x0000000086d00000, 0x0000000086d00000, 0x0000000086e00000|  0%| F|  |TAMS 0x0000000086d00000, 0x0000000086d00000| Untracked 
| 110|0x0000000086e00000, 0x0000000086e00000, 0x0000000086f00000|  0%| F|  |TAMS 0x0000000086e00000, 0x0000000086e00000| Untracked 
| 111|0x0000000086f00000, 0x0000000086f00000, 0x0000000087000000|  0%| F|  |TAMS 0x0000000086f00000, 0x0000000086f00000| Untracked 
| 112|0x0000000087000000, 0x0000000087000000, 0x0000000087100000|  0%| F|  |TAMS 0x0000000087000000, 0x0000000087000000| Untracked 
| 113|0x0000000087100000, 0x0000000087100000, 0x0000000087200000|  0%| F|  |TAMS 0x0000000087100000, 0x0000000087100000| Untracked 
| 114|0x0000000087200000, 0x0000000087200000, 0x0000000087300000|  0%| F|  |TAMS 0x0000000087200000, 0x0000000087200000| Untracked 
| 115|0x0000000087300000, 0x0000000087300000, 0x0000000087400000|  0%| F|  |TAMS 0x0000000087300000, 0x0000000087300000| Untracked 
| 116|0x0000000087400000, 0x0000000087400000, 0x0000000087500000|  0%| F|  |TAMS 0x0000000087400000, 0x0000000087400000| Untracked 
| 117|0x0000000087500000, 0x0000000087500000, 0x0000000087600000|  0%| F|  |TAMS 0x0000000087500000, 0x0000000087500000| Untracked 
| 118|0x0000000087600000, 0x0000000087600000, 0x0000000087700000|  0%| F|  |TAMS 0x0000000087600000, 0x0000000087600000| Untracked 
| 119|0x0000000087700000, 0x0000000087700000, 0x0000000087800000|  0%| F|  |TAMS 0x0000000087700000, 0x0000000087700000| Untracked 
| 120|0x0000000087800000, 0x0000000087800000, 0x0000000087900000|  0%| F|  |TAMS 0x0000000087800000, 0x0000000087800000| Untracked 
| 121|0x0000000087900000, 0x0000000087900000, 0x0000000087a00000|  0%| F|  |TAMS 0x0000000087900000, 0x0000000087900000| Untracked 
| 122|0x0000000087a00000, 0x0000000087a00000, 0x0000000087b00000|  0%| F|  |TAMS 0x0000000087a00000, 0x0000000087a00000| Untracked 
| 123|0x0000000087b00000, 0x0000000087b00000, 0x0000000087c00000|  0%| F|  |TAMS 0x0000000087b00000, 0x0000000087b00000| Untracked 
| 124|0x0000000087c00000, 0x0000000087c00000, 0x0000000087d00000|  0%| F|  |TAMS 0x0000000087c00000, 0x0000000087c00000| Untracked 
| 125|0x0000000087d00000, 0x0000000087da6ce0, 0x0000000087e00000| 65%| S|CS|TAMS 0x0000000087d00000, 0x0000000087d00000| Complete 
| 126|0x0000000087e00000, 0x0000000087e00000, 0x0000000087f00000|  0%| F|  |TAMS 0x0000000087e00000, 0x0000000087e00000| Untracked 

Card table byte_map: [0x000001a9bf9d0000,0x000001a9bfdd0000] _byte_map_base: 0x000001a9bf5d0000

Marking Bits (Prev, Next): (CMBitMap*) 0x000001a9ace35d50, (CMBitMap*) 0x000001a9ace35d10
 Prev Bits: [0x000001a9c21d0000, 0x000001a9c41d0000)
 Next Bits: [0x000001a9c01d0000, 0x000001a9c21d0000)

Polling page: 0x000001a9aad70000

Metaspace:

Usage:
  Non-class:     69.66 MB used.
      Class:     11.02 MB used.
       Both:     80.69 MB used.

Virtual space:
  Non-class space:       72.00 MB reserved,      69.94 MB ( 97%) committed,  9 nodes.
      Class space:        1.00 GB reserved,      11.31 MB (  1%) committed,  1 nodes.
             Both:        1.07 GB reserved,      81.25 MB (  7%) committed. 

Chunk freelists:
   Non-Class:  1.89 MB
       Class:  688.00 KB
        Both:  2.56 MB

MaxMetaspaceSize: unlimited
CompressedClassSpaceSize: 1.00 GB
Initial GC threshold: 21.00 MB
Current GC threshold: 134.19 MB
CDS: off
MetaspaceReclaimPolicy: balanced
 - commit_granule_bytes: 65536.
 - commit_granule_words: 8192.
 - virtual_space_node_default_size: 1048576.
 - enlarge_chunks_in_place: 1.
 - new_chunks_are_fully_committed: 0.
 - uncommit_free_chunks: 1.
 - use_allocation_guard: 0.
 - handle_deallocations: 1.


Internal statistics:

num_allocs_failed_limit: 6.
num_arena_births: 760.
num_arena_deaths: 0.
num_vsnodes_births: 10.
num_vsnodes_deaths: 0.
num_space_committed: 1300.
num_space_uncommitted: 0.
num_chunks_returned_to_freelist: 6.
num_chunks_taken_from_freelist: 3683.
num_chunk_merges: 6.
num_chunk_splits: 2435.
num_chunks_enlarged: 1632.
num_purges: 0.
num_inconsistent_stats: 0.

CodeHeap 'non-profiled nmethods': size=120000Kb used=4451Kb max_used=4451Kb free=115548Kb
 bounds [0x000001a9b7d70000, 0x000001a9b81d0000, 0x000001a9bf2a0000]
CodeHeap 'profiled nmethods': size=120000Kb used=15248Kb max_used=15260Kb free=104751Kb
 bounds [0x000001a9b02a0000, 0x000001a9b1190000, 0x000001a9b77d0000]
CodeHeap 'non-nmethods': size=5760Kb used=2365Kb max_used=2465Kb free=3394Kb
 bounds [0x000001a9b77d0000, 0x000001a9b7a50000, 0x000001a9b7d70000]
 total_blobs=8546 nmethods=7652 adapters=806
 compilation: enabled
              stopped_count=0, restarted_count=0
 full_count=0

Compilation events (20 events):
Event: 25.372 Thread 0x000001a9ca1bc590 8607       4       org.objectweb.asm.Label::resolve (219 bytes)
Event: 25.381 Thread 0x000001a9ca1bc590 nmethod 8607 0x000001a9b81c6610 code [0x000001a9b81c67a0, 0x000001a9b81c6b38]
Event: 25.381 Thread 0x000001a9ca1bc590 8604       4       jdk.internal.org.objectweb.asm.MethodWriter::visitLabel (328 bytes)
Event: 25.408 Thread 0x000001a9c782df80 8611       3       java.io.ObjectStreamField::isPrimitive (23 bytes)
Event: 25.409 Thread 0x000001a9c782df80 nmethod 8611 0x000001a9b0dc5d10 code [0x000001a9b0dc5f00, 0x000001a9b0dc6488]
Event: 25.409 Thread 0x000001a9c782df80 8612       1       java.io.ObjectStreamField::getField (5 bytes)
Event: 25.409 Thread 0x000001a9c782df80 nmethod 8612 0x000001a9b81c6d10 code [0x000001a9b81c6ea0, 0x000001a9b81c6f78]
Event: 25.414 Thread 0x000001a9c782df80 8613       3       java.io.ObjectOutputStream$BlockDataOutputStream::writeShort (47 bytes)
Event: 25.414 Thread 0x000001a9c782df80 nmethod 8613 0x000001a9b0dc5790 code [0x000001a9b0dc5940, 0x000001a9b0dc5bc8]
Event: 25.414 Thread 0x000001a9c782df80 8614       3       java.io.Bits::putShort (16 bytes)
Event: 25.415 Thread 0x000001a9c782df80 nmethod 8614 0x000001a9b0dc5390 code [0x000001a9b0dc5520, 0x000001a9b0dc5658]
Event: 25.436 Thread 0x000001a9c782df80 8615       3       java.lang.invoke.MethodHandle::bindTo (19 bytes)
Event: 25.436 Thread 0x000001a9c782df80 nmethod 8615 0x000001a9b0dc4910 code [0x000001a9b0dc4b20, 0x000001a9b0dc5158]
Event: 25.437 Thread 0x000001a9c782df80 8616       3       java.lang.invoke.MethodType::leadingReferenceParameter (30 bytes)
Event: 25.437 Thread 0x000001a9c782df80 nmethod 8616 0x000001a9b0dc4310 code [0x000001a9b0dc44c0, 0x000001a9b0dc47c8]
Event: 25.438 Thread 0x000001a9c782df80 8617       3       java.lang.invoke.MethodHandle::bindArgumentL (10 bytes)
Event: 25.439 Thread 0x000001a9c782df80 nmethod 8617 0x000001a9b0dc3810 code [0x000001a9b0dc3a00, 0x000001a9b0dc4068]
Event: 25.439 Thread 0x000001a9ca1bc590 nmethod 8604 0x000001a9b81c7010 code [0x000001a9b81c71c0, 0x000001a9b81c7ff8]
Event: 25.439 Thread 0x000001a9ca1bc590 8610       4       jdk.internal.ref.PhantomCleanable::clean (16 bytes)
Event: 25.448 Thread 0x000001a9ca1bc590 nmethod 8610 0x000001a9b81c8410 code [0x000001a9b81c85a0, 0x000001a9b81c8b68]

GC Heap History (20 events):
Event: 17.886 GC heap after
{Heap after GC invocations=29 (full 0):
 garbage-first heap   total 129024K, used 55683K [0x0000000080000000, 0x0000000100000000)
  region size 1024K, 2 young (2048K), 2 survivors (2048K)
 Metaspace       used 62669K, committed 63232K, reserved 1105920K
  class space    used 8293K, committed 8576K, reserved 1048576K
}
Event: 18.953 GC heap before
{Heap before GC invocations=29 (full 0):
 garbage-first heap   total 129024K, used 85379K [0x0000000080000000, 0x0000000100000000)
  region size 1024K, 29 young (29696K), 2 survivors (2048K)
 Metaspace       used 65342K, committed 65920K, reserved 1114112K
  class space    used 8629K, committed 8896K, reserved 1048576K
}
Event: 18.959 GC heap after
{Heap after GC invocations=30 (full 0):
 garbage-first heap   total 129024K, used 54583K [0x0000000080000000, 0x0000000100000000)
  region size 1024K, 3 young (3072K), 3 survivors (3072K)
 Metaspace       used 65342K, committed 65920K, reserved 1114112K
  class space    used 8629K, committed 8896K, reserved 1048576K
}
Event: 19.717 GC heap before
{Heap before GC invocations=30 (full 0):
 garbage-first heap   total 129024K, used 85303K [0x0000000080000000, 0x0000000100000000)
  region size 1024K, 33 young (33792K), 3 survivors (3072K)
 Metaspace       used 67758K, committed 68288K, reserved 1114112K
  class space    used 8954K, committed 9216K, reserved 1048576K
}
Event: 19.723 GC heap after
{Heap after GC invocations=31 (full 0):
 garbage-first heap   total 129024K, used 57174K [0x0000000080000000, 0x0000000100000000)
  region size 1024K, 5 young (5120K), 5 survivors (5120K)
 Metaspace       used 67758K, committed 68288K, reserved 1114112K
  class space    used 8954K, committed 9216K, reserved 1048576K
}
Event: 20.243 GC heap before
{Heap before GC invocations=31 (full 0):
 garbage-first heap   total 129024K, used 88918K [0x0000000080000000, 0x0000000100000000)
  region size 1024K, 36 young (36864K), 5 survivors (5120K)
 Metaspace       used 68172K, committed 68672K, reserved 1114112K
  class space    used 9005K, committed 9280K, reserved 1048576K
}
Event: 20.253 GC heap after
{Heap after GC invocations=32 (full 0):
 garbage-first heap   total 129024K, used 59669K [0x0000000080000000, 0x0000000100000000)
  region size 1024K, 5 young (5120K), 5 survivors (5120K)
 Metaspace       used 68172K, committed 68672K, reserved 1114112K
  class space    used 9005K, committed 9280K, reserved 1048576K
}
Event: 21.461 GC heap before
{Heap before GC invocations=32 (full 0):
 garbage-first heap   total 129024K, used 92437K [0x0000000080000000, 0x0000000100000000)
  region size 1024K, 37 young (37888K), 5 survivors (5120K)
 Metaspace       used 72365K, committed 72896K, reserved 1114112K
  class space    used 9802K, committed 10048K, reserved 1048576K
}
Event: 21.468 GC heap after
{Heap after GC invocations=33 (full 0):
 garbage-first heap   total 129024K, used 61837K [0x0000000080000000, 0x0000000100000000)
  region size 1024K, 5 young (5120K), 5 survivors (5120K)
 Metaspace       used 72365K, committed 72896K, reserved 1114112K
  class space    used 9802K, committed 10048K, reserved 1048576K
}
Event: 22.453 GC heap before
{Heap before GC invocations=33 (full 0):
 garbage-first heap   total 129024K, used 95629K [0x0000000080000000, 0x0000000100000000)
  region size 1024K, 38 young (38912K), 5 survivors (5120K)
 Metaspace       used 75560K, committed 76160K, reserved 1122304K
  class space    used 10233K, committed 10496K, reserved 1048576K
}
Event: 22.463 GC heap after
{Heap after GC invocations=34 (full 0):
 garbage-first heap   total 129024K, used 64644K [0x0000000080000000, 0x0000000100000000)
  region size 1024K, 5 young (5120K), 5 survivors (5120K)
 Metaspace       used 75560K, committed 76160K, reserved 1122304K
  class space    used 10233K, committed 10496K, reserved 1048576K
}
Event: 23.753 GC heap before
{Heap before GC invocations=35 (full 0):
 garbage-first heap   total 129024K, used 97412K [0x0000000080000000, 0x0000000100000000)
  region size 1024K, 38 young (38912K), 5 survivors (5120K)
 Metaspace       used 80283K, committed 80832K, reserved 1122304K
  class space    used 10924K, committed 11200K, reserved 1048576K
}
Event: 23.765 GC heap after
{Heap after GC invocations=36 (full 0):
 garbage-first heap   total 129024K, used 65879K [0x0000000080000000, 0x0000000100000000)
  region size 1024K, 3 young (3072K), 3 survivors (3072K)
 Metaspace       used 80283K, committed 80832K, reserved 1122304K
  class space    used 10924K, committed 11200K, reserved 1048576K
}
Event: 23.850 GC heap before
{Heap before GC invocations=36 (full 0):
 garbage-first heap   total 129024K, used 68951K [0x0000000080000000, 0x0000000100000000)
  region size 1024K, 6 young (6144K), 3 survivors (3072K)
 Metaspace       used 80503K, committed 81088K, reserved 1122304K
  class space    used 10948K, committed 11200K, reserved 1048576K
}
Event: 23.857 GC heap after
{Heap after GC invocations=37 (full 0):
 garbage-first heap   total 129024K, used 66131K [0x0000000080000000, 0x0000000100000000)
  region size 1024K, 1 young (1024K), 1 survivors (1024K)
 Metaspace       used 80503K, committed 81088K, reserved 1122304K
  class space    used 10948K, committed 11200K, reserved 1048576K
}
Event: 24.645 GC heap before
{Heap before GC invocations=37 (full 0):
 garbage-first heap   total 129024K, used 99923K [0x0000000080000000, 0x0000000100000000)
  region size 1024K, 34 young (34816K), 1 survivors (1024K)
 Metaspace       used 81854K, committed 82432K, reserved 1122304K
  class space    used 11136K, committed 11392K, reserved 1048576K
}
Event: 24.652 GC heap after
{Heap after GC invocations=38 (full 0):
 garbage-first heap   total 129024K, used 69841K [0x0000000080000000, 0x0000000100000000)
  region size 1024K, 5 young (5120K), 5 survivors (5120K)
 Metaspace       used 81854K, committed 82432K, reserved 1122304K
  class space    used 11136K, committed 11392K, reserved 1048576K
}
Event: 25.387 GC heap before
{Heap before GC invocations=39 (full 0):
 garbage-first heap   total 130048K, used 101585K [0x0000000080000000, 0x0000000100000000)
  region size 1024K, 36 young (36864K), 5 survivors (5120K)
 Metaspace       used 82476K, committed 83008K, reserved 1122304K
  class space    used 11261K, committed 11520K, reserved 1048576K
}
Event: 25.402 GC heap after
{Heap after GC invocations=40 (full 0):
 garbage-first heap   total 130048K, used 74768K [0x0000000080000000, 0x0000000100000000)
  region size 1024K, 5 young (5120K), 5 survivors (5120K)
 Metaspace       used 82476K, committed 83008K, reserved 1122304K
  class space    used 11261K, committed 11520K, reserved 1048576K
}
Event: 25.476 GC heap before
{Heap before GC invocations=40 (full 0):
 garbage-first heap   total 130048K, used 75792K [0x0000000080000000, 0x0000000100000000)
  region size 1024K, 6 young (6144K), 5 survivors (5120K)
 Metaspace       used 82624K, committed 83200K, reserved 1122304K
  class space    used 11287K, committed 11584K, reserved 1048576K
}

Dll operation events (2 events):
Event: 0.020 Loaded shared library C:\Program Files\Android\Android Studio\jbr\bin\java.dll
Event: 0.906 Loaded shared library C:\Program Files\Android\Android Studio\jbr\bin\verify.dll

Deoptimization events (20 events):
Event: 25.206 Thread 0x000001a9c82741f0 Uncommon trap: trap_request=0xffffffde fr.pc=0x000001a9b818563c relative=0x000000000000021c
Event: 25.206 Thread 0x000001a9c82741f0 Uncommon trap: reason=class_check action=maybe_recompile pc=0x000001a9b818563c method=com.google.common.collect.NaturalOrdering.compare(Ljava/lang/Object;Ljava/lang/Object;)I @ 2 c2
Event: 25.206 Thread 0x000001a9c82741f0 DEOPT PACKING pc=0x000001a9b818563c sp=0x0000009a874f8d80
Event: 25.206 Thread 0x000001a9c82741f0 DEOPT UNPACKING pc=0x000001a9b78269a3 sp=0x0000009a874f8d00 mode 2
Event: 25.260 Thread 0x000001a9c83e7fa0 Uncommon trap: trap_request=0xffffff45 fr.pc=0x000001a9b7db6b28 relative=0x0000000000000388
Event: 25.260 Thread 0x000001a9c83e7fa0 Uncommon trap: reason=unstable_if action=reinterpret pc=0x000001a9b7db6b28 method=java.util.HashMap$HashIterator.<init>(Ljava/util/HashMap;)V @ 45 c2
Event: 25.260 Thread 0x000001a9c83e7fa0 DEOPT PACKING pc=0x000001a9b7db6b28 sp=0x0000009a8e9fea00
Event: 25.260 Thread 0x000001a9c83e7fa0 DEOPT UNPACKING pc=0x000001a9b78269a3 sp=0x0000009a8e9fe9b8 mode 2
Event: 25.300 Thread 0x000001a9c83e2dd0 Uncommon trap: trap_request=0xffffffde fr.pc=0x000001a9b7ea4824 relative=0x0000000000000084
Event: 25.300 Thread 0x000001a9c83e2dd0 Uncommon trap: reason=class_check action=maybe_recompile pc=0x000001a9b7ea4824 method=java.util.Collections$SetFromMap.remove(Ljava/lang/Object;)Z @ 5 c2
Event: 25.300 Thread 0x000001a9c83e2dd0 DEOPT PACKING pc=0x000001a9b7ea4824 sp=0x0000009a8e6feb60
Event: 25.300 Thread 0x000001a9c83e2dd0 DEOPT UNPACKING pc=0x000001a9b78269a3 sp=0x0000009a8e6feaf8 mode 2
Event: 25.381 Thread 0x000001a9c83e2dd0 Uncommon trap: trap_request=0xffffffde fr.pc=0x000001a9b808c7bc relative=0x000000000000019c
Event: 25.381 Thread 0x000001a9c83e2dd0 Uncommon trap: reason=class_check action=maybe_recompile pc=0x000001a9b808c7bc method=java.util.stream.StreamOpFlag.fromCharacteristics(Ljava/util/Spliterator;)I @ 14 c2
Event: 25.381 Thread 0x000001a9c83e2dd0 DEOPT PACKING pc=0x000001a9b808c7bc sp=0x0000009a8e6fe450
Event: 25.381 Thread 0x000001a9c83e2dd0 DEOPT UNPACKING pc=0x000001a9b78269a3 sp=0x0000009a8e6fe338 mode 2
Event: 25.386 Thread 0x000001a9c83e2dd0 Uncommon trap: trap_request=0xffffffde fr.pc=0x000001a9b808c7bc relative=0x000000000000019c
Event: 25.386 Thread 0x000001a9c83e2dd0 Uncommon trap: reason=class_check action=maybe_recompile pc=0x000001a9b808c7bc method=java.util.stream.StreamOpFlag.fromCharacteristics(Ljava/util/Spliterator;)I @ 14 c2
Event: 25.386 Thread 0x000001a9c83e2dd0 DEOPT PACKING pc=0x000001a9b808c7bc sp=0x0000009a8e6fe450
Event: 25.386 Thread 0x000001a9c83e2dd0 DEOPT UNPACKING pc=0x000001a9b78269a3 sp=0x0000009a8e6fe338 mode 2

Classes unloaded (0 events):
No events

Classes redefined (0 events):
No events

Internal exceptions (20 events):
Event: 25.138 Thread 0x000001a9c82741f0 Exception <a 'java/lang/ClassNotFoundException'{0x00000000867718a0}: com/android/build/gradle/internal/tasks/SigningConfigVersionsWriterTask_DecoratedBeanInfo> (0x00000000867718a0) 
thrown [s\src\hotspot\share\classfile\systemDictionary.cpp, line 256]
Event: 25.139 Thread 0x000001a9c82741f0 Exception <a 'java/lang/ClassNotFoundException'{0x000000008677d5c8}: com/android/build/gradle/internal/tasks/SigningConfigVersionsWriterTaskBeanInfo> (0x000000008677d5c8) 
thrown [s\src\hotspot\share\classfile\systemDictionary.cpp, line 256]
Event: 25.140 Thread 0x000001a9c82741f0 Exception <a 'java/lang/ClassNotFoundException'{0x00000000867892a8}: com/android/build/gradle/internal/tasks/SigningConfigVersionsWriterTaskCustomizer> (0x00000000867892a8) 
thrown [s\src\hotspot\share\classfile\systemDictionary.cpp, line 256]
Event: 25.142 Thread 0x000001a9c82741f0 Exception <a 'java/lang/ClassNotFoundException'{0x00000000867afae8}: com/android/build/gradle/internal/tasks/SigningConfigVersionsWriterTask_DecoratedCustomizer> (0x00000000867afae8) 
thrown [s\src\hotspot\share\classfile\systemDictionary.cpp, line 256]
Event: 25.153 Thread 0x000001a9c82741f0 Exception <a 'java/lang/ClassNotFoundException'{0x00000000866a9b58}: com/android/build/gradle/tasks/PackageApplication_DecoratedBeanInfo> (0x00000000866a9b58) 
thrown [s\src\hotspot\share\classfile\systemDictionary.cpp, line 256]
Event: 25.154 Thread 0x000001a9c82741f0 Exception <a 'java/lang/ClassNotFoundException'{0x00000000866b54f8}: com/android/build/gradle/tasks/PackageApplicationBeanInfo> (0x00000000866b54f8) 
thrown [s\src\hotspot\share\classfile\systemDictionary.cpp, line 256]
Event: 25.155 Thread 0x000001a9c82741f0 Exception <a 'java/lang/ClassNotFoundException'{0x00000000866c1bf8}: com/android/build/gradle/tasks/PackageAndroidArtifactBeanInfo> (0x00000000866c1bf8) 
thrown [s\src\hotspot\share\classfile\systemDictionary.cpp, line 256]
Event: 25.156 Thread 0x000001a9c82741f0 Exception <a 'java/lang/ClassNotFoundException'{0x00000000866cd5f0}: com/android/build/gradle/tasks/PackageAndroidArtifactCustomizer> (0x00000000866cd5f0) 
thrown [s\src\hotspot\share\classfile\systemDictionary.cpp, line 256]
Event: 25.160 Thread 0x000001a9c82741f0 Exception <a 'java/lang/ClassNotFoundException'{0x00000000865235d8}: com/android/build/gradle/tasks/PackageApplicationCustomizer> (0x00000000865235d8) 
thrown [s\src\hotspot\share\classfile\systemDictionary.cpp, line 256]
Event: 25.163 Thread 0x000001a9c82741f0 Exception <a 'java/lang/ClassNotFoundException'{0x000000008654a740}: com/android/build/gradle/tasks/PackageApplication_DecoratedCustomizer> (0x000000008654a740) 
thrown [s\src\hotspot\share\classfile\systemDictionary.cpp, line 256]
Event: 25.173 Thread 0x000001a9c82741f0 Exception <a 'java/lang/ClassNotFoundException'{0x000000008642c228}: com/android/build/gradle/internal/tasks/ListingFileRedirectTask_DecoratedBeanInfo> (0x000000008642c228) 
thrown [s\src\hotspot\share\classfile\systemDictionary.cpp, line 256]
Event: 25.174 Thread 0x000001a9c82741f0 Exception <a 'java/lang/ClassNotFoundException'{0x0000000086437e60}: com/android/build/gradle/internal/tasks/ListingFileRedirectTaskBeanInfo> (0x0000000086437e60) 
thrown [s\src\hotspot\share\classfile\systemDictionary.cpp, line 256]
Event: 25.176 Thread 0x000001a9c82741f0 Exception <a 'java/lang/ClassNotFoundException'{0x0000000086443808}: com/android/build/gradle/internal/tasks/ListingFileRedirectTaskCustomizer> (0x0000000086443808) 
thrown [s\src\hotspot\share\classfile\systemDictionary.cpp, line 256]
Event: 25.178 Thread 0x000001a9c82741f0 Exception <a 'java/lang/ClassNotFoundException'{0x0000000086460180}: com/android/build/gradle/internal/tasks/ListingFileRedirectTask_DecoratedCustomizer> (0x0000000086460180) 
thrown [s\src\hotspot\share\classfile\systemDictionary.cpp, line 256]
Event: 25.195 Thread 0x000001a9c82741f0 Exception <a 'java/lang/NoSuchMethodError'{0x00000000864c60e8}: 'java.lang.Object java.lang.invoke.DirectMethodHandle$Holder.newInvokeSpecial(java.lang.Object, java.lang.Object, java.lang.Object, java.lang.Object, int, java.lang.Object)'> (0x00000000864c60e8) 
thrown [s\src\hotspot\share\interpreter\linkResolver.cpp, line 771]
Event: 25.196 Thread 0x000001a9c82741f0 Exception <a 'java/lang/NoSuchMethodError'{0x00000000864caea8}: 'java.lang.Object java.lang.invoke.Invokers$Holder.linkToTargetMethod(java.lang.Object, java.lang.Object, java.lang.Object, int, java.lang.Object, java.lang.Object)'> (0x00000000864caea8) 
thrown [s\src\hotspot\share\interpreter\linkResolver.cpp, line 771]
Event: 25.308 Thread 0x000001a9c83e2dd0 Exception <a 'java/lang/NoSuchMethodError'{0x00000000861b45c8}: 'void java.lang.invoke.DirectMethodHandle$Holder.invokeInterface(java.lang.Object, java.lang.Object, java.lang.Object, java.lang.Object)'> (0x00000000861b45c8) 
thrown [s\src\hotspot\share\interpreter\linkResolver.cpp, line 771]
Event: 25.408 Thread 0x000001a9c82746c0 Exception <a 'java/lang/NoSuchMethodError'{0x0000000087e24b08}: static Lorg/gradle/internal/build/event/types/DefaultTaskStartedProgressEvent;.<clinit>()V> (0x0000000087e24b08) 
thrown [s\src\hotspot\share\prims\jni.cpp, line 1108]
Event: 25.409 Thread 0x000001a9c82746c0 Exception <a 'java/lang/NoSuchMethodError'{0x0000000087e329e0}: static Lorg/gradle/internal/build/event/types/DefaultTaskDescriptor;.<clinit>()V> (0x0000000087e329e0) 
thrown [s\src\hotspot\share\prims\jni.cpp, line 1108]
Event: 25.415 Thread 0x000001a9c83e2dd0 Exception <a 'java/lang/IncompatibleClassChangeError'{0x0000000087e66eb0}: Found class java.lang.Object, but interface was expected> (0x0000000087e66eb0) 
thrown [s\src\hotspot\share\interpreter\linkResolver.cpp, line 838]

VM Operations (20 events):
Event: 24.338 Executing VM operation: HandshakeAllThreads done
Event: 24.542 Executing VM operation: ICBufferFull
Event: 24.542 Executing VM operation: ICBufferFull done
Event: 24.645 Executing VM operation: G1CollectForAllocation
Event: 24.652 Executing VM operation: G1CollectForAllocation done
Event: 24.765 Executing VM operation: G1Concurrent
Event: 24.772 Executing VM operation: G1Concurrent done
Event: 24.824 Executing VM operation: G1Concurrent
Event: 24.825 Executing VM operation: G1Concurrent done
Event: 25.298 Executing VM operation: HandshakeAllThreads
Event: 25.298 Executing VM operation: HandshakeAllThreads done
Event: 25.316 Executing VM operation: HandshakeAllThreads
Event: 25.316 Executing VM operation: HandshakeAllThreads done
Event: 25.364 Executing VM operation: HandshakeAllThreads
Event: 25.364 Executing VM operation: HandshakeAllThreads done
Event: 25.366 Executing VM operation: HandshakeAllThreads
Event: 25.367 Executing VM operation: HandshakeAllThreads done
Event: 25.386 Executing VM operation: G1CollectForAllocation
Event: 25.406 Executing VM operation: G1CollectForAllocation done
Event: 25.476 Executing VM operation: G1CollectForAllocation

Events (20 events):
Event: 24.486 loading class java/lang/ClassCustomizer done
Event: 24.487 loading class java/lang/ClassCustomizer
Event: 24.487 loading class java/lang/ClassCustomizer done
Event: 24.917 loading class java/io/FilterReader
Event: 24.917 loading class java/io/FilterReader done
Event: 25.236 Thread 0x000001a9c83e62c0 Thread added: 0x000001a9c83e62c0
Event: 25.254 Thread 0x000001a9c83e2dd0 Thread added: 0x000001a9c83e2dd0
Event: 25.254 Thread 0x000001a9c83e3770 Thread added: 0x000001a9c83e3770
Event: 25.254 Thread 0x000001a9c83e7ad0 Thread added: 0x000001a9c83e7ad0
Event: 25.255 Thread 0x000001a9c83e7fa0 Thread added: 0x000001a9c83e7fa0
Event: 25.255 Thread 0x000001a9c83e5920 Thread added: 0x000001a9c83e5920
Event: 25.255 Thread 0x000001a9c83e6c60 Thread added: 0x000001a9c83e6c60
Event: 25.255 Thread 0x000001a9c83e6790 Thread added: 0x000001a9c83e6790
Event: 25.316 Thread 0x000001a9c83e0750 Thread added: 0x000001a9c83e0750
Event: 25.318 Thread 0x000001a9c7833e80 flushing nmethod 0x000001a9b7f98510
Event: 25.334 Thread 0x000001a9c7833e80 flushing nmethod 0x000001a9b0dc0610
Event: 25.380 loading class java/util/TreeMap$KeySpliterator
Event: 25.381 loading class java/util/TreeMap$TreeMapSpliterator
Event: 25.381 loading class java/util/TreeMap$TreeMapSpliterator done
Event: 25.381 loading class java/util/TreeMap$KeySpliterator done


Dynamic libraries:
0x00007ff6dfec0000 - 0x00007ff6dfeca000 	C:\Program Files\Android\Android Studio\jbr\bin\java.exe
0x00007ffb75230000 - 0x00007ffb75447000 	C:\WINDOWS\SYSTEM32\ntdll.dll
0x00007ffb73ee0000 - 0x00007ffb73fa4000 	C:\WINDOWS\System32\KERNEL32.DLL
0x00007ffb72810000 - 0x00007ffb72bb6000 	C:\WINDOWS\System32\KERNELBASE.dll
0x00007ffb72bc0000 - 0x00007ffb72cd1000 	C:\WINDOWS\System32\ucrtbase.dll
0x00007ffb60ff0000 - 0x00007ffb6100b000 	C:\Program Files\Android\Android Studio\jbr\bin\VCRUNTIME140.dll
0x00007ffb581e0000 - 0x00007ffb581f7000 	C:\Program Files\Android\Android Studio\jbr\bin\jli.dll
0x00007ffb629a0000 - 0x00007ffb62c33000 	C:\WINDOWS\WinSxS\amd64_microsoft.windows.common-controls_6595b64144ccf1df_6.0.22621.2361_none_2712ced57382f843\COMCTL32.dll
0x00007ffb73040000 - 0x00007ffb731ed000 	C:\WINDOWS\System32\USER32.dll
0x00007ffb74560000 - 0x00007ffb74607000 	C:\WINDOWS\System32\msvcrt.dll
0x00007ffb725b0000 - 0x00007ffb725d6000 	C:\WINDOWS\System32\win32u.dll
0x00007ffb741f0000 - 0x00007ffb74219000 	C:\WINDOWS\System32\GDI32.dll
0x00007ffb72680000 - 0x00007ffb72798000 	C:\WINDOWS\System32\gdi32full.dll
0x00007ffb725e0000 - 0x00007ffb7267a000 	C:\WINDOWS\System32\msvcp_win.dll
0x00007ffb73ea0000 - 0x00007ffb73ed1000 	C:\WINDOWS\System32\IMM32.DLL
0x00007ffb693f0000 - 0x00007ffb693fc000 	C:\Program Files\Android\Android Studio\jbr\bin\vcruntime140_1.dll
0x00007ffb51300000 - 0x00007ffb5138d000 	C:\Program Files\Android\Android Studio\jbr\bin\msvcp140.dll
0x00007ffafcbb0000 - 0x00007ffafd81d000 	C:\Program Files\Android\Android Studio\jbr\bin\server\jvm.dll
0x00007ffb72f90000 - 0x00007ffb73040000 	C:\WINDOWS\System32\ADVAPI32.dll
0x00007ffb73df0000 - 0x00007ffb73e96000 	C:\WINDOWS\System32\sechost.dll
0x00007ffb73a60000 - 0x00007ffb73b77000 	C:\WINDOWS\System32\RPCRT4.dll
0x00007ffb6ae80000 - 0x00007ffb6aeb4000 	C:\WINDOWS\SYSTEM32\WINMM.dll
0x00007ffb66ef0000 - 0x00007ffb66efa000 	C:\WINDOWS\SYSTEM32\VERSION.dll
0x00007ffb69590000 - 0x00007ffb69599000 	C:\WINDOWS\SYSTEM32\WSOCK32.dll
0x00007ffb73b80000 - 0x00007ffb73bf1000 	C:\WINDOWS\System32\WS2_32.dll
0x00007ffb71550000 - 0x00007ffb71568000 	C:\WINDOWS\SYSTEM32\kernel.appcore.dll
0x00007ffb6bb70000 - 0x00007ffb6bb7a000 	C:\Program Files\Android\Android Studio\jbr\bin\jimage.dll
0x00007ffb6c3b0000 - 0x00007ffb6c5de000 	C:\WINDOWS\SYSTEM32\DBGHELP.DLL
0x00007ffb74820000 - 0x00007ffb74baa000 	C:\WINDOWS\System32\combase.dll
0x00007ffb73d00000 - 0x00007ffb73dd7000 	C:\WINDOWS\System32\OLEAUT32.dll
0x00007ffb67230000 - 0x00007ffb67262000 	C:\WINDOWS\SYSTEM32\dbgcore.DLL
0x00007ffb72f10000 - 0x00007ffb72f8a000 	C:\WINDOWS\System32\bcryptPrimitives.dll
0x00007ffb4d460000 - 0x00007ffb4d485000 	C:\Program Files\Android\Android Studio\jbr\bin\java.dll
0x00007ffb4d440000 - 0x00007ffb4d458000 	C:\Program Files\Android\Android Studio\jbr\bin\zip.dll
0x00007ffb731f0000 - 0x00007ffb73a48000 	C:\WINDOWS\System32\SHELL32.dll
0x00007ffb704c0000 - 0x00007ffb70db2000 	C:\WINDOWS\SYSTEM32\windows.storage.dll
0x00007ffb70380000 - 0x00007ffb704be000 	C:\WINDOWS\SYSTEM32\wintypes.dll
0x00007ffb74450000 - 0x00007ffb74543000 	C:\WINDOWS\System32\SHCORE.dll
0x00007ffb74190000 - 0x00007ffb741ee000 	C:\WINDOWS\System32\shlwapi.dll
0x00007ffb724e0000 - 0x00007ffb72506000 	C:\WINDOWS\SYSTEM32\profapi.dll
0x00007ffb4d050000 - 0x00007ffb4d069000 	C:\Program Files\Android\Android Studio\jbr\bin\net.dll
0x00007ffb697c0000 - 0x00007ffb698f7000 	C:\WINDOWS\SYSTEM32\WINHTTP.dll
0x00007ffb71a20000 - 0x00007ffb71a89000 	C:\WINDOWS\system32\mswsock.dll
0x00007ffb4a5b0000 - 0x00007ffb4a5c6000 	C:\Program Files\Android\Android Studio\jbr\bin\nio.dll
0x00007ffb4d430000 - 0x00007ffb4d440000 	C:\Program Files\Android\Android Studio\jbr\bin\verify.dll
0x00007ffb5cde0000 - 0x00007ffb5ce07000 	C:\Users\admin\.gradle\native\68d5fa5c4cc2d200863cafc0d521ce42e7d3e7ee720ec0a83991735586a16f82\windows-amd64\native-platform.dll
0x00007ffb368b0000 - 0x00007ffb369f4000 	C:\Users\admin\.gradle\native\e376f236ea51e6404a007f0833ffe2c6e607c4080706a723a18a27aeea778392\windows-amd64\native-platform-file-events.dll
0x00007ffb603e0000 - 0x00007ffb603e9000 	C:\Program Files\Android\Android Studio\jbr\bin\management.dll
0x00007ffb5fb30000 - 0x00007ffb5fb3b000 	C:\Program Files\Android\Android Studio\jbr\bin\management_ext.dll
0x00007ffb74550000 - 0x00007ffb74558000 	C:\WINDOWS\System32\PSAPI.DLL
0x00007ffb71d40000 - 0x00007ffb71d5b000 	C:\WINDOWS\SYSTEM32\CRYPTSP.dll
0x00007ffb71510000 - 0x00007ffb71545000 	C:\WINDOWS\system32\rsaenh.dll
0x00007ffb71ac0000 - 0x00007ffb71aec000 	C:\WINDOWS\SYSTEM32\USERENV.dll
0x00007ffb71e80000 - 0x00007ffb71ea8000 	C:\WINDOWS\SYSTEM32\bcrypt.dll
0x00007ffb71c20000 - 0x00007ffb71c2c000 	C:\WINDOWS\SYSTEM32\CRYPTBASE.dll
0x00007ffb71060000 - 0x00007ffb7108d000 	C:\WINDOWS\SYSTEM32\IPHLPAPI.DLL
0x00007ffb73a50000 - 0x00007ffb73a59000 	C:\WINDOWS\System32\NSI.dll
0x00007ffb6a200000 - 0x00007ffb6a219000 	C:\WINDOWS\SYSTEM32\dhcpcsvc6.DLL
0x00007ffb69cf0000 - 0x00007ffb69d0f000 	C:\WINDOWS\SYSTEM32\dhcpcsvc.DLL
0x00007ffb71090000 - 0x00007ffb71189000 	C:\WINDOWS\SYSTEM32\DNSAPI.dll
0x00007ffb4ca20000 - 0x00007ffb4ca28000 	C:\WINDOWS\system32\wshunix.dll

dbghelp: loaded successfully - version: 4.0.5 - missing functions: none
symbol engine: initialized successfully - sym options: 0x614 - pdb path: .;C:\Program Files\Android\Android Studio\jbr\bin;C:\WINDOWS\SYSTEM32;C:\WINDOWS\WinSxS\amd64_microsoft.windows.common-controls_6595b64144ccf1df_6.0.22621.2361_none_2712ced57382f843;C:\Program Files\Android\Android Studio\jbr\bin\server;C:\Users\admin\.gradle\native\68d5fa5c4cc2d200863cafc0d521ce42e7d3e7ee720ec0a83991735586a16f82\windows-amd64;C:\Users\admin\.gradle\native\e376f236ea51e6404a007f0833ffe2c6e607c4080706a723a18a27aeea778392\windows-amd64

VM Arguments:
jvm_args: --add-opens=java.base/java.util=ALL-UNNAMED --add-opens=java.base/java.lang=ALL-UNNAMED --add-opens=java.base/java.lang.invoke=ALL-UNNAMED --add-opens=java.prefs/java.util.prefs=ALL-UNNAMED --add-opens=java.base/java.nio.charset=ALL-UNNAMED --add-opens=java.base/java.net=ALL-UNNAMED --add-opens=java.base/java.util.concurrent.atomic=ALL-UNNAMED -Xmx2048m -Dfile.encoding=UTF-8 -Duser.country=US -Duser.language=en -Duser.variant 
java_command: org.gradle.launcher.daemon.bootstrap.GradleDaemon 8.0
java_class_path (initial): C:\Users\admin\.gradle\wrapper\dists\gradle-8.0-bin\ca5e32bp14vu59qr306oxotwh\gradle-8.0\lib\gradle-launcher-8.0.jar
Launcher Type: SUN_STANDARD

[Global flags]
     intx CICompilerCount                          = 4                                         {product} {ergonomic}
     uint ConcGCThreads                            = 2                                         {product} {ergonomic}
     uint G1ConcRefinementThreads                  = 8                                         {product} {ergonomic}
   size_t G1HeapRegionSize                         = 1048576                                   {product} {ergonomic}
    uintx GCDrainStackTargetSize                   = 64                                        {product} {ergonomic}
   size_t InitialHeapSize                          = 132120576                                 {product} {ergonomic}
   size_t MarkStackSize                            = 4194304                                   {product} {ergonomic}
   size_t MaxHeapSize                              = 2147483648                                {product} {command line}
   size_t MaxNewSize                               = 1287651328                                {product} {ergonomic}
   size_t MinHeapDeltaBytes                        = 1048576                                   {product} {ergonomic}
   size_t MinHeapSize                              = 8388608                                   {product} {ergonomic}
    uintx NonNMethodCodeHeapSize                   = 5839372                                {pd product} {ergonomic}
    uintx NonProfiledCodeHeapSize                  = 122909434                              {pd product} {ergonomic}
    uintx ProfiledCodeHeapSize                     = 122909434                              {pd product} {ergonomic}
    uintx ReservedCodeCacheSize                    = 251658240                              {pd product} {ergonomic}
     bool SegmentedCodeCache                       = true                                      {product} {ergonomic}
   size_t SoftMaxHeapSize                          = 2147483648                             {manageable} {ergonomic}
     bool UseCompressedClassPointers               = true                           {product lp64_product} {ergonomic}
     bool UseCompressedOops                        = true                           {product lp64_product} {ergonomic}
     bool UseG1GC                                  = true                                      {product} {ergonomic}
     bool UseLargePagesIndividualAllocation        = false                                  {pd product} {ergonomic}

Logging:
Log output configuration:
 #0: stdout all=warning uptime,level,tags
 #1: stderr all=off uptime,level,tags

Environment Variables:
PATH=C:\Program Files (x86)\VMware\VMware Player\bin\;C:\Program Files (x86)\Common Files\Oracle\Java\javapath;C:\Python311\Scripts\;C:\Python311\;C:\WINDOWS\system32;C:\WINDOWS;C:\WINDOWS\System32\Wbem;C:\WINDOWS\System32\WindowsPowerShell\v1.0\;C:\Program Files\Intel\WiFi\bin\;C:\Program Files\Common Files\Intel\WirelessCommon\;C:\WINDOWS\System32\OpenSSH\;C:\Program Files\nodejs\;C:\ProgramData\chocolatey\bin;C:\Program Files\Git\cmd;C:\Program Files\Amazon\AWSCLIV2\;C:\Program Files\PuTTY\;C:\Users\admin\AppData\Local\Microsoft\WindowsApps;C:\Users\admin\AppData\Local\Programs\Microsoft VS Code\bin;C:\Users\admin\AppData\Roaming\npm;C:\adb;C:\WINDOWS\system32;C:\WINDOWS;C:\WINDOWS\System32\Wbem;C:\WINDOWS\System32\WindowsPowerShell\v1.0\;C:\WINDOWS\System32\OpenSSH\;C:\Program Files\Docker\Docker\resources\bin;C:\Program Files\dotnet\;C:\Program Files\Intel\WiFi\bin\;C:\Program Files\Common Files\Intel\WirelessCommon\;C:\Users\admin\AppData\Local\Microsoft\WindowsApps;C:\Users\admin\AppData\Local\Programs\Microsoft VS Code\bin;C:\Users\admin\AppData\Roaming\npm;C:\Users\admin\.virtualenvs\appusers-_0EEPwMV\Scripts\;C:\Program Files (x86)\Nmap;C:\Users\admin\Documents\git\conectorSAP\nwrfcsdk\lib;
USERNAME=admin
OS=Windows_NT
PROCESSOR_IDENTIFIER=Intel64 Family 6 Model 142 Stepping 10, GenuineIntel
TMP=C:\Users\admin\AppData\Local\Temp
TEMP=C:\Users\admin\AppData\Local\Temp



---------------  S Y S T E M  ---------------

OS:
 Windows 11 , 64 bit Build 22621 (10.0.22621.2428)
OS uptime: 19 days 13:05 hours
Hyper-V role detected

CPU: total 8 (initial active 8) (4 cores per cpu, 2 threads per core) family 6 model 142 stepping 10 microcode 0xec, cx8, cmov, fxsr, ht, mmx, 3dnowpref, sse, sse2, sse3, ssse3, sse4.1, sse4.2, popcnt, lzcnt, tsc, tscinvbit, avx, avx2, aes, erms, clmul, bmi1, bmi2, adx, fma, vzeroupper, clflush, clflushopt, hv

Memory: 4k page, system-wide physical 8050M (341M free)
TotalPageFile size 32626M (AvailPageFile size 30M)
current process WorkingSet (physical memory assigned to process): 369M, peak: 369M
current process commit charge ("private bytes"): 404M, peak: 485M

vm_info: OpenJDK 64-Bit Server VM (17.0.6+0-b2043.56-9586694) for windows-amd64 JRE (17.0.6+0-b2043.56-9586694), built on Feb  9 2023 20:06:20 by "androidbuild" with MS VC++ 16.10 / 16.11 (VS2019)

END.
