#
# There is insufficient memory for the Java Runtime Environment to continue.
# Native memory allocation (mmap) failed to map 4194304 bytes for G1 virtual space
# Possible reasons:
#   The system is out of physical RAM or swap space
#   The process is running with CompressedOops enabled, and the Java Heap may be blocking the growth of the native heap
# Possible solutions:
#   Reduce memory load on the system
#   Increase physical memory or swap space
#   Check if swap backing store is full
#   Decrease Java heap size (-Xmx/-Xms)
#   Decrease number of Java threads
#   Decrease Java thread stack sizes (-Xss)
#   Set larger code cache with -XX:ReservedCodeCacheSize=
#   JVM is running with Unscaled Compressed Oops mode in which the Java heap is
#     placed in the first 4GB address space. The Java Heap base address is the
#     maximum limit for the native heap growth. Please use -XX:HeapBaseMinAddress
#     to set the Java Heap base and to place the Java Heap above 4GB virtual address.
# This output file may be truncated or incomplete.
#
#  Out of Memory Error (os_windows.cpp:3769), pid=38008, tid=1252
#
# JRE version: OpenJDK Runtime Environment (17.0.6) (build 17.0.6+0-b2043.56-9586694)
# Java VM: OpenJDK 64-Bit Server VM (17.0.6+0-b2043.56-9586694, mixed mode, tiered, compressed oops, compressed class ptrs, g1 gc, windows-amd64)
# No core dump will be written. Minidumps are not enabled by default on client versions of Windows
#

---------------  S U M M A R Y ------------

Command Line: --add-opens=java.base/java.util=ALL-UNNAMED --add-opens=java.base/java.lang=ALL-UNNAMED --add-opens=java.base/java.lang.invoke=ALL-UNNAMED --add-opens=java.prefs/java.util.prefs=ALL-UNNAMED --add-opens=java.base/java.nio.charset=ALL-UNNAMED --add-opens=java.base/java.net=ALL-UNNAMED --add-opens=java.base/java.util.concurrent.atomic=ALL-UNNAMED -Xmx2048m -Dfile.encoding=UTF-8 -Duser.country=US -Duser.language=en -Duser.variant org.gradle.launcher.daemon.bootstrap.GradleDaemon 8.0

Host: Intel(R) Core(TM) i5-8250U CPU @ 1.60GHz, 8 cores, 7G,  Windows 11 , 64 bit Build 22621 (10.0.22621.2428)
Time: Mon Oct 30 14:42:43 2023 Venezuela Standard Time elapsed time: 14.527388 seconds (0d 0h 0m 14s)

---------------  T H R E A D  ---------------

Current thread (0x000001524d28c050):  VMThread "VM Thread" [stack: 0x0000002ca3800000,0x0000002ca3900000] [id=1252]

Stack: [0x0000002ca3800000,0x0000002ca3900000]
Native frames: (J=compiled Java code, j=interpreted, Vv=VM code, C=native code)
V  [jvm.dll+0x683b4a]
V  [jvm.dll+0x842654]
V  [jvm.dll+0x843dfe]
V  [jvm.dll+0x844463]
V  [jvm.dll+0x249b75]
V  [jvm.dll+0x680a19]
V  [jvm.dll+0x674f0a]
V  [jvm.dll+0x309acb]
V  [jvm.dll+0x310f86]
V  [jvm.dll+0x3608ee]
V  [jvm.dll+0x360b1f]
V  [jvm.dll+0x2dfbf8]
V  [jvm.dll+0x2e2ce6]
V  [jvm.dll+0x2ed478]
V  [jvm.dll+0x322150]
V  [jvm.dll+0x84893b]
V  [jvm.dll+0x849674]
V  [jvm.dll+0x849b8d]
V  [jvm.dll+0x849f64]
V  [jvm.dll+0x84a030]
V  [jvm.dll+0x7f25fa]
V  [jvm.dll+0x682985]
C  [ucrtbase.dll+0x29363]
C  [KERNEL32.DLL+0x1257d]
C  [ntdll.dll+0x5aa78]

VM_Operation (0x0000002ca34ff750): G1Concurrent, mode: safepoint, requested by thread 0x0000015233485a90


---------------  P R O C E S S  ---------------

Threads class SMR info:
_java_thread_list=0x000001525062c710, length=41, elements={
0x00000152334199d0, 0x000001524dc13260, 0x000001524dc140d0, 0x000001524d2a46a0,
0x000001524dc322c0, 0x000001524dc34aa0, 0x000001524dc37b90, 0x000001524dc42270,
0x000001524dc42920, 0x000001524dc4d330, 0x000001524dc3a6e0, 0x000001524dc38060,
0x000001524dc3a210, 0x000001524dc38ed0, 0x000001524dc39d40, 0x000001524dc3abb0,
0x000001524e7b0d70, 0x000001524e7b2a50, 0x000001524e7b4260, 0x000001524e7b1710,
0x000001524e7b55a0, 0x000001524e7b7750, 0x000001524e7b7280, 0x000001524e7b03d0,
0x000001524e7b2580, 0x000001524e7b33f0, 0x000001524e7b4c00, 0x000001524e7b08a0,
0x000001524e7b68e0, 0x000001524e7b38c0, 0x000001524e7b7c20, 0x000001524e7b4730,
0x000001524e7b3d90, 0x000001524e7b1240, 0x000001524e7b1be0, 0x000001524e7b50d0,
0x000001524e7b6db0, 0x000001524e7b5a70, 0x000001524e7b5f40, 0x00000152522c98e0,
0x00000152522c68c0
}

Java Threads: ( => current thread )
  0x00000152334199d0 JavaThread "main" [_thread_blocked, id=27856, stack(0x0000002ca3200000,0x0000002ca3300000)]
  0x000001524dc13260 JavaThread "Reference Handler" daemon [_thread_blocked, id=43432, stack(0x0000002ca3900000,0x0000002ca3a00000)]
  0x000001524dc140d0 JavaThread "Finalizer" daemon [_thread_blocked, id=44804, stack(0x0000002ca3a00000,0x0000002ca3b00000)]
  0x000001524d2a46a0 JavaThread "Signal Dispatcher" daemon [_thread_blocked, id=53484, stack(0x0000002ca3b00000,0x0000002ca3c00000)]
  0x000001524dc322c0 JavaThread "Attach Listener" daemon [_thread_blocked, id=22680, stack(0x0000002ca3c00000,0x0000002ca3d00000)]
  0x000001524dc34aa0 JavaThread "Service Thread" daemon [_thread_blocked, id=43060, stack(0x0000002ca3d00000,0x0000002ca3e00000)]
  0x000001524dc37b90 JavaThread "Monitor Deflation Thread" daemon [_thread_blocked, id=21272, stack(0x0000002ca3e00000,0x0000002ca3f00000)]
  0x000001524dc42270 JavaThread "C2 CompilerThread0" daemon [_thread_blocked, id=9496, stack(0x0000002ca3f00000,0x0000002ca4000000)]
  0x000001524dc42920 JavaThread "C1 CompilerThread0" daemon [_thread_blocked, id=20236, stack(0x0000002ca4000000,0x0000002ca4100000)]
  0x000001524dc4d330 JavaThread "Sweeper thread" daemon [_thread_blocked, id=20796, stack(0x0000002ca4100000,0x0000002ca4200000)]
  0x000001524dc3a6e0 JavaThread "Common-Cleaner" daemon [_thread_blocked, id=28628, stack(0x0000002ca4200000,0x0000002ca4300000)]
  0x000001524dc38060 JavaThread "Notification Thread" daemon [_thread_blocked, id=49540, stack(0x0000002ca4300000,0x0000002ca4400000)]
  0x000001524dc3a210 JavaThread "Daemon health stats" [_thread_blocked, id=15004, stack(0x0000002ca4900000,0x0000002ca4a00000)]
  0x000001524dc38ed0 JavaThread "Incoming local TCP Connector on port 64814" [_thread_in_native, id=1496, stack(0x0000002ca4a00000,0x0000002ca4b00000)]
  0x000001524dc39d40 JavaThread "Daemon periodic checks" [_thread_blocked, id=48956, stack(0x0000002ca4b00000,0x0000002ca4c00000)]
  0x000001524dc3abb0 JavaThread "Daemon" [_thread_blocked, id=42968, stack(0x0000002ca4c00000,0x0000002ca4d00000)]
  0x000001524e7b0d70 JavaThread "Handler for socket connection from /127.0.0.1:64814 to /127.0.0.1:64815" [_thread_in_native, id=10968, stack(0x0000002ca4d00000,0x0000002ca4e00000)]
  0x000001524e7b2a50 JavaThread "Cancel handler" [_thread_blocked, id=41980, stack(0x0000002ca4e00000,0x0000002ca4f00000)]
  0x000001524e7b4260 JavaThread "Daemon worker" [_thread_blocked, id=6948, stack(0x0000002ca4f00000,0x0000002ca5000000)]
  0x000001524e7b1710 JavaThread "Asynchronous log dispatcher for DefaultDaemonConnection: socket connection from /127.0.0.1:64814 to /127.0.0.1:64815" [_thread_blocked, id=15564, stack(0x0000002ca5000000,0x0000002ca5100000)]
  0x000001524e7b55a0 JavaThread "Stdin handler" [_thread_blocked, id=27164, stack(0x0000002ca5100000,0x0000002ca5200000)]
  0x000001524e7b7750 JavaThread "Daemon client event forwarder" [_thread_blocked, id=33272, stack(0x0000002ca5200000,0x0000002ca5300000)]
  0x000001524e7b7280 JavaThread "Cache worker for journal cache (C:\Users\admin\.gradle\caches\journal-1)" [_thread_blocked, id=7076, stack(0x0000002ca5700000,0x0000002ca5800000)]
  0x000001524e7b03d0 JavaThread "File lock request listener" [_thread_in_native, id=50688, stack(0x0000002ca5800000,0x0000002ca5900000)]
  0x000001524e7b2580 JavaThread "Cache worker for file hash cache (C:\Users\admin\.gradle\caches\8.0\fileHashes)" [_thread_blocked, id=22064, stack(0x0000002ca5900000,0x0000002ca5a00000)]
  0x000001524e7b33f0 JavaThread "File watcher server" daemon [_thread_in_native, id=33388, stack(0x0000002ca5a00000,0x0000002ca5b00000)]
  0x000001524e7b4c00 JavaThread "File watcher consumer" daemon [_thread_blocked, id=49632, stack(0x0000002ca5b00000,0x0000002ca5c00000)]
  0x000001524e7b08a0 JavaThread "jar transforms" [_thread_blocked, id=41888, stack(0x0000002ca5c00000,0x0000002ca5d00000)]
  0x000001524e7b68e0 JavaThread "jar transforms Thread 2" [_thread_blocked, id=53748, stack(0x0000002ca5d00000,0x0000002ca5e00000)]
  0x000001524e7b38c0 JavaThread "jar transforms Thread 3" [_thread_blocked, id=28160, stack(0x0000002ca5e00000,0x0000002ca5f00000)]
  0x000001524e7b7c20 JavaThread "jar transforms Thread 4" [_thread_blocked, id=52824, stack(0x0000002ca5f00000,0x0000002ca6000000)]
  0x000001524e7b4730 JavaThread "jar transforms Thread 5" [_thread_blocked, id=28172, stack(0x0000002ca6000000,0x0000002ca6100000)]
  0x000001524e7b3d90 JavaThread "jar transforms Thread 6" [_thread_blocked, id=49188, stack(0x0000002ca6100000,0x0000002ca6200000)]
  0x000001524e7b1240 JavaThread "jar transforms Thread 7" [_thread_blocked, id=34208, stack(0x0000002ca6200000,0x0000002ca6300000)]
  0x000001524e7b1be0 JavaThread "jar transforms Thread 8" [_thread_blocked, id=44900, stack(0x0000002ca6300000,0x0000002ca6400000)]
  0x000001524e7b50d0 JavaThread "Cache worker for checksums cache (C:\Users\admin\AndroidStudioProjects\AppREMAN\.gradle\8.0\checksums)" [_thread_blocked, id=4244, stack(0x0000002ca6500000,0x0000002ca6600000)]
  0x000001524e7b6db0 JavaThread "Cache worker for cache directory md-rule (C:\Users\admin\.gradle\caches\8.0\md-rule)" [_thread_blocked, id=43992, stack(0x0000002ca6600000,0x0000002ca6700000)]
  0x000001524e7b5a70 JavaThread "Cache worker for file content cache (C:\Users\admin\.gradle\caches\8.0\fileContent)" [_thread_blocked, id=12060, stack(0x0000002ca6700000,0x0000002ca6800000)]
  0x000001524e7b5f40 JavaThread "Cache worker for file hash cache (C:\Users\admin\AndroidStudioProjects\AppREMAN\.gradle\8.0\fileHashes)" [_thread_blocked, id=27552, stack(0x0000002ca6800000,0x0000002ca6900000)]
  0x00000152522c98e0 JavaThread "Cache worker for cache directory md-supplier (C:\Users\admin\.gradle\caches\8.0\md-supplier)" [_thread_blocked, id=31324, stack(0x0000002ca6900000,0x0000002ca6a00000)]
  0x00000152522c68c0 JavaThread "Cache worker for execution history cache (C:\Users\admin\.gradle\caches\8.0\executionHistory)" [_thread_blocked, id=33796, stack(0x0000002ca6a00000,0x0000002ca6b00000)]

Other Threads:
=>0x000001524d28c050 VMThread "VM Thread" [stack: 0x0000002ca3800000,0x0000002ca3900000] [id=1252]
  0x000001524ddcf430 WatcherThread [stack: 0x0000002ca4400000,0x0000002ca4500000] [id=24192]
  0x0000015233474b50 GCTaskThread "GC Thread#0" [stack: 0x0000002ca3300000,0x0000002ca3400000] [id=17948]
  0x000001524ea9f010 GCTaskThread "GC Thread#1" [stack: 0x0000002ca4500000,0x0000002ca4600000] [id=23172]
  0x000001524e7e06a0 GCTaskThread "GC Thread#2" [stack: 0x0000002ca4600000,0x0000002ca4700000] [id=33240]
  0x000001524e9e1f90 GCTaskThread "GC Thread#3" [stack: 0x0000002ca4700000,0x0000002ca4800000] [id=28848]
  0x000001524dff8410 GCTaskThread "GC Thread#4" [stack: 0x0000002ca4800000,0x0000002ca4900000] [id=22244]
  0x000001524ea0cfb0 GCTaskThread "GC Thread#5" [stack: 0x0000002ca5300000,0x0000002ca5400000] [id=52092]
  0x000001524ea0d260 GCTaskThread "GC Thread#6" [stack: 0x0000002ca5400000,0x0000002ca5500000] [id=45380]
  0x000001524f299e20 GCTaskThread "GC Thread#7" [stack: 0x0000002ca5500000,0x0000002ca5600000] [id=8500]
  0x0000015233485a90 ConcurrentGCThread "G1 Main Marker" [stack: 0x0000002ca3400000,0x0000002ca3500000] [id=44168]
  0x0000015233486c40 ConcurrentGCThread "G1 Conc#0" [stack: 0x0000002ca3500000,0x0000002ca3600000] [id=53388]
  0x000001524ea069f0 ConcurrentGCThread "G1 Conc#1" [stack: 0x0000002ca5600000,0x0000002ca5700000] [id=18864]
  0x000001524d0e24c0 ConcurrentGCThread "G1 Refine#0" [stack: 0x0000002ca3600000,0x0000002ca3700000] [id=14952]
  0x000001524e9b3430 ConcurrentGCThread "G1 Refine#1" [stack: 0x0000002ca6400000,0x0000002ca6500000] [id=46780]
  0x000001524d0e2ee0 ConcurrentGCThread "G1 Service" [stack: 0x0000002ca3700000,0x0000002ca3800000] [id=16012]

Threads with active compile tasks:
C2 CompilerThread0    14890 4249       4       java.lang.ReflectiveOperationException::<init> (7 bytes)

VM state: at safepoint (normal execution)

VM Mutex/Monitor currently owned by a thread:  ([mutex/lock_event])
[0x0000015233413f50] Threads_lock - owner thread: 0x000001524d28c050
[0x0000015233414100] Heap_lock - owner thread: 0x0000015233485a90

Heap address: 0x0000000080000000, size: 2048 MB, Compressed Oops mode: 32-bit

CDS archive(s) not mapped
Compressed class space mapped at: 0x0000000100000000-0x0000000140000000, reserved size: 1073741824
Narrow klass base: 0x0000000000000000, Narrow klass shift: 3, Narrow klass range: 0x140000000

GC Precious Log:
 CPUs: 8 total, 8 available
 Memory: 8050M
 Large Page Support: Disabled
 NUMA Support: Disabled
 Compressed Oops: Enabled (32-bit)
 Heap Region Size: 1M
 Heap Min Capacity: 8M
 Heap Initial Capacity: 126M
 Heap Max Capacity: 2G
 Pre-touch: Disabled
 Parallel Workers: 8
 Concurrent Workers: 2
 Concurrent Refinement Workers: 8
 Periodic GC: Disabled

Heap:
 garbage-first heap   total 153600K, used 91844K [0x0000000080000000, 0x0000000100000000)
  region size 1024K, 4 young (4096K), 3 survivors (3072K)
 Metaspace       used 48062K, committed 48512K, reserved 1097728K
  class space    used 6264K, committed 6464K, reserved 1048576K

Heap Regions: E=young(eden), S=young(survivor), O=old, HS=humongous(starts), HC=humongous(continues), CS=collection set, F=free, OA=open archive, CA=closed archive, TAMS=top-at-mark-start (previous, next)
|   0|0x0000000080000000, 0x0000000080100000, 0x0000000080100000|100%|HS|  |TAMS 0x0000000080100000, 0x0000000080000000| Complete 
|   1|0x0000000080100000, 0x0000000080200000, 0x0000000080200000|100%|HC|  |TAMS 0x0000000080200000, 0x0000000080100000| Complete 
|   2|0x0000000080200000, 0x0000000080300000, 0x0000000080300000|100%|HC|  |TAMS 0x0000000080300000, 0x0000000080200000| Complete 
|   3|0x0000000080300000, 0x0000000080400000, 0x0000000080400000|100%|HC|  |TAMS 0x0000000080400000, 0x0000000080300000| Complete 
|   4|0x0000000080400000, 0x0000000080500000, 0x0000000080500000|100%| O|  |TAMS 0x0000000080500000, 0x0000000080400000| Untracked 
|   5|0x0000000080500000, 0x0000000080600000, 0x0000000080600000|100%| O|  |TAMS 0x0000000080600000, 0x0000000080500000| Untracked 
|   6|0x0000000080600000, 0x0000000080700000, 0x0000000080700000|100%| O|  |TAMS 0x0000000080700000, 0x0000000080600000| Untracked 
|   7|0x0000000080700000, 0x0000000080800000, 0x0000000080800000|100%| O|  |TAMS 0x0000000080800000, 0x0000000080700000| Untracked 
|   8|0x0000000080800000, 0x0000000080900000, 0x0000000080900000|100%| O|  |TAMS 0x0000000080900000, 0x0000000080800000| Untracked 
|   9|0x0000000080900000, 0x0000000080a00000, 0x0000000080a00000|100%| O|  |TAMS 0x0000000080a00000, 0x0000000080900000| Updating 
|  10|0x0000000080a00000, 0x0000000080b00000, 0x0000000080b00000|100%| O|  |TAMS 0x0000000080b00000, 0x0000000080a00000| Untracked 
|  11|0x0000000080b00000, 0x0000000080b38a00, 0x0000000080c00000| 22%| O|  |TAMS 0x0000000080b38a00, 0x0000000080b00000| Updating 
|  12|0x0000000080c00000, 0x0000000080d00000, 0x0000000080d00000|100%| O|  |TAMS 0x0000000080d00000, 0x0000000080c00000| Updating 
|  13|0x0000000080d00000, 0x0000000080e00000, 0x0000000080e00000|100%| O|  |TAMS 0x0000000080e00000, 0x0000000080d00000| Untracked 
|  14|0x0000000080e00000, 0x0000000080f00000, 0x0000000080f00000|100%| O|  |TAMS 0x0000000080f00000, 0x0000000080e00000| Untracked 
|  15|0x0000000080f00000, 0x0000000081000000, 0x0000000081000000|100%| O|  |TAMS 0x0000000081000000, 0x0000000080f00000| Untracked 
|  16|0x0000000081000000, 0x0000000081100000, 0x0000000081100000|100%| O|  |TAMS 0x0000000081100000, 0x0000000081000000| Untracked 
|  17|0x0000000081100000, 0x0000000081200000, 0x0000000081200000|100%| O|  |TAMS 0x0000000081200000, 0x0000000081100000| Untracked 
|  18|0x0000000081200000, 0x0000000081300000, 0x0000000081300000|100%| O|  |TAMS 0x0000000081300000, 0x0000000081200000| Untracked 
|  19|0x0000000081300000, 0x0000000081400000, 0x0000000081400000|100%|HS|  |TAMS 0x0000000081400000, 0x0000000081300000| Complete 
|  20|0x0000000081400000, 0x0000000081500000, 0x0000000081500000|100%|HC|  |TAMS 0x0000000081500000, 0x0000000081400000| Complete 
|  21|0x0000000081500000, 0x0000000081600000, 0x0000000081600000|100%|HS|  |TAMS 0x0000000081600000, 0x0000000081500000| Complete 
|  22|0x0000000081600000, 0x0000000081700000, 0x0000000081700000|100%|HC|  |TAMS 0x0000000081700000, 0x0000000081600000| Complete 
|  23|0x0000000081700000, 0x0000000081800000, 0x0000000081800000|100%|HC|  |TAMS 0x0000000081800000, 0x0000000081700000| Complete 
|  24|0x0000000081800000, 0x0000000081900000, 0x0000000081900000|100%| O|  |TAMS 0x0000000081900000, 0x0000000081800000| Untracked 
|  25|0x0000000081900000, 0x0000000081a00000, 0x0000000081a00000|100%| O|  |TAMS 0x0000000081a00000, 0x0000000081900000| Untracked 
|  26|0x0000000081a00000, 0x0000000081b00000, 0x0000000081b00000|100%| O|  |TAMS 0x0000000081b00000, 0x0000000081a00000| Untracked 
|  27|0x0000000081b00000, 0x0000000081c00000, 0x0000000081c00000|100%|HS|  |TAMS 0x0000000081c00000, 0x0000000081b00000| Complete 
|  28|0x0000000081c00000, 0x0000000081d00000, 0x0000000081d00000|100%|HC|  |TAMS 0x0000000081d00000, 0x0000000081c00000| Complete 
|  29|0x0000000081d00000, 0x0000000081e00000, 0x0000000081e00000|100%|HC|  |TAMS 0x0000000081e00000, 0x0000000081d00000| Complete 
|  30|0x0000000081e00000, 0x0000000081f00000, 0x0000000081f00000|100%|HS|  |TAMS 0x0000000081f00000, 0x0000000081e00000| Complete 
|  31|0x0000000081f00000, 0x0000000082000000, 0x0000000082000000|100%|HC|  |TAMS 0x0000000082000000, 0x0000000081f00000| Complete 
|  32|0x0000000082000000, 0x0000000082100000, 0x0000000082100000|100%| O|  |TAMS 0x0000000082100000, 0x0000000082000000| Untracked 
|  33|0x0000000082100000, 0x0000000082200000, 0x0000000082200000|100%| O|  |TAMS 0x0000000082200000, 0x0000000082100000| Updating 
|  34|0x0000000082200000, 0x0000000082300000, 0x0000000082300000|100%|HS|  |TAMS 0x0000000082300000, 0x0000000082200000| Complete 
|  35|0x0000000082300000, 0x0000000082400000, 0x0000000082400000|100%|HC|  |TAMS 0x0000000082400000, 0x0000000082300000| Complete 
|  36|0x0000000082400000, 0x0000000082500000, 0x0000000082500000|100%|HC|  |TAMS 0x0000000082500000, 0x0000000082400000| Complete 
|  37|0x0000000082500000, 0x0000000082600000, 0x0000000082600000|100%|HC|  |TAMS 0x0000000082600000, 0x0000000082500000| Complete 
|  38|0x0000000082600000, 0x0000000082700000, 0x0000000082700000|100%|HC|  |TAMS 0x0000000082700000, 0x0000000082600000| Complete 
|  39|0x0000000082700000, 0x0000000082800000, 0x0000000082800000|100%|HC|  |TAMS 0x0000000082800000, 0x0000000082700000| Complete 
|  40|0x0000000082800000, 0x0000000082900000, 0x0000000082900000|100%| O|  |TAMS 0x0000000082900000, 0x0000000082800000| Updating 
|  41|0x0000000082900000, 0x0000000082a00000, 0x0000000082a00000|100%|HS|  |TAMS 0x0000000082a00000, 0x0000000082900000| Complete 
|  42|0x0000000082a00000, 0x0000000082b00000, 0x0000000082b00000|100%|HS|  |TAMS 0x0000000082b00000, 0x0000000082a00000| Complete 
|  43|0x0000000082b00000, 0x0000000082c00000, 0x0000000082c00000|100%|HC|  |TAMS 0x0000000082c00000, 0x0000000082b00000| Complete 
|  44|0x0000000082c00000, 0x0000000082d00000, 0x0000000082d00000|100%|HC|  |TAMS 0x0000000082d00000, 0x0000000082c00000| Complete 
|  45|0x0000000082d00000, 0x0000000082e00000, 0x0000000082e00000|100%|HC|  |TAMS 0x0000000082e00000, 0x0000000082d00000| Complete 
|  46|0x0000000082e00000, 0x0000000082f00000, 0x0000000082f00000|100%|HC|  |TAMS 0x0000000082f00000, 0x0000000082e00000| Complete 
|  47|0x0000000082f00000, 0x0000000083000000, 0x0000000083000000|100%|HC|  |TAMS 0x0000000083000000, 0x0000000082f00000| Complete 
|  48|0x0000000083000000, 0x0000000083100000, 0x0000000083100000|100%|HC|  |TAMS 0x0000000083100000, 0x0000000083000000| Complete 
|  49|0x0000000083100000, 0x0000000083200000, 0x0000000083200000|100%|HC|  |TAMS 0x0000000083200000, 0x0000000083100000| Complete 
|  50|0x0000000083200000, 0x0000000083300000, 0x0000000083300000|100%|HC|  |TAMS 0x0000000083300000, 0x0000000083200000| Complete 
|  51|0x0000000083300000, 0x0000000083400000, 0x0000000083400000|100%|HC|  |TAMS 0x0000000083400000, 0x0000000083300000| Complete 
|  52|0x0000000083400000, 0x0000000083500000, 0x0000000083500000|100%|HS|  |TAMS 0x0000000083500000, 0x0000000083400000| Complete 
|  53|0x0000000083500000, 0x0000000083600000, 0x0000000083600000|100%|HC|  |TAMS 0x0000000083600000, 0x0000000083500000| Complete 
|  54|0x0000000083600000, 0x0000000083700000, 0x0000000083700000|100%| O|  |TAMS 0x0000000083700000, 0x0000000083600000| Untracked 
|  55|0x0000000083700000, 0x0000000083800000, 0x0000000083800000|100%| O|  |TAMS 0x0000000083800000, 0x0000000083700000| Untracked 
|  56|0x0000000083800000, 0x0000000083900000, 0x0000000083900000|100%| O|  |TAMS 0x0000000083900000, 0x0000000083800000| Updating 
|  57|0x0000000083900000, 0x0000000083a00000, 0x0000000083a00000|100%| O|  |TAMS 0x0000000083a00000, 0x0000000083900000| Updating 
|  58|0x0000000083a00000, 0x0000000083b00000, 0x0000000083b00000|100%| O|  |TAMS 0x0000000083b00000, 0x0000000083a00000| Untracked 
|  59|0x0000000083b00000, 0x0000000083c00000, 0x0000000083c00000|100%| O|  |TAMS 0x0000000083c00000, 0x0000000083b00000| Untracked 
|  60|0x0000000083c00000, 0x0000000083d00000, 0x0000000083d00000|100%| O|  |TAMS 0x0000000083d00000, 0x0000000083c00000| Untracked 
|  61|0x0000000083d00000, 0x0000000083e00000, 0x0000000083e00000|100%| O|  |TAMS 0x0000000083e00000, 0x0000000083d00000| Untracked 
|  62|0x0000000083e00000, 0x0000000083f00000, 0x0000000083f00000|100%| O|  |TAMS 0x0000000083f00000, 0x0000000083e00000| Updating 
|  63|0x0000000083f00000, 0x0000000084000000, 0x0000000084000000|100%|HS|  |TAMS 0x0000000084000000, 0x0000000083f00000| Complete 
|  64|0x0000000084000000, 0x0000000084100000, 0x0000000084100000|100%|HC|  |TAMS 0x0000000084100000, 0x0000000084000000| Complete 
|  65|0x0000000084100000, 0x0000000084200000, 0x0000000084200000|100%|HC|  |TAMS 0x0000000084200000, 0x0000000084100000| Complete 
|  66|0x0000000084200000, 0x0000000084300000, 0x0000000084300000|100%|HC|  |TAMS 0x0000000084300000, 0x0000000084200000| Complete 
|  67|0x0000000084300000, 0x0000000084400000, 0x0000000084400000|100%|HC|  |TAMS 0x0000000084400000, 0x0000000084300000| Complete 
|  68|0x0000000084400000, 0x0000000084500000, 0x0000000084500000|100%|HC|  |TAMS 0x0000000084500000, 0x0000000084400000| Complete 
|  69|0x0000000084500000, 0x0000000084600000, 0x0000000084600000|100%|HC|  |TAMS 0x0000000084600000, 0x0000000084500000| Complete 
|  70|0x0000000084600000, 0x0000000084700000, 0x0000000084700000|100%|HC|  |TAMS 0x0000000084700000, 0x0000000084600000| Complete 
|  71|0x0000000084700000, 0x0000000084800000, 0x0000000084800000|100%|HC|  |TAMS 0x0000000084800000, 0x0000000084700000| Complete 
|  72|0x0000000084800000, 0x0000000084900000, 0x0000000084900000|100%|HC|  |TAMS 0x0000000084900000, 0x0000000084800000| Complete 
|  73|0x0000000084900000, 0x0000000084a00000, 0x0000000084a00000|100%|HC|  |TAMS 0x0000000084a00000, 0x0000000084900000| Complete 
|  74|0x0000000084a00000, 0x0000000084b00000, 0x0000000084b00000|100%| O|  |TAMS 0x0000000084b00000, 0x0000000084a00000| Untracked 
|  75|0x0000000084b00000, 0x0000000084c00000, 0x0000000084c00000|100%| O|  |TAMS 0x0000000084b2b800, 0x0000000084b00000| Untracked 
|  76|0x0000000084c00000, 0x0000000084d00000, 0x0000000084d00000|100%|HS|  |TAMS 0x0000000084d00000, 0x0000000084c00000| Complete 
|  77|0x0000000084d00000, 0x0000000084e00000, 0x0000000084e00000|100%|HC|  |TAMS 0x0000000084e00000, 0x0000000084d00000| Complete 
|  78|0x0000000084e00000, 0x0000000084f00000, 0x0000000084f00000|100%|HS|  |TAMS 0x0000000084f00000, 0x0000000084e00000| Complete 
|  79|0x0000000084f00000, 0x0000000085000000, 0x0000000085000000|100%|HC|  |TAMS 0x0000000085000000, 0x0000000084f00000| Complete 
|  80|0x0000000085000000, 0x0000000085100000, 0x0000000085100000|100%|HC|  |TAMS 0x0000000085100000, 0x0000000085000000| Complete 
|  81|0x0000000085100000, 0x0000000085200000, 0x0000000085200000|100%|HS|  |TAMS 0x0000000085200000, 0x0000000085100000| Complete 
|  82|0x0000000085200000, 0x0000000085300000, 0x0000000085300000|100%|HC|  |TAMS 0x0000000085300000, 0x0000000085200000| Complete 
|  83|0x0000000085300000, 0x0000000085400000, 0x0000000085400000|100%|HS|  |TAMS 0x0000000085400000, 0x0000000085300000| Complete 
|  84|0x0000000085400000, 0x0000000085500000, 0x0000000085500000|100%|HC|  |TAMS 0x0000000085500000, 0x0000000085400000| Complete 
|  85|0x0000000085500000, 0x0000000085600000, 0x0000000085600000|100%|HC|  |TAMS 0x0000000085600000, 0x0000000085500000| Complete 
|  86|0x0000000085600000, 0x00000000856c9600, 0x0000000085700000| 78%| O|  |TAMS 0x0000000085600000, 0x0000000085600000| Updating 
|  87|0x0000000085700000, 0x0000000085800000, 0x0000000085800000|100%|HS|  |TAMS 0x0000000085700000, 0x0000000085700000| Complete 
|  88|0x0000000085800000, 0x0000000085800000, 0x0000000085900000|  0%| F|  |TAMS 0x0000000085800000, 0x0000000085800000| Untracked 
|  89|0x0000000085900000, 0x0000000085900000, 0x0000000085a00000|  0%| F|  |TAMS 0x0000000085900000, 0x0000000085900000| Untracked 
|  90|0x0000000085a00000, 0x0000000085a00000, 0x0000000085b00000|  0%| F|  |TAMS 0x0000000085a00000, 0x0000000085a00000| Untracked 
|  91|0x0000000085b00000, 0x0000000085b00000, 0x0000000085c00000|  0%| F|  |TAMS 0x0000000085b00000, 0x0000000085b00000| Untracked 
|  92|0x0000000085c00000, 0x0000000085c00000, 0x0000000085d00000|  0%| F|  |TAMS 0x0000000085c00000, 0x0000000085c00000| Untracked 
|  93|0x0000000085d00000, 0x0000000085d00000, 0x0000000085e00000|  0%| F|  |TAMS 0x0000000085d00000, 0x0000000085d00000| Untracked 
|  94|0x0000000085e00000, 0x0000000085e00000, 0x0000000085f00000|  0%| F|  |TAMS 0x0000000085e00000, 0x0000000085e00000| Untracked 
|  95|0x0000000085f00000, 0x0000000085f00000, 0x0000000086000000|  0%| F|  |TAMS 0x0000000085f00000, 0x0000000085f00000| Untracked 
|  96|0x0000000086000000, 0x0000000086000000, 0x0000000086100000|  0%| F|  |TAMS 0x0000000086000000, 0x0000000086000000| Untracked 
|  97|0x0000000086100000, 0x0000000086100000, 0x0000000086200000|  0%| F|  |TAMS 0x0000000086100000, 0x0000000086100000| Untracked 
|  98|0x0000000086200000, 0x0000000086200000, 0x0000000086300000|  0%| F|  |TAMS 0x0000000086200000, 0x0000000086200000| Untracked 
|  99|0x0000000086300000, 0x0000000086300000, 0x0000000086400000|  0%| F|  |TAMS 0x0000000086300000, 0x0000000086300000| Untracked 
| 100|0x0000000086400000, 0x0000000086400000, 0x0000000086500000|  0%| F|  |TAMS 0x0000000086400000, 0x0000000086400000| Untracked 
| 101|0x0000000086500000, 0x0000000086500000, 0x0000000086600000|  0%| F|  |TAMS 0x0000000086500000, 0x0000000086500000| Untracked 
| 102|0x0000000086600000, 0x0000000086600000, 0x0000000086700000|  0%| F|  |TAMS 0x0000000086600000, 0x0000000086600000| Untracked 
| 103|0x0000000086700000, 0x0000000086700000, 0x0000000086800000|  0%| F|  |TAMS 0x0000000086700000, 0x0000000086700000| Untracked 
| 104|0x0000000086800000, 0x0000000086800000, 0x0000000086900000|  0%| F|  |TAMS 0x0000000086800000, 0x0000000086800000| Untracked 
| 105|0x0000000086900000, 0x0000000086900000, 0x0000000086a00000|  0%| F|  |TAMS 0x0000000086900000, 0x0000000086900000| Untracked 
| 106|0x0000000086a00000, 0x0000000086a00000, 0x0000000086b00000|  0%| F|  |TAMS 0x0000000086a00000, 0x0000000086a00000| Untracked 
| 107|0x0000000086b00000, 0x0000000086b00000, 0x0000000086c00000|  0%| F|  |TAMS 0x0000000086b00000, 0x0000000086b00000| Untracked 
| 108|0x0000000086c00000, 0x0000000086c00000, 0x0000000086d00000|  0%| F|  |TAMS 0x0000000086c00000, 0x0000000086c00000| Untracked 
| 109|0x0000000086d00000, 0x0000000086d00000, 0x0000000086e00000|  0%| F|  |TAMS 0x0000000086d00000, 0x0000000086d00000| Untracked 
| 110|0x0000000086e00000, 0x0000000086e00000, 0x0000000086f00000|  0%| F|  |TAMS 0x0000000086e00000, 0x0000000086e00000| Untracked 
| 111|0x0000000086f00000, 0x0000000086f00000, 0x0000000087000000|  0%| F|  |TAMS 0x0000000086f00000, 0x0000000086f00000| Untracked 
| 112|0x0000000087000000, 0x0000000087000000, 0x0000000087100000|  0%| F|  |TAMS 0x0000000087000000, 0x0000000087000000| Untracked 
| 113|0x0000000087100000, 0x0000000087100000, 0x0000000087200000|  0%| F|  |TAMS 0x0000000087100000, 0x0000000087100000| Untracked 
| 114|0x0000000087200000, 0x0000000087200000, 0x0000000087300000|  0%| F|  |TAMS 0x0000000087200000, 0x0000000087200000| Untracked 
| 115|0x0000000087300000, 0x0000000087300000, 0x0000000087400000|  0%| F|  |TAMS 0x0000000087300000, 0x0000000087300000| Untracked 
| 116|0x0000000087400000, 0x0000000087400000, 0x0000000087500000|  0%| F|  |TAMS 0x0000000087400000, 0x0000000087400000| Untracked 
| 117|0x0000000087500000, 0x0000000087500000, 0x0000000087600000|  0%| F|  |TAMS 0x0000000087500000, 0x0000000087500000| Untracked 
| 118|0x0000000087600000, 0x0000000087600000, 0x0000000087700000|  0%| F|  |TAMS 0x0000000087600000, 0x0000000087600000| Untracked 
| 119|0x0000000087700000, 0x0000000087700000, 0x0000000087800000|  0%| F|  |TAMS 0x0000000087700000, 0x0000000087700000| Untracked 
| 120|0x0000000087800000, 0x0000000087800000, 0x0000000087900000|  0%| F|  |TAMS 0x0000000087800000, 0x0000000087800000| Untracked 
| 121|0x0000000087900000, 0x0000000087900000, 0x0000000087a00000|  0%| F|  |TAMS 0x0000000087900000, 0x0000000087900000| Untracked 
| 122|0x0000000087a00000, 0x0000000087a00000, 0x0000000087b00000|  0%| F|  |TAMS 0x0000000087a00000, 0x0000000087a00000| Untracked 
| 123|0x0000000087b00000, 0x0000000087b00000, 0x0000000087c00000|  0%| F|  |TAMS 0x0000000087b00000, 0x0000000087b00000| Untracked 
| 124|0x0000000087c00000, 0x0000000087c00000, 0x0000000087d00000|  0%| F|  |TAMS 0x0000000087c00000, 0x0000000087c00000| Untracked 
| 125|0x0000000087d00000, 0x0000000087d00000, 0x0000000087e00000|  0%| F|  |TAMS 0x0000000087d00000, 0x0000000087d00000| Untracked 
| 126|0x0000000087e00000, 0x0000000087e00000, 0x0000000087f00000|  0%| F|  |TAMS 0x0000000087e00000, 0x0000000087e00000| Untracked 
| 127|0x0000000087f00000, 0x0000000087f00000, 0x0000000088000000|  0%| F|  |TAMS 0x0000000087f00000, 0x0000000087f00000| Untracked 
| 128|0x0000000088000000, 0x0000000088000000, 0x0000000088100000|  0%| F|  |TAMS 0x0000000088000000, 0x0000000088000000| Untracked 
| 129|0x0000000088100000, 0x0000000088100000, 0x0000000088200000|  0%| F|  |TAMS 0x0000000088100000, 0x0000000088100000| Untracked 
| 130|0x0000000088200000, 0x0000000088200000, 0x0000000088300000|  0%| F|  |TAMS 0x0000000088200000, 0x0000000088200000| Untracked 
| 131|0x0000000088300000, 0x0000000088300000, 0x0000000088400000|  0%| F|  |TAMS 0x0000000088300000, 0x0000000088300000| Untracked 
| 132|0x0000000088400000, 0x0000000088400000, 0x0000000088500000|  0%| F|  |TAMS 0x0000000088400000, 0x0000000088400000| Untracked 
| 133|0x0000000088500000, 0x00000000885af3f0, 0x0000000088600000| 68%| S|CS|TAMS 0x0000000088500000, 0x0000000088500000| Complete 
| 134|0x0000000088600000, 0x0000000088600000, 0x0000000088700000|  0%| F|  |TAMS 0x0000000088600000, 0x0000000088600000| Untracked 
| 135|0x0000000088700000, 0x0000000088800000, 0x0000000088800000|100%| S|CS|TAMS 0x0000000088700000, 0x0000000088700000| Complete 
| 136|0x0000000088800000, 0x0000000088900000, 0x0000000088900000|100%| S|CS|TAMS 0x0000000088800000, 0x0000000088800000| Complete 
| 137|0x0000000088900000, 0x0000000088900000, 0x0000000088a00000|  0%| F|  |TAMS 0x0000000088900000, 0x0000000088900000| Untracked 
| 138|0x0000000088a00000, 0x0000000088a00000, 0x0000000088b00000|  0%| F|  |TAMS 0x0000000088a00000, 0x0000000088a00000| Untracked 
| 139|0x0000000088b00000, 0x0000000088b00000, 0x0000000088c00000|  0%| F|  |TAMS 0x0000000088b00000, 0x0000000088b00000| Untracked 
| 140|0x0000000088c00000, 0x0000000088c00000, 0x0000000088d00000|  0%| F|  |TAMS 0x0000000088c00000, 0x0000000088c00000| Untracked 
| 141|0x0000000088d00000, 0x0000000088d00000, 0x0000000088e00000|  0%| F|  |TAMS 0x0000000088d00000, 0x0000000088d00000| Untracked 
| 142|0x0000000088e00000, 0x0000000088e00000, 0x0000000088f00000|  0%| F|  |TAMS 0x0000000088e00000, 0x0000000088e00000| Untracked 
| 143|0x0000000088f00000, 0x0000000088f00000, 0x0000000089000000|  0%| F|  |TAMS 0x0000000088f00000, 0x0000000088f00000| Untracked 
| 144|0x0000000089000000, 0x0000000089000000, 0x0000000089100000|  0%| F|  |TAMS 0x0000000089000000, 0x0000000089000000| Untracked 
| 145|0x0000000089100000, 0x0000000089100000, 0x0000000089200000|  0%| F|  |TAMS 0x0000000089100000, 0x0000000089100000| Untracked 
| 146|0x0000000089200000, 0x0000000089200000, 0x0000000089300000|  0%| F|  |TAMS 0x0000000089200000, 0x0000000089200000| Untracked 
| 147|0x0000000089300000, 0x0000000089300000, 0x0000000089400000|  0%| F|  |TAMS 0x0000000089300000, 0x0000000089300000| Untracked 
| 148|0x0000000089400000, 0x0000000089400000, 0x0000000089500000|  0%| F|  |TAMS 0x0000000089400000, 0x0000000089400000| Untracked 
| 149|0x0000000089500000, 0x00000000895f8010, 0x0000000089600000| 96%| E|  |TAMS 0x0000000089500000, 0x0000000089500000| Complete 

Card table byte_map: [0x0000015246010000,0x0000015246410000] _byte_map_base: 0x0000015245c10000

Marking Bits (Prev, Next): (CMBitMap*) 0x0000015233475160, (CMBitMap*) 0x00000152334751a0
 Prev Bits: [0x0000015246810000, 0x0000015248810000)
 Next Bits: [0x0000015248810000, 0x000001524a810000)

Polling page: 0x0000015232be0000

Metaspace:

Usage:
  Non-class:     40.82 MB used.
      Class:      6.12 MB used.
       Both:     46.94 MB used.

Virtual space:
  Non-class space:       48.00 MB reserved,      41.06 MB ( 86%) committed,  6 nodes.
      Class space:        1.00 GB reserved,       6.31 MB ( <1%) committed,  1 nodes.
             Both:        1.05 GB reserved,      47.38 MB (  4%) committed. 

Chunk freelists:
   Non-Class:  2.78 MB
       Class:  1.52 MB
        Both:  4.30 MB

MaxMetaspaceSize: unlimited
CompressedClassSpaceSize: 1.00 GB
Initial GC threshold: 21.00 MB
Current GC threshold: 76.56 MB
CDS: off
MetaspaceReclaimPolicy: balanced
 - commit_granule_bytes: 65536.
 - commit_granule_words: 8192.
 - virtual_space_node_default_size: 1048576.
 - enlarge_chunks_in_place: 1.
 - new_chunks_are_fully_committed: 0.
 - uncommit_free_chunks: 1.
 - use_allocation_guard: 0.
 - handle_deallocations: 1.


Internal statistics:

num_allocs_failed_limit: 3.
num_arena_births: 454.
num_arena_deaths: 0.
num_vsnodes_births: 7.
num_vsnodes_deaths: 0.
num_space_committed: 758.
num_space_uncommitted: 0.
num_chunks_returned_to_freelist: 3.
num_chunks_taken_from_freelist: 1947.
num_chunk_merges: 3.
num_chunk_splits: 1260.
num_chunks_enlarged: 849.
num_purges: 0.
num_inconsistent_stats: 0.

CodeHeap 'non-profiled nmethods': size=120000Kb used=2081Kb max_used=2081Kb free=117918Kb
 bounds [0x000001523e3b0000, 0x000001523e620000, 0x00000152458e0000]
CodeHeap 'profiled nmethods': size=120000Kb used=8790Kb max_used=8790Kb free=111210Kb
 bounds [0x00000152368e0000, 0x0000015237180000, 0x000001523de10000]
CodeHeap 'non-nmethods': size=5760Kb used=2300Kb max_used=2363Kb free=3459Kb
 bounds [0x000001523de10000, 0x000001523e080000, 0x000001523e3b0000]
 total_blobs=5088 nmethods=4276 adapters=724
 compilation: enabled
              stopped_count=0, restarted_count=0
 full_count=0

Compilation events (20 events):
Event: 14.400 Thread 0x000001524dc42920 4342       3       com.google.common.collect.MapMakerInternalMap$StrongKeyWeakValueSegment::self (5 bytes)
Event: 14.401 Thread 0x000001524dc42920 nmethod 4342 0x0000015237172510 code [0x00000152371726a0, 0x0000015237172818]
Event: 14.401 Thread 0x000001524dc42920 4343       3       com.google.common.collect.MapMakerInternalMap$StrongKeyWeakValueSegment::self (2 bytes)
Event: 14.401 Thread 0x000001524dc42920 nmethod 4343 0x0000015237172910 code [0x0000015237172aa0, 0x0000015237172bb8]
Event: 14.403 Thread 0x000001524dc42920 4344       3       java.lang.invoke.BoundMethodHandle$Species_L::<init> (12 bytes)
Event: 14.403 Thread 0x000001524dc42920 nmethod 4344 0x0000015237172c90 code [0x0000015237172e40, 0x0000015237173068]
Event: 14.409 Thread 0x000001524dc42920 4345       3       com.google.common.collect.MapMakerInternalMap$Segment::getEntry (80 bytes)
Event: 14.410 Thread 0x000001524dc42920 nmethod 4345 0x0000015237173190 code [0x0000015237173440, 0x0000015237174488]
Event: 14.422 Thread 0x000001524dc42920 4347       1       com.google.common.collect.MapMakerInternalMap$AbstractStrongKeyEntry::getKey (5 bytes)
Event: 14.422 Thread 0x000001524dc42920 nmethod 4347 0x000001523e5b2f10 code [0x000001523e5b30a0, 0x000001523e5b3178]
Event: 14.424 Thread 0x000001524dc42920 4348       3       jdk.internal.jimage.BasicImageReader::verifyLocation (39 bytes)
Event: 14.424 Thread 0x000001524dc42920 nmethod 4348 0x0000015237174910 code [0x0000015237174ae0, 0x0000015237174da8]
Event: 14.425 Thread 0x000001524dc42920 4349       3       java.lang.Character::isJavaIdentifierPart (9 bytes)
Event: 14.425 Thread 0x000001524dc42920 nmethod 4349 0x0000015237174e90 code [0x0000015237175040, 0x0000015237175238]
Event: 14.425 Thread 0x000001524dc42920 4350       3       java.lang.CharacterDataLatin1::isJavaIdentifierPart (20 bytes)
Event: 14.426 Thread 0x000001524dc42920 nmethod 4350 0x0000015237175310 code [0x00000152371754c0, 0x00000152371756d8]
Event: 14.502 Thread 0x000001524dc42270 nmethod 4273 0x000001523e5b3210 code [0x000001523e5b3520, 0x000001523e5b6428]
Event: 14.502 Thread 0x000001524dc42270 4248       4       java.lang.Throwable::<init> (39 bytes)
Event: 14.512 Thread 0x000001524dc42270 nmethod 4248 0x000001523e5b7a10 code [0x000001523e5b7bc0, 0x000001523e5b8448]
Event: 14.512 Thread 0x000001524dc42270 4249       4       java.lang.ReflectiveOperationException::<init> (7 bytes)

GC Heap History (20 events):
Event: 10.013 GC heap before
{Heap before GC invocations=13 (full 0):
 garbage-first heap   total 96256K, used 74803K [0x0000000080000000, 0x0000000100000000)
  region size 1024K, 22 young (22528K), 1 survivors (1024K)
 Metaspace       used 32407K, committed 32832K, reserved 1081344K
  class space    used 4463K, committed 4672K, reserved 1048576K
}
Event: 10.017 GC heap after
{Heap after GC invocations=14 (full 0):
 garbage-first heap   total 96256K, used 56276K [0x0000000080000000, 0x0000000100000000)
  region size 1024K, 3 young (3072K), 3 survivors (3072K)
 Metaspace       used 32407K, committed 32832K, reserved 1081344K
  class space    used 4463K, committed 4672K, reserved 1048576K
}
Event: 11.041 GC heap before
{Heap before GC invocations=14 (full 0):
 garbage-first heap   total 96256K, used 76756K [0x0000000080000000, 0x0000000100000000)
  region size 1024K, 23 young (23552K), 3 survivors (3072K)
 Metaspace       used 35729K, committed 36096K, reserved 1081344K
  class space    used 4961K, committed 5120K, reserved 1048576K
}
Event: 11.045 GC heap after
{Heap after GC invocations=15 (full 0):
 garbage-first heap   total 96256K, used 57492K [0x0000000080000000, 0x0000000100000000)
  region size 1024K, 1 young (1024K), 1 survivors (1024K)
 Metaspace       used 35729K, committed 36096K, reserved 1081344K
  class space    used 4961K, committed 5120K, reserved 1048576K
}
Event: 11.978 GC heap before
{Heap before GC invocations=16 (full 0):
 garbage-first heap   total 99328K, used 76948K [0x0000000080000000, 0x0000000100000000)
  region size 1024K, 21 young (21504K), 1 survivors (1024K)
 Metaspace       used 41463K, committed 41856K, reserved 1089536K
  class space    used 5546K, committed 5760K, reserved 1048576K
}
Event: 11.985 GC heap after
{Heap after GC invocations=17 (full 0):
 garbage-first heap   total 99328K, used 61114K [0x0000000080000000, 0x0000000100000000)
  region size 1024K, 3 young (3072K), 3 survivors (3072K)
 Metaspace       used 41463K, committed 41856K, reserved 1089536K
  class space    used 5546K, committed 5760K, reserved 1048576K
}
Event: 12.253 GC heap before
{Heap before GC invocations=17 (full 0):
 garbage-first heap   total 99328K, used 80570K [0x0000000080000000, 0x0000000100000000)
  region size 1024K, 22 young (22528K), 3 survivors (3072K)
 Metaspace       used 41940K, committed 42304K, reserved 1089536K
  class space    used 5590K, committed 5760K, reserved 1048576K
}
Event: 12.261 GC heap after
{Heap after GC invocations=18 (full 0):
 garbage-first heap   total 99328K, used 62968K [0x0000000080000000, 0x0000000100000000)
  region size 1024K, 2 young (2048K), 2 survivors (2048K)
 Metaspace       used 41940K, committed 42304K, reserved 1089536K
  class space    used 5590K, committed 5760K, reserved 1048576K
}
Event: 12.353 GC heap before
{Heap before GC invocations=19 (full 0):
 garbage-first heap   total 109568K, used 65016K [0x0000000080000000, 0x0000000100000000)
  region size 1024K, 6 young (6144K), 2 survivors (2048K)
 Metaspace       used 42146K, committed 42560K, reserved 1089536K
  class space    used 5607K, committed 5824K, reserved 1048576K
}
Event: 12.356 GC heap after
{Heap after GC invocations=20 (full 0):
 garbage-first heap   total 109568K, used 64084K [0x0000000080000000, 0x0000000100000000)
  region size 1024K, 2 young (2048K), 2 survivors (2048K)
 Metaspace       used 42146K, committed 42560K, reserved 1089536K
  class space    used 5607K, committed 5824K, reserved 1048576K
}
Event: 13.347 GC heap before
{Heap before GC invocations=21 (full 0):
 garbage-first heap   total 117760K, used 88660K [0x0000000080000000, 0x0000000100000000)
  region size 1024K, 23 young (23552K), 2 survivors (2048K)
 Metaspace       used 45763K, committed 46144K, reserved 1089536K
  class space    used 6041K, committed 6208K, reserved 1048576K
}
Event: 13.353 GC heap after
{Heap after GC invocations=22 (full 0):
 garbage-first heap   total 141312K, used 64968K [0x0000000080000000, 0x0000000100000000)
  region size 1024K, 2 young (2048K), 2 survivors (2048K)
 Metaspace       used 45763K, committed 46144K, reserved 1089536K
  class space    used 6041K, committed 6208K, reserved 1048576K
}
Event: 13.795 GC heap before
{Heap before GC invocations=22 (full 0):
 garbage-first heap   total 141312K, used 74184K [0x0000000080000000, 0x0000000100000000)
  region size 1024K, 13 young (13312K), 2 survivors (2048K)
 Metaspace       used 46590K, committed 47040K, reserved 1089536K
  class space    used 6175K, committed 6400K, reserved 1048576K
}
Event: 13.801 GC heap after
{Heap after GC invocations=23 (full 0):
 garbage-first heap   total 141312K, used 66661K [0x0000000080000000, 0x0000000100000000)
  region size 1024K, 4 young (4096K), 4 survivors (4096K)
 Metaspace       used 46590K, committed 47040K, reserved 1089536K
  class space    used 6175K, committed 6400K, reserved 1048576K
}
Event: 13.985 GC heap before
{Heap before GC invocations=24 (full 0):
 garbage-first heap   total 141312K, used 77925K [0x0000000080000000, 0x0000000100000000)
  region size 1024K, 5 young (5120K), 4 survivors (4096K)
 Metaspace       used 46590K, committed 47040K, reserved 1089536K
  class space    used 6175K, committed 6400K, reserved 1048576K
}
Event: 13.990 GC heap after
{Heap after GC invocations=25 (full 0):
 garbage-first heap   total 141312K, used 78156K [0x0000000080000000, 0x0000000100000000)
  region size 1024K, 2 young (2048K), 2 survivors (2048K)
 Metaspace       used 46590K, committed 47040K, reserved 1089536K
  class space    used 6175K, committed 6400K, reserved 1048576K
}
Event: 14.076 GC heap before
{Heap before GC invocations=26 (full 0):
 garbage-first heap   total 143360K, used 83276K [0x0000000080000000, 0x0000000100000000)
  region size 1024K, 3 young (3072K), 2 survivors (2048K)
 Metaspace       used 46590K, committed 47040K, reserved 1089536K
  class space    used 6175K, committed 6400K, reserved 1048576K
}
Event: 14.079 GC heap after
{Heap after GC invocations=27 (full 0):
 garbage-first heap   total 143360K, used 83640K [0x0000000080000000, 0x0000000100000000)
  region size 1024K, 3 young (3072K), 3 survivors (3072K)
 Metaspace       used 46590K, committed 47040K, reserved 1089536K
  class space    used 6175K, committed 6400K, reserved 1048576K
}
Event: 14.461 GC heap before
{Heap before GC invocations=28 (full 0):
 garbage-first heap   total 153600K, used 97976K [0x0000000080000000, 0x0000000100000000)
  region size 1024K, 14 young (14336K), 3 survivors (3072K)
 Metaspace       used 47304K, committed 47744K, reserved 1097728K
  class space    used 6259K, committed 6464K, reserved 1048576K
}
Event: 14.465 GC heap after
{Heap after GC invocations=29 (full 0):
 garbage-first heap   total 153600K, used 90820K [0x0000000080000000, 0x0000000100000000)
  region size 1024K, 3 young (3072K), 3 survivors (3072K)
 Metaspace       used 47304K, committed 47744K, reserved 1097728K
  class space    used 6259K, committed 6464K, reserved 1048576K
}

Dll operation events (2 events):
Event: 0.022 Loaded shared library C:\Program Files\Android\Android Studio\jbr\bin\java.dll
Event: 1.133 Loaded shared library C:\Program Files\Android\Android Studio\jbr\bin\verify.dll

Deoptimization events (20 events):
Event: 13.991 Thread 0x000001524e7b4260 DEOPT PACKING pc=0x00000152369a4813 sp=0x0000002ca4ff8af0
Event: 13.991 Thread 0x000001524e7b4260 DEOPT UNPACKING pc=0x000001523de67143 sp=0x0000002ca4ff8080 mode 0
Event: 14.068 Thread 0x000001524e7b4260 DEOPT PACKING pc=0x00000152369a4813 sp=0x0000002ca4ff8af0
Event: 14.068 Thread 0x000001524e7b4260 DEOPT UNPACKING pc=0x000001523de67143 sp=0x0000002ca4ff8080 mode 0
Event: 14.102 Thread 0x000001524e7b4260 DEOPT PACKING pc=0x00000152369a4813 sp=0x0000002ca4ff8af0
Event: 14.102 Thread 0x000001524e7b4260 DEOPT UNPACKING pc=0x000001523de67143 sp=0x0000002ca4ff8080 mode 0
Event: 14.156 Thread 0x000001524e7b4260 DEOPT PACKING pc=0x00000152369a4813 sp=0x0000002ca4ff8af0
Event: 14.156 Thread 0x000001524e7b4260 DEOPT UNPACKING pc=0x000001523de67143 sp=0x0000002ca4ff8080 mode 0
Event: 14.163 Thread 0x000001524e7b4260 Uncommon trap: trap_request=0xffffff45 fr.pc=0x000001523e4dd71c relative=0x00000000000044fc
Event: 14.163 Thread 0x000001524e7b4260 Uncommon trap: reason=unstable_if action=reinterpret pc=0x000001523e4dd71c method=java.lang.StringLatin1.regionMatchesCI([BI[BII)Z @ 72 c2
Event: 14.163 Thread 0x000001524e7b4260 DEOPT PACKING pc=0x000001523e4dd71c sp=0x0000002ca4ff9400
Event: 14.163 Thread 0x000001524e7b4260 DEOPT UNPACKING pc=0x000001523de669a3 sp=0x0000002ca4ff91b8 mode 2
Event: 14.163 Thread 0x000001524e7b4260 Uncommon trap: trap_request=0xffffff45 fr.pc=0x000001523e481c48 relative=0x0000000000000688
Event: 14.163 Thread 0x000001524e7b4260 Uncommon trap: reason=unstable_if action=reinterpret pc=0x000001523e481c48 method=java.lang.StringLatin1.regionMatchesCI([BI[BII)Z @ 72 c2
Event: 14.163 Thread 0x000001524e7b4260 DEOPT PACKING pc=0x000001523e481c48 sp=0x0000002ca4ff9280
Event: 14.163 Thread 0x000001524e7b4260 DEOPT UNPACKING pc=0x000001523de669a3 sp=0x0000002ca4ff9148 mode 2
Event: 14.243 Thread 0x000001524e7b4260 Uncommon trap: trap_request=0xffffffde fr.pc=0x000001523e5685d8 relative=0x0000000000001658
Event: 14.243 Thread 0x000001524e7b4260 Uncommon trap: reason=class_check action=maybe_recompile pc=0x000001523e5685d8 method=java.util.WeakHashMap.matchesKey(Ljava/util/WeakHashMap$Entry;Ljava/lang/Object;)Z @ 21 c2
Event: 14.243 Thread 0x000001524e7b4260 DEOPT PACKING pc=0x000001523e5685d8 sp=0x0000002ca4ff7f20
Event: 14.243 Thread 0x000001524e7b4260 DEOPT UNPACKING pc=0x000001523de669a3 sp=0x0000002ca4ff7ea0 mode 2

Classes unloaded (0 events):
No events

Classes redefined (0 events):
No events

Internal exceptions (20 events):
Event: 14.286 Thread 0x000001524e7b4260 Exception <a 'java/lang/ClassNotFoundException'{0x00000000893f92b0}: org/gradle/internal/service/DefaultServiceRegistryCustomizer> (0x00000000893f92b0) 
thrown [s\src\hotspot\share\classfile\systemDictionary.cpp, line 256]
Event: 14.290 Thread 0x000001524e7b4260 Exception <a 'java/lang/ClassNotFoundException'{0x000000008921d1f0}: org/gradle/internal/service/scopes/GradleScopeServicesCustomizer> (0x000000008921d1f0) 
thrown [s\src\hotspot\share\classfile\systemDictionary.cpp, line 256]
Event: 14.296 Thread 0x000001524e7b4260 Exception <a 'java/lang/ClassNotFoundException'{0x000000008924ada8}: org/gradle/util/GradleVersionBeanInfo> (0x000000008924ada8) 
thrown [s\src\hotspot\share\classfile\systemDictionary.cpp, line 256]
Event: 14.298 Thread 0x000001524e7b4260 Exception <a 'java/lang/ClassNotFoundException'{0x000000008925e830}: org/gradle/util/GradleVersionCustomizer> (0x000000008925e830) 
thrown [s\src\hotspot\share\classfile\systemDictionary.cpp, line 256]
Event: 14.305 Thread 0x000001524e7b4260 Exception <a 'java/lang/ClassNotFoundException'{0x000000008929c490}: org/gradle/util/internal/DefaultGradleVersionBeanInfo> (0x000000008929c490) 
thrown [s\src\hotspot\share\classfile\systemDictionary.cpp, line 256]
Event: 14.306 Thread 0x000001524e7b4260 Exception <a 'java/lang/ClassNotFoundException'{0x00000000892b0e50}: org/gradle/util/internal/DefaultGradleVersionCustomizer> (0x00000000892b0e50) 
thrown [s\src\hotspot\share\classfile\systemDictionary.cpp, line 256]
Event: 14.324 Thread 0x000001524e7b4260 Exception <a 'java/lang/ClassNotFoundException'{0x000000008910c878}: org/jetbrains/plugins/gradle/tooling/internal/ExtraModelBuilderBeanInfo> (0x000000008910c878) 
thrown [s\src\hotspot\share\classfile\systemDictionary.cpp, line 256]
Event: 14.325 Thread 0x000001524e7b4260 Exception <a 'java/lang/ClassNotFoundException'{0x0000000089116a88}: org/jetbrains/plugins/gradle/tooling/internal/ExtraModelBuilderCustomizer> (0x0000000089116a88) 
thrown [s\src\hotspot\share\classfile\systemDictionary.cpp, line 256]
Event: 14.337 Thread 0x000001524e7b4260 Exception <a 'java/lang/ClassNotFoundException'{0x000000008903e228}: java/lang/StringBeanInfo> (0x000000008903e228) 
thrown [s\src\hotspot\share\classfile\systemDictionary.cpp, line 256]
Event: 14.338 Thread 0x000001524e7b4260 Exception <a 'java/lang/ClassNotFoundException'{0x00000000890464f8}: java/lang/StringCustomizer> (0x00000000890464f8) 
thrown [s\src\hotspot\share\classfile\systemDictionary.cpp, line 256]
Event: 14.359 Thread 0x000001524e7b4260 Exception <a 'java/lang/ClassNotFoundException'{0x00000000890bbf80}: org/gradle/internal/classloader/VisitableURLClassLoaderBeanInfo> (0x00000000890bbf80) 
thrown [s\src\hotspot\share\classfile\systemDictionary.cpp, line 256]
Event: 14.360 Thread 0x000001524e7b4260 Exception <a 'java/lang/ClassNotFoundException'{0x00000000890c42a0}: java/net/URLClassLoaderBeanInfo> (0x00000000890c42a0) 
thrown [s\src\hotspot\share\classfile\systemDictionary.cpp, line 256]
Event: 14.360 Thread 0x000001524e7b4260 Exception <a 'java/lang/ClassNotFoundException'{0x00000000890cc8b8}: java/security/SecureClassLoaderBeanInfo> (0x00000000890cc8b8) 
thrown [s\src\hotspot\share\classfile\systemDictionary.cpp, line 256]
Event: 14.361 Thread 0x000001524e7b4260 Exception <a 'java/lang/ClassNotFoundException'{0x00000000890d54f0}: java/lang/ClassLoaderBeanInfo> (0x00000000890d54f0) 
thrown [s\src\hotspot\share\classfile\systemDictionary.cpp, line 256]
Event: 14.362 Thread 0x000001524e7b4260 Exception <a 'java/lang/ClassNotFoundException'{0x00000000890dda88}: java/lang/ClassLoaderCustomizer> (0x00000000890dda88) 
thrown [s\src\hotspot\share\classfile\systemDictionary.cpp, line 256]
Event: 14.365 Thread 0x000001524e7b4260 Exception <a 'java/lang/ClassNotFoundException'{0x00000000890f3560}: java/security/SecureClassLoaderCustomizer> (0x00000000890f3560) 
thrown [s\src\hotspot\share\classfile\systemDictionary.cpp, line 256]
Event: 14.367 Thread 0x000001524e7b4260 Exception <a 'java/lang/ClassNotFoundException'{0x00000000890fdb88}: java/net/URLClassLoaderCustomizer> (0x00000000890fdb88) 
thrown [s\src\hotspot\share\classfile\systemDictionary.cpp, line 256]
Event: 14.371 Thread 0x000001524e7b4260 Exception <a 'java/lang/ClassNotFoundException'{0x0000000088f18c20}: org/gradle/internal/classloader/VisitableURLClassLoaderCustomizer> (0x0000000088f18c20) 
thrown [s\src\hotspot\share\classfile\systemDictionary.cpp, line 256]
Event: 14.380 Thread 0x000001524e7b4260 Exception <a 'java/lang/ClassNotFoundException'{0x0000000088f4ef98}: org/jetbrains/plugins/gradle/tooling/internal/ExtraModelBuilder$ForGradle44BeanInfo> (0x0000000088f4ef98) 
thrown [s\src\hotspot\share\classfile\systemDictionary.cpp, line 256]
Event: 14.381 Thread 0x000001524e7b4260 Exception <a 'java/lang/ClassNotFoundException'{0x0000000088f59f98}: org/jetbrains/plugins/gradle/tooling/internal/ExtraModelBuilder$ForGradle44Customizer> (0x0000000088f59f98) 
thrown [s\src\hotspot\share\classfile\systemDictionary.cpp, line 256]

VM Operations (20 events):
Event: 13.801 Executing VM operation: G1TryInitiateConcMark done
Event: 13.845 Executing VM operation: G1Concurrent
Event: 13.849 Executing VM operation: G1Concurrent done
Event: 13.867 Executing VM operation: G1Concurrent
Event: 13.867 Executing VM operation: G1Concurrent done
Event: 13.985 Executing VM operation: G1TryInitiateConcMark
Event: 13.990 Executing VM operation: G1TryInitiateConcMark done
Event: 14.033 Executing VM operation: G1Concurrent
Event: 14.036 Executing VM operation: G1Concurrent done
Event: 14.057 Executing VM operation: G1Concurrent
Event: 14.058 Executing VM operation: G1Concurrent done
Event: 14.076 Executing VM operation: G1TryInitiateConcMark
Event: 14.079 Executing VM operation: G1TryInitiateConcMark done
Event: 14.128 Executing VM operation: G1Concurrent
Event: 14.132 Executing VM operation: G1Concurrent done
Event: 14.154 Executing VM operation: G1Concurrent
Event: 14.154 Executing VM operation: G1Concurrent done
Event: 14.460 Executing VM operation: G1TryInitiateConcMark
Event: 14.465 Executing VM operation: G1TryInitiateConcMark done
Event: 14.517 Executing VM operation: G1Concurrent

Events (20 events):
Event: 14.360 loading class java/security/SecureClassLoaderBeanInfo
Event: 14.360 loading class java/security/SecureClassLoaderBeanInfo done
Event: 14.360 loading class java/security/SecureClassLoaderBeanInfo
Event: 14.360 loading class java/security/SecureClassLoaderBeanInfo done
Event: 14.360 loading class java/lang/ClassLoaderBeanInfo
Event: 14.360 loading class java/lang/ClassLoaderBeanInfo done
Event: 14.361 loading class java/lang/ClassLoaderBeanInfo
Event: 14.361 loading class java/lang/ClassLoaderBeanInfo done
Event: 14.361 loading class java/lang/ClassLoaderCustomizer
Event: 14.361 loading class java/lang/ClassLoaderCustomizer done
Event: 14.362 loading class java/lang/ClassLoaderCustomizer
Event: 14.362 loading class java/lang/ClassLoaderCustomizer done
Event: 14.364 loading class java/security/SecureClassLoaderCustomizer
Event: 14.364 loading class java/security/SecureClassLoaderCustomizer done
Event: 14.365 loading class java/security/SecureClassLoaderCustomizer
Event: 14.365 loading class java/security/SecureClassLoaderCustomizer done
Event: 14.366 loading class java/net/URLClassLoaderCustomizer
Event: 14.366 loading class java/net/URLClassLoaderCustomizer done
Event: 14.367 loading class java/net/URLClassLoaderCustomizer
Event: 14.367 loading class java/net/URLClassLoaderCustomizer done


Dynamic libraries:
0x00007ff732320000 - 0x00007ff73232a000 	C:\Program Files\Android\Android Studio\jbr\bin\java.exe
0x00007ffb75230000 - 0x00007ffb75447000 	C:\WINDOWS\SYSTEM32\ntdll.dll
0x00007ffb73ee0000 - 0x00007ffb73fa4000 	C:\WINDOWS\System32\KERNEL32.DLL
0x00007ffb72810000 - 0x00007ffb72bb6000 	C:\WINDOWS\System32\KERNELBASE.dll
0x00007ffb72bc0000 - 0x00007ffb72cd1000 	C:\WINDOWS\System32\ucrtbase.dll
0x00007ffb668a0000 - 0x00007ffb668b7000 	C:\Program Files\Android\Android Studio\jbr\bin\jli.dll
0x00007ffb581e0000 - 0x00007ffb581fb000 	C:\Program Files\Android\Android Studio\jbr\bin\VCRUNTIME140.dll
0x00007ffb73040000 - 0x00007ffb731ed000 	C:\WINDOWS\System32\USER32.dll
0x00007ffb725b0000 - 0x00007ffb725d6000 	C:\WINDOWS\System32\win32u.dll
0x00007ffb629a0000 - 0x00007ffb62c33000 	C:\WINDOWS\WinSxS\amd64_microsoft.windows.common-controls_6595b64144ccf1df_6.0.22621.2361_none_2712ced57382f843\COMCTL32.dll
0x00007ffb741f0000 - 0x00007ffb74219000 	C:\WINDOWS\System32\GDI32.dll
0x00007ffb74560000 - 0x00007ffb74607000 	C:\WINDOWS\System32\msvcrt.dll
0x00007ffb72680000 - 0x00007ffb72798000 	C:\WINDOWS\System32\gdi32full.dll
0x00007ffb725e0000 - 0x00007ffb7267a000 	C:\WINDOWS\System32\msvcp_win.dll
0x00007ffb73ea0000 - 0x00007ffb73ed1000 	C:\WINDOWS\System32\IMM32.DLL
0x00007ffb69560000 - 0x00007ffb6956c000 	C:\Program Files\Android\Android Studio\jbr\bin\vcruntime140_1.dll
0x00007ffb474e0000 - 0x00007ffb4756d000 	C:\Program Files\Android\Android Studio\jbr\bin\msvcp140.dll
0x00007ffafcbb0000 - 0x00007ffafd81d000 	C:\Program Files\Android\Android Studio\jbr\bin\server\jvm.dll
0x00007ffb72f90000 - 0x00007ffb73040000 	C:\WINDOWS\System32\ADVAPI32.dll
0x00007ffb73df0000 - 0x00007ffb73e96000 	C:\WINDOWS\System32\sechost.dll
0x00007ffb73a60000 - 0x00007ffb73b77000 	C:\WINDOWS\System32\RPCRT4.dll
0x00007ffb66ef0000 - 0x00007ffb66efa000 	C:\WINDOWS\SYSTEM32\VERSION.dll
0x00007ffb69590000 - 0x00007ffb69599000 	C:\WINDOWS\SYSTEM32\WSOCK32.dll
0x00007ffb6ae80000 - 0x00007ffb6aeb4000 	C:\WINDOWS\SYSTEM32\WINMM.dll
0x00007ffb73b80000 - 0x00007ffb73bf1000 	C:\WINDOWS\System32\WS2_32.dll
0x00007ffb71550000 - 0x00007ffb71568000 	C:\WINDOWS\SYSTEM32\kernel.appcore.dll
0x00007ffb6bb70000 - 0x00007ffb6bb7a000 	C:\Program Files\Android\Android Studio\jbr\bin\jimage.dll
0x00007ffb6c3b0000 - 0x00007ffb6c5de000 	C:\WINDOWS\SYSTEM32\DBGHELP.DLL
0x00007ffb74820000 - 0x00007ffb74baa000 	C:\WINDOWS\System32\combase.dll
0x00007ffb73d00000 - 0x00007ffb73dd7000 	C:\WINDOWS\System32\OLEAUT32.dll
0x00007ffb67230000 - 0x00007ffb67262000 	C:\WINDOWS\SYSTEM32\dbgcore.DLL
0x00007ffb72f10000 - 0x00007ffb72f8a000 	C:\WINDOWS\System32\bcryptPrimitives.dll
0x00007ffb4d460000 - 0x00007ffb4d485000 	C:\Program Files\Android\Android Studio\jbr\bin\java.dll
0x00007ffb4d440000 - 0x00007ffb4d458000 	C:\Program Files\Android\Android Studio\jbr\bin\zip.dll
0x00007ffb731f0000 - 0x00007ffb73a48000 	C:\WINDOWS\System32\SHELL32.dll
0x00007ffb704c0000 - 0x00007ffb70db2000 	C:\WINDOWS\SYSTEM32\windows.storage.dll
0x00007ffb70380000 - 0x00007ffb704be000 	C:\WINDOWS\SYSTEM32\wintypes.dll
0x00007ffb74450000 - 0x00007ffb74543000 	C:\WINDOWS\System32\SHCORE.dll
0x00007ffb74190000 - 0x00007ffb741ee000 	C:\WINDOWS\System32\shlwapi.dll
0x00007ffb724e0000 - 0x00007ffb72506000 	C:\WINDOWS\SYSTEM32\profapi.dll
0x00007ffb4d050000 - 0x00007ffb4d069000 	C:\Program Files\Android\Android Studio\jbr\bin\net.dll
0x00007ffb697c0000 - 0x00007ffb698f7000 	C:\WINDOWS\SYSTEM32\WINHTTP.dll
0x00007ffb71a20000 - 0x00007ffb71a89000 	C:\WINDOWS\system32\mswsock.dll
0x00007ffb4a5b0000 - 0x00007ffb4a5c6000 	C:\Program Files\Android\Android Studio\jbr\bin\nio.dll
0x00007ffb4d430000 - 0x00007ffb4d440000 	C:\Program Files\Android\Android Studio\jbr\bin\verify.dll
0x00007ffb5cde0000 - 0x00007ffb5ce07000 	C:\Users\admin\.gradle\native\68d5fa5c4cc2d200863cafc0d521ce42e7d3e7ee720ec0a83991735586a16f82\windows-amd64\native-platform.dll
0x00007ffb33620000 - 0x00007ffb33764000 	C:\Users\admin\.gradle\native\e376f236ea51e6404a007f0833ffe2c6e607c4080706a723a18a27aeea778392\windows-amd64\native-platform-file-events.dll
0x00007ffb603e0000 - 0x00007ffb603e9000 	C:\Program Files\Android\Android Studio\jbr\bin\management.dll
0x00007ffb5fb30000 - 0x00007ffb5fb3b000 	C:\Program Files\Android\Android Studio\jbr\bin\management_ext.dll
0x00007ffb74550000 - 0x00007ffb74558000 	C:\WINDOWS\System32\PSAPI.DLL
0x00007ffb71d40000 - 0x00007ffb71d5b000 	C:\WINDOWS\SYSTEM32\CRYPTSP.dll
0x00007ffb71510000 - 0x00007ffb71545000 	C:\WINDOWS\system32\rsaenh.dll
0x00007ffb71ac0000 - 0x00007ffb71aec000 	C:\WINDOWS\SYSTEM32\USERENV.dll
0x00007ffb71e80000 - 0x00007ffb71ea8000 	C:\WINDOWS\SYSTEM32\bcrypt.dll
0x00007ffb71c20000 - 0x00007ffb71c2c000 	C:\WINDOWS\SYSTEM32\CRYPTBASE.dll
0x00007ffb71060000 - 0x00007ffb7108d000 	C:\WINDOWS\SYSTEM32\IPHLPAPI.DLL
0x00007ffb73a50000 - 0x00007ffb73a59000 	C:\WINDOWS\System32\NSI.dll
0x00007ffb6a200000 - 0x00007ffb6a219000 	C:\WINDOWS\SYSTEM32\dhcpcsvc6.DLL
0x00007ffb69cf0000 - 0x00007ffb69d0f000 	C:\WINDOWS\SYSTEM32\dhcpcsvc.DLL
0x00007ffb71090000 - 0x00007ffb71189000 	C:\WINDOWS\SYSTEM32\DNSAPI.dll
0x00007ffb4ca20000 - 0x00007ffb4ca28000 	C:\WINDOWS\system32\wshunix.dll

dbghelp: loaded successfully - version: 4.0.5 - missing functions: none
symbol engine: initialized successfully - sym options: 0x614 - pdb path: .;C:\Program Files\Android\Android Studio\jbr\bin;C:\WINDOWS\SYSTEM32;C:\WINDOWS\WinSxS\amd64_microsoft.windows.common-controls_6595b64144ccf1df_6.0.22621.2361_none_2712ced57382f843;C:\Program Files\Android\Android Studio\jbr\bin\server;C:\Users\admin\.gradle\native\68d5fa5c4cc2d200863cafc0d521ce42e7d3e7ee720ec0a83991735586a16f82\windows-amd64;C:\Users\admin\.gradle\native\e376f236ea51e6404a007f0833ffe2c6e607c4080706a723a18a27aeea778392\windows-amd64

VM Arguments:
jvm_args: --add-opens=java.base/java.util=ALL-UNNAMED --add-opens=java.base/java.lang=ALL-UNNAMED --add-opens=java.base/java.lang.invoke=ALL-UNNAMED --add-opens=java.prefs/java.util.prefs=ALL-UNNAMED --add-opens=java.base/java.nio.charset=ALL-UNNAMED --add-opens=java.base/java.net=ALL-UNNAMED --add-opens=java.base/java.util.concurrent.atomic=ALL-UNNAMED -Xmx2048m -Dfile.encoding=UTF-8 -Duser.country=US -Duser.language=en -Duser.variant 
java_command: org.gradle.launcher.daemon.bootstrap.GradleDaemon 8.0
java_class_path (initial): C:\Users\admin\.gradle\wrapper\dists\gradle-8.0-bin\ca5e32bp14vu59qr306oxotwh\gradle-8.0\lib\gradle-launcher-8.0.jar
Launcher Type: SUN_STANDARD

[Global flags]
     intx CICompilerCount                          = 4                                         {product} {ergonomic}
     uint ConcGCThreads                            = 2                                         {product} {ergonomic}
     uint G1ConcRefinementThreads                  = 8                                         {product} {ergonomic}
   size_t G1HeapRegionSize                         = 1048576                                   {product} {ergonomic}
    uintx GCDrainStackTargetSize                   = 64                                        {product} {ergonomic}
   size_t InitialHeapSize                          = 132120576                                 {product} {ergonomic}
   size_t MarkStackSize                            = 4194304                                   {product} {ergonomic}
   size_t MaxHeapSize                              = 2147483648                                {product} {command line}
   size_t MaxNewSize                               = 1287651328                                {product} {ergonomic}
   size_t MinHeapDeltaBytes                        = 1048576                                   {product} {ergonomic}
   size_t MinHeapSize                              = 8388608                                   {product} {ergonomic}
    uintx NonNMethodCodeHeapSize                   = 5839372                                {pd product} {ergonomic}
    uintx NonProfiledCodeHeapSize                  = 122909434                              {pd product} {ergonomic}
    uintx ProfiledCodeHeapSize                     = 122909434                              {pd product} {ergonomic}
    uintx ReservedCodeCacheSize                    = 251658240                              {pd product} {ergonomic}
     bool SegmentedCodeCache                       = true                                      {product} {ergonomic}
   size_t SoftMaxHeapSize                          = 2147483648                             {manageable} {ergonomic}
     bool UseCompressedClassPointers               = true                           {product lp64_product} {ergonomic}
     bool UseCompressedOops                        = true                           {product lp64_product} {ergonomic}
     bool UseG1GC                                  = true                                      {product} {ergonomic}
     bool UseLargePagesIndividualAllocation        = false                                  {pd product} {ergonomic}

Logging:
Log output configuration:
 #0: stdout all=warning uptime,level,tags
 #1: stderr all=off uptime,level,tags

Environment Variables:
PATH=C:\Program Files (x86)\VMware\VMware Player\bin\;C:\Program Files (x86)\Common Files\Oracle\Java\javapath;C:\Python311\Scripts\;C:\Python311\;C:\WINDOWS\system32;C:\WINDOWS;C:\WINDOWS\System32\Wbem;C:\WINDOWS\System32\WindowsPowerShell\v1.0\;C:\Program Files\Intel\WiFi\bin\;C:\Program Files\Common Files\Intel\WirelessCommon\;C:\WINDOWS\System32\OpenSSH\;C:\Program Files\nodejs\;C:\ProgramData\chocolatey\bin;C:\Program Files\Git\cmd;C:\Program Files\Amazon\AWSCLIV2\;C:\Program Files\PuTTY\;C:\Users\admin\AppData\Local\Microsoft\WindowsApps;C:\Users\admin\AppData\Local\Programs\Microsoft VS Code\bin;C:\Users\admin\AppData\Roaming\npm;C:\adb;C:\WINDOWS\system32;C:\WINDOWS;C:\WINDOWS\System32\Wbem;C:\WINDOWS\System32\WindowsPowerShell\v1.0\;C:\WINDOWS\System32\OpenSSH\;C:\Program Files\Docker\Docker\resources\bin;C:\Program Files\dotnet\;C:\Program Files\Intel\WiFi\bin\;C:\Program Files\Common Files\Intel\WirelessCommon\;C:\Users\admin\AppData\Local\Microsoft\WindowsApps;C:\Users\admin\AppData\Local\Programs\Microsoft VS Code\bin;C:\Users\admin\AppData\Roaming\npm;C:\Users\admin\.virtualenvs\appusers-_0EEPwMV\Scripts\;C:\Program Files (x86)\Nmap;C:\Users\admin\Documents\git\conectorSAP\nwrfcsdk\lib;
USERNAME=admin
OS=Windows_NT
PROCESSOR_IDENTIFIER=Intel64 Family 6 Model 142 Stepping 10, GenuineIntel
TMP=C:\Users\admin\AppData\Local\Temp
TEMP=C:\Users\admin\AppData\Local\Temp



---------------  S Y S T E M  ---------------

OS:
 Windows 11 , 64 bit Build 22621 (10.0.22621.2428)
OS uptime: 19 days 13:10 hours
Hyper-V role detected

CPU: total 8 (initial active 8) (4 cores per cpu, 2 threads per core) family 6 model 142 stepping 10 microcode 0xec, cx8, cmov, fxsr, ht, mmx, 3dnowpref, sse, sse2, sse3, ssse3, sse4.1, sse4.2, popcnt, lzcnt, tsc, tscinvbit, avx, avx2, aes, erms, clmul, bmi1, bmi2, adx, fma, vzeroupper, clflush, clflushopt, hv

Memory: 4k page, system-wide physical 8050M (183M free)
TotalPageFile size 32626M (AvailPageFile size 8M)
current process WorkingSet (physical memory assigned to process): 253M, peak: 256M
current process commit charge ("private bytes"): 332M, peak: 336M

vm_info: OpenJDK 64-Bit Server VM (17.0.6+0-b2043.56-9586694) for windows-amd64 JRE (17.0.6+0-b2043.56-9586694), built on Feb  9 2023 20:06:20 by "androidbuild" with MS VC++ 16.10 / 16.11 (VS2019)

END.
